1.00    -0.00   0.00    -0.00  
0.00    1.00    0.00    0.00   
-0.00   -0.00   1.00    0.03   
1.00    -0.00   0.00    -0.00  
0.00    1.00    0.00    -0.00  
-0.00   -0.00   1.00    0.03   
1.00    -0.00   0.00    -0.00  
0.00    1.00    0.00    -0.00  
-0.00   -0.00   1.00    0.04   
1.00    -0.00   0.00    -0.00  
0.00    1.00    0.00    -0.00  
-0.00   -0.00   1.00    0.04   
1.00    -0.00   0.00    -0.00  
0.00    1.00    0.00    -0.00  
-0.00   -0.00   1.00    0.04   
1.00    -0.00   0.00    -0.00  
0.00    1.00    0.00    -0.00  
-0.00   -0.00   1.00    0.04   
1.00    -0.00   0.00    -0.00  
0.00    1.00    0.00    -0.00  
-0.00   -0.00   1.00    0.04   
1.00    -0.00   0.00    -0.00  
0.00    1.00    0.00    -0.00  
-0.00   -0.00   1.00    0.04   
1.00    -0.00   0.00    -0.00  
0.00    1.00    0.00    -0.00  
-0.00   -0.00   1.00    0.04   
1.00    -0.00   0.00    -0.00  
0.00    1.00    0.00    -0.00  
-0.00   -0.00   1.00    0.04   
1.00    -0.00   0.00    -0.00  
0.00    1.00    0.00    -0.00  
-0.00   -0.00   1.00    0.04   
1.00    -0.00   0.00    -0.00  
0.00    1.00    0.00    -0.00  
-0.00   -0.00   1.00    0.04   
1.00    -0.00   0.00    -0.00  
0.00    1.00    0.00    -0.00  
-0.00   -0.00   1.00    0.04   
1.00    -0.00   0.00    -0.00  
0.00    1.00    0.00    -0.00  
-0.00   -0.00   1.00    0.04   
1.00    0.00    0.00    0.00   
-0.00   1.00    0.00    -0.00  
-0.00   -0.00   1.00    0.04   
1.00    -0.00   0.00    0.01   
0.00    1.00    0.00    -0.00  
-0.00   -0.00   1.00    0.04   
1.00    0.00    0.00    0.03   
-0.00   1.00    0.00    0.00   
-0.00   -0.00   1.00    0.04   
1.00    0.00    0.00    0.05   
-0.00   1.00    0.00    0.00   
-0.00   -0.00   1.00    0.03   
1.00    0.00    -0.00   0.08   
-0.00   1.00    0.00    0.00   
0.00    -0.00   1.00    0.03   
1.00    -0.00   -0.00   0.11   
0.00    1.00    0.00    0.00   
0.00    -0.00   1.00    0.03   
1.00    -0.00   -0.00   0.15   
0.00    1.00    0.00    0.00   
0.00    -0.00   1.00    0.03   
1.00    -0.00   -0.00   0.19   
0.00    1.00    0.00    0.00   
0.00    -0.00   1.00    0.03   
1.00    -0.00   -0.00   0.23   
0.00    1.00    0.00    0.00   
0.00    -0.00   1.00    0.03   
1.00    -0.00   -0.00   0.28   
0.00    1.00    0.00    0.00   
0.00    -0.00   1.00    0.03   
1.00    -0.00   -0.00   0.32   
0.00    1.00    0.00    0.00   
0.00    -0.00   1.00    0.03   
1.00    -0.00   -0.00   0.37   
0.00    1.00    0.00    0.00   
0.00    -0.00   1.00    0.03   
1.00    -0.00   -0.00   0.43   
0.00    1.00    0.00    0.00   
0.00    -0.00   1.00    0.03   
1.00    -0.00   -0.00   0.48   
0.00    1.00    0.00    0.00   
0.00    -0.00   1.00    0.03   
1.00    -0.00   0.00    0.54   
0.00    1.00    0.00    0.00   
-0.00   -0.00   1.00    0.03   
1.00    -0.00   0.00    0.60   
0.00    1.00    0.00    0.00   
-0.00   -0.00   1.00    0.03   
1.00    -0.00   0.00    0.66   
0.00    1.00    0.00    0.00   
-0.00   -0.00   1.00    0.03   
1.00    -0.00   0.00    0.73   
0.00    1.00    0.00    0.00   
-0.00   -0.00   1.00    0.03   
1.00    -0.00   0.00    0.79   
0.00    1.00    0.00    0.00   
-0.00   -0.00   1.00    0.03   
1.00    -0.00   0.00    0.86   
0.00    1.00    0.00    0.00   
-0.00   -0.00   1.00    0.03   
1.00    -0.00   0.00    0.94   
0.00    1.00    0.00    0.00   
-0.00   -0.00   1.00    0.03   
1.00    -0.00   0.00    1.01   
0.00    1.00    0.00    0.00   
-0.00   -0.00   1.00    0.03   
1.00    -0.00   0.00    1.09   
0.00    1.00    0.00    0.00   
-0.00   -0.00   1.00    0.03   
1.00    -0.00   0.00    1.17   
0.00    1.00    0.00    0.00   
-0.00   -0.00   1.00    0.03   
1.00    -0.00   0.00    1.25   
0.00    1.00    0.00    0.01   
-0.00   -0.00   1.00    0.03   
1.00    -0.00   0.00    1.34   
0.00    1.00    0.00    0.01   
-0.00   -0.00   1.00    0.03   
1.00    -0.00   0.00    1.43   
0.00    1.00    0.00    0.01   
-0.00   -0.00   1.00    0.03   
1.00    -0.00   0.00    1.52   
0.00    1.00    0.00    0.01   
-0.00   -0.00   1.00    0.03   
1.00    -0.00   0.00    1.61   
0.00    1.00    0.00    0.01   
-0.00   -0.00   1.00    0.03   
1.00    -0.00   0.00    1.70   
0.00    1.00    0.00    0.01   
-0.00   -0.00   1.00    0.03   
1.00    -0.00   0.00    1.80   
0.00    1.00    0.00    0.01   
-0.00   -0.00   1.00    0.03   
1.00    -0.00   0.00    1.90   
0.00    1.00    0.00    0.01   
-0.00   -0.00   1.00    0.03   
1.00    -0.00   0.00    2.00   
0.00    1.00    0.00    0.01   
-0.00   -0.00   1.00    0.03   
1.00    -0.00   0.00    2.11   
0.00    1.00    0.00    0.01   
-0.00   -0.00   1.00    0.03   
1.00    -0.00   0.00    2.21   
0.00    1.00    0.00    0.01   
-0.00   -0.00   1.00    0.03   
1.00    -0.00   0.00    2.32   
0.00    1.00    0.00    0.01   
-0.00   -0.00   1.00    0.03   
1.00    -0.00   0.00    2.44   
0.00    1.00    0.00    0.01   
-0.00   -0.00   1.00    0.03   
1.00    -0.00   0.00    2.55   
0.00    1.00    0.00    0.01   
-0.00   -0.00   1.00    0.03   
1.00    -0.00   0.00    2.67   
0.00    1.00    0.00    0.01   
-0.00   -0.00   1.00    0.03   
1.00    -0.00   0.00    2.79   
0.00    1.00    0.00    0.01   
-0.00   -0.00   1.00    0.03   
1.00    -0.00   0.00    2.91   
0.00    1.00    0.00    0.01   
-0.00   -0.00   1.00    0.03   
1.00    -0.00   0.00    3.04   
0.00    1.00    0.00    0.01   
-0.00   -0.00   1.00    0.03   
1.00    -0.00   0.00    3.17   
0.00    1.00    0.00    0.02   
-0.00   -0.00   1.00    0.03   
1.00    -0.00   0.00    3.30   
0.00    1.00    0.00    0.02   
-0.00   -0.00   1.00    0.03   
1.00    -0.00   0.00    3.44   
0.00    1.00    0.00    0.02   
-0.00   -0.00   1.00    0.03   
1.00    -0.00   -0.00   3.58   
0.00    1.00    0.00    0.02   
0.00    -0.00   1.00    0.03   
1.00    -0.00   -0.00   3.72   
0.00    1.00    0.00    0.02   
0.00    -0.00   1.00    0.03   
1.00    -0.00   -0.00   3.87   
0.00    1.00    0.00    0.02   
0.00    -0.00   1.00    0.03   
1.00    -0.00   -0.00   4.02   
0.00    1.00    0.00    0.02   
0.00    -0.00   1.00    0.03   
1.00    -0.00   -0.00   4.18   
0.00    1.00    0.00    0.02   
0.00    -0.00   1.00    0.03   
1.00    -0.00   -0.00   4.34   
0.00    1.00    0.00    0.02   
0.00    -0.00   1.00    0.03   
1.00    -0.00   -0.00   4.50   
0.00    1.00    0.00    0.02   
0.00    -0.00   1.00    0.03   
1.00    -0.00   -0.00   4.67   
0.00    1.00    0.00    0.02   
0.00    -0.00   1.00    0.03   
1.00    -0.00   -0.00   4.84   
0.00    1.00    0.00    0.03   
0.00    -0.00   1.00    0.03   
1.00    -0.00   -0.00   5.02   
0.00    1.00    0.00    0.03   
0.00    -0.00   1.00    0.03   
1.00    -0.00   -0.00   5.19   
0.00    1.00    0.00    0.03   
0.00    -0.00   1.00    0.03   
1.00    -0.00   -0.00   5.37   
0.00    1.00    0.00    0.03   
0.00    -0.00   1.00    0.03   
1.00    -0.00   0.00    5.55   
0.00    1.00    0.00    0.03   
-0.00   -0.00   1.00    0.03   
1.00    -0.00   0.00    5.73   
0.00    1.00    0.00    0.03   
-0.00   -0.00   1.00    0.03   
1.00    -0.00   0.00    5.92   
0.00    1.00    0.00    0.03   
-0.00   -0.00   1.00    0.03   
1.00    -0.00   0.00    6.11   
0.00    1.00    0.00    0.03   
-0.00   -0.00   1.00    0.03   
1.00    -0.00   0.00    6.30   
0.00    1.00    0.00    0.04   
-0.00   -0.00   1.00    0.03   
1.00    -0.00   -0.00   6.49   
0.00    1.00    0.00    0.04   
0.00    -0.00   1.00    0.03   
1.00    -0.00   -0.00   6.70   
0.00    1.00    0.00    0.04   
0.00    -0.00   1.00    0.03   
1.00    -0.00   -0.00   6.90   
0.00    1.00    0.00    0.04   
0.00    -0.00   1.00    0.03   
1.00    -0.00   -0.00   7.11   
0.00    1.00    0.00    0.04   
0.00    -0.00   1.00    0.03   
1.00    -0.00   -0.00   7.33   
0.00    1.00    0.00    0.04   
0.00    -0.00   1.00    0.03   
1.00    -0.00   -0.00   7.55   
0.00    1.00    0.00    0.05   
0.00    -0.00   1.00    0.03   
1.00    -0.00   -0.00   7.78   
0.00    1.00    -0.00   0.05   
0.00    0.00    1.00    0.03   
1.00    -0.00   -0.00   8.01   
0.00    1.00    -0.00   0.07   
0.00    0.00    1.00    0.03   
1.00    -0.00   -0.00   8.24   
0.00    1.00    -0.00   0.08   
0.00    0.00    1.00    0.03   
1.00    -0.00   -0.00   8.49   
0.00    1.00    -0.00   0.09   
0.00    0.00    1.00    0.03   
1.00    -0.00   -0.00   8.73   
0.00    1.00    -0.00   0.11   
0.00    0.00    1.00    0.03   
1.00    -0.00   -0.00   8.98   
0.00    1.00    -0.00   0.13   
0.00    0.00    1.00    0.03   
1.00    -0.00   -0.00   9.24   
0.00    1.00    -0.00   0.15   
0.00    0.00    1.00    0.03   
1.00    -0.00   -0.00   9.50   
0.00    1.00    -0.00   0.17   
0.00    0.00    1.00    0.03   
1.00    -0.00   -0.00   9.77   
0.00    1.00    -0.00   0.20   
0.00    0.00    1.00    0.03   
1.00    -0.00   -0.00   10.04  
0.00    1.00    -0.00   0.23   
0.00    0.00    1.00    0.03   
0.99    -0.00   -0.00   10.31  
0.00    0.99    -0.00   0.26   
0.00    0.00    1.00    0.03   
0.99    -0.00   -0.00   10.58  
0.00    0.99    -0.00   0.29   
0.00    0.00    1.00    0.03   
0.99    -0.00   -0.00   10.86  
0.00    0.99    -0.00   0.32   
0.00    0.00    1.00    0.03   
0.99    -0.00   -0.00   11.13  
0.00    0.99    -0.00   0.35   
0.00    0.00    1.00    0.03   
0.99    -0.00   0.00    11.40  
0.00    0.99    -0.00   0.39   
-0.00   0.00    1.00    0.03   
0.99    -0.00   0.00    11.67  
0.00    0.99    -0.00   0.42   
-0.00   0.00    1.00    0.03   
0.99    -0.00   0.00    11.94  
0.00    0.99    -0.00   0.46   
-0.00   0.00    1.00    0.04   
0.99    -0.00   0.00    12.20  
0.00    0.99    -0.00   0.50   
-0.00   0.00    1.00    0.04   
0.99    -0.00   0.00    12.46  
0.00    0.99    -0.00   0.55   
-0.00   0.00    1.00    0.04   
0.98    -0.00   0.00    12.72  
0.00    0.98    -0.00   0.59   
-0.00   0.00    1.00    0.04   
0.98    -0.00   0.00    12.97  
0.00    0.98    -0.00   0.64   
-0.00   0.00    1.00    0.04   
0.98    -0.00   0.00    13.23  
0.00    0.98    -0.00   0.69   
-0.00   0.00    1.00    0.04   
0.98    -0.00   0.00    13.48  
0.00    0.98    -0.00   0.75   
-0.00   0.00    1.00    0.04   
0.97    -0.00   0.00    13.73  
0.00    0.97    -0.00   0.82   
-0.00   0.00    1.00    0.04   
0.97    -0.00   0.00    13.99  
0.00    0.97    -0.00   0.88   
-0.00   0.00    1.00    0.04   
0.97    -0.00   0.00    14.24  
0.00    0.97    -0.00   0.96   
-0.00   0.00    1.00    0.04   
0.96    -0.00   0.00    14.49  
0.00    0.96    -0.00   1.04   
-0.00   0.00    1.00    0.04   
0.95    -0.00   0.00    14.74  
0.00    0.95    -0.00   1.12   
-0.00   0.00    1.00    0.04   
0.95    -0.00   0.00    14.99  
0.00    0.95    -0.00   1.22   
-0.00   0.00    1.00    0.04   
0.94    -0.00   0.00    15.23  
0.00    0.94    -0.00   1.32   
-0.00   0.00    1.00    0.04   
0.93    -0.00   0.00    15.48  
0.00    0.93    -0.00   1.42   
-0.00   0.00    1.00    0.04   
0.91    -0.00   0.00    15.72  
0.00    0.91    -0.00   1.53   
-0.00   0.00    1.00    0.04   
0.90    -0.00   0.00    15.95  
0.00    0.90    -0.00   1.65   
-0.00   0.00    1.00    0.04   
0.89    -0.00   0.00    16.19  
0.00    0.89    -0.00   1.78   
-0.00   0.00    1.00    0.04   
0.87    -0.00   0.00    16.41  
0.00    0.87    -0.00   1.91   
-0.00   0.00    1.00    0.04   
0.85    -0.00   0.00    16.64  
0.00    0.85    -0.00   2.05   
-0.00   0.00    1.00    0.04   
0.83    -0.00   0.00    16.85  
0.00    0.83    -0.00   2.20   
-0.00   0.00    1.00    0.04   
0.81    -0.00   0.00    17.06  
0.00    0.81    -0.00   2.35   
-0.00   0.00    1.00    0.04   
0.79    -0.00   0.00    17.27  
0.00    0.79    -0.00   2.51   
-0.00   0.00    1.00    0.04   
0.77    -0.00   0.00    17.47  
0.00    0.77    -0.00   2.68   
-0.00   0.00    1.00    0.04   
0.74    -0.00   0.00    17.67  
0.00    0.74    -0.00   2.85   
-0.00   0.00    1.00    0.04   
0.72    -0.00   0.00    17.86  
0.00    0.72    -0.00   3.04   
-0.00   0.00    1.00    0.04   
0.69    -0.00   0.00    18.04  
0.00    0.69    -0.00   3.23   
-0.00   0.00    1.00    0.04   
0.66    -0.00   0.00    18.21  
0.00    0.66    -0.00   3.42   
-0.00   0.00    1.00    0.04   
0.63    -0.00   0.00    18.38  
0.00    0.63    -0.00   3.63   
-0.00   0.00    1.00    0.04   
0.60    -0.00   0.00    18.54  
0.00    0.60    -0.00   3.83   
-0.00   0.00    1.00    0.04   
0.57    -0.00   0.00    18.70  
0.00    0.57    -0.00   4.05   
-0.00   0.00    1.00    0.04   
0.54    -0.00   0.00    18.85  
0.00    0.54    -0.00   4.27   
-0.00   0.00    1.00    0.04   
0.50    -0.00   0.00    18.98  
0.00    0.50    -0.00   4.49   
-0.00   0.00    1.00    0.04   
0.47    -0.00   0.00    19.11  
0.00    0.47    -0.00   4.72   
-0.00   0.00    1.00    0.04   
0.44    -0.00   0.00    19.24  
0.00    0.44    -0.00   4.96   
-0.00   0.00    1.00    0.04   
0.41    -0.00   0.00    19.35  
0.00    0.41    -0.00   5.20   
-0.00   0.00    1.00    0.04   
0.37    -0.00   0.00    19.46  
0.00    0.37    -0.00   5.44   
-0.00   0.00    1.00    0.04   
0.34    -0.00   0.00    19.55  
0.00    0.34    -0.00   5.69   
-0.00   0.00    1.00    0.04   
0.30    -0.00   0.00    19.64  
0.00    0.30    -0.00   5.93   
-0.00   0.00    1.00    0.04   
0.27    -0.00   0.00    19.71  
0.00    0.27    -0.00   6.19   
-0.00   0.00    1.00    0.04   
0.23    -0.00   0.00    19.78  
0.00    0.23    -0.00   6.44   
-0.00   0.00    1.00    0.04   
0.20    -0.00   0.00    19.85  
0.00    0.20    -0.00   6.70   
-0.00   0.00    1.00    0.04   
0.17    -0.00   0.00    19.90  
0.00    0.17    -0.00   6.96   
-0.00   0.00    1.00    0.04   
0.14    -0.00   0.00    19.95  
0.00    0.14    -0.00   7.22   
-0.00   0.00    1.00    0.04   
0.11    -0.00   0.00    19.99  
0.00    0.11    -0.00   7.49   
-0.00   0.00    1.00    0.04   
0.08    -0.00   0.00    20.03  
0.00    0.08    -0.00   7.75   
-0.00   0.00    1.00    0.04   
0.06    -0.00   0.00    20.06  
0.00    0.06    -0.00   8.02   
-0.00   0.00    1.00    0.04   
0.03    -0.00   0.00    20.08  
0.00    0.03    -0.00   8.29   
-0.00   0.00    1.00    0.04   
0.01    -0.00   0.00    20.10  
0.00    0.01    -0.00   8.56   
-0.00   0.00    1.00    0.04   
-0.00   -0.00   0.00    20.12  
0.00    -0.00   -0.00   8.82   
-0.00   0.00    1.00    0.04   
-0.02   -0.00   0.00    20.13  
0.00    -0.02   -0.00   9.09   
-0.00   0.00    1.00    0.04   
-0.03   -0.00   0.00    20.14  
0.00    -0.03   -0.00   9.36   
-0.00   0.00    1.00    0.04   
-0.05   -0.00   0.00    20.14  
0.00    -0.05   -0.00   9.63   
-0.00   0.00    1.00    0.04   
-0.05   -0.00   0.00    20.14  
0.00    -0.05   -0.00   9.89   
-0.00   0.00    1.00    0.04   
-0.06   -0.00   0.00    20.14  
0.00    -0.06   -0.00   10.16  
-0.00   0.00    1.00    0.04   
-0.07   -0.00   0.00    20.14  
0.00    -0.07   -0.00   10.43  
-0.00   0.00    1.00    0.04   
-0.07   -0.00   0.00    20.13  
0.00    -0.07   -0.00   10.69  
-0.00   0.00    1.00    0.04   
-0.08   -0.00   0.00    20.12  
0.00    -0.08   -0.00   10.96  
-0.00   0.00    1.00    0.04   
-0.08   -0.00   0.00    20.11  
0.00    -0.08   -0.00   11.22  
-0.00   0.00    1.00    0.04   
-0.08   -0.00   0.00    20.10  
0.00    -0.08   -0.00   11.49  
-0.00   0.00    1.00    0.04   
-0.08   -0.00   0.00    20.09  
0.00    -0.08   -0.00   11.76  
-0.00   0.00    1.00    0.04   
-0.08   -0.00   0.00    20.08  
0.00    -0.08   -0.00   12.02  
-0.00   0.00    1.00    0.04   
-0.08   -0.00   0.00    20.06  
0.00    -0.08   -0.00   12.29  
-0.00   0.00    1.00    0.04   
-0.08   -0.00   0.00    20.05  
0.00    -0.08   -0.00   12.56  
-0.00   0.00    1.00    0.04   
-0.08   -0.00   0.00    20.03  
0.00    -0.08   -0.00   12.82  
-0.00   0.00    1.00    0.04   
-0.08   -0.00   0.00    20.01  
0.00    -0.08   -0.00   13.09  
-0.00   0.00    1.00    0.04   
-0.08   -0.00   0.00    20.00  
0.00    -0.08   -0.00   13.36  
-0.00   0.00    1.00    0.04   
-0.08   -0.00   0.00    19.98  
0.00    -0.08   0.00    13.62  
-0.00   -0.00   1.00    0.04   
-0.07   -0.00   0.00    19.97  
0.00    -0.07   0.00    13.89  
-0.00   -0.00   1.00    0.04   
-0.07   -0.00   0.00    19.95  
0.00    -0.07   0.00    14.16  
-0.00   -0.00   1.00    0.04   
-0.07   -0.00   0.00    19.94  
0.00    -0.07   0.00    14.42  
-0.00   -0.00   1.00    0.04   
-0.06   -0.00   0.00    19.92  
0.00    -0.06   0.00    14.69  
-0.00   -0.00   1.00    0.04   
-0.06   -0.00   0.00    19.91  
0.00    -0.06   0.00    14.95  
-0.00   -0.00   1.00    0.04   
-0.06   -0.00   0.00    19.89  
0.00    -0.06   0.00    15.22  
-0.00   -0.00   1.00    0.04   
-0.05   -0.00   0.00    19.88  
0.00    -0.05   0.00    15.49  
-0.00   -0.00   1.00    0.04   
-0.05   -0.00   0.00    19.87  
0.00    -0.05   0.00    15.75  
-0.00   -0.00   1.00    0.04   
-0.04   -0.00   0.00    19.86  
0.00    -0.04   0.00    16.02  
-0.00   -0.00   1.00    0.04   
-0.04   -0.00   0.00    19.85  
0.00    -0.04   0.00    16.29  
-0.00   -0.00   1.00    0.04   
-0.04   -0.00   0.00    19.83  
0.00    -0.04   0.00    16.55  
-0.00   -0.00   1.00    0.04   
-0.04   -0.00   0.00    19.82  
0.00    -0.04   0.00    16.82  
-0.00   -0.00   1.00    0.04   
-0.03   -0.00   0.00    19.81  
0.00    -0.03   0.00    17.09  
-0.00   -0.00   1.00    0.04   
-0.03   -0.00   0.00    19.80  
0.00    -0.03   0.00    17.35  
-0.00   -0.00   1.00    0.04   
-0.03   -0.00   0.00    19.80  
0.00    -0.03   0.00    17.62  
-0.00   -0.00   1.00    0.04   
-0.03   -0.00   0.00    19.79  
0.00    -0.03   0.00    17.89  
-0.00   -0.00   1.00    0.04   
-0.03   -0.00   0.00    19.78  
0.00    -0.03   0.00    18.15  
-0.00   -0.00   1.00    0.04   
-0.02   -0.00   0.00    19.77  
0.00    -0.02   0.00    18.42  
-0.00   -0.00   1.00    0.04   
-0.02   -0.00   0.00    19.76  
0.00    -0.02   0.00    18.69  
-0.00   -0.00   1.00    0.04   
-0.02   -0.00   0.00    19.75  
0.00    -0.02   0.00    18.95  
-0.00   -0.00   1.00    0.04   
-0.03   -0.00   0.00    19.74  
0.00    -0.03   0.00    19.22  
-0.00   -0.00   1.00    0.04   
-0.03   -0.00   0.00    19.73  
0.00    -0.03   0.00    19.49  
-0.00   -0.00   1.00    0.04   
-0.03   -0.00   0.00    19.72  
0.00    -0.03   0.00    19.75  
-0.00   -0.00   1.00    0.04   
-0.03   -0.00   0.00    19.71  
0.00    -0.03   0.00    20.02  
-0.00   -0.00   1.00    0.04   
-0.03   -0.00   0.00    19.70  
0.00    -0.03   0.00    20.28  
-0.00   -0.00   1.00    0.04   
-0.03   -0.00   0.00    19.69  
0.00    -0.03   0.00    20.55  
-0.00   -0.00   1.00    0.04   
-0.03   -0.00   0.00    19.68  
0.00    -0.03   0.00    20.82  
-0.00   -0.00   1.00    0.04   
-0.04   -0.00   0.00    19.67  
0.00    -0.04   0.00    21.08  
-0.00   -0.00   1.00    0.04   
-0.04   -0.00   0.00    19.66  
0.00    -0.04   0.00    21.35  
-0.00   -0.00   1.00    0.04   
-0.04   -0.00   0.00    19.65  
0.00    -0.04   0.00    21.62  
-0.00   -0.00   1.00    0.04   
-0.04   -0.00   0.00    19.64  
0.00    -0.04   0.00    21.88  
-0.00   -0.00   1.00    0.04   
-0.04   -0.00   0.00    19.62  
0.00    -0.04   0.00    22.15  
-0.00   -0.00   1.00    0.04   
-0.04   -0.00   0.00    19.61  
0.00    -0.04   0.00    22.42  
-0.00   -0.00   1.00    0.04   
-0.05   -0.00   0.00    19.60  
0.00    -0.05   0.00    22.68  
-0.00   -0.00   1.00    0.04   
-0.05   -0.00   0.00    19.59  
0.00    -0.05   0.00    22.95  
-0.00   -0.00   1.00    0.04   
-0.05   -0.00   0.00    19.57  
0.00    -0.05   0.00    23.22  
-0.00   -0.00   1.00    0.04   
-0.05   -0.00   0.00    19.56  
0.00    -0.05   0.00    23.48  
-0.00   -0.00   1.00    0.04   
-0.05   -0.00   0.00    19.54  
0.00    -0.05   0.00    23.75  
-0.00   -0.00   1.00    0.04   
-0.06   -0.00   0.00    19.53  
0.00    -0.06   -0.00   24.02  
-0.00   0.00    1.00    0.04   
-0.06   -0.00   0.00    19.51  
0.00    -0.06   -0.00   24.28  
-0.00   0.00    1.00    0.04   
-0.06   -0.00   0.00    19.49  
0.00    -0.06   -0.00   24.55  
-0.00   0.00    1.00    0.04   
-0.07   -0.00   0.00    19.47  
0.00    -0.07   -0.00   24.81  
-0.00   0.00    1.00    0.04   
-0.07   -0.00   0.00    19.45  
0.00    -0.07   -0.00   25.08  
-0.00   0.00    1.00    0.04   
-0.07   -0.00   0.00    19.43  
0.00    -0.07   -0.00   25.35  
-0.00   0.00    1.00    0.04   
-0.08   -0.00   0.00    19.41  
0.00    -0.08   -0.00   25.61  
-0.00   0.00    1.00    0.04   
-0.08   -0.00   0.00    19.39  
0.00    -0.08   -0.00   25.88  
-0.00   0.00    1.00    0.04   
-0.09   -0.00   0.00    19.37  
0.00    -0.09   -0.00   26.14  
-0.00   0.00    1.00    0.04   
-0.09   -0.00   0.00    19.34  
0.00    -0.09   -0.00   26.41  
-0.00   0.00    1.00    0.04   
-0.10   -0.00   0.00    19.31  
0.00    -0.10   -0.00   26.67  
-0.00   0.00    1.00    0.04   
-0.10   -0.00   0.00    19.28  
0.00    -0.10   -0.00   26.94  
-0.00   0.00    1.00    0.04   
-0.11   -0.00   0.00    19.26  
0.00    -0.11   -0.00   27.20  
-0.00   0.00    1.00    0.04   
-0.11   -0.00   0.00    19.23  
0.00    -0.11   -0.00   27.47  
-0.00   0.00    1.00    0.04   
-0.12   -0.00   0.00    19.19  
0.00    -0.12   -0.00   27.73  
-0.00   0.00    1.00    0.04   
-0.12   -0.00   0.00    19.16  
0.00    -0.12   -0.00   28.00  
-0.00   0.00    1.00    0.04   
-0.13   -0.00   0.00    19.12  
0.00    -0.13   -0.00   28.26  
-0.00   0.00    1.00    0.04   
-0.14   -0.00   0.00    19.09  
0.00    -0.14   -0.00   28.53  
-0.00   0.00    1.00    0.04   
-0.14   -0.00   0.00    19.05  
0.00    -0.14   -0.00   28.79  
-0.00   0.00    1.00    0.04   
-0.15   -0.00   0.00    19.01  
0.00    -0.15   -0.00   29.05  
-0.00   0.00    1.00    0.04   
-0.16   -0.00   0.00    18.97  
0.00    -0.16   -0.00   29.32  
-0.00   0.00    1.00    0.04   
-0.16   -0.00   0.00    18.92  
0.00    -0.16   -0.00   29.58  
-0.00   0.00    1.00    0.04   
-0.17   -0.00   0.00    18.88  
0.00    -0.17   -0.00   29.84  
-0.00   0.00    1.00    0.04   
-0.18   -0.00   0.00    18.83  
0.00    -0.18   -0.00   30.11  
-0.00   0.00    1.00    0.04   
-0.18   -0.00   0.00    18.78  
0.00    -0.18   -0.00   30.37  
-0.00   0.00    1.00    0.04   
-0.19   -0.00   0.00    18.73  
0.00    -0.19   -0.00   30.63  
-0.00   0.00    1.00    0.04   
-0.20   -0.00   0.00    18.68  
0.00    -0.20   -0.00   30.89  
-0.00   0.00    1.00    0.04   
-0.21   -0.00   0.00    18.62  
0.00    -0.21   -0.00   31.15  
-0.00   0.00    1.00    0.04   
-0.21   -0.00   0.00    18.57  
0.00    -0.21   -0.00   31.41  
-0.00   0.00    1.00    0.04   
-0.22   -0.00   0.00    18.51  
0.00    -0.22   -0.00   31.67  
-0.00   0.00    1.00    0.04   
-0.22   -0.00   0.00    18.45  
0.00    -0.22   -0.00   31.93  
-0.00   0.00    1.00    0.04   
-0.23   -0.00   0.00    18.39  
0.00    -0.23   -0.00   32.19  
-0.00   0.00    1.00    0.04   
-0.24   -0.00   0.00    18.33  
0.00    -0.24   -0.00   32.45  
-0.00   0.00    1.00    0.04   
-0.24   -0.00   0.00    18.27  
0.00    -0.24   -0.00   32.71  
-0.00   0.00    1.00    0.04   
-0.25   -0.00   0.00    18.20  
0.00    -0.25   -0.00   32.97  
-0.00   0.00    1.00    0.04   
-0.26   -0.00   0.00    18.13  
0.00    -0.26   -0.00   33.23  
-0.00   0.00    1.00    0.04   
-0.26   -0.00   0.00    18.06  
0.00    -0.26   -0.00   33.49  
-0.00   0.00    1.00    0.04   
-0.27   -0.00   0.00    17.99  
0.00    -0.27   -0.00   33.74  
-0.00   0.00    1.00    0.04   
-0.27   -0.00   0.00    17.92  
0.00    -0.27   -0.00   34.00  
-0.00   0.00    1.00    0.04   
-0.28   -0.00   0.00    17.85  
0.00    -0.28   -0.00   34.26  
-0.00   0.00    1.00    0.04   
-0.29   -0.00   0.00    17.77  
0.00    -0.29   -0.00   34.51  
-0.00   0.00    1.00    0.04   
-0.29   -0.00   0.00    17.69  
0.00    -0.29   -0.00   34.77  
-0.00   0.00    1.00    0.04   
-0.30   -0.00   0.00    17.61  
0.00    -0.30   -0.00   35.02  
-0.00   0.00    1.00    0.04   
-0.31   -0.00   0.00    17.53  
0.00    -0.31   -0.00   35.28  
-0.00   0.00    1.00    0.04   
-0.31   -0.00   0.00    17.45  
0.00    -0.31   -0.00   35.53  
-0.00   0.00    1.00    0.04   
-0.32   -0.00   0.00    17.37  
0.00    -0.32   -0.00   35.78  
-0.00   0.00    1.00    0.04   
-0.32   -0.00   0.00    17.28  
0.00    -0.32   -0.00   36.04  
-0.00   0.00    1.00    0.04   
-0.33   -0.00   0.00    17.20  
0.00    -0.33   -0.00   36.29  
-0.00   0.00    1.00    0.04   
-0.34   -0.00   0.00    17.11  
0.00    -0.34   -0.00   36.54  
-0.00   0.00    1.00    0.04   
-0.34   -0.00   0.00    17.02  
0.00    -0.34   -0.00   36.79  
-0.00   0.00    1.00    0.04   
-0.35   -0.00   0.00    16.92  
0.00    -0.35   -0.00   37.04  
-0.00   0.00    1.00    0.04   
-0.35   -0.00   0.00    16.83  
0.00    -0.35   -0.00   37.29  
-0.00   0.00    1.00    0.04   
-0.36   -0.00   0.00    16.74  
0.00    -0.36   -0.00   37.54  
-0.00   0.00    1.00    0.04   
-0.37   -0.00   0.00    16.64  
0.00    -0.37   -0.00   37.79  
-0.00   0.00    1.00    0.04   
-0.37   -0.00   0.00    16.54  
0.00    -0.37   -0.00   38.04  
-0.00   0.00    1.00    0.04   
-0.38   -0.00   0.00    16.44  
0.00    -0.38   -0.00   38.28  
-0.00   0.00    1.00    0.04   
-0.38   -0.00   0.00    16.34  
0.00    -0.38   -0.00   38.53  
-0.00   0.00    1.00    0.04   
-0.39   -0.00   0.00    16.24  
0.00    -0.39   -0.00   38.78  
-0.00   0.00    1.00    0.04   
-0.39   -0.00   0.00    16.13  
0.00    -0.39   -0.00   39.02  
-0.00   0.00    1.00    0.04   
-0.40   -0.00   0.00    16.03  
0.00    -0.40   -0.00   39.27  
-0.00   0.00    1.00    0.04   
-0.41   -0.00   0.00    15.92  
0.00    -0.41   -0.00   39.51  
-0.00   0.00    1.00    0.04   
-0.41   -0.00   0.00    15.81  
0.00    -0.41   -0.00   39.75  
-0.00   0.00    1.00    0.04   
-0.42   -0.00   0.00    15.70  
0.00    -0.42   -0.00   40.00  
-0.00   0.00    1.00    0.04   
-0.42   -0.00   0.00    15.59  
0.00    -0.42   -0.00   40.24  
-0.00   0.00    1.00    0.04   
-0.43   -0.00   0.00    15.48  
0.00    -0.43   -0.00   40.48  
-0.00   0.00    1.00    0.04   
-0.43   -0.00   0.00    15.36  
0.00    -0.43   -0.00   40.72  
-0.00   0.00    1.00    0.04   
-0.44   -0.00   0.00    15.25  
0.00    -0.44   -0.00   40.96  
-0.00   0.00    1.00    0.04   
-0.44   -0.00   0.00    15.13  
0.00    -0.44   -0.00   41.20  
-0.00   0.00    1.00    0.04   
-0.45   -0.00   0.00    15.01  
0.00    -0.45   -0.00   41.44  
-0.00   0.00    1.00    0.04   
-0.46   -0.00   0.00    14.89  
0.00    -0.46   -0.00   41.68  
-0.00   0.00    1.00    0.04   
-0.46   -0.00   0.00    14.77  
0.00    -0.46   -0.00   41.91  
-0.00   0.00    1.00    0.04   
-0.47   -0.00   0.00    14.64  
0.00    -0.47   -0.00   42.15  
-0.00   0.00    1.00    0.04   
-0.47   -0.00   0.00    14.52  
0.00    -0.47   -0.00   42.39  
-0.00   0.00    1.00    0.04   
-0.48   -0.00   0.00    14.39  
0.00    -0.48   -0.00   42.62  
-0.00   0.00    1.00    0.04   
-0.48   -0.00   0.00    14.27  
0.00    -0.48   -0.00   42.86  
-0.00   0.00    1.00    0.04   
-0.49   -0.00   0.00    14.14  
0.00    -0.49   -0.00   43.09  
-0.00   0.00    1.00    0.04   
-0.49   -0.00   0.00    14.01  
0.00    -0.49   -0.00   43.32  
-0.00   0.00    1.00    0.04   
-0.50   -0.00   0.00    13.88  
0.00    -0.50   -0.00   43.55  
-0.00   0.00    1.00    0.04   
-0.50   -0.00   0.00    13.74  
0.00    -0.50   -0.00   43.79  
-0.00   0.00    1.00    0.04   
-0.51   -0.00   0.00    13.61  
0.00    -0.51   -0.00   44.02  
-0.00   0.00    1.00    0.04   
-0.51   -0.00   0.00    13.47  
0.00    -0.51   -0.00   44.25  
-0.00   0.00    1.00    0.04   
-0.52   -0.00   0.00    13.33  
0.00    -0.52   -0.00   44.47  
-0.00   0.00    1.00    0.04   
-0.52   -0.00   0.00    13.20  
0.00    -0.52   -0.00   44.70  
-0.00   0.00    1.00    0.04   
-0.53   -0.00   0.00    13.06  
0.00    -0.53   -0.00   44.93  
-0.00   0.00    1.00    0.04   
-0.53   -0.00   0.00    12.91  
0.00    -0.53   -0.00   45.15  
-0.00   0.00    1.00    0.04   
-0.54   -0.00   0.00    12.77  
0.00    -0.54   -0.00   45.38  
-0.00   0.00    1.00    0.04   
-0.54   -0.00   0.00    12.63  
0.00    -0.54   -0.00   45.60  
-0.00   0.00    1.00    0.04   
-0.55   -0.00   0.00    12.48  
0.00    -0.55   -0.00   45.83  
-0.00   0.00    1.00    0.04   
-0.55   -0.00   0.00    12.33  
0.00    -0.55   -0.00   46.05  
-0.00   0.00    1.00    0.04   
-0.56   -0.00   0.00    12.18  
0.00    -0.56   -0.00   46.27  
-0.00   0.00    1.00    0.04   
-0.56   -0.00   0.00    12.03  
0.00    -0.56   -0.00   46.49  
-0.00   0.00    1.00    0.04   
-0.57   -0.00   0.00    11.88  
0.00    -0.57   -0.00   46.71  
-0.00   0.00    1.00    0.04   
-0.58   -0.00   0.00    11.73  
0.00    -0.58   -0.00   46.93  
-0.00   0.00    1.00    0.04   
-0.58   -0.00   0.00    11.58  
0.00    -0.58   -0.00   47.15  
-0.00   0.00    1.00    0.04   
-0.59   -0.00   0.00    11.42  
0.00    -0.59   -0.00   47.36  
-0.00   0.00    1.00    0.04   
-0.59   -0.00   0.00    11.26  
0.00    -0.59   -0.00   47.58  
-0.00   0.00    1.00    0.04   
-0.60   -0.00   0.00    11.10  
0.00    -0.60   -0.00   47.79  
-0.00   0.00    1.00    0.04   
-0.60   -0.00   0.00    10.95  
0.00    -0.60   -0.00   48.01  
-0.00   0.00    1.00    0.04   
-0.61   -0.00   0.00    10.78  
0.00    -0.61   -0.00   48.22  
-0.00   0.00    1.00    0.04   
-0.61   -0.00   0.00    10.62  
0.00    -0.61   -0.00   48.43  
-0.00   0.00    1.00    0.04   
-0.62   -0.00   0.00    10.46  
0.00    -0.62   -0.00   48.64  
-0.00   0.00    1.00    0.04   
-0.62   -0.00   0.00    10.29  
0.00    -0.62   -0.00   48.85  
-0.00   0.00    1.00    0.04   
-0.63   -0.00   0.00    10.12  
0.00    -0.63   -0.00   49.06  
-0.00   0.00    1.00    0.04   
-0.63   -0.00   0.00    9.96   
0.00    -0.63   -0.00   49.26  
-0.00   0.00    1.00    0.04   
-0.64   -0.00   0.00    9.79   
0.00    -0.64   -0.00   49.47  
-0.00   0.00    1.00    0.04   
-0.64   -0.00   0.00    9.62   
0.00    -0.64   -0.00   49.68  
-0.00   0.00    1.00    0.04   
-0.65   -0.00   0.00    9.44   
0.00    -0.65   -0.00   49.88  
-0.00   0.00    1.00    0.04   
-0.65   -0.00   0.00    9.27   
0.00    -0.65   -0.00   50.08  
-0.00   0.00    1.00    0.04   
-0.66   -0.00   0.00    9.09   
0.00    -0.66   -0.00   50.28  
-0.00   0.00    1.00    0.04   
-0.67   -0.00   0.00    8.92   
0.00    -0.67   -0.00   50.48  
-0.00   0.00    1.00    0.04   
-0.67   -0.00   0.00    8.74   
0.00    -0.67   -0.00   50.68  
-0.00   0.00    1.00    0.04   
-0.68   -0.00   0.00    8.56   
0.00    -0.68   -0.00   50.87  
-0.00   0.00    1.00    0.04   
-0.68   -0.00   0.00    8.37   
0.00    -0.68   -0.00   51.07  
-0.00   0.00    1.00    0.04   
-0.69   -0.00   0.00    8.19   
0.00    -0.69   -0.00   51.26  
-0.00   0.00    1.00    0.04   
-0.69   -0.00   0.00    8.01   
0.00    -0.69   -0.00   51.45  
-0.00   0.00    1.00    0.04   
-0.70   -0.00   0.00    7.82   
0.00    -0.70   -0.00   51.65  
-0.00   0.00    1.00    0.04   
-0.71   -0.00   0.00    7.63   
0.00    -0.71   -0.00   51.83  
-0.00   0.00    1.00    0.04   
-0.71   -0.00   0.00    7.44   
0.00    -0.71   -0.00   52.02  
-0.00   0.00    1.00    0.04   
-0.72   -0.00   0.00    7.25   
0.00    -0.72   -0.00   52.21  
-0.00   0.00    1.00    0.04   
-0.73   -0.00   0.00    7.06   
0.00    -0.73   -0.00   52.39  
-0.00   0.00    1.00    0.04   
-0.73   -0.00   0.00    6.86   
0.00    -0.73   -0.00   52.57  
-0.00   0.00    1.00    0.04   
-0.74   -0.00   0.00    6.67   
0.00    -0.74   -0.00   52.75  
-0.00   0.00    1.00    0.04   
-0.74   -0.00   0.00    6.47   
0.00    -0.74   -0.00   52.93  
-0.00   0.00    1.00    0.04   
-0.75   -0.00   0.00    6.27   
0.00    -0.75   -0.00   53.11  
-0.00   0.00    1.00    0.04   
-0.75   -0.00   0.00    6.07   
0.00    -0.75   -0.00   53.29  
-0.00   0.00    1.00    0.04   
-0.76   -0.00   0.00    5.87   
0.00    -0.76   -0.00   53.46  
-0.00   0.00    1.00    0.04   
-0.77   -0.00   0.00    5.67   
0.00    -0.77   -0.00   53.63  
-0.00   0.00    1.00    0.04   
-0.77   -0.00   0.00    5.46   
0.00    -0.77   -0.00   53.80  
-0.00   0.00    1.00    0.04   
-0.78   -0.00   0.00    5.26   
0.00    -0.78   -0.00   53.97  
-0.00   0.00    1.00    0.04   
-0.78   -0.00   0.00    5.05   
0.00    -0.78   -0.00   54.14  
-0.00   0.00    1.00    0.04   
-0.79   -0.00   0.00    4.84   
0.00    -0.79   -0.00   54.31  
-0.00   0.00    1.00    0.04   
-0.79   -0.00   0.00    4.63   
0.00    -0.79   -0.00   54.47  
-0.00   0.00    1.00    0.04   
-0.80   -0.00   0.00    4.42   
0.00    -0.80   -0.00   54.63  
-0.00   0.00    1.00    0.04   
-0.80   -0.00   0.00    4.20   
0.00    -0.80   -0.00   54.79  
-0.00   0.00    1.00    0.04   
-0.81   -0.00   0.00    3.99   
0.00    -0.81   -0.00   54.95  
-0.00   0.00    1.00    0.04   
-0.81   -0.00   0.00    3.77   
0.00    -0.81   -0.00   55.10  
-0.00   0.00    1.00    0.04   
-0.82   -0.00   0.00    3.55   
0.00    -0.82   -0.00   55.26  
-0.00   0.00    1.00    0.04   
-0.82   -0.00   0.00    3.33   
0.00    -0.82   -0.00   55.41  
-0.00   0.00    1.00    0.04   
-0.83   -0.00   0.00    3.11   
0.00    -0.83   -0.00   55.56  
-0.00   0.00    1.00    0.04   
-0.83   -0.00   0.00    2.89   
0.00    -0.83   -0.00   55.71  
-0.00   0.00    1.00    0.04   
-0.84   -0.00   0.00    2.67   
0.00    -0.84   -0.00   55.85  
-0.00   0.00    1.00    0.04   
-0.84   -0.00   0.00    2.45   
0.00    -0.84   -0.00   56.00  
-0.00   0.00    1.00    0.04   
-0.85   -0.00   0.00    2.22   
0.00    -0.85   -0.00   56.14  
-0.00   0.00    1.00    0.04   
-0.85   -0.00   0.00    1.99   
0.00    -0.85   -0.00   56.28  
-0.00   0.00    1.00    0.04   
-0.86   -0.00   0.00    1.77   
0.00    -0.86   -0.00   56.42  
-0.00   0.00    1.00    0.04   
-0.86   -0.00   0.00    1.54   
0.00    -0.86   -0.00   56.56  
-0.00   0.00    1.00    0.04   
-0.87   -0.00   0.00    1.31   
0.00    -0.87   -0.00   56.69  
-0.00   0.00    1.00    0.04   
-0.87   -0.00   0.00    1.07   
0.00    -0.87   -0.00   56.82  
-0.00   0.00    1.00    0.04   
-0.88   -0.00   0.00    0.84   
0.00    -0.88   -0.00   56.95  
-0.00   0.00    1.00    0.04   
-0.88   -0.00   0.00    0.61   
0.00    -0.88   -0.00   57.08  
-0.00   0.00    1.00    0.04   
-0.88   -0.00   0.00    0.37   
0.00    -0.88   -0.00   57.21  
-0.00   0.00    1.00    0.04   
-0.89   -0.00   0.00    0.14   
0.00    -0.89   -0.00   57.33  
-0.00   0.00    1.00    0.04   
-0.89   -0.00   0.00    -0.10  
0.00    -0.89   -0.00   57.45  
-0.00   0.00    1.00    0.04   
-0.90   -0.00   0.00    -0.34  
0.00    -0.90   -0.00   57.57  
-0.00   0.00    1.00    0.04   
-0.90   -0.00   0.00    -0.58  
0.00    -0.90   -0.00   57.69  
-0.00   0.00    1.00    0.04   
-0.90   -0.00   0.00    -0.82  
0.00    -0.90   -0.00   57.81  
-0.00   0.00    1.00    0.04   
-0.91   -0.00   0.00    -1.06  
0.00    -0.91   -0.00   57.92  
-0.00   0.00    1.00    0.04   
-0.91   -0.00   0.00    -1.30  
0.00    -0.91   -0.00   58.03  
-0.00   0.00    1.00    0.04   
-0.91   -0.00   0.00    -1.54  
0.00    -0.91   -0.00   58.14  
-0.00   0.00    1.00    0.04   
-0.92   -0.00   0.00    -1.79  
0.00    -0.92   -0.00   58.25  
-0.00   0.00    1.00    0.04   
-0.92   -0.00   0.00    -2.03  
0.00    -0.92   -0.00   58.36  
-0.00   0.00    1.00    0.04   
-0.92   -0.00   0.00    -2.28  
0.00    -0.92   -0.00   58.46  
-0.00   0.00    1.00    0.04   
-0.93   -0.00   0.00    -2.52  
0.00    -0.93   -0.00   58.56  
-0.00   0.00    1.00    0.04   
-0.93   -0.00   0.00    -2.77  
0.00    -0.93   -0.00   58.66  
-0.00   0.00    1.00    0.04   
-0.93   -0.00   0.00    -3.02  
0.00    -0.93   -0.00   58.76  
-0.00   0.00    1.00    0.04   
-0.94   -0.00   0.00    -3.27  
0.00    -0.94   -0.00   58.85  
-0.00   0.00    1.00    0.04   
-0.94   -0.00   0.00    -3.52  
0.00    -0.94   -0.00   58.94  
-0.00   0.00    1.00    0.04   
-0.94   -0.00   0.00    -3.77  
0.00    -0.94   -0.00   59.03  
-0.00   0.00    1.00    0.04   
-0.95   -0.00   0.00    -4.02  
0.00    -0.95   -0.00   59.12  
-0.00   0.00    1.00    0.04   
-0.95   -0.00   0.00    -4.27  
0.00    -0.95   -0.00   59.21  
-0.00   0.00    1.00    0.04   
-0.95   -0.00   0.00    -4.53  
0.00    -0.95   -0.00   59.29  
-0.00   0.00    1.00    0.04   
-0.95   -0.00   0.00    -4.78  
0.00    -0.95   -0.00   59.38  
-0.00   0.00    1.00    0.04   
-0.96   -0.00   0.00    -5.03  
0.00    -0.96   -0.00   59.46  
-0.00   0.00    1.00    0.04   
-0.96   -0.00   0.00    -5.29  
0.00    -0.96   -0.00   59.53  
-0.00   0.00    1.00    0.04   
-0.96   -0.00   0.00    -5.55  
0.00    -0.96   -0.00   59.61  
-0.00   0.00    1.00    0.04   
-0.96   -0.00   0.00    -5.80  
0.00    -0.96   -0.00   59.68  
-0.00   0.00    1.00    0.04   
-0.97   -0.00   0.00    -6.06  
0.00    -0.97   -0.00   59.75  
-0.00   0.00    1.00    0.04   
-0.97   -0.00   0.00    -6.32  
0.00    -0.97   -0.00   59.82  
-0.00   0.00    1.00    0.04   
-0.97   -0.00   0.00    -6.57  
0.00    -0.97   -0.00   59.89  
-0.00   0.00    1.00    0.04   
-0.97   -0.00   0.00    -6.83  
0.00    -0.97   -0.00   59.95  
-0.00   0.00    1.00    0.04   
-0.97   -0.00   0.00    -7.09  
0.00    -0.97   -0.00   60.01  
-0.00   0.00    1.00    0.04   
-0.98   -0.00   0.00    -7.35  
0.00    -0.98   -0.00   60.07  
-0.00   0.00    1.00    0.04   
-0.98   -0.00   0.00    -7.61  
0.00    -0.98   -0.00   60.13  
-0.00   0.00    1.00    0.04   
-0.98   -0.00   0.00    -7.87  
0.00    -0.98   -0.00   60.19  
-0.00   0.00    1.00    0.04   
-0.98   -0.00   0.00    -8.14  
0.00    -0.98   -0.00   60.24  
-0.00   0.00    1.00    0.04   
-0.98   -0.00   0.00    -8.40  
0.00    -0.98   -0.00   60.29  
-0.00   0.00    1.00    0.04   
-0.98   -0.00   0.00    -8.66  
0.00    -0.98   -0.00   60.34  
-0.00   0.00    1.00    0.04   
-0.99   -0.00   0.00    -8.92  
0.00    -0.99   -0.00   60.38  
-0.00   0.00    1.00    0.04   
-0.99   -0.00   0.00    -9.18  
0.00    -0.99   -0.00   60.43  
-0.00   0.00    1.00    0.04   
-0.99   -0.00   0.00    -9.45  
0.00    -0.99   -0.00   60.47  
-0.00   0.00    1.00    0.04   
-0.99   -0.00   0.00    -9.71  
0.00    -0.99   -0.00   60.51  
-0.00   0.00    1.00    0.04   
-0.99   -0.00   0.00    -9.98  
0.00    -0.99   -0.00   60.55  
-0.00   0.00    1.00    0.04   
-0.99   -0.00   0.00    -10.24 
0.00    -0.99   -0.00   60.58  
-0.00   0.00    1.00    0.04   
-0.99   -0.00   0.00    -10.50 
0.00    -0.99   -0.00   60.61  
-0.00   0.00    1.00    0.04   
-0.99   -0.00   0.00    -10.77 
0.00    -0.99   -0.00   60.65  
-0.00   0.00    1.00    0.04   
-0.99   -0.00   0.00    -11.03 
0.00    -0.99   -0.00   60.67  
-0.00   0.00    1.00    0.04   
-1.00   -0.00   0.00    -11.30 
0.00    -1.00   -0.00   60.70  
-0.00   0.00    1.00    0.04   
-1.00   -0.00   0.00    -11.57 
0.00    -1.00   -0.00   60.72  
-0.00   0.00    1.00    0.04   
-1.00   -0.00   0.00    -11.83 
0.00    -1.00   -0.00   60.74  
-0.00   0.00    1.00    0.04   
-1.00   -0.00   0.00    -12.10 
0.00    -1.00   -0.00   60.76  
-0.00   0.00    1.00    0.04   
-1.00   -0.00   0.00    -12.36 
0.00    -1.00   -0.00   60.78  
-0.00   0.00    1.00    0.04   
-1.00   -0.00   0.00    -12.63 
0.00    -1.00   -0.00   60.80  
-0.00   0.00    1.00    0.04   
-1.00   -0.00   0.00    -12.90 
0.00    -1.00   -0.00   60.81  
-0.00   0.00    1.00    0.04   
-1.00   -0.00   0.00    -13.16 
0.00    -1.00   -0.00   60.82  
-0.00   0.00    1.00    0.04   
-1.00   -0.00   0.00    -13.43 
0.00    -1.00   -0.00   60.83  
-0.00   0.00    1.00    0.04   
-1.00   -0.00   0.00    -13.70 
0.00    -1.00   -0.00   60.84  
-0.00   0.00    1.00    0.04   
-1.00   -0.00   0.00    -13.96 
0.00    -1.00   -0.00   60.85  
-0.00   0.00    1.00    0.04   
-1.00   -0.00   0.00    -14.23 
0.00    -1.00   -0.00   60.86  
-0.00   0.00    1.00    0.04   
-1.00   -0.00   0.00    -14.50 
0.00    -1.00   -0.00   60.87  
-0.00   0.00    1.00    0.04   
-1.00   -0.00   0.00    -14.76 
0.00    -1.00   -0.00   60.87  
-0.00   0.00    1.00    0.04   
-1.00   -0.00   0.00    -15.03 
0.00    -1.00   -0.00   60.88  
-0.00   0.00    1.00    0.04   
-1.00   -0.00   0.00    -15.30 
0.00    -1.00   -0.00   60.88  
-0.00   0.00    1.00    0.04   
-1.00   0.00    0.00    -15.56 
-0.00   -1.00   -0.00   60.88  
-0.00   0.00    1.00    0.04   
-1.00   0.00    0.00    -15.83 
-0.00   -1.00   -0.00   60.89  
-0.00   0.00    1.00    0.04   
-1.00   0.00    0.00    -16.10 
-0.00   -1.00   -0.00   60.89  
-0.00   0.00    1.00    0.04   
-1.00   0.00    0.00    -16.36 
-0.00   -1.00   -0.00   60.89  
-0.00   0.00    1.00    0.04   
-1.00   0.00    0.00    -16.63 
-0.00   -1.00   0.00    60.89  
-0.00   -0.00   1.00    0.04   
-1.00   0.00    0.00    -16.90 
-0.00   -1.00   0.00    60.89  
-0.00   -0.00   1.00    0.04   
-1.00   0.00    0.00    -17.16 
-0.00   -1.00   0.00    60.89  
-0.00   -0.00   1.00    0.04   
-1.00   0.00    0.00    -17.43 
-0.00   -1.00   0.00    60.89  
-0.00   -0.00   1.00    0.04   
-1.00   0.00    0.00    -17.70 
-0.00   -1.00   0.00    60.89  
-0.00   -0.00   1.00    0.04   
-1.00   0.00    0.00    -17.96 
-0.00   -1.00   0.00    60.89  
-0.00   -0.00   1.00    0.04   
-1.00   0.00    0.00    -18.23 
-0.00   -1.00   0.00    60.89  
-0.00   -0.00   1.00    0.04   
-1.00   0.00    0.00    -18.50 
-0.00   -1.00   0.00    60.88  
-0.00   -0.00   1.00    0.04   
-1.00   0.00    0.00    -18.76 
-0.00   -1.00   0.00    60.88  
-0.00   -0.00   1.00    0.04   
-1.00   0.00    0.00    -19.03 
-0.00   -1.00   0.00    60.88  
-0.00   -0.00   1.00    0.04   
-1.00   0.00    0.00    -19.30 
-0.00   -1.00   0.00    60.88  
-0.00   -0.00   1.00    0.04   
-1.00   0.00    0.00    -19.57 
-0.00   -1.00   0.00    60.88  
-0.00   -0.00   1.00    0.04   
-1.00   0.00    0.00    -19.83 
-0.00   -1.00   0.00    60.87  
-0.00   -0.00   1.00    0.04   
-1.00   0.00    0.00    -20.10 
-0.00   -1.00   0.00    60.87  
-0.00   -0.00   1.00    0.04   
-1.00   0.00    0.00    -20.37 
-0.00   -1.00   0.00    60.87  
-0.00   -0.00   1.00    0.04   
-1.00   0.00    0.00    -20.63 
-0.00   -1.00   0.00    60.87  
-0.00   -0.00   1.00    0.04   
-1.00   0.00    0.00    -20.90 
-0.00   -1.00   0.00    60.87  
-0.00   -0.00   1.00    0.04   
-1.00   0.00    0.00    -21.17 
-0.00   -1.00   0.00    60.86  
-0.00   -0.00   1.00    0.04   
-1.00   0.00    0.00    -21.43 
-0.00   -1.00   0.00    60.86  
-0.00   -0.00   1.00    0.04   
-1.00   0.00    0.00    -21.70 
-0.00   -1.00   0.00    60.86  
-0.00   -0.00   1.00    0.04   
-1.00   0.00    0.00    -21.97 
-0.00   -1.00   0.00    60.86  
-0.00   -0.00   1.00    0.04   
-1.00   0.00    0.00    -22.23 
-0.00   -1.00   0.00    60.85  
-0.00   -0.00   1.00    0.04   
-1.00   0.00    0.00    -22.50 
-0.00   -1.00   0.00    60.85  
-0.00   -0.00   1.00    0.04   
-1.00   0.00    0.00    -22.77 
-0.00   -1.00   0.00    60.85  
-0.00   -0.00   1.00    0.04   
-1.00   0.00    0.00    -23.03 
-0.00   -1.00   0.00    60.85  
-0.00   -0.00   1.00    0.04   
-1.00   0.00    0.00    -23.30 
-0.00   -1.00   0.00    60.85  
-0.00   -0.00   1.00    0.04   
-1.00   0.00    0.00    -23.57 
-0.00   -1.00   0.00    60.84  
-0.00   -0.00   1.00    0.04   
-1.00   0.00    0.00    -23.83 
-0.00   -1.00   0.00    60.84  
-0.00   -0.00   1.00    0.04   
-1.00   0.00    0.00    -24.10 
-0.00   -1.00   0.00    60.84  
-0.00   -0.00   1.00    0.04   
-1.00   0.00    0.00    -24.37 
-0.00   -1.00   0.00    60.84  
-0.00   -0.00   1.00    0.04   
-1.00   0.00    0.00    -24.63 
-0.00   -1.00   0.00    60.84  
-0.00   -0.00   1.00    0.04   
-1.00   0.00    0.00    -24.90 
-0.00   -1.00   0.00    60.84  
-0.00   -0.00   1.00    0.04   
-1.00   0.00    0.00    -25.17 
-0.00   -1.00   0.00    60.83  
-0.00   -0.00   1.00    0.04   
-1.00   0.00    0.00    -25.43 
-0.00   -1.00   0.00    60.83  
-0.00   -0.00   1.00    0.04   
-1.00   0.00    0.00    -25.70 
-0.00   -1.00   0.00    60.83  
-0.00   -0.00   1.00    0.04   
-1.00   0.00    0.00    -25.97 
-0.00   -1.00   0.00    60.83  
-0.00   -0.00   1.00    0.04   
-1.00   0.00    0.00    -26.23 
-0.00   -1.00   0.00    60.83  
-0.00   -0.00   1.00    0.04   
-1.00   0.00    0.00    -26.50 
-0.00   -1.00   0.00    60.82  
-0.00   -0.00   1.00    0.04   
-1.00   0.00    0.00    -26.77 
-0.00   -1.00   0.00    60.82  
-0.00   -0.00   1.00    0.04   
-1.00   0.00    0.00    -27.04 
-0.00   -1.00   0.00    60.82  
-0.00   -0.00   1.00    0.04   
-1.00   0.00    0.00    -27.30 
-0.00   -1.00   0.00    60.82  
-0.00   -0.00   1.00    0.04   
-1.00   0.00    0.00    -27.57 
-0.00   -1.00   0.00    60.82  
-0.00   -0.00   1.00    0.04   
-1.00   0.00    0.00    -27.84 
-0.00   -1.00   0.00    60.82  
-0.00   -0.00   1.00    0.04   
-1.00   0.00    0.00    -28.10 
-0.00   -1.00   0.00    60.81  
-0.00   -0.00   1.00    0.04   
-1.00   0.00    0.00    -28.37 
-0.00   -1.00   0.00    60.81  
-0.00   -0.00   1.00    0.04   
-1.00   0.00    0.00    -28.64 
-0.00   -1.00   0.00    60.81  
-0.00   -0.00   1.00    0.04   
-1.00   0.00    0.00    -28.90 
-0.00   -1.00   0.00    60.81  
-0.00   -0.00   1.00    0.04   
-1.00   0.00    0.00    -29.17 
-0.00   -1.00   0.00    60.81  
-0.00   -0.00   1.00    0.04   
-1.00   0.00    0.00    -29.44 
-0.00   -1.00   0.00    60.81  
-0.00   -0.00   1.00    0.04   
-1.00   0.00    0.00    -29.70 
-0.00   -1.00   0.00    60.81  
-0.00   -0.00   1.00    0.04   
-1.00   0.00    0.00    -29.97 
-0.00   -1.00   0.00    60.80  
-0.00   -0.00   1.00    0.04   
-1.00   0.00    0.00    -30.24 
-0.00   -1.00   0.00    60.80  
-0.00   -0.00   1.00    0.04   
-1.00   0.00    0.00    -30.50 
-0.00   -1.00   0.00    60.80  
-0.00   -0.00   1.00    0.04   
-1.00   0.00    0.00    -30.77 
-0.00   -1.00   0.00    60.80  
-0.00   -0.00   1.00    0.04   
-1.00   0.00    0.00    -31.04 
-0.00   -1.00   0.00    60.80  
-0.00   -0.00   1.00    0.04   
-1.00   0.00    0.00    -31.30 
-0.00   -1.00   0.00    60.80  
-0.00   -0.00   1.00    0.04   
-1.00   0.00    0.00    -31.57 
-0.00   -1.00   0.00    60.79  
-0.00   -0.00   1.00    0.04   
-1.00   0.00    0.00    -31.84 
-0.00   -1.00   0.00    60.79  
-0.00   -0.00   1.00    0.04   
-1.00   0.00    0.00    -32.10 
-0.00   -1.00   0.00    60.79  
-0.00   -0.00   1.00    0.04   
-1.00   0.00    0.00    -32.37 
-0.00   -1.00   0.00    60.79  
-0.00   -0.00   1.00    0.04   
-1.00   0.00    0.00    -32.64 
-0.00   -1.00   0.00    60.79  
-0.00   -0.00   1.00    0.04   
-1.00   0.00    0.00    -32.90 
-0.00   -1.00   0.00    60.79  
-0.00   -0.00   1.00    0.04   
-1.00   0.00    0.00    -33.17 
-0.00   -1.00   0.00    60.79  
-0.00   -0.00   1.00    0.04   
-1.00   0.00    0.00    -33.44 
-0.00   -1.00   0.00    60.78  
-0.00   -0.00   1.00    0.04   
-1.00   0.00    0.00    -33.70 
-0.00   -1.00   0.00    60.78  
-0.00   -0.00   1.00    0.04   
-1.00   0.00    0.00    -33.97 
-0.00   -1.00   0.00    60.78  
-0.00   -0.00   1.00    0.04   
-1.00   0.00    0.00    -34.24 
-0.00   -1.00   0.00    60.78  
-0.00   -0.00   1.00    0.04   
-1.00   0.00    0.00    -34.51 
-0.00   -1.00   0.00    60.78  
-0.00   -0.00   1.00    0.04   
-1.00   0.00    0.00    -34.77 
-0.00   -1.00   0.00    60.78  
-0.00   -0.00   1.00    0.04   
-1.00   0.00    0.00    -35.04 
-0.00   -1.00   0.00    60.77  
-0.00   -0.00   1.00    0.04   
-1.00   0.00    0.00    -35.31 
-0.00   -1.00   0.00    60.77  
-0.00   -0.00   1.00    0.04   
-1.00   0.00    0.00    -35.57 
-0.00   -1.00   0.00    60.77  
-0.00   -0.00   1.00    0.04   
-1.00   0.00    0.00    -35.84 
-0.00   -1.00   0.00    60.77  
-0.00   -0.00   1.00    0.04   
-1.00   0.00    0.00    -36.11 
-0.00   -1.00   0.00    60.77  
-0.00   -0.00   1.00    0.04   
-1.00   0.00    0.00    -36.37 
-0.00   -1.00   0.00    60.77  
-0.00   -0.00   1.00    0.04   
-1.00   0.00    0.00    -36.64 
-0.00   -1.00   0.00    60.77  
-0.00   -0.00   1.00    0.04   
-1.00   0.00    0.00    -36.91 
-0.00   -1.00   0.00    60.76  
-0.00   -0.00   1.00    0.04   
-1.00   0.00    0.00    -37.17 
-0.00   -1.00   0.00    60.76  
-0.00   -0.00   1.00    0.04   
-1.00   0.00    0.00    -37.44 
-0.00   -1.00   0.00    60.76  
-0.00   -0.00   1.00    0.04   
-1.00   0.00    0.00    -37.71 
-0.00   -1.00   0.00    60.76  
-0.00   -0.00   1.00    0.04   
-1.00   0.00    0.00    -37.97 
-0.00   -1.00   0.00    60.76  
-0.00   -0.00   1.00    0.04   
-1.00   0.00    0.00    -38.24 
-0.00   -1.00   0.00    60.76  
-0.00   -0.00   1.00    0.04   
-1.00   0.00    0.00    -38.51 
-0.00   -1.00   0.00    60.76  
-0.00   -0.00   1.00    0.04   
-1.00   0.00    0.00    -38.77 
-0.00   -1.00   0.00    60.75  
-0.00   -0.00   1.00    0.04   
-1.00   0.00    0.00    -39.04 
-0.00   -1.00   0.00    60.75  
-0.00   -0.00   1.00    0.04   
-1.00   0.00    0.00    -39.31 
-0.00   -1.00   0.00    60.75  
-0.00   -0.00   1.00    0.04   
-1.00   0.00    0.00    -39.57 
-0.00   -1.00   0.00    60.75  
-0.00   -0.00   1.00    0.04   
-1.00   0.00    0.00    -39.84 
-0.00   -1.00   0.00    60.75  
-0.00   -0.00   1.00    0.04   
-1.00   0.00    0.00    -40.11 
-0.00   -1.00   0.00    60.75  
-0.00   -0.00   1.00    0.04   
-1.00   0.00    0.00    -40.37 
-0.00   -1.00   0.00    60.74  
-0.00   -0.00   1.00    0.04   
-1.00   0.00    0.00    -40.64 
-0.00   -1.00   0.00    60.74  
-0.00   -0.00   1.00    0.04   
-1.00   0.00    0.00    -40.91 
-0.00   -1.00   0.00    60.74  
-0.00   -0.00   1.00    0.04   
-1.00   0.00    0.00    -41.17 
-0.00   -1.00   0.00    60.74  
-0.00   -0.00   1.00    0.04   
-1.00   0.00    0.00    -41.44 
-0.00   -1.00   0.00    60.74  
-0.00   -0.00   1.00    0.04   
-1.00   0.00    0.00    -41.71 
-0.00   -1.00   0.00    60.74  
-0.00   -0.00   1.00    0.04   
-1.00   0.00    0.00    -41.98 
-0.00   -1.00   0.00    60.74  
-0.00   -0.00   1.00    0.04   
-1.00   0.00    0.00    -42.24 
-0.00   -1.00   0.00    60.73  
-0.00   -0.00   1.00    0.04   
-1.00   0.00    0.00    -42.51 
-0.00   -1.00   0.00    60.73  
-0.00   -0.00   1.00    0.04   
-1.00   0.00    0.00    -42.78 
-0.00   -1.00   0.00    60.73  
-0.00   -0.00   1.00    0.04   
-1.00   0.00    0.00    -43.04 
-0.00   -1.00   0.00    60.73  
-0.00   -0.00   1.00    0.04   
-1.00   0.00    0.00    -43.31 
-0.00   -1.00   0.00    60.73  
-0.00   -0.00   1.00    0.04   
-1.00   0.00    0.00    -43.58 
-0.00   -1.00   0.00    60.73  
-0.00   -0.00   1.00    0.04   
-1.00   0.00    0.00    -43.84 
-0.00   -1.00   0.00    60.73  
-0.00   -0.00   1.00    0.04   
-1.00   0.00    0.00    -44.11 
-0.00   -1.00   0.00    60.72  
-0.00   -0.00   1.00    0.04   
-1.00   0.00    0.00    -44.38 
-0.00   -1.00   0.00    60.72  
-0.00   -0.00   1.00    0.04   
-1.00   0.00    0.00    -44.64 
-0.00   -1.00   0.00    60.72  
-0.00   -0.00   1.00    0.04   
-1.00   0.00    0.00    -44.91 
-0.00   -1.00   0.00    60.72  
-0.00   -0.00   1.00    0.04   
-1.00   0.00    0.00    -45.18 
-0.00   -1.00   0.00    60.72  
-0.00   -0.00   1.00    0.04   
-1.00   0.00    0.00    -45.44 
-0.00   -1.00   0.00    60.72  
-0.00   -0.00   1.00    0.04   
-1.00   0.00    0.00    -45.71 
-0.00   -1.00   0.00    60.72  
-0.00   -0.00   1.00    0.04   
-1.00   0.00    0.00    -45.98 
-0.00   -1.00   0.00    60.71  
-0.00   -0.00   1.00    0.04   
-1.00   0.00    0.00    -46.24 
-0.00   -1.00   0.00    60.71  
-0.00   -0.00   1.00    0.04   
-1.00   0.00    0.00    -46.51 
-0.00   -1.00   0.00    60.71  
-0.00   -0.00   1.00    0.04   
-1.00   0.00    0.00    -46.78 
-0.00   -1.00   0.00    60.71  
-0.00   -0.00   1.00    0.04   
-1.00   0.00    0.00    -47.04 
-0.00   -1.00   0.00    60.71  
-0.00   -0.00   1.00    0.04   
-1.00   0.00    0.00    -47.31 
-0.00   -1.00   0.00    60.71  
-0.00   -0.00   1.00    0.04   
-1.00   0.00    0.00    -47.58 
-0.00   -1.00   0.00    60.70  
-0.00   -0.00   1.00    0.04   
-1.00   0.00    0.00    -47.84 
-0.00   -1.00   0.00    60.70  
-0.00   -0.00   1.00    0.04   
-1.00   0.00    0.00    -48.11 
-0.00   -1.00   0.00    60.70  
-0.00   -0.00   1.00    0.04   
-1.00   0.00    0.00    -48.38 
-0.00   -1.00   0.00    60.70  
-0.00   -0.00   1.00    0.04   
-1.00   0.00    0.00    -48.64 
-0.00   -1.00   0.00    60.70  
-0.00   -0.00   1.00    0.04   
-1.00   0.00    0.00    -48.91 
-0.00   -1.00   0.00    60.70  
-0.00   -0.00   1.00    0.04   
-1.00   0.00    0.00    -49.18 
-0.00   -1.00   0.00    60.70  
-0.00   -0.00   1.00    0.04   
-1.00   0.00    0.00    -49.45 
-0.00   -1.00   0.00    60.69  
-0.00   -0.00   1.00    0.04   
-1.00   0.00    0.00    -49.71 
-0.00   -1.00   0.00    60.69  
-0.00   -0.00   1.00    0.04   
-1.00   0.00    0.00    -49.98 
-0.00   -1.00   0.00    60.69  
-0.00   -0.00   1.00    0.04   
-1.00   0.00    0.00    -50.25 
-0.00   -1.00   0.00    60.69  
-0.00   -0.00   1.00    0.04   
-1.00   0.00    0.00    -50.51 
-0.00   -1.00   0.00    60.69  
-0.00   -0.00   1.00    0.04   
-1.00   0.00    0.00    -50.78 
-0.00   -1.00   0.00    60.69  
-0.00   -0.00   1.00    0.04   
-1.00   0.00    0.00    -51.05 
-0.00   -1.00   0.00    60.69  
-0.00   -0.00   1.00    0.04   
-1.00   0.00    0.00    -51.31 
-0.00   -1.00   0.00    60.68  
-0.00   -0.00   1.00    0.04   
-1.00   0.00    0.00    -51.58 
-0.00   -1.00   0.00    60.68  
-0.00   -0.00   1.00    0.04   
-1.00   0.00    0.00    -51.85 
-0.00   -1.00   0.00    60.68  
-0.00   -0.00   1.00    0.04   
-1.00   0.00    0.00    -52.11 
-0.00   -1.00   0.00    60.68  
-0.00   -0.00   1.00    0.04   
-1.00   0.00    0.00    -52.38 
-0.00   -1.00   0.00    60.68  
-0.00   -0.00   1.00    0.04   
-1.00   0.00    0.00    -52.65 
-0.00   -1.00   0.00    60.68  
-0.00   -0.00   1.00    0.04   
-1.00   0.00    0.00    -52.91 
-0.00   -1.00   0.00    60.68  
-0.00   -0.00   1.00    0.04   
-1.00   0.00    0.00    -53.18 
-0.00   -1.00   0.00    60.67  
-0.00   -0.00   1.00    0.04   
-1.00   0.00    0.00    -53.45 
-0.00   -1.00   0.00    60.67  
-0.00   -0.00   1.00    0.04   
-1.00   0.00    0.00    -53.71 
-0.00   -1.00   0.00    60.67  
-0.00   -0.00   1.00    0.04   
-1.00   0.00    0.00    -53.98 
-0.00   -1.00   0.00    60.67  
-0.00   -0.00   1.00    0.04   
-1.00   0.00    0.00    -54.25 
-0.00   -1.00   0.00    60.67  
-0.00   -0.00   1.00    0.04   
-1.00   0.00    0.00    -54.51 
-0.00   -1.00   0.00    60.67  
-0.00   -0.00   1.00    0.04   
-1.00   0.00    0.00    -54.78 
-0.00   -1.00   0.00    60.66  
-0.00   -0.00   1.00    0.04   
-1.00   0.00    0.00    -55.05 
-0.00   -1.00   0.00    60.66  
-0.00   -0.00   1.00    0.04   
-1.00   0.00    0.00    -55.31 
-0.00   -1.00   0.00    60.66  
-0.00   -0.00   1.00    0.04   
-1.00   0.00    0.00    -55.58 
-0.00   -1.00   0.00    60.66  
-0.00   -0.00   1.00    0.04   
-1.00   0.00    0.00    -55.85 
-0.00   -1.00   0.00    60.66  
-0.00   -0.00   1.00    0.04   
-1.00   0.00    0.00    -56.11 
-0.00   -1.00   0.00    60.66  
-0.00   -0.00   1.00    0.04   
-1.00   0.00    0.00    -56.38 
-0.00   -1.00   0.00    60.66  
-0.00   -0.00   1.00    0.04   
-1.00   0.00    0.00    -56.65 
-0.00   -1.00   0.00    60.65  
-0.00   -0.00   1.00    0.04   
-1.00   0.00    0.00    -56.92 
-0.00   -1.00   0.00    60.65  
-0.00   -0.00   1.00    0.04   
-1.00   0.00    0.00    -57.18 
-0.00   -1.00   0.00    60.65  
-0.00   -0.00   1.00    0.04   
-1.00   0.00    0.00    -57.45 
-0.00   -1.00   0.00    60.65  
-0.00   -0.00   1.00    0.04   
-1.00   0.00    0.00    -57.72 
-0.00   -1.00   0.00    60.65  
-0.00   -0.00   1.00    0.04   
-1.00   0.00    0.00    -57.98 
-0.00   -1.00   0.00    60.65  
-0.00   -0.00   1.00    0.04   
-1.00   0.00    0.00    -58.25 
-0.00   -1.00   0.00    60.64  
-0.00   -0.00   1.00    0.04   
-1.00   0.00    0.00    -58.52 
-0.00   -1.00   0.00    60.64  
-0.00   -0.00   1.00    0.04   
-1.00   0.00    0.00    -58.78 
-0.00   -1.00   0.00    60.64  
-0.00   -0.00   1.00    0.04   
-1.00   0.00    0.00    -59.05 
-0.00   -1.00   0.00    60.64  
-0.00   -0.00   1.00    0.04   
-1.00   0.00    0.00    -59.32 
-0.00   -1.00   0.00    60.64  
-0.00   -0.00   1.00    0.04   
-1.00   0.00    0.00    -59.58 
-0.00   -1.00   0.00    60.63  
-0.00   -0.00   1.00    0.04   
-1.00   0.00    0.00    -59.85 
-0.00   -1.00   0.00    60.63  
-0.00   -0.00   1.00    0.04   
-1.00   0.00    0.00    -60.12 
-0.00   -1.00   0.00    60.63  
-0.00   -0.00   1.00    0.04   
-1.00   0.00    0.00    -60.38 
-0.00   -1.00   0.00    60.63  
-0.00   -0.00   1.00    0.04   
-1.00   0.00    0.00    -60.65 
-0.00   -1.00   0.00    60.63  
-0.00   -0.00   1.00    0.04   
-1.00   0.00    0.00    -60.92 
-0.00   -1.00   0.00    60.62  
-0.00   -0.00   1.00    0.04   
-1.00   0.00    0.00    -61.18 
-0.00   -1.00   0.00    60.62  
-0.00   -0.00   1.00    0.04   
-1.00   0.00    0.00    -61.45 
-0.00   -1.00   0.00    60.62  
-0.00   -0.00   1.00    0.04   
-1.00   0.00    0.00    -61.72 
-0.00   -1.00   0.00    60.62  
-0.00   -0.00   1.00    0.04   
-1.00   0.00    0.00    -61.98 
-0.00   -1.00   0.00    60.61  
-0.00   -0.00   1.00    0.04   
-1.00   0.00    0.00    -62.25 
-0.00   -1.00   0.00    60.61  
-0.00   -0.00   1.00    0.04   
-1.00   0.00    0.00    -62.52 
-0.00   -1.00   0.00    60.61  
-0.00   -0.00   1.00    0.04   
-1.00   0.00    0.00    -62.78 
-0.00   -1.00   0.00    60.61  
-0.00   -0.00   1.00    0.04   
-1.00   0.00    0.00    -63.05 
-0.00   -1.00   0.00    60.60  
-0.00   -0.00   1.00    0.04   
-1.00   0.00    0.00    -63.32 
-0.00   -1.00   0.00    60.60  
-0.00   -0.00   1.00    0.04   
-1.00   0.00    0.00    -63.58 
-0.00   -1.00   0.00    60.60  
-0.00   -0.00   1.00    0.04   
-1.00   0.00    0.00    -63.85 
-0.00   -1.00   0.00    60.59  
-0.00   -0.00   1.00    0.04   
-1.00   0.00    0.00    -64.12 
-0.00   -1.00   0.00    60.59  
-0.00   -0.00   1.00    0.04   
-1.00   0.00    0.00    -64.39 
-0.00   -1.00   0.00    60.59  
-0.00   -0.00   1.00    0.04   
-1.00   0.00    0.00    -64.65 
-0.00   -1.00   0.00    60.58  
-0.00   -0.00   1.00    0.04   
-1.00   0.00    0.00    -64.92 
-0.00   -1.00   0.00    60.58  
-0.00   -0.00   1.00    0.04   
-1.00   0.00    0.00    -65.19 
-0.00   -1.00   0.00    60.58  
-0.00   -0.00   1.00    0.04   
-1.00   0.00    0.00    -65.45 
-0.00   -1.00   0.00    60.57  
-0.00   -0.00   1.00    0.04   
-1.00   0.00    0.00    -65.72 
-0.00   -1.00   0.00    60.57  
-0.00   -0.00   1.00    0.04   
-1.00   0.00    0.00    -65.99 
-0.00   -1.00   0.00    60.56  
-0.00   -0.00   1.00    0.04   
-1.00   0.00    0.00    -66.25 
-0.00   -1.00   0.00    60.56  
-0.00   -0.00   1.00    0.04   
-1.00   0.00    0.00    -66.52 
-0.00   -1.00   0.00    60.56  
-0.00   -0.00   1.00    0.04   
-1.00   0.00    0.00    -66.79 
-0.00   -1.00   0.00    60.55  
-0.00   -0.00   1.00    0.04   
-1.00   0.00    0.00    -67.05 
-0.00   -1.00   0.00    60.55  
-0.00   -0.00   1.00    0.04   
-1.00   0.00    0.00    -67.32 
-0.00   -1.00   0.00    60.54  
-0.00   -0.00   1.00    0.04   
-1.00   0.00    0.00    -67.59 
-0.00   -1.00   0.00    60.54  
-0.00   -0.00   1.00    0.04   
-1.00   0.00    0.00    -67.85 
-0.00   -1.00   0.00    60.54  
-0.00   -0.00   1.00    0.04   
-1.00   0.00    0.00    -68.12 
-0.00   -1.00   0.00    60.53  
-0.00   -0.00   1.00    0.04   
-1.00   0.00    0.00    -68.39 
-0.00   -1.00   0.00    60.53  
-0.00   -0.00   1.00    0.04   
-1.00   0.00    0.00    -68.65 
-0.00   -1.00   0.00    60.52  
-0.00   -0.00   1.00    0.04   
-1.00   0.00    0.00    -68.92 
-0.00   -1.00   0.00    60.52  
-0.00   -0.00   1.00    0.04   
-1.00   0.00    0.00    -69.19 
-0.00   -1.00   0.00    60.51  
-0.00   -0.00   1.00    0.04   
-1.00   0.00    0.00    -69.45 
-0.00   -1.00   0.00    60.51  
-0.00   -0.00   1.00    0.04   
-1.00   0.00    0.00    -69.72 
-0.00   -1.00   0.00    60.51  
-0.00   -0.00   1.00    0.04   
-1.00   0.00    0.00    -69.99 
-0.00   -1.00   0.00    60.50  
-0.00   -0.00   1.00    0.04   
-1.00   0.00    0.00    -70.25 
-0.00   -1.00   0.00    60.50  
-0.00   -0.00   1.00    0.04   
-1.00   0.00    0.00    -70.52 
-0.00   -1.00   0.00    60.49  
-0.00   -0.00   1.00    0.04   
-1.00   0.00    0.00    -70.79 
-0.00   -1.00   0.00    60.49  
-0.00   -0.00   1.00    0.04   
-1.00   0.00    0.00    -71.05 
-0.00   -1.00   0.00    60.49  
-0.00   -0.00   1.00    0.04   
-1.00   0.00    0.00    -71.32 
-0.00   -1.00   0.00    60.48  
-0.00   -0.00   1.00    0.04   
-1.00   0.00    0.00    -71.59 
-0.00   -1.00   0.00    60.48  
-0.00   -0.00   1.00    0.04   
-1.00   0.00    0.00    -71.85 
-0.00   -1.00   0.00    60.48  
-0.00   -0.00   1.00    0.04   
-1.00   0.00    0.00    -72.12 
-0.00   -1.00   0.00    60.47  
-0.00   -0.00   1.00    0.04   
-1.00   0.00    0.00    -72.39 
-0.00   -1.00   0.00    60.47  
-0.00   -0.00   1.00    0.04   
-1.00   0.00    0.00    -72.65 
-0.00   -1.00   0.00    60.46  
-0.00   -0.00   1.00    0.04   
-1.00   0.00    0.00    -72.92 
-0.00   -1.00   0.00    60.46  
-0.00   -0.00   1.00    0.04   
-1.00   0.00    0.00    -73.19 
-0.00   -1.00   0.00    60.46  
-0.00   -0.00   1.00    0.04   
-1.00   0.00    0.00    -73.46 
-0.00   -1.00   0.00    60.45  
-0.00   -0.00   1.00    0.04   
-1.00   0.00    0.00    -73.72 
-0.00   -1.00   0.00    60.45  
-0.00   -0.00   1.00    0.04   
-1.00   0.00    0.00    -73.99 
-0.00   -1.00   0.00    60.45  
-0.00   -0.00   1.00    0.04   
-1.00   0.00    0.00    -74.26 
-0.00   -1.00   0.00    60.44  
-0.00   -0.00   1.00    0.04   
-1.00   0.00    0.00    -74.52 
-0.00   -1.00   0.00    60.44  
-0.00   -0.00   1.00    0.04   
-1.00   0.00    0.00    -74.79 
-0.00   -1.00   0.00    60.44  
-0.00   -0.00   1.00    0.04   
-1.00   0.00    0.00    -75.06 
-0.00   -1.00   0.00    60.43  
-0.00   -0.00   1.00    0.04   
-1.00   0.00    0.00    -75.32 
-0.00   -1.00   0.00    60.43  
-0.00   -0.00   1.00    0.04   
-1.00   0.00    0.00    -75.59 
-0.00   -1.00   0.00    60.43  
-0.00   -0.00   1.00    0.04   
-1.00   0.00    0.00    -75.86 
-0.00   -1.00   0.00    60.43  
-0.00   -0.00   1.00    0.04   
-1.00   0.00    0.00    -76.12 
-0.00   -1.00   0.00    60.42  
-0.00   -0.00   1.00    0.04   
-1.00   0.00    0.00    -76.39 
-0.00   -1.00   0.00    60.42  
-0.00   -0.00   1.00    0.04   
-1.00   0.00    0.00    -76.66 
-0.00   -1.00   0.00    60.42  
-0.00   -0.00   1.00    0.04   
-1.00   0.00    0.00    -76.92 
-0.00   -1.00   0.00    60.42  
-0.00   -0.00   1.00    0.04   
-1.00   0.00    0.00    -77.19 
-0.00   -1.00   0.00    60.41  
-0.00   -0.00   1.00    0.04   
-1.00   0.00    0.00    -77.46 
-0.00   -1.00   0.00    60.41  
-0.00   -0.00   1.00    0.04   
-1.00   0.00    0.00    -77.72 
-0.00   -1.00   0.00    60.41  
-0.00   -0.00   1.00    0.04   
-1.00   0.00    0.00    -77.99 
-0.00   -1.00   0.00    60.41  
-0.00   -0.00   1.00    0.04   
-1.00   0.00    0.00    -78.26 
-0.00   -1.00   0.00    60.40  
-0.00   -0.00   1.00    0.04   
-1.00   0.00    0.00    -78.52 
-0.00   -1.00   0.00    60.40  
-0.00   -0.00   1.00    0.04   
-1.00   0.00    0.00    -78.79 
-0.00   -1.00   0.00    60.40  
-0.00   -0.00   1.00    0.04   
-1.00   0.00    0.00    -79.06 
-0.00   -1.00   0.00    60.40  
-0.00   -0.00   1.00    0.04   
-1.00   0.00    0.00    -79.32 
-0.00   -1.00   0.00    60.39  
-0.00   -0.00   1.00    0.04   
-1.00   0.00    0.00    -79.59 
-0.00   -1.00   0.00    60.39  
-0.00   -0.00   1.00    0.04   
-1.00   0.00    0.00    -79.86 
-0.00   -1.00   0.00    60.39  
-0.00   -0.00   1.00    0.04   
-1.00   0.00    0.00    -80.12 
-0.00   -1.00   0.00    60.39  
-0.00   -0.00   1.00    0.04   
-1.00   0.00    0.00    -80.39 
-0.00   -1.00   0.00    60.39  
-0.00   -0.00   1.00    0.04   
-1.00   0.00    0.00    -80.66 
-0.00   -1.00   0.00    60.38  
-0.00   -0.00   1.00    0.04   
-1.00   0.00    0.00    -80.92 
-0.00   -1.00   0.00    60.38  
-0.00   -0.00   1.00    0.04   
-1.00   0.00    0.00    -81.19 
-0.00   -1.00   0.00    60.38  
-0.00   -0.00   1.00    0.04   
-1.00   0.00    0.00    -81.46 
-0.00   -1.00   0.00    60.38  
-0.00   -0.00   1.00    0.04   
-1.00   0.00    0.00    -81.73 
-0.00   -1.00   0.00    60.38  
-0.00   -0.00   1.00    0.04   
-1.00   0.00    0.00    -81.99 
-0.00   -1.00   0.00    60.37  
-0.00   -0.00   1.00    0.04   
-1.00   0.00    0.00    -82.26 
-0.00   -1.00   0.00    60.37  
-0.00   -0.00   1.00    0.04   
-1.00   0.00    0.00    -82.53 
-0.00   -1.00   0.00    60.37  
-0.00   -0.00   1.00    0.04   
-1.00   0.00    0.00    -82.79 
-0.00   -1.00   0.00    60.37  
-0.00   -0.00   1.00    0.04   
-1.00   0.00    0.00    -83.06 
-0.00   -1.00   0.00    60.37  
-0.00   -0.00   1.00    0.04   
-1.00   0.00    0.00    -83.33 
-0.00   -1.00   0.00    60.36  
-0.00   -0.00   1.00    0.04   
-1.00   0.00    0.00    -83.59 
-0.00   -1.00   0.00    60.36  
-0.00   -0.00   1.00    0.04   
-1.00   0.00    0.00    -83.86 
-0.00   -1.00   0.00    60.36  
-0.00   -0.00   1.00    0.04   
-1.00   0.00    0.00    -84.13 
-0.00   -1.00   0.00    60.36  
-0.00   -0.00   1.00    0.04   
-1.00   0.00    0.00    -84.39 
-0.00   -1.00   0.00    60.36  
-0.00   -0.00   1.00    0.04   
-1.00   0.00    0.00    -84.66 
-0.00   -1.00   0.00    60.36  
-0.00   -0.00   1.00    0.04   
-1.00   0.00    0.00    -84.93 
-0.00   -1.00   0.00    60.35  
-0.00   -0.00   1.00    0.04   
-1.00   0.00    0.00    -85.19 
-0.00   -1.00   0.00    60.35  
-0.00   -0.00   1.00    0.04   
-1.00   0.00    0.00    -85.46 
-0.00   -1.00   0.00    60.35  
-0.00   -0.00   1.00    0.04   
-1.00   0.00    0.00    -85.73 
-0.00   -1.00   0.00    60.35  
-0.00   -0.00   1.00    0.04   
-1.00   0.00    0.00    -85.99 
-0.00   -1.00   0.00    60.35  
-0.00   -0.00   1.00    0.04   
-1.00   0.00    0.00    -86.26 
-0.00   -1.00   0.00    60.34  
-0.00   -0.00   1.00    0.04   
-1.00   0.00    0.00    -86.53 
-0.00   -1.00   0.00    60.34  
-0.00   -0.00   1.00    0.04   
-1.00   0.00    0.00    -86.79 
-0.00   -1.00   0.00    60.34  
-0.00   -0.00   1.00    0.04   
-1.00   0.00    0.00    -87.06 
-0.00   -1.00   0.00    60.34  
-0.00   -0.00   1.00    0.04   
-1.00   0.00    0.00    -87.33 
-0.00   -1.00   0.00    60.34  
-0.00   -0.00   1.00    0.04   
-1.00   0.00    0.00    -87.59 
-0.00   -1.00   0.00    60.34  
-0.00   -0.00   1.00    0.04   
-1.00   0.00    0.00    -87.86 
-0.00   -1.00   0.00    60.33  
-0.00   -0.00   1.00    0.04   
-1.00   0.00    0.00    -88.13 
-0.00   -1.00   0.00    60.33  
-0.00   -0.00   1.00    0.04   
-1.00   0.00    0.00    -88.39 
-0.00   -1.00   0.00    60.33  
-0.00   -0.00   1.00    0.04   
-1.00   0.00    0.00    -88.65 
-0.00   -1.00   0.00    60.33  
-0.00   -0.00   1.00    0.04   
-1.00   0.00    0.00    -88.91 
-0.00   -1.00   0.00    60.33  
-0.00   -0.00   1.00    0.04   
-1.00   0.00    0.00    -89.17 
-0.00   -1.00   0.00    60.33  
-0.00   -0.00   1.00    0.04   
-1.00   0.00    0.00    -89.42 
-0.00   -1.00   0.00    60.32  
-0.00   -0.00   1.00    0.04   
-1.00   0.00    0.00    -89.68 
-0.00   -1.00   0.00    60.32  
-0.00   -0.00   1.00    0.04   
-1.00   0.00    0.00    -89.93 
-0.00   -1.00   0.00    60.32  
-0.00   -0.00   1.00    0.04   
-1.00   0.00    0.00    -90.18 
-0.00   -1.00   0.00    60.32  
-0.00   -0.00   1.00    0.04   
-1.00   0.00    0.00    -90.42 
-0.00   -1.00   0.00    60.32  
-0.00   -0.00   1.00    0.04   
-1.00   0.00    0.00    -90.67 
-0.00   -1.00   0.00    60.32  
-0.00   -0.00   1.00    0.04   
-1.00   0.00    0.00    -90.91 
-0.00   -1.00   0.00    60.32  
-0.00   -0.00   1.00    0.04   
-1.00   0.00    0.00    -91.15 
-0.00   -1.00   0.00    60.31  
-0.00   -0.00   1.00    0.04   
-1.00   0.00    0.00    -91.39 
-0.00   -1.00   0.00    60.31  
-0.00   -0.00   1.00    0.04   
-1.00   0.00    0.00    -91.63 
-0.00   -1.00   0.00    60.31  
-0.00   -0.00   1.00    0.04   
-1.00   0.00    0.00    -91.87 
-0.00   -1.00   0.00    60.31  
-0.00   -0.00   1.00    0.04   
-1.00   0.00    0.00    -92.10 
-0.00   -1.00   0.00    60.31  
-0.00   -0.00   1.00    0.04   
-1.00   0.00    0.00    -92.34 
-0.00   -1.00   0.00    60.31  
-0.00   -0.00   1.00    0.04   
-1.00   0.00    0.00    -92.57 
-0.00   -1.00   0.00    60.30  
-0.00   -0.00   1.00    0.04   
-1.00   0.00    0.00    -92.80 
-0.00   -1.00   0.00    60.30  
-0.00   -0.00   1.00    0.04   
-1.00   0.00    0.00    -93.04 
-0.00   -1.00   0.00    60.30  
-0.00   -0.00   1.00    0.04   
-1.00   0.00    0.00    -93.27 
-0.00   -1.00   0.00    60.30  
-0.00   -0.00   1.00    0.04   
-1.00   0.00    0.00    -93.49 
-0.00   -1.00   0.00    60.30  
-0.00   -0.00   1.00    0.04   
-1.00   0.00    0.00    -93.72 
-0.00   -1.00   0.00    60.30  
-0.00   -0.00   1.00    0.04   
-1.00   0.00    0.00    -93.95 
-0.00   -1.00   0.00    60.30  
-0.00   -0.00   1.00    0.04   
-1.00   0.00    0.00    -94.17 
-0.00   -1.00   0.00    60.29  
-0.00   -0.00   1.00    0.04   
-1.00   0.00    0.00    -94.39 
-0.00   -1.00   0.00    60.29  
-0.00   -0.00   1.00    0.04   
-1.00   0.00    0.00    -94.61 
-0.00   -1.00   0.00    60.29  
-0.00   -0.00   1.00    0.04   
-1.00   0.00    0.00    -94.83 
-0.00   -1.00   0.00    60.29  
-0.00   -0.00   1.00    0.04   
-1.00   0.00    0.00    -95.05 
-0.00   -1.00   0.00    60.29  
-0.00   -0.00   1.00    0.04   
-1.00   0.00    0.00    -95.26 
-0.00   -1.00   0.00    60.29  
-0.00   -0.00   1.00    0.04   
-1.00   0.00    0.00    -95.48 
-0.00   -1.00   0.00    60.29  
-0.00   -0.00   1.00    0.04   
-1.00   0.00    0.00    -95.69 
-0.00   -1.00   0.00    60.29  
-0.00   -0.00   1.00    0.04   
-1.00   0.00    0.00    -95.90 
-0.00   -1.00   0.00    60.28  
-0.00   -0.00   1.00    0.04   
-1.00   0.00    0.00    -96.11 
-0.00   -1.00   0.00    60.28  
-0.00   -0.00   1.00    0.04   
-1.00   0.00    0.00    -96.32 
-0.00   -1.00   0.00    60.28  
-0.00   -0.00   1.00    0.04   
-1.00   0.00    0.00    -96.53 
-0.00   -1.00   0.00    60.28  
-0.00   -0.00   1.00    0.04   
-1.00   0.00    0.00    -96.74 
-0.00   -1.00   0.00    60.28  
-0.00   -0.00   1.00    0.04   
-1.00   0.00    0.00    -96.94 
-0.00   -1.00   0.00    60.28  
-0.00   -0.00   1.00    0.04   
-1.00   0.00    0.00    -97.15 
-0.00   -1.00   0.00    60.28  
-0.00   -0.00   1.00    0.04   
-1.00   0.00    0.00    -97.35 
-0.00   -1.00   0.00    60.28  
-0.00   -0.00   1.00    0.04   
-1.00   0.00    0.00    -97.55 
-0.00   -1.00   0.00    60.27  
-0.00   -0.00   1.00    0.04   
-1.00   0.00    0.00    -97.75 
-0.00   -1.00   0.00    60.27  
-0.00   -0.00   1.00    0.04   
-1.00   0.00    0.00    -97.95 
-0.00   -1.00   0.00    60.27  
-0.00   -0.00   1.00    0.04   
-1.00   0.00    0.00    -98.15 
-0.00   -1.00   0.00    60.27  
-0.00   -0.00   1.00    0.04   
-1.00   0.00    0.00    -98.34 
-0.00   -1.00   0.00    60.27  
-0.00   -0.00   1.00    0.04   
-1.00   0.00    0.00    -98.53 
-0.00   -1.00   0.00    60.27  
-0.00   -0.00   1.00    0.04   
-1.00   0.00    0.00    -98.72 
-0.00   -1.00   0.00    60.27  
-0.00   -0.00   1.00    0.04   
-1.00   0.00    0.00    -98.90 
-0.00   -1.00   0.00    60.27  
-0.00   -0.00   1.00    0.04   
-1.00   0.00    0.00    -99.07 
-0.00   -1.00   0.00    60.26  
-0.00   -0.00   1.00    0.04   
-1.00   0.00    0.00    -99.21 
-0.00   -1.00   0.00    60.26  
-0.00   -0.00   1.00    0.04   
-1.00   0.00    0.00    -99.32 
-0.00   -1.00   0.00    60.26  
-0.00   -0.00   1.00    0.04   
-1.00   0.00    0.00    -99.40 
-0.00   -1.00   0.00    60.26  
-0.00   -0.00   1.00    0.04   
-1.00   0.00    0.00    -99.45 
-0.00   -1.00   0.00    60.26  
-0.00   -0.00   1.00    0.04   
-1.00   0.00    0.00    -99.47 
-0.00   -1.00   0.00    60.26  
-0.00   -0.00   1.00    0.04   
-1.00   0.00    0.00    -99.47 
-0.00   -1.00   0.00    60.26  
-0.00   -0.00   1.00    0.04   
-1.00   0.00    0.00    -99.47 
-0.00   -1.00   0.00    60.26  
-0.00   -0.00   1.00    0.04   
-1.00   0.00    0.00    -99.47 
-0.00   -1.00   0.00    60.26  
-0.00   -0.00   1.00    0.04   
-1.00   0.00    0.00    -99.47 
-0.00   -1.00   0.00    60.26  
-0.00   -0.00   1.00    0.04   
-1.00   0.00    0.00    -99.47 
-0.00   -1.00   0.00    60.26  
-0.00   -0.00   1.00    0.04   
-1.00   0.00    0.00    -99.47 
-0.00   -1.00   0.00    60.26  
-0.00   -0.00   1.00    0.04   
-1.00   0.00    0.00    -99.47 
-0.00   -1.00   0.00    60.26  
-0.00   -0.00   1.00    0.04   
-1.00   0.00    0.00    -99.47 
-0.00   -1.00   0.00    60.26  
-0.00   -0.00   1.00    0.04   
-1.00   0.00    0.00    -99.47 
-0.00   -1.00   0.00    60.26  
-0.00   -0.00   1.00    0.04   
-1.00   0.00    0.00    -99.47 
-0.00   -1.00   0.00    60.26  
-0.00   -0.00   1.00    0.04   
-1.00   0.00    0.00    -99.47 
-0.00   -1.00   0.00    60.26  
-0.00   -0.00   1.00    0.04   
-1.00   0.00    0.00    -99.47 
-0.00   -1.00   0.00    60.26  
-0.00   -0.00   1.00    0.04   
-1.00   0.00    0.00    -99.47 
-0.00   -1.00   0.00    60.26  
-0.00   -0.00   1.00    0.04   
-1.00   0.00    0.00    -99.47 
-0.00   -1.00   0.00    60.26  
-0.00   -0.00   1.00    0.03   
-1.00   0.00    0.00    -99.47 
-0.00   -1.00   0.00    60.26  
-0.00   -0.00   1.00    0.03   
-1.00   0.00    0.00    -99.47 
-0.00   -1.00   0.00    60.26  
-0.00   -0.00   1.00    0.03   
-1.00   0.00    0.00    -99.47 
-0.00   -1.00   0.00    60.26  
-0.00   -0.00   1.00    0.03   
-1.00   0.00    0.00    -99.47 
-0.00   -1.00   0.00    60.26  
-0.00   -0.00   1.00    0.03   
-1.00   0.00    0.00    -99.47 
-0.00   -1.00   0.00    60.26  
-0.00   -0.00   1.00    0.03   
-1.00   0.00    0.00    -99.47 
-0.00   -1.00   0.00    60.26  
-0.00   -0.00   1.00    0.03   
-1.00   0.00    0.00    -99.47 
-0.00   -1.00   0.00    60.26  
-0.00   -0.00   1.00    0.03   
-1.00   0.00    0.00    -99.47 
-0.00   -1.00   0.00    60.26  
-0.00   -0.00   1.00    0.03   
-1.00   0.00    0.00    -99.47 
-0.00   -1.00   0.00    60.26  
-0.00   -0.00   1.00    0.03   
-1.00   0.00    0.00    -99.47 
-0.00   -1.00   0.00    60.26  
-0.00   -0.00   1.00    0.03   
-1.00   0.00    0.00    -99.47 
-0.00   -1.00   0.00    60.26  
-0.00   -0.00   1.00    0.03   
-1.00   0.00    0.00    -99.47 
-0.00   -1.00   0.00    60.26  
-0.00   -0.00   1.00    0.03   
-1.00   0.00    0.00    -99.47 
-0.00   -1.00   0.00    60.26  
-0.00   -0.00   1.00    0.03   
-1.00   0.00    0.00    -99.47 
-0.00   -1.00   0.00    60.26  
-0.00   -0.00   1.00    0.03   
-1.00   0.00    0.00    -99.47 
-0.00   -1.00   0.00    60.26  
-0.00   -0.00   1.00    0.03   
-1.00   0.00    0.00    -99.47 
-0.00   -1.00   0.00    60.26  
-0.00   -0.00   1.00    0.03   
-1.00   0.00    0.00    -99.47 
-0.00   -1.00   0.00    60.26  
-0.00   -0.00   1.00    0.03   
-1.00   0.00    0.00    -99.47 
-0.00   -1.00   0.00    60.26  
-0.00   -0.00   1.00    0.03   
-1.00   0.00    0.00    -99.47 
-0.00   -1.00   0.00    60.26  
-0.00   -0.00   1.00    0.03   
-1.00   0.00    0.00    -99.47 
-0.00   -1.00   0.00    60.26  
-0.00   -0.00   1.00    0.03   
-1.00   0.00    0.00    -99.47 
-0.00   -1.00   0.00    60.26  
-0.00   -0.00   1.00    0.03   
-1.00   0.00    0.00    -99.47 
-0.00   -1.00   0.00    60.26  
-0.00   -0.00   1.00    0.03   
-1.00   0.00    0.00    -99.47 
-0.00   -1.00   0.00    60.26  
-0.00   -0.00   1.00    0.03   
-1.00   0.00    0.00    -99.47 
-0.00   -1.00   0.00    60.26  
-0.00   -0.00   1.00    0.03   
-1.00   0.00    0.00    -99.47 
-0.00   -1.00   0.00    60.26  
-0.00   -0.00   1.00    0.03   
-1.00   0.00    0.00    -99.47 
-0.00   -1.00   0.00    60.26  
-0.00   -0.00   1.00    0.03   
-1.00   0.00    0.00    -99.47 
-0.00   -1.00   0.00    60.26  
-0.00   -0.00   1.00    0.03   
-1.00   0.00    0.00    -99.47 
-0.00   -1.00   0.00    60.26  
-0.00   -0.00   1.00    0.03   
-1.00   0.00    0.00    -99.47 
-0.00   -1.00   0.00    60.26  
-0.00   -0.00   1.00    0.03   
-1.00   0.00    0.00    -99.47 
-0.00   -1.00   0.00    60.26  
-0.00   -0.00   1.00    0.03   
-1.00   0.00    0.00    -99.47 
-0.00   -1.00   0.00    60.26  
-0.00   -0.00   1.00    0.03   
-1.00   0.00    0.00    -99.47 
-0.00   -1.00   0.00    60.26  
-0.00   -0.00   1.00    0.03   
-1.00   0.00    0.00    -99.47 
-0.00   -1.00   0.00    60.26  
-0.00   -0.00   1.00    0.03   
-1.00   0.00    0.00    -99.47 
-0.00   -1.00   0.00    60.26  
-0.00   -0.00   1.00    0.03   
-1.00   0.00    0.00    -99.47 
-0.00   -1.00   0.00    60.26  
-0.00   -0.00   1.00    0.03   
-1.00   0.00    0.00    -99.47 
-0.00   -1.00   0.00    60.26  
-0.00   -0.00   1.00    0.03   
-1.00   0.00    0.00    -99.47 
-0.00   -1.00   0.00    60.26  
-0.00   -0.00   1.00    0.03   
-1.00   0.00    0.00    -99.47 
-0.00   -1.00   0.00    60.26  
-0.00   -0.00   1.00    0.03   
-1.00   0.00    0.00    -99.47 
-0.00   -1.00   0.00    60.26  
-0.00   -0.00   1.00    0.03   
-1.00   0.00    0.00    -99.47 
-0.00   -1.00   0.00    60.26  
-0.00   -0.00   1.00    0.03   
-1.00   0.00    0.00    -99.47 
-0.00   -1.00   0.00    60.26  
-0.00   -0.00   1.00    0.03   
-1.00   0.00    0.00    -99.47 
-0.00   -1.00   0.00    60.26  
-0.00   -0.00   1.00    0.03   
-1.00   0.00    0.00    -99.47 
-0.00   -1.00   0.00    60.26  
-0.00   -0.00   1.00    0.03   
-1.00   0.00    0.00    -99.47 
-0.00   -1.00   0.00    60.26  
-0.00   -0.00   1.00    0.03   
-1.00   0.00    0.00    -99.47 
-0.00   -1.00   0.00    60.26  
-0.00   -0.00   1.00    0.03   
-1.00   0.00    0.00    -99.47 
-0.00   -1.00   0.00    60.26  
-0.00   -0.00   1.00    0.03   
-1.00   0.00    0.00    -99.47 
-0.00   -1.00   0.00    60.26  
-0.00   -0.00   1.00    0.03   
-1.00   0.00    0.00    -99.47 
-0.00   -1.00   0.00    60.26  
-0.00   -0.00   1.00    0.03   
-1.00   0.00    0.00    -99.47 
-0.00   -1.00   0.00    60.26  
-0.00   -0.00   1.00    0.03   
-1.00   0.00    0.00    -99.47 
-0.00   -1.00   0.00    60.26  
-0.00   -0.00   1.00    0.03   
-1.00   0.00    0.00    -99.47 
-0.00   -1.00   0.00    60.26  
-0.00   -0.00   1.00    0.03   
-1.00   0.00    0.00    -99.47 
-0.00   -1.00   0.00    60.26  
-0.00   -0.00   1.00    0.03   
-1.00   0.00    0.00    -99.47 
-0.00   -1.00   0.00    60.26  
-0.00   -0.00   1.00    0.03   
-1.00   0.00    0.00    -99.47 
-0.00   -1.00   0.00    60.26  
-0.00   -0.00   1.00    0.03   
-1.00   0.00    0.00    -99.47 
-0.00   -1.00   0.00    60.26  
-0.00   -0.00   1.00    0.03   
-1.00   0.00    0.00    -99.47 
-0.00   -1.00   0.00    60.26  
-0.00   -0.00   1.00    0.03   
-1.00   0.00    0.00    -99.47 
-0.00   -1.00   0.00    60.26  
-0.00   -0.00   1.00    0.03   
-1.00   0.00    0.00    -99.47 
-0.00   -1.00   0.00    60.26  
-0.00   -0.00   1.00    0.03   
-1.00   0.00    0.00    -99.47 
-0.00   -1.00   0.00    60.26  
-0.00   -0.00   1.00    0.03   
-1.00   0.00    0.00    -99.47 
-0.00   -1.00   0.00    60.26  
-0.00   -0.00   1.00    0.03   
-1.00   0.00    0.00    -99.47 
-0.00   -1.00   0.00    60.26  
-0.00   -0.00   1.00    0.03   
-1.00   0.00    0.00    -99.47 
-0.00   -1.00   0.00    60.26  
-0.00   -0.00   1.00    0.03   
-1.00   0.00    0.00    -99.47 
-0.00   -1.00   0.00    60.26  
-0.00   -0.00   1.00    0.03   
-1.00   0.00    0.00    -99.47 
-0.00   -1.00   0.00    60.26  
-0.00   -0.00   1.00    0.03   
-1.00   0.00    0.00    -99.47 
-0.00   -1.00   0.00    60.26  
-0.00   -0.00   1.00    0.03   
-1.00   0.00    0.00    -99.47 
-0.00   -1.00   0.00    60.26  
-0.00   -0.00   1.00    0.03   
-1.00   0.00    0.00    -99.47 
-0.00   -1.00   0.00    60.26  
-0.00   -0.00   1.00    0.03   
-1.00   0.00    0.00    -99.47 
-0.00   -1.00   0.00    60.26  
-0.00   -0.00   1.00    0.03   
-1.00   0.00    0.00    -99.47 
-0.00   -1.00   0.00    60.26  
-0.00   -0.00   1.00    0.03   
-1.00   0.00    0.00    -99.47 
-0.00   -1.00   0.00    60.26  
-0.00   -0.00   1.00    0.03   
-1.00   0.00    0.00    -99.47 
-0.00   -1.00   0.00    60.26  
-0.00   -0.00   1.00    0.03   
-1.00   0.00    0.00    -99.47 
-0.00   -1.00   0.00    60.26  
-0.00   -0.00   1.00    0.03   
-1.00   0.00    0.00    -99.47 
-0.00   -1.00   0.00    60.26  
-0.00   -0.00   1.00    0.03   
-1.00   0.00    0.00    -99.47 
-0.00   -1.00   0.00    60.26  
-0.00   -0.00   1.00    0.03   
-1.00   0.00    0.00    -99.47 
-0.00   -1.00   0.00    60.26  
-0.00   -0.00   1.00    0.03   
-1.00   0.00    0.00    -99.47 
-0.00   -1.00   0.00    60.26  
-0.00   -0.00   1.00    0.03   
-1.00   0.00    0.00    -99.47 
-0.00   -1.00   0.00    60.26  
-0.00   -0.00   1.00    0.03   
-1.00   0.00    0.00    -99.47 
-0.00   -1.00   0.00    60.26  
-0.00   -0.00   1.00    0.03   
-1.00   0.00    0.00    -99.47 
-0.00   -1.00   0.00    60.26  
-0.00   -0.00   1.00    0.03   
-1.00   0.00    0.00    -99.47 
-0.00   -1.00   0.00    60.26  
-0.00   -0.00   1.00    0.03   
-1.00   0.00    0.00    -99.47 
-0.00   -1.00   0.00    60.26  
-0.00   -0.00   1.00    0.03   
-1.00   0.00    0.00    -99.47 
-0.00   -1.00   0.00    60.26  
-0.00   -0.00   1.00    0.03   
-1.00   0.00    0.00    -99.47 
-0.00   -1.00   0.00    60.26  
-0.00   -0.00   1.00    0.03   
-1.00   0.00    0.00    -99.47 
-0.00   -1.00   0.00    60.26  
-0.00   -0.00   1.00    0.03   
-1.00   0.00    0.00    -99.47 
-0.00   -1.00   0.00    60.26  
-0.00   -0.00   1.00    0.03   
-1.00   0.00    0.00    -99.47 
-0.00   -1.00   0.00    60.26  
-0.00   -0.00   1.00    0.03   
-1.00   0.00    0.00    -99.47 
-0.00   -1.00   0.00    60.26  
-0.00   -0.00   1.00    0.03   
-1.00   0.00    0.00    -99.47 
-0.00   -1.00   0.00    60.26  
-0.00   -0.00   1.00    0.03   
-1.00   0.00    0.00    -99.47 
-0.00   -1.00   0.00    60.26  
-0.00   -0.00   1.00    0.03   
-1.00   0.00    0.00    -99.47 
-0.00   -1.00   0.00    60.26  
-0.00   -0.00   1.00    0.03   
-1.00   0.00    0.00    -99.47 
-0.00   -1.00   0.00    60.26  
-0.00   -0.00   1.00    0.03   
-1.00   0.00    0.00    -99.47 
-0.00   -1.00   0.00    60.26  
-0.00   -0.00   1.00    0.03   
-1.00   0.00    0.00    -99.47 
-0.00   -1.00   0.00    60.26  
-0.00   -0.00   1.00    0.03   
-1.00   0.00    0.00    -99.47 
-0.00   -1.00   0.00    60.26  
-0.00   -0.00   1.00    0.03   
-1.00   0.00    0.00    -99.47 
-0.00   -1.00   0.00    60.26  
-0.00   -0.00   1.00    0.03   
-1.00   0.00    0.00    -99.47 
-0.00   -1.00   0.00    60.26  
-0.00   -0.00   1.00    0.03   
-1.00   0.00    0.00    -99.47 
-0.00   -1.00   0.00    60.26  
-0.00   -0.00   1.00    0.03   
-1.00   0.00    0.00    -99.47 
-0.00   -1.00   0.00    60.26  
-0.00   -0.00   1.00    0.03   
-1.00   0.00    0.00    -99.47 
-0.00   -1.00   0.00    60.26  
-0.00   -0.00   1.00    0.03   
-1.00   0.00    0.00    -99.47 
-0.00   -1.00   0.00    60.26  
-0.00   -0.00   1.00    0.03   
-1.00   0.00    0.00    -99.47 
-0.00   -1.00   0.00    60.26  
-0.00   -0.00   1.00    0.03   
-1.00   0.00    0.00    -99.47 
-0.00   -1.00   0.00    60.26  
-0.00   -0.00   1.00    0.03   
-1.00   0.00    0.00    -99.47 
-0.00   -1.00   0.00    60.26  
-0.00   -0.00   1.00    0.03   
-1.00   0.00    0.00    -99.47 
-0.00   -1.00   0.00    60.26  
-0.00   -0.00   1.00    0.03   
-1.00   0.00    0.00    -99.47 
-0.00   -1.00   0.00    60.26  
-0.00   -0.00   1.00    0.03   
-1.00   0.00    0.00    -99.47 
-0.00   -1.00   0.00    60.26  
-0.00   -0.00   1.00    0.03   
-1.00   0.00    0.00    -99.47 
-0.00   -1.00   0.00    60.26  
-0.00   -0.00   1.00    0.03   
-1.00   0.00    0.00    -99.47 
-0.00   -1.00   0.00    60.26  
-0.00   -0.00   1.00    0.03   
-1.00   0.00    0.00    -99.47 
-0.00   -1.00   0.00    60.26  
-0.00   -0.00   1.00    0.03   
-1.00   0.00    0.00    -99.47 
-0.00   -1.00   0.00    60.26  
-0.00   -0.00   1.00    0.03   
-1.00   0.00    0.00    -99.47 
-0.00   -1.00   0.00    60.26  
-0.00   -0.00   1.00    0.03   
-1.00   0.00    0.00    -99.47 
-0.00   -1.00   0.00    60.26  
-0.00   -0.00   1.00    0.03   
-1.00   0.00    0.00    -99.47 
-0.00   -1.00   0.00    60.26  
-0.00   -0.00   1.00    0.03   
-1.00   0.00    0.00    -99.47 
-0.00   -1.00   0.00    60.26  
-0.00   -0.00   1.00    0.03   
-1.00   0.00    0.00    -99.47 
-0.00   -1.00   0.00    60.26  
-0.00   -0.00   1.00    0.03   
-1.00   0.00    0.00    -99.47 
-0.00   -1.00   0.00    60.26  
-0.00   -0.00   1.00    0.03   
-1.00   0.00    0.00    -99.47 
-0.00   -1.00   0.00    60.26  
-0.00   -0.00   1.00    0.03   
-1.00   0.00    0.00    -99.47 
-0.00   -1.00   0.00    60.26  
-0.00   -0.00   1.00    0.03   
-1.00   0.00    0.00    -99.47 
-0.00   -1.00   0.00    60.26  
-0.00   -0.00   1.00    0.03   
-1.00   0.00    0.00    -99.47 
-0.00   -1.00   0.00    60.26  
-0.00   -0.00   1.00    0.03   
-1.00   0.00    0.00    -99.47 
-0.00   -1.00   0.00    60.26  
-0.00   -0.00   1.00    0.03   
-1.00   0.00    0.00    -99.47 
-0.00   -1.00   0.00    60.26  
-0.00   -0.00   1.00    0.03   
-1.00   0.00    0.00    -99.47 
-0.00   -1.00   0.00    60.26  
-0.00   -0.00   1.00    0.03   
-1.00   0.00    0.00    -99.47 
-0.00   -1.00   0.00    60.26  
-0.00   -0.00   1.00    0.03   
-1.00   0.00    0.00    -99.47 
-0.00   -1.00   0.00    60.26  
-0.00   -0.00   1.00    0.03   
-1.00   0.00    0.00    -99.47 
-0.00   -1.00   0.00    60.26  
-0.00   -0.00   1.00    0.03   
-1.00   0.00    0.00    -99.47 
-0.00   -1.00   0.00    60.26  
-0.00   -0.00   1.00    0.03   
-1.00   0.00    0.00    -99.47 
-0.00   -1.00   0.00    60.26  
-0.00   -0.00   1.00    0.03   
-1.00   0.00    0.00    -99.47 
-0.00   -1.00   0.00    60.26  
-0.00   -0.00   1.00    0.03   
-1.00   0.00    0.00    -99.47 
-0.00   -1.00   0.00    60.26  
-0.00   -0.00   1.00    0.03   
-1.00   0.00    0.00    -99.47 
-0.00   -1.00   0.00    60.26  
-0.00   -0.00   1.00    0.03   
-1.00   0.00    0.00    -99.47 
-0.00   -1.00   0.00    60.26  
-0.00   -0.00   1.00    0.03   
-1.00   0.00    0.00    -99.47 
-0.00   -1.00   0.00    60.26  
-0.00   -0.00   1.00    0.03   
-1.00   0.00    0.00    -99.47 
-0.00   -1.00   0.00    60.26  
-0.00   -0.00   1.00    0.03   
-1.00   0.00    0.00    -99.47 
-0.00   -1.00   0.00    60.26  
-0.00   -0.00   1.00    0.03   
-1.00   0.00    0.00    -99.47 
-0.00   -1.00   0.00    60.26  
-0.00   -0.00   1.00    0.03   
-1.00   0.00    0.00    -99.47 
-0.00   -1.00   0.00    60.26  
-0.00   -0.00   1.00    0.03   
-1.00   0.00    0.00    -99.47 
-0.00   -1.00   0.00    60.26  
-0.00   -0.00   1.00    0.03   
-1.00   0.00    0.00    -99.47 
-0.00   -1.00   0.00    60.26  
-0.00   -0.00   1.00    0.03   
-1.00   0.00    0.00    -99.47 
-0.00   -1.00   0.00    60.26  
-0.00   -0.00   1.00    0.03   
-1.00   0.00    0.00    -99.47 
-0.00   -1.00   0.00    60.26  
-0.00   -0.00   1.00    0.03   
-1.00   0.00    0.00    -99.47 
-0.00   -1.00   0.00    60.26  
-0.00   -0.00   1.00    0.03   
-1.00   0.00    0.00    -99.47 
-0.00   -1.00   0.00    60.26  
-0.00   -0.00   1.00    0.03   
