1.00    -0.00   -0.00   -0.00  
0.00    1.00    0.00    0.00   
0.00    -0.00   1.00    -0.16  
1.00    -0.00   -0.00   -0.00  
0.00    1.00    0.00    0.00   
0.00    -0.00   1.00    -0.16  
1.00    -0.00   -0.00   -0.00  
0.00    1.00    0.00    0.00   
0.00    -0.00   1.00    -0.15  
1.00    -0.00   -0.00   -0.00  
0.00    1.00    0.00    0.00   
0.00    -0.00   1.00    -0.14  
1.00    -0.00   -0.00   -0.00  
0.00    1.00    0.00    0.00   
0.00    -0.00   1.00    -0.14  
1.00    -0.00   -0.00   -0.00  
0.00    1.00    0.00    0.00   
0.00    -0.00   1.00    -0.13  
1.00    -0.00   -0.00   -0.00  
0.00    1.00    0.00    0.00   
0.00    -0.00   1.00    -0.12  
1.00    -0.00   -0.00   -0.00  
0.00    1.00    0.00    0.00   
0.00    -0.00   1.00    -0.12  
1.00    -0.00   -0.00   -0.00  
0.00    1.00    0.00    0.00   
0.00    -0.00   1.00    -0.11  
1.00    -0.00   -0.00   -0.00  
0.00    1.00    0.00    0.00   
0.00    -0.00   1.00    -0.10  
1.00    -0.00   -0.00   -0.00  
0.00    1.00    0.00    0.00   
0.00    -0.00   1.00    -0.10  
1.00    -0.00   -0.00   -0.00  
0.00    1.00    0.00    0.00   
0.00    -0.00   1.00    -0.10  
1.00    -0.00   -0.00   -0.00  
0.00    1.00    0.00    0.00   
0.00    -0.00   1.00    -0.09  
1.00    -0.00   -0.00   -0.00  
0.00    1.00    0.00    0.00   
0.00    -0.00   1.00    -0.09  
1.00    -0.00   -0.00   -0.00  
0.00    1.00    0.00    0.00   
0.00    -0.00   1.00    -0.09  
1.00    -0.00   -0.00   -0.00  
0.00    1.00    0.00    0.00   
0.00    -0.00   1.00    -0.09  
1.00    -0.00   -0.00   -0.00  
0.00    1.00    0.00    0.00   
0.00    -0.00   1.00    -0.09  
1.00    -0.00   -0.00   0.00   
0.00    1.00    0.00    0.00   
0.00    -0.00   1.00    -0.09  
1.00    -0.00   -0.00   0.00   
0.00    1.00    0.00    0.00   
0.00    -0.00   1.00    -0.09  
1.00    -0.00   -0.00   0.00   
0.00    1.00    0.00    0.00   
0.00    -0.00   1.00    -0.09  
1.00    -0.00   -0.00   0.00   
0.00    1.00    0.00    0.00   
0.00    -0.00   1.00    -0.09  
1.00    -0.00   -0.00   0.00   
0.00    1.00    0.00    0.00   
0.00    -0.00   1.00    -0.09  
1.00    -0.00   -0.00   0.00   
0.00    1.00    0.00    0.00   
0.00    -0.00   1.00    -0.09  
1.00    -0.00   -0.00   0.00   
0.00    1.00    0.00    0.00   
0.00    -0.00   1.00    -0.09  
1.00    -0.00   -0.00   0.00   
0.00    1.00    0.00    0.00   
0.00    -0.00   1.00    -0.09  
1.00    -0.00   -0.00   0.00   
0.00    1.00    0.00    0.00   
0.00    -0.00   1.00    -0.09  
1.00    -0.00   -0.00   0.00   
0.00    1.00    0.00    0.00   
0.00    -0.00   1.00    -0.09  
1.00    -0.00   -0.00   0.00   
0.00    1.00    0.00    0.00   
0.00    -0.00   1.00    -0.09  
1.00    -0.00   -0.00   0.00   
0.00    1.00    0.00    0.00   
0.00    -0.00   1.00    -0.09  
1.00    -0.00   -0.00   0.00   
0.00    1.00    0.00    0.00   
0.00    -0.00   1.00    -0.09  
1.00    -0.00   -0.00   0.00   
0.00    1.00    0.00    0.00   
0.00    -0.00   1.00    -0.09  
1.00    -0.00   -0.00   0.00   
0.00    1.00    0.00    0.00   
0.00    -0.00   1.00    -0.09  
1.00    -0.00   -0.00   0.00   
0.00    1.00    0.00    0.00   
0.00    -0.00   1.00    -0.09  
1.00    -0.00   -0.00   0.00   
0.00    1.00    0.00    0.00   
0.00    -0.00   1.00    -0.09  
1.00    -0.00   -0.00   0.00   
0.00    1.00    0.00    0.00   
0.00    -0.00   1.00    -0.09  
1.00    -0.00   -0.00   0.00   
0.00    1.00    0.00    0.00   
0.00    -0.00   1.00    -0.09  
1.00    -0.00   -0.00   0.00   
0.00    1.00    0.00    0.00   
0.00    -0.00   1.00    -0.09  
1.00    -0.00   -0.00   0.00   
0.00    1.00    0.00    0.00   
0.00    -0.00   1.00    -0.09  
1.00    -0.00   -0.00   0.00   
0.00    1.00    0.00    0.00   
0.00    -0.00   1.00    -0.09  
1.00    -0.00   -0.00   0.00   
0.00    1.00    0.00    0.00   
0.00    -0.00   1.00    -0.09  
1.00    -0.00   -0.00   0.00   
0.00    1.00    0.00    0.00   
0.00    -0.00   1.00    -0.09  
1.00    -0.00   -0.00   0.00   
0.00    1.00    0.00    0.00   
0.00    -0.00   1.00    -0.09  
1.00    -0.00   -0.00   0.00   
0.00    1.00    0.00    0.00   
0.00    -0.00   1.00    -0.09  
1.00    -0.00   -0.00   0.00   
0.00    1.00    0.00    0.00   
0.00    -0.00   1.00    -0.09  
1.00    -0.00   -0.00   0.00   
0.00    1.00    0.00    0.00   
0.00    -0.00   1.00    -0.09  
1.00    -0.00   -0.00   0.00   
0.00    1.00    0.00    0.00   
0.00    -0.00   1.00    -0.09  
1.00    -0.00   -0.00   0.00   
0.00    1.00    0.00    0.00   
0.00    -0.00   1.00    -0.09  
1.00    -0.00   -0.00   0.00   
0.00    1.00    0.00    0.00   
0.00    -0.00   1.00    -0.09  
1.00    -0.00   -0.00   0.00   
0.00    1.00    0.00    0.00   
0.00    -0.00   1.00    -0.09  
1.00    -0.00   -0.00   0.00   
0.00    1.00    0.00    0.00   
0.00    -0.00   1.00    -0.09  
1.00    -0.00   -0.00   0.00   
0.00    1.00    0.00    0.00   
0.00    -0.00   1.00    -0.09  
1.00    -0.00   -0.00   0.00   
0.00    1.00    0.00    0.00   
0.00    -0.00   1.00    -0.09  
1.00    -0.00   -0.00   0.00   
0.00    1.00    0.00    0.00   
0.00    -0.00   1.00    -0.09  
1.00    -0.00   -0.00   0.00   
0.00    1.00    0.00    0.00   
0.00    -0.00   1.00    -0.09  
1.00    -0.00   -0.00   0.00   
0.00    1.00    0.00    0.00   
0.00    -0.00   1.00    -0.09  
1.00    -0.00   -0.00   0.00   
0.00    1.00    0.00    0.00   
0.00    -0.00   1.00    -0.09  
1.00    -0.00   -0.00   0.00   
0.00    1.00    0.00    0.00   
0.00    -0.00   1.00    -0.09  
1.00    -0.00   -0.00   0.00   
0.00    1.00    0.00    0.00   
0.00    -0.00   1.00    -0.09  
1.00    -0.00   -0.00   0.00   
0.00    1.00    0.00    0.00   
0.00    -0.00   1.00    -0.09  
1.00    -0.00   -0.00   0.00   
0.00    1.00    0.00    0.00   
0.00    -0.00   1.00    -0.09  
1.00    -0.00   -0.00   0.00   
0.00    1.00    0.00    0.00   
0.00    -0.00   1.00    -0.09  
1.00    -0.00   -0.00   0.00   
0.00    1.00    0.00    0.00   
0.00    -0.00   1.00    -0.09  
1.00    -0.00   -0.00   0.00   
0.00    1.00    0.00    0.00   
0.00    -0.00   1.00    -0.09  
1.00    -0.00   -0.00   0.00   
0.00    1.00    0.00    0.00   
0.00    -0.00   1.00    -0.09  
1.00    -0.00   0.00    0.00   
0.00    1.00    0.00    -0.01  
-0.00   -0.00   1.00    -0.09  
1.00    -0.00   0.00    0.00   
0.00    1.00    0.00    -0.03  
-0.00   -0.00   1.00    -0.09  
1.00    -0.00   0.00    0.00   
0.00    1.00    0.00    -0.06  
-0.00   -0.00   1.00    -0.09  
1.00    -0.00   0.00    0.00   
0.00    1.00    0.00    -0.12  
-0.00   -0.00   1.00    -0.09  
1.00    -0.00   0.00    0.01   
0.00    1.00    0.00    -0.19  
-0.00   -0.00   1.00    -0.09  
1.00    -0.00   0.00    0.01   
0.00    1.00    0.00    -0.27  
-0.00   -0.00   1.00    -0.09  
1.00    -0.00   0.00    0.01   
0.00    1.00    0.00    -0.37  
-0.00   -0.00   1.00    -0.09  
1.00    -0.00   0.00    0.01   
0.00    1.00    0.00    -0.49  
-0.00   -0.00   1.00    -0.09  
1.00    -0.00   0.00    0.02   
0.00    1.00    0.00    -0.62  
-0.00   -0.00   1.00    -0.09  
1.00    -0.00   0.00    0.02   
0.00    1.00    0.00    -0.77  
-0.00   -0.00   1.00    -0.09  
1.00    -0.00   0.00    0.03   
0.00    1.00    0.00    -0.93  
-0.00   -0.00   1.00    -0.09  
1.00    -0.00   0.00    0.03   
0.00    1.00    0.00    -1.11  
-0.00   -0.00   1.00    -0.09  
1.00    -0.00   0.00    0.04   
0.00    1.00    0.00    -1.30  
-0.00   -0.00   1.00    -0.09  
1.00    -0.00   0.00    0.04   
0.00    1.00    0.00    -1.51  
-0.00   -0.00   1.00    -0.09  
1.00    -0.00   0.00    0.05   
0.00    1.00    0.00    -1.74  
-0.00   -0.00   1.00    -0.09  
1.00    -0.00   0.00    0.06   
0.00    1.00    0.00    -1.98  
-0.00   -0.00   1.00    -0.09  
1.00    -0.00   0.00    0.07   
0.00    1.00    0.00    -2.23  
-0.00   -0.00   1.00    -0.09  
1.00    -0.00   0.00    0.07   
0.00    1.00    0.00    -2.50  
-0.00   -0.00   1.00    -0.09  
1.00    -0.00   0.00    0.08   
0.00    1.00    0.00    -2.79  
-0.00   -0.00   1.00    -0.09  
1.00    -0.00   0.00    0.09   
0.00    1.00    0.00    -3.08  
-0.00   -0.00   1.00    -0.09  
1.00    -0.00   0.00    0.10   
0.00    1.00    0.00    -3.38  
-0.00   -0.00   1.00    -0.09  
1.00    -0.00   0.00    0.11   
0.00    1.00    -0.00   -3.65  
-0.00   0.00    1.00    -0.09  
1.00    -0.00   0.00    0.11   
0.00    1.00    -0.00   -3.91  
-0.00   0.00    1.00    -0.09  
1.00    -0.00   -0.00   0.12   
0.00    1.00    -0.00   -4.16  
0.00    0.00    1.00    -0.09  
1.00    -0.00   -0.00   0.13   
0.00    1.00    -0.00   -4.41  
0.00    0.00    1.00    -0.09  
1.00    -0.00   0.00    0.14   
0.00    1.00    -0.00   -4.68  
-0.00   0.00    1.00    -0.09  
1.00    -0.00   0.00    0.14   
0.00    1.00    -0.00   -4.95  
-0.00   0.00    1.00    -0.09  
1.00    -0.00   0.00    0.15   
0.00    1.00    -0.00   -5.22  
-0.00   0.00    1.00    -0.09  
1.00    -0.00   0.00    0.16   
0.00    1.00    -0.00   -5.50  
-0.00   0.00    1.00    -0.09  
1.00    -0.00   0.00    0.17   
0.00    1.00    -0.00   -5.78  
-0.00   0.00    1.00    -0.09  
1.00    -0.00   0.00    0.17   
0.00    1.00    -0.00   -6.05  
-0.00   0.00    1.00    -0.09  
1.00    -0.00   0.00    0.18   
0.00    1.00    -0.00   -6.32  
-0.00   0.00    1.00    -0.09  
1.00    -0.00   0.00    0.19   
0.00    1.00    -0.00   -6.59  
-0.00   0.00    1.00    -0.09  
1.00    -0.00   -0.00   0.20   
0.00    1.00    -0.00   -6.85  
0.00    0.00    1.00    -0.09  
1.00    -0.00   -0.00   0.20   
0.00    1.00    -0.00   -7.11  
0.00    0.00    1.00    -0.09  
1.00    -0.00   -0.00   0.21   
0.00    1.00    -0.00   -7.37  
0.00    0.00    1.00    -0.09  
1.00    -0.00   -0.00   0.22   
0.00    1.00    -0.00   -7.63  
0.00    0.00    1.00    -0.09  
1.00    -0.00   -0.00   0.22   
0.00    1.00    -0.00   -7.89  
0.00    0.00    1.00    -0.09  
1.00    -0.00   -0.00   0.23   
0.00    1.00    -0.00   -8.15  
0.00    0.00    1.00    -0.09  
1.00    -0.00   -0.00   0.24   
0.00    1.00    -0.00   -8.41  
0.00    0.00    1.00    -0.09  
1.00    -0.00   -0.00   0.24   
0.00    1.00    -0.00   -8.67  
0.00    0.00    1.00    -0.09  
1.00    -0.00   0.00    0.25   
0.00    1.00    -0.00   -8.94  
-0.00   0.00    1.00    -0.09  
1.00    -0.00   0.00    0.26   
0.00    1.00    -0.00   -9.20  
-0.00   0.00    1.00    -0.09  
1.00    -0.00   0.00    0.27   
0.00    1.00    -0.00   -9.47  
-0.00   0.00    1.00    -0.09  
1.00    -0.00   0.00    0.27   
0.00    1.00    -0.00   -9.74  
-0.00   0.00    1.00    -0.09  
1.00    -0.00   0.00    0.28   
0.00    1.00    -0.00   -10.00 
-0.00   0.00    1.00    -0.09  
1.00    -0.00   0.00    0.29   
0.00    1.00    -0.00   -10.27 
-0.00   0.00    1.00    -0.09  
1.00    -0.00   0.00    0.29   
0.00    1.00    -0.00   -10.54 
-0.00   0.00    1.00    -0.09  
1.00    -0.00   0.00    0.30   
0.00    1.00    -0.00   -10.81 
-0.00   0.00    1.00    -0.09  
1.00    -0.00   0.00    0.31   
0.00    1.00    -0.00   -11.07 
-0.00   0.00    1.00    -0.09  
1.00    -0.00   -0.00   0.31   
0.00    1.00    -0.00   -11.33 
0.00    0.00    1.00    -0.09  
1.00    -0.00   -0.00   0.32   
0.00    1.00    -0.00   -11.60 
0.00    0.00    1.00    -0.09  
1.00    -0.00   -0.00   0.33   
0.00    1.00    -0.00   -11.86 
0.00    0.00    1.00    -0.09  
1.00    -0.00   -0.00   0.33   
0.00    1.00    -0.00   -12.12 
0.00    0.00    1.00    -0.09  
1.00    -0.00   -0.00   0.34   
0.00    1.00    -0.00   -12.38 
0.00    0.00    1.00    -0.09  
1.00    -0.00   -0.00   0.35   
0.00    1.00    -0.00   -12.64 
0.00    0.00    1.00    -0.09  
1.00    -0.00   0.00    0.35   
0.00    1.00    -0.00   -12.91 
-0.00   0.00    1.00    -0.09  
1.00    -0.00   0.00    0.36   
0.00    1.00    -0.00   -13.17 
-0.00   0.00    1.00    -0.09  
1.00    -0.00   0.00    0.37   
0.00    1.00    -0.00   -13.43 
-0.00   0.00    1.00    -0.09  
1.00    -0.00   0.00    0.37   
0.00    1.00    -0.00   -13.70 
-0.00   0.00    1.00    -0.09  
1.00    -0.00   0.00    0.38   
0.00    1.00    -0.00   -13.97 
-0.00   0.00    1.00    -0.09  
1.00    -0.00   0.00    0.39   
0.00    1.00    -0.00   -14.23 
-0.00   0.00    1.00    -0.09  
1.00    -0.00   0.00    0.39   
0.00    1.00    -0.00   -14.50 
-0.00   0.00    1.00    -0.09  
1.00    -0.00   0.00    0.40   
0.00    1.00    -0.00   -14.76 
-0.00   0.00    1.00    -0.09  
1.00    -0.00   0.00    0.41   
0.00    1.00    -0.00   -15.03 
-0.00   0.00    1.00    -0.09  
1.00    -0.00   0.00    0.41   
0.00    1.00    -0.00   -15.29 
-0.00   0.00    1.00    -0.09  
1.00    -0.00   0.00    0.42   
0.00    1.00    -0.00   -15.56 
-0.00   0.00    1.00    -0.09  
1.00    -0.00   0.00    0.43   
0.00    1.00    -0.00   -15.82 
-0.00   0.00    1.00    -0.09  
1.00    -0.00   -0.00   0.43   
0.00    1.00    -0.00   -16.08 
0.00    0.00    1.00    -0.09  
1.00    -0.00   -0.00   0.44   
0.00    1.00    -0.00   -16.35 
0.00    0.00    1.00    -0.09  
1.00    -0.00   0.00    0.45   
0.00    1.00    -0.00   -16.61 
-0.00   0.00    1.00    -0.09  
1.00    -0.00   0.00    0.45   
0.00    1.00    -0.00   -16.87 
-0.00   0.00    1.00    -0.09  
1.00    -0.00   0.00    0.46   
0.00    1.00    -0.00   -17.14 
-0.00   0.00    1.00    -0.09  
1.00    -0.00   0.00    0.47   
0.00    1.00    -0.00   -17.40 
-0.00   0.00    1.00    -0.09  
1.00    -0.00   0.00    0.47   
0.00    1.00    -0.00   -17.66 
-0.00   0.00    1.00    -0.09  
1.00    -0.00   0.00    0.48   
0.00    1.00    -0.00   -17.93 
-0.00   0.00    1.00    -0.09  
1.00    -0.00   0.00    0.49   
0.00    1.00    -0.00   -18.19 
-0.00   0.00    1.00    -0.09  
1.00    -0.00   0.00    0.49   
0.00    1.00    -0.00   -18.46 
-0.00   0.00    1.00    -0.09  
1.00    -0.00   0.00    0.50   
0.00    1.00    -0.00   -18.72 
-0.00   0.00    1.00    -0.09  
1.00    -0.00   0.00    0.51   
0.00    1.00    -0.00   -18.99 
-0.00   0.00    1.00    -0.09  
1.00    -0.00   0.00    0.51   
0.00    1.00    -0.00   -19.25 
-0.00   0.00    1.00    -0.09  
1.00    -0.00   0.00    0.52   
0.00    1.00    -0.00   -19.52 
-0.00   0.00    1.00    -0.09  
1.00    -0.00   0.00    0.53   
0.00    1.00    -0.00   -19.78 
-0.00   0.00    1.00    -0.09  
1.00    -0.00   0.00    0.53   
0.00    1.00    -0.00   -20.05 
-0.00   0.00    1.00    -0.09  
1.00    -0.00   0.00    0.54   
0.00    1.00    -0.00   -20.31 
-0.00   0.00    1.00    -0.09  
1.00    -0.00   0.00    0.55   
0.00    1.00    -0.00   -20.57 
-0.00   0.00    1.00    -0.09  
1.00    -0.00   0.00    0.55   
0.00    1.00    -0.00   -20.84 
-0.00   0.00    1.00    -0.09  
1.00    -0.00   0.00    0.56   
0.00    1.00    -0.00   -21.10 
-0.00   0.00    1.00    -0.09  
1.00    -0.00   0.00    0.57   
0.00    1.00    -0.00   -21.37 
-0.00   0.00    1.00    -0.09  
1.00    -0.00   0.00    0.57   
0.00    1.00    -0.00   -21.63 
-0.00   0.00    1.00    -0.09  
1.00    -0.00   0.00    0.58   
0.00    1.00    -0.00   -21.89 
-0.00   0.00    1.00    -0.09  
1.00    -0.00   0.00    0.59   
0.00    1.00    -0.00   -22.16 
-0.00   0.00    1.00    -0.09  
1.00    -0.00   0.00    0.59   
0.00    1.00    -0.00   -22.42 
-0.00   0.00    1.00    -0.09  
1.00    -0.00   0.00    0.60   
0.00    1.00    -0.00   -22.69 
-0.00   0.00    1.00    -0.09  
1.00    -0.00   0.00    0.61   
0.00    1.00    -0.00   -22.95 
-0.00   0.00    1.00    -0.09  
1.00    -0.00   0.00    0.61   
0.00    1.00    -0.00   -23.22 
-0.00   0.00    1.00    -0.09  
1.00    -0.00   0.00    0.62   
0.00    1.00    -0.00   -23.48 
-0.00   0.00    1.00    -0.09  
1.00    -0.00   0.00    0.63   
0.00    1.00    -0.00   -23.75 
-0.00   0.00    1.00    -0.09  
1.00    -0.00   0.00    0.63   
0.00    1.00    -0.00   -24.01 
-0.00   0.00    1.00    -0.09  
1.00    -0.00   0.00    0.64   
0.00    1.00    -0.00   -24.27 
-0.00   0.00    1.00    -0.09  
1.00    -0.00   0.00    0.64   
0.00    1.00    -0.00   -24.54 
-0.00   0.00    1.00    -0.09  
1.00    -0.00   0.00    0.65   
0.00    1.00    -0.00   -24.80 
-0.00   0.00    1.00    -0.09  
1.00    0.00    0.00    0.66   
-0.00   1.00    -0.00   -25.07 
-0.00   0.00    1.00    -0.09  
1.00    0.00    0.00    0.66   
-0.00   1.00    -0.00   -25.33 
-0.00   0.00    1.00    -0.09  
1.00    0.00    0.00    0.67   
-0.00   1.00    -0.00   -25.59 
-0.00   0.00    1.00    -0.09  
1.00    0.00    0.00    0.68   
-0.00   1.00    -0.00   -25.86 
-0.00   0.00    1.00    -0.09  
1.00    0.00    0.00    0.68   
-0.00   1.00    -0.00   -26.12 
-0.00   0.00    1.00    -0.09  
1.00    0.00    0.00    0.69   
-0.00   1.00    -0.00   -26.39 
-0.00   0.00    1.00    -0.09  
1.00    0.00    0.00    0.70   
-0.00   1.00    -0.00   -26.65 
-0.00   0.00    1.00    -0.09  
1.00    0.00    0.00    0.70   
-0.00   1.00    -0.00   -26.92 
-0.00   0.00    1.00    -0.09  
1.00    0.00    0.00    0.71   
-0.00   1.00    -0.00   -27.18 
-0.00   0.00    1.00    -0.09  
1.00    0.00    0.00    0.72   
-0.00   1.00    -0.00   -27.44 
-0.00   0.00    1.00    -0.09  
1.00    0.00    0.00    0.72   
-0.00   1.00    -0.00   -27.71 
-0.00   0.00    1.00    -0.09  
1.00    0.00    0.00    0.73   
-0.00   1.00    -0.00   -27.97 
-0.00   0.00    1.00    -0.09  
1.00    0.00    0.00    0.74   
-0.00   1.00    -0.00   -28.24 
-0.00   0.00    1.00    -0.09  
1.00    0.00    0.00    0.74   
-0.00   1.00    -0.00   -28.50 
-0.00   0.00    1.00    -0.09  
1.00    0.00    0.00    0.75   
-0.00   1.00    -0.00   -28.77 
-0.00   0.00    1.00    -0.09  
1.00    0.00    0.00    0.76   
-0.00   1.00    -0.00   -29.03 
-0.00   0.00    1.00    -0.09  
1.00    0.00    0.00    0.76   
-0.00   1.00    0.00    -29.29 
-0.00   -0.00   1.00    -0.09  
1.00    0.00    0.00    0.77   
-0.00   1.00    0.00    -29.56 
-0.00   -0.00   1.00    -0.09  
1.00    0.00    0.00    0.77   
-0.00   1.00    0.00    -29.82 
-0.00   -0.00   1.00    -0.09  
1.00    0.00    0.00    0.78   
-0.00   1.00    0.00    -30.09 
-0.00   -0.00   1.00    -0.09  
1.00    0.00    0.00    0.79   
-0.00   1.00    0.00    -30.35 
-0.00   -0.00   1.00    -0.09  
1.00    0.00    0.00    0.79   
-0.00   1.00    0.00    -30.61 
-0.00   -0.00   1.00    -0.09  
1.00    0.00    0.00    0.80   
-0.00   1.00    0.00    -30.88 
-0.00   -0.00   1.00    -0.09  
1.00    0.00    0.00    0.81   
-0.00   1.00    0.00    -31.14 
-0.00   -0.00   1.00    -0.09  
1.00    0.00    0.00    0.81   
-0.00   1.00    0.00    -31.41 
-0.00   -0.00   1.00    -0.09  
1.00    0.00    0.00    0.82   
-0.00   1.00    0.00    -31.67 
-0.00   -0.00   1.00    -0.09  
1.00    0.00    0.00    0.83   
-0.00   1.00    0.00    -31.94 
-0.00   -0.00   1.00    -0.09  
1.00    0.00    0.00    0.83   
-0.00   1.00    0.00    -32.20 
-0.00   -0.00   1.00    -0.09  
1.00    0.00    0.00    0.84   
-0.00   1.00    0.00    -32.46 
-0.00   -0.00   1.00    -0.09  
1.00    0.00    0.00    0.85   
-0.00   1.00    0.00    -32.73 
-0.00   -0.00   1.00    -0.09  
1.00    0.00    0.00    0.85   
-0.00   1.00    0.00    -32.99 
-0.00   -0.00   1.00    -0.09  
1.00    0.00    0.00    0.86   
-0.00   1.00    0.00    -33.26 
-0.00   -0.00   1.00    -0.09  
1.00    0.00    0.00    0.87   
-0.00   1.00    0.00    -33.52 
-0.00   -0.00   1.00    -0.09  
1.00    0.00    0.00    0.87   
-0.00   1.00    0.00    -33.79 
-0.00   -0.00   1.00    -0.09  
1.00    0.00    0.00    0.88   
-0.00   1.00    0.00    -34.05 
-0.00   -0.00   1.00    -0.09  
1.00    0.00    0.00    0.89   
-0.00   1.00    -0.00   -34.31 
-0.00   0.00    1.00    -0.09  
1.00    0.00    0.00    0.89   
-0.00   1.00    -0.00   -34.58 
-0.00   0.00    1.00    -0.09  
1.00    0.00    0.00    0.90   
-0.00   1.00    -0.00   -34.84 
-0.00   0.00    1.00    -0.09  
1.00    0.00    0.00    0.90   
-0.00   1.00    -0.00   -35.11 
-0.00   0.00    1.00    -0.09  
1.00    0.00    0.00    0.91   
-0.00   1.00    0.00    -35.37 
-0.00   -0.00   1.00    -0.09  
1.00    0.00    0.00    0.92   
-0.00   1.00    0.00    -35.64 
-0.00   -0.00   1.00    -0.09  
1.00    0.00    0.00    0.92   
-0.00   1.00    -0.00   -35.90 
-0.00   0.00    1.00    -0.09  
1.00    0.00    0.00    0.93   
-0.00   1.00    -0.00   -36.16 
-0.00   0.00    1.00    -0.09  
1.00    0.00    0.00    0.94   
-0.00   1.00    -0.00   -36.43 
-0.00   0.00    1.00    -0.09  
1.00    0.00    0.00    0.94   
-0.00   1.00    -0.00   -36.69 
-0.00   0.00    1.00    -0.09  
1.00    0.00    0.00    0.95   
-0.00   1.00    -0.00   -36.96 
-0.00   0.00    1.00    -0.09  
1.00    0.00    0.00    0.96   
-0.00   1.00    -0.00   -37.22 
-0.00   0.00    1.00    -0.09  
1.00    0.00    0.00    0.96   
-0.00   1.00    -0.00   -37.49 
-0.00   0.00    1.00    -0.09  
1.00    0.00    0.00    0.97   
-0.00   1.00    0.00    -37.75 
-0.00   -0.00   1.00    -0.09  
1.00    0.00    0.00    0.98   
-0.00   1.00    0.00    -38.01 
-0.00   -0.00   1.00    -0.09  
1.00    0.00    0.00    0.98   
-0.00   1.00    0.00    -38.28 
-0.00   -0.00   1.00    -0.09  
1.00    0.00    0.00    0.99   
-0.00   1.00    0.00    -38.54 
-0.00   -0.00   1.00    -0.09  
1.00    0.00    0.00    1.00   
-0.00   1.00    0.00    -38.81 
-0.00   -0.00   1.00    -0.09  
1.00    0.00    0.00    1.00   
-0.00   1.00    0.00    -39.07 
-0.00   -0.00   1.00    -0.09  
1.00    0.00    0.00    1.01   
-0.00   1.00    0.00    -39.33 
-0.00   -0.00   1.00    -0.09  
1.00    0.00    0.00    1.02   
-0.00   1.00    0.00    -39.60 
-0.00   -0.00   1.00    -0.09  
1.00    0.00    0.00    1.02   
-0.00   1.00    0.00    -39.86 
-0.00   -0.00   1.00    -0.09  
1.00    0.00    0.00    1.03   
-0.00   1.00    0.00    -40.13 
-0.00   -0.00   1.00    -0.09  
1.00    0.00    0.00    1.03   
-0.00   1.00    -0.00   -40.39 
-0.00   0.00    1.00    -0.09  
1.00    0.00    0.00    1.04   
-0.00   1.00    -0.00   -40.66 
-0.00   0.00    1.00    -0.09  
1.00    0.00    0.00    1.05   
-0.00   1.00    -0.00   -40.92 
-0.00   0.00    1.00    -0.09  
1.00    0.00    0.00    1.05   
-0.00   1.00    -0.00   -41.18 
-0.00   0.00    1.00    -0.09  
1.00    0.00    0.00    1.06   
-0.00   1.00    -0.00   -41.45 
-0.00   0.00    1.00    -0.09  
1.00    0.00    0.00    1.07   
-0.00   1.00    -0.00   -41.71 
-0.00   0.00    1.00    -0.09  
1.00    0.00    0.00    1.07   
-0.00   1.00    -0.00   -41.98 
-0.00   0.00    1.00    -0.09  
1.00    0.00    0.00    1.08   
-0.00   1.00    -0.00   -42.24 
-0.00   0.00    1.00    -0.09  
1.00    0.00    0.00    1.09   
-0.00   1.00    -0.00   -42.51 
-0.00   0.00    1.00    -0.09  
1.00    0.00    0.00    1.09   
-0.00   1.00    -0.00   -42.77 
-0.00   0.00    1.00    -0.09  
1.00    0.00    0.00    1.10   
-0.00   1.00    -0.00   -43.03 
-0.00   0.00    1.00    -0.09  
1.00    0.00    0.00    1.11   
-0.00   1.00    -0.00   -43.30 
-0.00   0.00    1.00    -0.09  
1.00    0.00    0.00    1.11   
-0.00   1.00    -0.00   -43.56 
-0.00   0.00    1.00    -0.09  
1.00    0.00    -0.00   1.12   
-0.00   1.00    0.00    -43.83 
0.00    -0.00   1.00    -0.09  
1.00    0.00    -0.00   1.13   
-0.00   1.00    0.00    -44.09 
0.00    -0.00   1.00    -0.09  
1.00    0.00    -0.00   1.13   
-0.00   1.00    0.00    -44.36 
0.00    -0.00   1.00    -0.09  
1.00    0.00    -0.00   1.14   
-0.00   1.00    0.00    -44.62 
0.00    -0.00   1.00    -0.09  
1.00    0.00    -0.00   1.14   
-0.00   1.00    0.00    -44.88 
0.00    -0.00   1.00    -0.09  
1.00    0.00    -0.00   1.15   
-0.00   1.00    0.00    -45.15 
0.00    -0.00   1.00    -0.09  
1.00    0.00    -0.00   1.16   
-0.00   1.00    0.00    -45.41 
0.00    -0.00   1.00    -0.09  
1.00    -0.00   -0.00   1.16   
0.00    1.00    0.00    -45.68 
0.00    -0.00   1.00    -0.09  
1.00    -0.00   -0.00   1.17   
0.00    1.00    0.00    -45.94 
0.00    -0.00   1.00    -0.09  
1.00    -0.00   -0.00   1.18   
0.00    1.00    0.00    -46.21 
0.00    -0.00   1.00    -0.08  
1.00    -0.00   0.00    1.18   
0.00    1.00    0.00    -46.47 
-0.00   -0.00   1.00    -0.08  
1.00    -0.00   0.00    1.19   
0.00    1.00    0.00    -46.73 
-0.00   -0.00   1.00    -0.08  
1.00    -0.00   0.00    1.20   
0.00    1.00    0.00    -47.00 
-0.00   -0.00   1.00    -0.08  
1.00    -0.00   0.00    1.20   
0.00    1.00    0.00    -47.26 
-0.00   -0.00   1.00    -0.09  
1.00    -0.00   0.00    1.21   
0.00    1.00    0.00    -47.53 
-0.00   -0.00   1.00    -0.09  
1.00    -0.00   0.00    1.22   
0.00    1.00    0.00    -47.79 
-0.00   -0.00   1.00    -0.09  
1.00    -0.00   0.00    1.22   
0.00    1.00    0.00    -48.05 
-0.00   -0.00   1.00    -0.09  
1.00    -0.00   0.00    1.23   
0.00    1.00    0.00    -48.32 
-0.00   -0.00   1.00    -0.09  
1.00    -0.00   0.00    1.24   
0.00    1.00    0.00    -48.58 
-0.00   -0.00   1.00    -0.09  
1.00    -0.00   0.00    1.24   
0.00    1.00    0.00    -48.85 
-0.00   -0.00   1.00    -0.09  
1.00    -0.00   0.00    1.25   
0.00    1.00    0.00    -49.11 
-0.00   -0.00   1.00    -0.09  
1.00    -0.00   0.00    1.26   
0.00    1.00    0.00    -49.38 
-0.00   -0.00   1.00    -0.09  
1.00    0.00    0.00    1.26   
-0.00   1.00    -0.00   -49.64 
-0.00   0.00    1.00    -0.09  
1.00    0.00    0.00    1.27   
-0.00   1.00    -0.00   -49.90 
-0.00   0.00    1.00    -0.09  
1.00    0.00    0.00    1.28   
-0.00   1.00    -0.00   -50.17 
-0.00   0.00    1.00    -0.09  
1.00    0.00    0.00    1.28   
-0.00   1.00    -0.00   -50.43 
-0.00   0.00    1.00    -0.09  
1.00    0.00    0.00    1.29   
-0.00   1.00    -0.00   -50.70 
-0.00   0.00    1.00    -0.09  
1.00    0.00    0.00    1.30   
-0.00   1.00    -0.00   -50.96 
-0.00   0.00    1.00    -0.09  
1.00    0.00    0.00    1.30   
-0.00   1.00    -0.00   -51.23 
-0.00   0.00    1.00    -0.09  
1.00    0.00    0.00    1.31   
-0.00   1.00    -0.00   -51.49 
-0.00   0.00    1.00    -0.09  
1.00    0.00    0.00    1.32   
-0.00   1.00    -0.00   -51.75 
-0.00   0.00    1.00    -0.09  
1.00    0.00    0.00    1.32   
-0.00   1.00    -0.00   -52.02 
-0.00   0.00    1.00    -0.09  
1.00    0.00    0.00    1.33   
-0.00   1.00    -0.00   -52.28 
-0.00   0.00    1.00    -0.09  
1.00    0.00    0.00    1.33   
-0.00   1.00    -0.00   -52.55 
-0.00   0.00    1.00    -0.09  
1.00    0.00    0.00    1.34   
-0.00   1.00    -0.00   -52.81 
-0.00   0.00    1.00    -0.09  
1.00    0.00    0.00    1.35   
-0.00   1.00    -0.00   -53.08 
-0.00   0.00    1.00    -0.09  
1.00    0.00    0.00    1.35   
-0.00   1.00    -0.00   -53.34 
-0.00   0.00    1.00    -0.09  
1.00    0.00    0.00    1.36   
-0.00   1.00    -0.00   -53.60 
-0.00   0.00    1.00    -0.09  
1.00    0.00    0.00    1.37   
-0.00   1.00    -0.00   -53.87 
-0.00   0.00    1.00    -0.09  
1.00    0.00    0.00    1.37   
-0.00   1.00    -0.00   -54.13 
-0.00   0.00    1.00    -0.09  
1.00    0.00    0.00    1.38   
-0.00   1.00    0.00    -54.40 
-0.00   -0.00   1.00    -0.09  
1.00    0.00    0.00    1.39   
-0.00   1.00    0.00    -54.66 
-0.00   -0.00   1.00    -0.09  
1.00    0.00    0.00    1.39   
-0.00   1.00    0.00    -54.92 
-0.00   -0.00   1.00    -0.09  
1.00    0.00    0.00    1.40   
-0.00   1.00    0.00    -55.19 
-0.00   -0.00   1.00    -0.09  
1.00    0.00    0.00    1.41   
-0.00   1.00    0.00    -55.45 
-0.00   -0.00   1.00    -0.09  
1.00    0.00    0.00    1.41   
-0.00   1.00    0.00    -55.72 
-0.00   -0.00   1.00    -0.09  
1.00    0.00    0.00    1.42   
-0.00   1.00    0.00    -55.98 
-0.00   -0.00   1.00    -0.09  
1.00    0.00    0.00    1.43   
-0.00   1.00    0.00    -56.25 
-0.00   -0.00   1.00    -0.09  
1.00    0.00    0.00    1.43   
-0.00   1.00    0.00    -56.51 
-0.00   -0.00   1.00    -0.09  
1.00    0.00    0.00    1.44   
-0.00   1.00    0.00    -56.77 
-0.00   -0.00   1.00    -0.09  
1.00    0.00    0.00    1.45   
-0.00   1.00    0.00    -57.04 
-0.00   -0.00   1.00    -0.09  
1.00    0.00    0.00    1.45   
-0.00   1.00    0.00    -57.30 
-0.00   -0.00   1.00    -0.09  
1.00    0.00    0.00    1.46   
-0.00   1.00    0.00    -57.57 
-0.00   -0.00   1.00    -0.09  
1.00    0.00    0.00    1.46   
-0.00   1.00    0.00    -57.83 
-0.00   -0.00   1.00    -0.09  
1.00    0.00    0.00    1.47   
-0.00   1.00    0.00    -58.10 
-0.00   -0.00   1.00    -0.09  
1.00    0.00    0.00    1.48   
-0.00   1.00    0.00    -58.36 
-0.00   -0.00   1.00    -0.09  
1.00    0.00    0.00    1.48   
-0.00   1.00    0.00    -58.62 
-0.00   -0.00   1.00    -0.09  
1.00    0.00    0.00    1.49   
-0.00   1.00    0.00    -58.89 
-0.00   -0.00   1.00    -0.09  
1.00    0.00    0.00    1.50   
-0.00   1.00    0.00    -59.15 
-0.00   -0.00   1.00    -0.09  
1.00    0.00    0.00    1.50   
-0.00   1.00    -0.00   -59.42 
-0.00   0.00    1.00    -0.09  
1.00    0.00    0.00    1.51   
-0.00   1.00    -0.00   -59.68 
-0.00   0.00    1.00    -0.09  
1.00    0.00    0.00    1.52   
-0.00   1.00    -0.00   -59.95 
-0.00   0.00    1.00    -0.09  
1.00    0.00    0.00    1.52   
-0.00   1.00    -0.00   -60.21 
-0.00   0.00    1.00    -0.09  
1.00    0.00    0.00    1.53   
-0.00   1.00    -0.00   -60.47 
-0.00   0.00    1.00    -0.09  
1.00    0.00    0.00    1.54   
-0.00   1.00    -0.00   -60.74 
-0.00   0.00    1.00    -0.09  
1.00    0.00    0.00    1.54   
-0.00   1.00    -0.00   -61.00 
-0.00   0.00    1.00    -0.09  
1.00    0.00    -0.00   1.55   
-0.00   1.00    -0.00   -61.26 
0.00    0.00    1.00    -0.09  
1.00    0.00    -0.00   1.56   
-0.00   1.00    -0.00   -61.50 
0.00    0.00    1.00    -0.09  
1.00    0.00    -0.00   1.56   
-0.00   1.00    -0.00   -61.72 
0.00    0.00    1.00    -0.09  
1.00    0.00    -0.00   1.56   
-0.00   1.00    -0.00   -61.89 
0.00    0.00    1.00    -0.09  
1.00    0.00    -0.00   1.57   
-0.00   1.00    -0.00   -62.03 
0.00    0.00    1.00    -0.09  
1.00    0.00    -0.00   1.57   
-0.00   1.00    -0.00   -62.14 
0.00    0.00    1.00    -0.09  
1.00    0.00    -0.00   1.57   
-0.00   1.00    -0.00   -62.21 
0.00    0.00    1.00    -0.09  
1.00    0.00    -0.00   1.57   
-0.00   1.00    -0.00   -62.25 
0.00    0.00    1.00    -0.09  
1.00    -0.00   -0.00   1.57   
0.00    1.00    -0.00   -62.26 
0.00    0.00    1.00    -0.09  
1.00    -0.00   -0.00   1.57   
0.00    1.00    -0.00   -62.26 
0.00    0.00    1.00    -0.09  
1.00    -0.00   -0.00   1.57   
0.00    1.00    -0.00   -62.26 
0.00    0.00    1.00    -0.09  
1.00    0.00    -0.00   1.57   
-0.00   1.00    -0.00   -62.26 
0.00    0.00    1.00    -0.09  
1.00    0.00    -0.00   1.57   
-0.00   1.00    -0.00   -62.26 
0.00    0.00    1.00    -0.09  
1.00    0.00    -0.00   1.57   
-0.00   1.00    -0.00   -62.26 
0.00    0.00    1.00    -0.09  
1.00    0.00    -0.00   1.57   
-0.00   1.00    0.00    -62.26 
0.00    -0.00   1.00    -0.09  
1.00    0.00    -0.00   1.57   
-0.00   1.00    0.00    -62.26 
0.00    -0.00   1.00    -0.09  
1.00    0.00    -0.00   1.57   
-0.00   1.00    0.00    -62.26 
0.00    -0.00   1.00    -0.09  
1.00    0.00    -0.00   1.57   
-0.00   1.00    0.00    -62.25 
0.00    -0.00   1.00    -0.09  
1.00    0.00    -0.00   1.57   
-0.00   1.00    0.00    -62.25 
0.00    -0.00   1.00    -0.09  
1.00    0.00    -0.00   1.57   
-0.00   1.00    0.00    -62.25 
0.00    -0.00   1.00    -0.09  
1.00    0.00    -0.00   1.57   
-0.00   1.00    0.00    -62.25 
0.00    -0.00   1.00    -0.09  
1.00    0.00    -0.00   1.57   
-0.00   1.00    0.00    -62.25 
0.00    -0.00   1.00    -0.09  
1.00    0.00    -0.00   1.57   
-0.00   1.00    0.00    -62.25 
0.00    -0.00   1.00    -0.09  
1.00    0.00    -0.00   1.57   
-0.00   1.00    0.00    -62.25 
0.00    -0.00   1.00    -0.09  
1.00    0.00    -0.00   1.57   
-0.00   1.00    0.00    -62.25 
0.00    -0.00   1.00    -0.09  
1.00    0.00    -0.00   1.57   
-0.00   1.00    0.00    -62.25 
0.00    -0.00   1.00    -0.09  
1.00    0.00    -0.00   1.57   
-0.00   1.00    0.00    -62.25 
0.00    -0.00   1.00    -0.09  
1.00    0.00    -0.00   1.57   
-0.00   1.00    0.00    -62.25 
0.00    -0.00   1.00    -0.09  
1.00    0.00    -0.00   1.57   
-0.00   1.00    0.00    -62.25 
0.00    -0.00   1.00    -0.09  
1.00    0.00    -0.00   1.57   
-0.00   1.00    0.00    -62.25 
0.00    -0.00   1.00    -0.09  
1.00    0.00    -0.00   1.57   
-0.00   1.00    0.00    -62.25 
0.00    -0.00   1.00    -0.09  
1.00    0.00    -0.00   1.57   
-0.00   1.00    0.00    -62.25 
0.00    -0.00   1.00    -0.09  
1.00    0.00    -0.00   1.57   
-0.00   1.00    0.00    -62.25 
0.00    -0.00   1.00    -0.09  
1.00    0.00    -0.00   1.57   
-0.00   1.00    0.00    -62.25 
0.00    -0.00   1.00    -0.09  
1.00    0.00    -0.00   1.57   
-0.00   1.00    0.00    -62.25 
0.00    -0.00   1.00    -0.09  
1.00    0.00    -0.00   1.57   
-0.00   1.00    0.00    -62.25 
0.00    -0.00   1.00    -0.09  
1.00    0.00    -0.00   1.57   
-0.00   1.00    0.00    -62.25 
0.00    -0.00   1.00    -0.09  
1.00    0.00    -0.00   1.57   
-0.00   1.00    0.00    -62.25 
0.00    -0.00   1.00    -0.09  
1.00    0.00    -0.00   1.57   
-0.00   1.00    0.00    -62.25 
0.00    -0.00   1.00    -0.09  
1.00    0.00    -0.00   1.57   
-0.00   1.00    0.00    -62.25 
0.00    -0.00   1.00    -0.09  
1.00    0.00    -0.00   1.57   
-0.00   1.00    0.00    -62.25 
0.00    -0.00   1.00    -0.09  
1.00    0.00    -0.00   1.57   
-0.00   1.00    0.00    -62.25 
0.00    -0.00   1.00    -0.09  
1.00    0.00    -0.00   1.57   
-0.00   1.00    0.00    -62.25 
0.00    -0.00   1.00    -0.09  
1.00    0.00    -0.00   1.57   
-0.00   1.00    0.00    -62.25 
0.00    -0.00   1.00    -0.09  
1.00    0.00    -0.00   1.57   
-0.00   1.00    0.00    -62.25 
0.00    -0.00   1.00    -0.09  
1.00    0.00    -0.00   1.57   
-0.00   1.00    0.00    -62.25 
0.00    -0.00   1.00    -0.09  
1.00    0.00    -0.00   1.57   
-0.00   1.00    0.00    -62.25 
0.00    -0.00   1.00    -0.09  
1.00    0.00    -0.00   1.57   
-0.00   1.00    0.00    -62.25 
0.00    -0.00   1.00    -0.09  
1.00    0.00    -0.00   1.57   
-0.00   1.00    0.00    -62.25 
0.00    -0.00   1.00    -0.09  
1.00    0.00    -0.00   1.57   
-0.00   1.00    0.00    -62.25 
0.00    -0.00   1.00    -0.09  
1.00    0.00    -0.00   1.57   
-0.00   1.00    0.00    -62.25 
0.00    -0.00   1.00    -0.09  
1.00    0.00    -0.00   1.57   
-0.00   1.00    0.00    -62.25 
0.00    -0.00   1.00    -0.09  
1.00    0.00    -0.00   1.57   
-0.00   1.00    0.00    -62.25 
0.00    -0.00   1.00    -0.09  
1.00    0.00    -0.00   1.57   
-0.00   1.00    0.00    -62.25 
0.00    -0.00   1.00    -0.09  
1.00    0.00    -0.00   1.57   
-0.00   1.00    0.00    -62.25 
0.00    -0.00   1.00    -0.09  
1.00    0.00    -0.00   1.57   
-0.00   1.00    0.00    -62.25 
0.00    -0.00   1.00    -0.09  
1.00    0.00    -0.00   1.57   
-0.00   1.00    0.00    -62.25 
0.00    -0.00   1.00    -0.09  
1.00    0.00    -0.00   1.57   
-0.00   1.00    0.00    -62.25 
0.00    -0.00   1.00    -0.09  
1.00    0.00    -0.00   1.57   
-0.00   1.00    0.00    -62.25 
0.00    -0.00   1.00    -0.09  
1.00    0.00    -0.00   1.57   
-0.00   1.00    0.00    -62.25 
0.00    -0.00   1.00    -0.09  
1.00    0.00    -0.00   1.57   
-0.00   1.00    0.00    -62.25 
0.00    -0.00   1.00    -0.09  
1.00    0.00    -0.00   1.57   
-0.00   1.00    0.00    -62.25 
0.00    -0.00   1.00    -0.09  
1.00    0.00    -0.00   1.57   
-0.00   1.00    0.00    -62.25 
0.00    -0.00   1.00    -0.09  
1.00    0.00    -0.00   1.57   
-0.00   1.00    0.00    -62.25 
0.00    -0.00   1.00    -0.09  
1.00    0.00    -0.00   1.57   
-0.00   1.00    0.00    -62.25 
0.00    -0.00   1.00    -0.09  
1.00    0.00    -0.00   1.57   
-0.00   1.00    0.00    -62.25 
0.00    -0.00   1.00    -0.09  
1.00    0.00    -0.00   1.57   
-0.00   1.00    0.00    -62.25 
0.00    -0.00   1.00    -0.09  
1.00    0.00    -0.00   1.57   
-0.00   1.00    0.00    -62.25 
0.00    -0.00   1.00    -0.09  
1.00    0.00    -0.00   1.57   
-0.00   1.00    0.00    -62.25 
0.00    -0.00   1.00    -0.09  
1.00    0.00    -0.00   1.57   
-0.00   1.00    0.00    -62.25 
0.00    -0.00   1.00    -0.09  
1.00    0.00    -0.00   1.57   
-0.00   1.00    0.00    -62.25 
0.00    -0.00   1.00    -0.09  
1.00    0.00    -0.00   1.57   
-0.00   1.00    0.00    -62.25 
0.00    -0.00   1.00    -0.09  
1.00    0.00    -0.00   1.57   
-0.00   1.00    0.00    -62.25 
0.00    -0.00   1.00    -0.09  
1.00    0.00    -0.00   1.57   
-0.00   1.00    0.00    -62.25 
0.00    -0.00   1.00    -0.09  
1.00    0.00    -0.00   1.57   
-0.00   1.00    0.00    -62.25 
0.00    -0.00   1.00    -0.09  
1.00    0.00    -0.00   1.57   
-0.00   1.00    0.00    -62.25 
0.00    -0.00   1.00    -0.09  
1.00    0.00    -0.00   1.57   
-0.00   1.00    0.00    -62.25 
0.00    -0.00   1.00    -0.09  
1.00    0.00    -0.00   1.57   
-0.00   1.00    0.00    -62.25 
0.00    -0.00   1.00    -0.09  
1.00    0.00    -0.00   1.57   
-0.00   1.00    0.00    -62.25 
0.00    -0.00   1.00    -0.09  
1.00    0.00    -0.00   1.57   
-0.00   1.00    0.00    -62.25 
0.00    -0.00   1.00    -0.09  
1.00    0.00    -0.00   1.57   
-0.00   1.00    0.00    -62.25 
0.00    -0.00   1.00    -0.09  
1.00    0.00    -0.00   1.57   
-0.00   1.00    0.00    -62.25 
0.00    -0.00   1.00    -0.09  
1.00    0.00    -0.00   1.57   
-0.00   1.00    0.00    -62.25 
0.00    -0.00   1.00    -0.09  
1.00    0.00    -0.00   1.57   
-0.00   1.00    0.00    -62.25 
0.00    -0.00   1.00    -0.09  
1.00    0.00    -0.00   1.57   
-0.00   1.00    0.00    -62.25 
0.00    -0.00   1.00    -0.09  
1.00    0.00    -0.00   1.57   
-0.00   1.00    0.00    -62.25 
0.00    -0.00   1.00    -0.09  
1.00    0.00    -0.00   1.57   
-0.00   1.00    0.00    -62.25 
0.00    -0.00   1.00    -0.09  
1.00    0.00    -0.00   1.57   
-0.00   1.00    0.00    -62.25 
0.00    -0.00   1.00    -0.09  
1.00    0.00    -0.00   1.57   
-0.00   1.00    0.00    -62.25 
0.00    -0.00   1.00    -0.09  
1.00    0.00    -0.00   1.57   
-0.00   1.00    0.00    -62.25 
0.00    -0.00   1.00    -0.09  
1.00    0.00    -0.00   1.57   
-0.00   1.00    0.00    -62.25 
0.00    -0.00   1.00    -0.09  
1.00    0.00    -0.00   1.57   
-0.00   1.00    0.00    -62.25 
0.00    -0.00   1.00    -0.09  
1.00    0.00    -0.00   1.57   
-0.00   1.00    0.00    -62.25 
0.00    -0.00   1.00    -0.09  
1.00    0.00    -0.00   1.57   
-0.00   1.00    0.00    -62.25 
0.00    -0.00   1.00    -0.09  
1.00    0.00    -0.00   1.57   
-0.00   1.00    0.00    -62.25 
0.00    -0.00   1.00    -0.09  
1.00    0.00    -0.00   1.57   
-0.00   1.00    0.00    -62.25 
0.00    -0.00   1.00    -0.09  
1.00    0.00    -0.00   1.57   
-0.00   1.00    0.00    -62.25 
0.00    -0.00   1.00    -0.09  
1.00    0.00    -0.00   1.57   
-0.00   1.00    0.00    -62.25 
0.00    -0.00   1.00    -0.09  
1.00    0.00    -0.00   1.57   
-0.00   1.00    0.00    -62.25 
0.00    -0.00   1.00    -0.09  
1.00    0.00    -0.00   1.57   
-0.00   1.00    0.00    -62.25 
0.00    -0.00   1.00    -0.09  
1.00    0.00    -0.00   1.57   
-0.00   1.00    0.00    -62.25 
0.00    -0.00   1.00    -0.09  
1.00    0.00    -0.00   1.57   
-0.00   1.00    0.00    -62.25 
0.00    -0.00   1.00    -0.09  
1.00    0.00    -0.00   1.57   
-0.00   1.00    0.00    -62.25 
0.00    -0.00   1.00    -0.09  
1.00    0.00    -0.00   1.57   
-0.00   1.00    0.00    -62.25 
0.00    -0.00   1.00    -0.09  
1.00    0.00    -0.00   1.57   
-0.00   1.00    0.00    -62.25 
0.00    -0.00   1.00    -0.09  
1.00    0.00    -0.00   1.57   
-0.00   1.00    0.00    -62.25 
0.00    -0.00   1.00    -0.09  
1.00    0.00    -0.00   1.57   
-0.00   1.00    0.00    -62.25 
0.00    -0.00   1.00    -0.09  
1.00    0.00    -0.00   1.57   
-0.00   1.00    0.00    -62.25 
0.00    -0.00   1.00    -0.09  
1.00    0.00    -0.00   1.57   
-0.00   1.00    0.00    -62.25 
0.00    -0.00   1.00    -0.09  
1.00    0.00    -0.00   1.57   
-0.00   1.00    0.00    -62.25 
0.00    -0.00   1.00    -0.09  
1.00    0.00    -0.00   1.57   
-0.00   1.00    0.00    -62.25 
0.00    -0.00   1.00    -0.09  
1.00    0.00    -0.00   1.57   
-0.00   1.00    0.00    -62.25 
0.00    -0.00   1.00    -0.09  
1.00    0.00    -0.00   1.57   
-0.00   1.00    0.00    -62.25 
0.00    -0.00   1.00    -0.09  
1.00    0.00    -0.00   1.57   
-0.00   1.00    0.00    -62.25 
0.00    -0.00   1.00    -0.09  
1.00    0.00    -0.00   1.57   
-0.00   1.00    0.00    -62.25 
0.00    -0.00   1.00    -0.09  
1.00    0.00    -0.00   1.57   
-0.00   1.00    0.00    -62.25 
0.00    -0.00   1.00    -0.09  
1.00    0.00    -0.00   1.57   
-0.00   1.00    0.00    -62.25 
0.00    -0.00   1.00    -0.09  
1.00    0.00    -0.00   1.57   
-0.00   1.00    0.00    -62.25 
0.00    -0.00   1.00    -0.09  
1.00    0.00    -0.00   1.57   
-0.00   1.00    0.00    -62.25 
0.00    -0.00   1.00    -0.09  
1.00    0.00    -0.00   1.57   
-0.00   1.00    0.00    -62.25 
0.00    -0.00   1.00    -0.09  
1.00    0.00    -0.00   1.57   
-0.00   1.00    0.00    -62.25 
0.00    -0.00   1.00    -0.09  
1.00    0.00    -0.00   1.57   
-0.00   1.00    0.00    -62.25 
0.00    -0.00   1.00    -0.09  
1.00    0.00    -0.00   1.57   
-0.00   1.00    0.00    -62.25 
0.00    -0.00   1.00    -0.09  
1.00    0.00    -0.00   1.57   
-0.00   1.00    0.00    -62.25 
0.00    -0.00   1.00    -0.09  
1.00    0.00    -0.00   1.57   
-0.00   1.00    0.00    -62.25 
0.00    -0.00   1.00    -0.09  
1.00    0.00    -0.00   1.57   
-0.00   1.00    0.00    -62.25 
0.00    -0.00   1.00    -0.09  
1.00    0.00    -0.00   1.57   
-0.00   1.00    0.00    -62.25 
0.00    -0.00   1.00    -0.09  
1.00    0.00    -0.00   1.57   
-0.00   1.00    0.00    -62.25 
0.00    -0.00   1.00    -0.09  
1.00    0.00    -0.00   1.57   
-0.00   1.00    0.00    -62.25 
0.00    -0.00   1.00    -0.09  
1.00    0.00    -0.00   1.57   
-0.00   1.00    0.00    -62.25 
0.00    -0.00   1.00    -0.09  
1.00    0.00    -0.00   1.57   
-0.00   1.00    0.00    -62.25 
0.00    -0.00   1.00    -0.09  
1.00    0.00    -0.00   1.57   
-0.00   1.00    0.00    -62.25 
0.00    -0.00   1.00    -0.09  
1.00    0.00    -0.00   1.57   
-0.00   1.00    0.00    -62.25 
0.00    -0.00   1.00    -0.09  
1.00    0.00    -0.00   1.57   
-0.00   1.00    0.00    -62.25 
0.00    -0.00   1.00    -0.09  
1.00    0.00    -0.00   1.57   
-0.00   1.00    0.00    -62.25 
0.00    -0.00   1.00    -0.09  
1.00    0.00    -0.00   1.57   
-0.00   1.00    0.00    -62.25 
0.00    -0.00   1.00    -0.09  
1.00    0.00    -0.00   1.57   
-0.00   1.00    0.00    -62.25 
0.00    -0.00   1.00    -0.09  
1.00    0.00    -0.00   1.57   
-0.00   1.00    0.00    -62.25 
0.00    -0.00   1.00    -0.09  
1.00    0.00    -0.00   1.57   
-0.00   1.00    0.00    -62.25 
0.00    -0.00   1.00    -0.09  
1.00    0.00    -0.00   1.57   
-0.00   1.00    0.00    -62.25 
0.00    -0.00   1.00    -0.09  
1.00    0.00    -0.00   1.57   
-0.00   1.00    0.00    -62.25 
0.00    -0.00   1.00    -0.09  
1.00    0.00    -0.00   1.57   
-0.00   1.00    0.00    -62.25 
0.00    -0.00   1.00    -0.09  
1.00    0.00    -0.00   1.57   
-0.00   1.00    0.00    -62.25 
0.00    -0.00   1.00    -0.09  
1.00    0.00    -0.00   1.57   
-0.00   1.00    0.00    -62.25 
0.00    -0.00   1.00    -0.09  
1.00    0.00    -0.00   1.57   
-0.00   1.00    0.00    -62.25 
0.00    -0.00   1.00    -0.09  
1.00    0.00    -0.00   1.57   
-0.00   1.00    0.00    -62.25 
0.00    -0.00   1.00    -0.09  
1.00    0.00    -0.00   1.57   
-0.00   1.00    0.00    -62.25 
0.00    -0.00   1.00    -0.09  
1.00    0.00    -0.00   1.57   
-0.00   1.00    0.00    -62.25 
0.00    -0.00   1.00    -0.09  
1.00    0.00    -0.00   1.57   
-0.00   1.00    0.00    -62.25 
0.00    -0.00   1.00    -0.09  
1.00    0.00    -0.00   1.57   
-0.00   1.00    0.00    -62.25 
0.00    -0.00   1.00    -0.09  
1.00    0.00    -0.00   1.57   
-0.00   1.00    0.00    -62.25 
0.00    -0.00   1.00    -0.09  
1.00    0.00    -0.00   1.57   
-0.00   1.00    0.00    -62.25 
0.00    -0.00   1.00    -0.09  
1.00    0.00    -0.00   1.57   
-0.00   1.00    0.00    -62.25 
0.00    -0.00   1.00    -0.09  
1.00    0.00    -0.00   1.57   
-0.00   1.00    0.00    -62.25 
0.00    -0.00   1.00    -0.09  
1.00    0.00    -0.00   1.57   
-0.00   1.00    0.00    -62.25 
0.00    -0.00   1.00    -0.09  
1.00    0.00    -0.00   1.57   
-0.00   1.00    0.00    -62.25 
0.00    -0.00   1.00    -0.09  
1.00    0.00    -0.00   1.57   
-0.00   1.00    0.00    -62.25 
0.00    -0.00   1.00    -0.09  
1.00    0.00    -0.00   1.57   
-0.00   1.00    0.00    -62.25 
0.00    -0.00   1.00    -0.09  
1.00    0.00    -0.00   1.57   
-0.00   1.00    0.00    -62.25 
0.00    -0.00   1.00    -0.09  
1.00    0.00    -0.00   1.57   
-0.00   1.00    0.00    -62.25 
0.00    -0.00   1.00    -0.09  
1.00    0.00    -0.00   1.57   
-0.00   1.00    0.00    -62.25 
0.00    -0.00   1.00    -0.09  
1.00    0.00    -0.00   1.57   
-0.00   1.00    0.00    -62.25 
0.00    -0.00   1.00    -0.09  
1.00    0.00    -0.00   1.57   
-0.00   1.00    0.00    -62.25 
0.00    -0.00   1.00    -0.09  
1.00    0.00    -0.00   1.57   
-0.00   1.00    0.00    -62.25 
0.00    -0.00   1.00    -0.09  
1.00    0.00    -0.00   1.57   
-0.00   1.00    0.00    -62.25 
0.00    -0.00   1.00    -0.09  
1.00    0.00    -0.00   1.57   
-0.00   1.00    0.00    -62.25 
0.00    -0.00   1.00    -0.09  
1.00    0.00    -0.00   1.57   
-0.00   1.00    0.00    -62.25 
0.00    -0.00   1.00    -0.09  
1.00    0.00    -0.00   1.57   
-0.00   1.00    0.00    -62.25 
0.00    -0.00   1.00    -0.09  
1.00    0.00    -0.00   1.57   
-0.00   1.00    0.00    -62.25 
0.00    -0.00   1.00    -0.09  
1.00    0.00    -0.00   1.57   
-0.00   1.00    0.00    -62.25 
0.00    -0.00   1.00    -0.09  
1.00    0.00    -0.00   1.57   
-0.00   1.00    0.00    -62.25 
0.00    -0.00   1.00    -0.09  
1.00    0.00    -0.00   1.57   
-0.00   1.00    0.00    -62.25 
0.00    -0.00   1.00    -0.09  
1.00    0.00    -0.00   1.57   
-0.00   1.00    0.00    -62.25 
0.00    -0.00   1.00    -0.09  
1.00    0.00    -0.00   1.57   
-0.00   1.00    0.00    -62.25 
0.00    -0.00   1.00    -0.09  
1.00    0.00    -0.00   1.57   
-0.00   1.00    0.00    -62.25 
0.00    -0.00   1.00    -0.09  
1.00    0.00    -0.00   1.57   
-0.00   1.00    0.00    -62.25 
0.00    -0.00   1.00    -0.09  
1.00    0.00    -0.00   1.57   
-0.00   1.00    0.00    -62.25 
0.00    -0.00   1.00    -0.09  
1.00    0.00    -0.00   1.57   
-0.00   1.00    0.00    -62.25 
0.00    -0.00   1.00    -0.09  
1.00    0.00    -0.00   1.57   
-0.00   1.00    0.00    -62.25 
0.00    -0.00   1.00    -0.09  
1.00    0.00    -0.00   1.57   
-0.00   1.00    0.00    -62.25 
0.00    -0.00   1.00    -0.09  
1.00    0.00    -0.00   1.57   
-0.00   1.00    0.00    -62.25 
0.00    -0.00   1.00    -0.09  
1.00    0.00    -0.00   1.57   
-0.00   1.00    0.00    -62.25 
0.00    -0.00   1.00    -0.09  
1.00    0.00    -0.00   1.57   
-0.00   1.00    0.00    -62.25 
0.00    -0.00   1.00    -0.09  
1.00    0.00    -0.00   1.57   
-0.00   1.00    0.00    -62.25 
0.00    -0.00   1.00    -0.09  
1.00    0.00    -0.00   1.57   
-0.00   1.00    0.00    -62.25 
0.00    -0.00   1.00    -0.09  
1.00    0.00    -0.00   1.57   
-0.00   1.00    0.00    -62.25 
0.00    -0.00   1.00    -0.09  
1.00    0.00    -0.00   1.57   
-0.00   1.00    0.00    -62.25 
0.00    -0.00   1.00    -0.09  
1.00    0.00    -0.00   1.57   
-0.00   1.00    0.00    -62.25 
0.00    -0.00   1.00    -0.09  
1.00    0.00    -0.00   1.57   
-0.00   1.00    0.00    -62.25 
0.00    -0.00   1.00    -0.09  
1.00    0.00    -0.00   1.57   
-0.00   1.00    0.00    -62.25 
0.00    -0.00   1.00    -0.09  
1.00    0.00    -0.00   1.57   
-0.00   1.00    0.00    -62.25 
0.00    -0.00   1.00    -0.09  
1.00    0.00    -0.00   1.57   
-0.00   1.00    0.00    -62.25 
0.00    -0.00   1.00    -0.09  
1.00    0.00    -0.00   1.57   
-0.00   1.00    0.00    -62.25 
0.00    -0.00   1.00    -0.09  
1.00    0.00    -0.00   1.57   
-0.00   1.00    0.00    -62.25 
0.00    -0.00   1.00    -0.09  
1.00    0.00    -0.00   1.57   
-0.00   1.00    0.00    -62.25 
0.00    -0.00   1.00    -0.09  
1.00    0.00    -0.00   1.57   
-0.00   1.00    0.00    -62.25 
0.00    -0.00   1.00    -0.09  
1.00    0.00    -0.00   1.57   
-0.00   1.00    0.00    -62.25 
0.00    -0.00   1.00    -0.09  
1.00    0.00    -0.00   1.57   
-0.00   1.00    0.00    -62.25 
0.00    -0.00   1.00    -0.09  
1.00    0.00    -0.00   1.57   
-0.00   1.00    0.00    -62.25 
0.00    -0.00   1.00    -0.09  
1.00    0.00    -0.00   1.57   
-0.00   1.00    0.00    -62.25 
0.00    -0.00   1.00    -0.09  
1.00    0.00    -0.00   1.57   
-0.00   1.00    0.00    -62.25 
0.00    -0.00   1.00    -0.09  
1.00    0.00    -0.00   1.57   
-0.00   1.00    0.00    -62.25 
0.00    -0.00   1.00    -0.09  
1.00    0.00    -0.00   1.57   
-0.00   1.00    0.00    -62.25 
0.00    -0.00   1.00    -0.09  
1.00    0.00    -0.00   1.57   
-0.00   1.00    0.00    -62.25 
0.00    -0.00   1.00    -0.09  
1.00    0.00    -0.00   1.57   
-0.00   1.00    0.00    -62.25 
0.00    -0.00   1.00    -0.09  
1.00    0.00    -0.00   1.57   
-0.00   1.00    0.00    -62.25 
0.00    -0.00   1.00    -0.09  
1.00    0.00    -0.00   1.57   
-0.00   1.00    0.00    -62.25 
0.00    -0.00   1.00    -0.09  
1.00    0.00    -0.00   1.57   
-0.00   1.00    0.00    -62.25 
0.00    -0.00   1.00    -0.09  
1.00    0.00    -0.00   1.57   
-0.00   1.00    0.00    -62.25 
0.00    -0.00   1.00    -0.09  
1.00    0.00    -0.00   1.57   
-0.00   1.00    0.00    -62.25 
0.00    -0.00   1.00    -0.09  
1.00    0.00    -0.00   1.57   
-0.00   1.00    0.00    -62.25 
0.00    -0.00   1.00    -0.09  
1.00    0.00    -0.00   1.57   
-0.00   1.00    0.00    -62.25 
0.00    -0.00   1.00    -0.09  
1.00    0.00    -0.00   1.57   
-0.00   1.00    0.00    -62.25 
0.00    -0.00   1.00    -0.09  
1.00    0.00    -0.00   1.57   
-0.00   1.00    0.00    -62.25 
0.00    -0.00   1.00    -0.09  
1.00    0.00    -0.00   1.57   
-0.00   1.00    0.00    -62.25 
0.00    -0.00   1.00    -0.09  
1.00    0.00    -0.00   1.57   
-0.00   1.00    0.00    -62.25 
0.00    -0.00   1.00    -0.09  
1.00    0.00    -0.00   1.57   
-0.00   1.00    0.00    -62.25 
0.00    -0.00   1.00    -0.09  
1.00    0.00    -0.00   1.57   
-0.00   1.00    0.00    -62.25 
0.00    -0.00   1.00    -0.09  
1.00    0.00    -0.00   1.57   
-0.00   1.00    0.00    -62.25 
0.00    -0.00   1.00    -0.09  
1.00    0.00    -0.00   1.57   
-0.00   1.00    0.00    -62.25 
0.00    -0.00   1.00    -0.09  
1.00    0.00    -0.00   1.57   
-0.00   1.00    0.00    -62.25 
0.00    -0.00   1.00    -0.09  
1.00    0.00    -0.00   1.57   
-0.00   1.00    0.00    -62.25 
0.00    -0.00   1.00    -0.09  
1.00    0.00    -0.00   1.57   
-0.00   1.00    0.00    -62.25 
0.00    -0.00   1.00    -0.09  
1.00    0.00    -0.00   1.57   
-0.00   1.00    0.00    -62.25 
0.00    -0.00   1.00    -0.09  
1.00    0.00    -0.00   1.57   
-0.00   1.00    0.00    -62.25 
0.00    -0.00   1.00    -0.09  
1.00    0.00    -0.00   1.57   
-0.00   1.00    0.00    -62.25 
0.00    -0.00   1.00    -0.09  
1.00    0.00    -0.00   1.57   
-0.00   1.00    0.00    -62.25 
0.00    -0.00   1.00    -0.09  
1.00    0.00    -0.00   1.57   
-0.00   1.00    0.00    -62.25 
0.00    -0.00   1.00    -0.09  
1.00    0.00    -0.00   1.57   
-0.00   1.00    0.00    -62.25 
0.00    -0.00   1.00    -0.09  
1.00    0.00    -0.00   1.57   
-0.00   1.00    0.00    -62.25 
0.00    -0.00   1.00    -0.09  
1.00    0.00    -0.00   1.57   
-0.00   1.00    0.00    -62.25 
0.00    -0.00   1.00    -0.09  
1.00    0.00    -0.00   1.57   
-0.00   1.00    0.00    -62.25 
0.00    -0.00   1.00    -0.09  
1.00    0.00    -0.00   1.57   
-0.00   1.00    0.00    -62.25 
0.00    -0.00   1.00    -0.09  
1.00    0.00    -0.00   1.57   
-0.00   1.00    0.00    -62.25 
0.00    -0.00   1.00    -0.09  
1.00    0.00    -0.00   1.57   
-0.00   1.00    0.00    -62.25 
0.00    -0.00   1.00    -0.09  
1.00    0.00    -0.00   1.57   
-0.00   1.00    0.00    -62.25 
0.00    -0.00   1.00    -0.09  
1.00    0.00    -0.00   1.57   
-0.00   1.00    0.00    -62.25 
0.00    -0.00   1.00    -0.09  
1.00    0.00    -0.00   1.57   
-0.00   1.00    0.00    -62.25 
0.00    -0.00   1.00    -0.09  
1.00    0.00    -0.00   1.57   
-0.00   1.00    0.00    -62.25 
0.00    -0.00   1.00    -0.09  
1.00    0.00    -0.00   1.57   
-0.00   1.00    0.00    -62.25 
0.00    -0.00   1.00    -0.09  
1.00    0.00    -0.00   1.57   
-0.00   1.00    0.00    -62.25 
0.00    -0.00   1.00    -0.09  
1.00    0.00    -0.00   1.57   
-0.00   1.00    0.00    -62.25 
0.00    -0.00   1.00    -0.09  
1.00    0.00    -0.00   1.57   
-0.00   1.00    0.00    -62.25 
0.00    -0.00   1.00    -0.09  
1.00    0.00    -0.00   1.57   
-0.00   1.00    0.00    -62.25 
0.00    -0.00   1.00    -0.09  
1.00    0.00    -0.00   1.57   
-0.00   1.00    0.00    -62.25 
0.00    -0.00   1.00    -0.09  
1.00    0.00    -0.00   1.57   
-0.00   1.00    0.00    -62.25 
0.00    -0.00   1.00    -0.09  
1.00    0.00    -0.00   1.57   
-0.00   1.00    0.00    -62.25 
0.00    -0.00   1.00    -0.09  
1.00    0.00    -0.00   1.57   
-0.00   1.00    0.00    -62.25 
0.00    -0.00   1.00    -0.09  
1.00    0.00    -0.00   1.57   
-0.00   1.00    0.00    -62.25 
0.00    -0.00   1.00    -0.09  
1.00    0.00    -0.00   1.57   
-0.00   1.00    0.00    -62.25 
0.00    -0.00   1.00    -0.09  
1.00    0.00    -0.00   1.57   
-0.00   1.00    0.00    -62.25 
0.00    -0.00   1.00    -0.09  
1.00    0.00    -0.00   1.57   
-0.00   1.00    0.00    -62.25 
0.00    -0.00   1.00    -0.09  
1.00    0.00    -0.00   1.57   
-0.00   1.00    0.00    -62.25 
0.00    -0.00   1.00    -0.09  
1.00    0.00    -0.00   1.57   
-0.00   1.00    0.00    -62.25 
0.00    -0.00   1.00    -0.09  
1.00    0.00    -0.00   1.57   
-0.00   1.00    0.00    -62.25 
0.00    -0.00   1.00    -0.09  
1.00    0.00    -0.00   1.57   
-0.00   1.00    0.00    -62.25 
0.00    -0.00   1.00    -0.09  
1.00    0.00    -0.00   1.57   
-0.00   1.00    0.00    -62.25 
0.00    -0.00   1.00    -0.09  
1.00    0.00    -0.00   1.57   
-0.00   1.00    0.00    -62.25 
0.00    -0.00   1.00    -0.09  
1.00    0.00    -0.00   1.57   
-0.00   1.00    0.00    -62.25 
0.00    -0.00   1.00    -0.09  
1.00    0.00    -0.00   1.57   
-0.00   1.00    0.00    -62.25 
0.00    -0.00   1.00    -0.09  
1.00    0.00    -0.00   1.57   
-0.00   1.00    0.00    -62.25 
0.00    -0.00   1.00    -0.09  
1.00    0.00    -0.00   1.57   
-0.00   1.00    0.00    -62.25 
0.00    -0.00   1.00    -0.09  
1.00    0.00    -0.00   1.57   
-0.00   1.00    0.00    -62.25 
0.00    -0.00   1.00    -0.09  
1.00    0.00    -0.00   1.57   
-0.00   1.00    0.00    -62.25 
0.00    -0.00   1.00    -0.09  
1.00    0.00    -0.00   1.57   
-0.00   1.00    0.00    -62.25 
0.00    -0.00   1.00    -0.09  
1.00    0.00    -0.00   1.57   
-0.00   1.00    0.00    -62.25 
0.00    -0.00   1.00    -0.09  
1.00    0.00    -0.00   1.57   
-0.00   1.00    0.00    -62.25 
0.00    -0.00   1.00    -0.09  
1.00    0.00    -0.00   1.57   
-0.00   1.00    0.00    -62.25 
0.00    -0.00   1.00    -0.09  
1.00    0.00    -0.00   1.57   
-0.00   1.00    0.00    -62.25 
0.00    -0.00   1.00    -0.09  
1.00    0.00    -0.00   1.57   
-0.00   1.00    0.00    -62.25 
0.00    -0.00   1.00    -0.09  
1.00    0.00    -0.00   1.57   
-0.00   1.00    0.00    -62.25 
0.00    -0.00   1.00    -0.09  
1.00    0.00    -0.00   1.57   
-0.00   1.00    0.00    -62.25 
0.00    -0.00   1.00    -0.09  
1.00    0.00    -0.00   1.57   
-0.00   1.00    0.00    -62.25 
0.00    -0.00   1.00    -0.09  
1.00    0.00    -0.00   1.57   
-0.00   1.00    0.00    -62.25 
0.00    -0.00   1.00    -0.09  
1.00    0.00    -0.00   1.57   
-0.00   1.00    0.00    -62.25 
0.00    -0.00   1.00    -0.09  
1.00    0.00    -0.00   1.57   
-0.00   1.00    0.00    -62.25 
0.00    -0.00   1.00    -0.09  
1.00    0.00    -0.00   1.57   
-0.00   1.00    0.00    -62.25 
0.00    -0.00   1.00    -0.09  
1.00    0.00    -0.00   1.57   
-0.00   1.00    0.00    -62.25 
0.00    -0.00   1.00    -0.09  
1.00    0.00    -0.00   1.57   
-0.00   1.00    0.00    -62.25 
0.00    -0.00   1.00    -0.09  
1.00    0.00    -0.00   1.57   
-0.00   1.00    0.00    -62.25 
0.00    -0.00   1.00    -0.09  
1.00    0.00    -0.00   1.57   
-0.00   1.00    0.00    -62.25 
0.00    -0.00   1.00    -0.09  
1.00    0.00    -0.00   1.57   
-0.00   1.00    0.00    -62.25 
0.00    -0.00   1.00    -0.09  
1.00    0.00    -0.00   1.57   
-0.00   1.00    0.00    -62.25 
0.00    -0.00   1.00    -0.09  
1.00    0.00    -0.00   1.57   
-0.00   1.00    0.00    -62.25 
0.00    -0.00   1.00    -0.09  
1.00    0.00    -0.00   1.57   
-0.00   1.00    0.00    -62.25 
0.00    -0.00   1.00    -0.09  
1.00    0.00    -0.00   1.57   
-0.00   1.00    0.00    -62.25 
0.00    -0.00   1.00    -0.09  
1.00    0.00    -0.00   1.57   
-0.00   1.00    0.00    -62.25 
0.00    -0.00   1.00    -0.09  
1.00    0.00    -0.00   1.57   
-0.00   1.00    0.00    -62.25 
0.00    -0.00   1.00    -0.09  
1.00    0.00    -0.00   1.57   
-0.00   1.00    0.00    -62.25 
0.00    -0.00   1.00    -0.09  
1.00    0.00    -0.00   1.57   
-0.00   1.00    0.00    -62.25 
0.00    -0.00   1.00    -0.09  
1.00    0.00    -0.00   1.57   
-0.00   1.00    0.00    -62.25 
0.00    -0.00   1.00    -0.09  
1.00    0.00    -0.00   1.57   
-0.00   1.00    0.00    -62.25 
0.00    -0.00   1.00    -0.09  
1.00    0.00    -0.00   1.57   
-0.00   1.00    0.00    -62.25 
0.00    -0.00   1.00    -0.09  
1.00    0.00    -0.00   1.57   
-0.00   1.00    0.00    -62.25 
0.00    -0.00   1.00    -0.09  
1.00    0.00    -0.00   1.57   
-0.00   1.00    0.00    -62.25 
0.00    -0.00   1.00    -0.09  
1.00    0.00    -0.00   1.57   
-0.00   1.00    0.00    -62.25 
0.00    -0.00   1.00    -0.09  
1.00    0.00    -0.00   1.57   
-0.00   1.00    0.00    -62.25 
0.00    -0.00   1.00    -0.09  
1.00    0.00    -0.00   1.57   
-0.00   1.00    0.00    -62.25 
0.00    -0.00   1.00    -0.09  
1.00    0.00    -0.00   1.57   
-0.00   1.00    0.00    -62.25 
0.00    -0.00   1.00    -0.09  
1.00    0.00    -0.00   1.57   
-0.00   1.00    0.00    -62.25 
0.00    -0.00   1.00    -0.09  
1.00    0.00    -0.00   1.57   
-0.00   1.00    0.00    -62.25 
0.00    -0.00   1.00    -0.09  
1.00    0.00    -0.00   1.57   
-0.00   1.00    0.00    -62.25 
0.00    -0.00   1.00    -0.09  
1.00    0.00    -0.00   1.57   
-0.00   1.00    0.00    -62.25 
0.00    -0.00   1.00    -0.09  
1.00    0.00    -0.00   1.57   
-0.00   1.00    0.00    -62.25 
0.00    -0.00   1.00    -0.09  
1.00    0.00    -0.00   1.57   
-0.00   1.00    0.00    -62.25 
0.00    -0.00   1.00    -0.09  
1.00    0.00    -0.00   1.57   
-0.00   1.00    0.00    -62.25 
0.00    -0.00   1.00    -0.09  
1.00    0.00    -0.00   1.57   
-0.00   1.00    0.00    -62.25 
0.00    -0.00   1.00    -0.09  
1.00    0.00    -0.00   1.57   
-0.00   1.00    0.00    -62.25 
0.00    -0.00   1.00    -0.09  
1.00    0.00    -0.00   1.57   
-0.00   1.00    0.00    -62.25 
0.00    -0.00   1.00    -0.09  
1.00    0.00    -0.00   1.57   
-0.00   1.00    0.00    -62.25 
0.00    -0.00   1.00    -0.09  
1.00    0.00    -0.00   1.57   
-0.00   1.00    0.00    -62.25 
0.00    -0.00   1.00    -0.09  
1.00    0.00    -0.00   1.57   
-0.00   1.00    0.00    -62.25 
0.00    -0.00   1.00    -0.09  
1.00    0.00    -0.00   1.57   
-0.00   1.00    0.00    -62.25 
0.00    -0.00   1.00    -0.09  
1.00    0.00    -0.00   1.57   
-0.00   1.00    0.00    -62.25 
0.00    -0.00   1.00    -0.09  
1.00    0.00    -0.00   1.57   
-0.00   1.00    0.00    -62.25 
0.00    -0.00   1.00    -0.09  
1.00    0.00    -0.00   1.57   
-0.00   1.00    0.00    -62.25 
0.00    -0.00   1.00    -0.09  
1.00    0.00    -0.00   1.57   
-0.00   1.00    0.00    -62.25 
0.00    -0.00   1.00    -0.09  
1.00    0.00    -0.00   1.57   
-0.00   1.00    0.00    -62.25 
0.00    -0.00   1.00    -0.09  
1.00    0.00    -0.00   1.57   
-0.00   1.00    0.00    -62.25 
0.00    -0.00   1.00    -0.09  
1.00    0.00    -0.00   1.57   
-0.00   1.00    0.00    -62.25 
0.00    -0.00   1.00    -0.09  
1.00    0.00    -0.00   1.57   
-0.00   1.00    0.00    -62.25 
0.00    -0.00   1.00    -0.09  
1.00    0.00    -0.00   1.57   
-0.00   1.00    0.00    -62.25 
0.00    -0.00   1.00    -0.09  
1.00    0.00    -0.00   1.57   
-0.00   1.00    0.00    -62.25 
0.00    -0.00   1.00    -0.09  
1.00    0.00    -0.00   1.57   
-0.00   1.00    0.00    -62.25 
0.00    -0.00   1.00    -0.09  
1.00    0.00    -0.00   1.57   
-0.00   1.00    0.00    -62.25 
0.00    -0.00   1.00    -0.09  
1.00    0.00    -0.00   1.57   
-0.00   1.00    0.00    -62.25 
0.00    -0.00   1.00    -0.09  
1.00    0.00    -0.00   1.57   
-0.00   1.00    0.00    -62.25 
0.00    -0.00   1.00    -0.09  
1.00    0.00    -0.00   1.57   
-0.00   1.00    0.00    -62.25 
0.00    -0.00   1.00    -0.09  
1.00    0.00    -0.00   1.57   
-0.00   1.00    0.00    -62.25 
0.00    -0.00   1.00    -0.09  
1.00    0.00    -0.00   1.57   
-0.00   1.00    0.00    -62.25 
0.00    -0.00   1.00    -0.09  
1.00    0.00    -0.00   1.57   
-0.00   1.00    0.00    -62.25 
0.00    -0.00   1.00    -0.09  
1.00    0.00    -0.00   1.57   
-0.00   1.00    0.00    -62.25 
0.00    -0.00   1.00    -0.09  
1.00    0.00    -0.00   1.57   
-0.00   1.00    0.00    -62.25 
0.00    -0.00   1.00    -0.09  
1.00    0.00    -0.00   1.57   
-0.00   1.00    0.00    -62.25 
0.00    -0.00   1.00    -0.09  
1.00    0.00    -0.00   1.57   
-0.00   1.00    0.00    -62.25 
0.00    -0.00   1.00    -0.09  
1.00    0.00    -0.00   1.57   
-0.00   1.00    0.00    -62.25 
0.00    -0.00   1.00    -0.09  
1.00    0.00    -0.00   1.57   
-0.00   1.00    0.00    -62.25 
0.00    -0.00   1.00    -0.09  
1.00    0.00    -0.00   1.57   
-0.00   1.00    0.00    -62.25 
0.00    -0.00   1.00    -0.09  
1.00    0.00    -0.00   1.57   
-0.00   1.00    0.00    -62.25 
0.00    -0.00   1.00    -0.09  
1.00    0.00    -0.00   1.57   
-0.00   1.00    0.00    -62.25 
0.00    -0.00   1.00    -0.09  
1.00    0.00    -0.00   1.57   
-0.00   1.00    0.00    -62.25 
0.00    -0.00   1.00    -0.09  
1.00    0.00    -0.00   1.57   
-0.00   1.00    0.00    -62.25 
0.00    -0.00   1.00    -0.09  
1.00    0.00    -0.00   1.57   
-0.00   1.00    0.00    -62.25 
0.00    -0.00   1.00    -0.09  
1.00    0.00    -0.00   1.57   
-0.00   1.00    0.00    -62.25 
0.00    -0.00   1.00    -0.09  
1.00    0.00    -0.00   1.57   
-0.00   1.00    0.00    -62.25 
0.00    -0.00   1.00    -0.09  
1.00    0.00    -0.00   1.57   
-0.00   1.00    0.00    -62.25 
0.00    -0.00   1.00    -0.09  
1.00    0.00    -0.00   1.57   
-0.00   1.00    0.00    -62.25 
0.00    -0.00   1.00    -0.09  
1.00    0.00    -0.00   1.57   
-0.00   1.00    0.00    -62.25 
0.00    -0.00   1.00    -0.09  
1.00    0.00    -0.00   1.57   
-0.00   1.00    0.00    -62.25 
0.00    -0.00   1.00    -0.09  
1.00    0.00    -0.00   1.57   
-0.00   1.00    0.00    -62.25 
0.00    -0.00   1.00    -0.09  
1.00    0.00    -0.00   1.57   
-0.00   1.00    0.00    -62.25 
0.00    -0.00   1.00    -0.09  
1.00    0.00    -0.00   1.57   
-0.00   1.00    0.00    -62.25 
0.00    -0.00   1.00    -0.09  
1.00    0.00    -0.00   1.57   
-0.00   1.00    0.00    -62.25 
0.00    -0.00   1.00    -0.09  
1.00    0.00    -0.00   1.57   
-0.00   1.00    0.00    -62.25 
0.00    -0.00   1.00    -0.09  
1.00    0.00    -0.00   1.57   
-0.00   1.00    0.00    -62.25 
0.00    -0.00   1.00    -0.09  
1.00    0.00    -0.00   1.57   
-0.00   1.00    0.00    -62.25 
0.00    -0.00   1.00    -0.09  
1.00    0.00    -0.00   1.57   
-0.00   1.00    0.00    -62.25 
0.00    -0.00   1.00    -0.09  
1.00    0.00    -0.00   1.57   
-0.00   1.00    0.00    -62.25 
0.00    -0.00   1.00    -0.09  
1.00    0.00    -0.00   1.57   
-0.00   1.00    0.00    -62.25 
0.00    -0.00   1.00    -0.09  
1.00    0.00    -0.00   1.57   
-0.00   1.00    0.00    -62.25 
0.00    -0.00   1.00    -0.09  
1.00    0.00    -0.00   1.57   
-0.00   1.00    0.00    -62.25 
0.00    -0.00   1.00    -0.09  
1.00    0.00    -0.00   1.57   
-0.00   1.00    0.00    -62.25 
0.00    -0.00   1.00    -0.09  
1.00    0.00    -0.00   1.57   
-0.00   1.00    0.00    -62.25 
0.00    -0.00   1.00    -0.09  
1.00    0.00    -0.00   1.57   
-0.00   1.00    0.00    -62.25 
0.00    -0.00   1.00    -0.09  
1.00    0.00    -0.00   1.57   
-0.00   1.00    0.00    -62.25 
0.00    -0.00   1.00    -0.09  
1.00    0.00    -0.00   1.57   
-0.00   1.00    0.00    -62.25 
0.00    -0.00   1.00    -0.09  
1.00    0.00    -0.00   1.57   
-0.00   1.00    0.00    -62.25 
0.00    -0.00   1.00    -0.09  
1.00    0.00    -0.00   1.57   
-0.00   1.00    0.00    -62.25 
0.00    -0.00   1.00    -0.09  
1.00    0.00    -0.00   1.57   
-0.00   1.00    0.00    -62.25 
0.00    -0.00   1.00    -0.09  
1.00    0.00    -0.00   1.57   
-0.00   1.00    0.00    -62.25 
0.00    -0.00   1.00    -0.09  
1.00    0.00    -0.00   1.57   
-0.00   1.00    0.00    -62.25 
0.00    -0.00   1.00    -0.09  
1.00    0.00    -0.00   1.57   
-0.00   1.00    0.00    -62.25 
0.00    -0.00   1.00    -0.09  
1.00    0.00    -0.00   1.57   
-0.00   1.00    0.00    -62.25 
0.00    -0.00   1.00    -0.09  
1.00    0.00    -0.00   1.57   
-0.00   1.00    0.00    -62.25 
0.00    -0.00   1.00    -0.09  
1.00    0.00    -0.00   1.57   
-0.00   1.00    0.00    -62.25 
0.00    -0.00   1.00    -0.09  
1.00    0.00    -0.00   1.57   
-0.00   1.00    0.00    -62.25 
0.00    -0.00   1.00    -0.09  
1.00    0.00    -0.00   1.57   
-0.00   1.00    0.00    -62.25 
0.00    -0.00   1.00    -0.09  
1.00    0.00    -0.00   1.57   
-0.00   1.00    0.00    -62.25 
0.00    -0.00   1.00    -0.09  
1.00    0.00    -0.00   1.57   
-0.00   1.00    0.00    -62.25 
0.00    -0.00   1.00    -0.09  
1.00    0.00    -0.00   1.57   
-0.00   1.00    0.00    -62.25 
0.00    -0.00   1.00    -0.09  
1.00    0.00    -0.00   1.57   
-0.00   1.00    0.00    -62.25 
0.00    -0.00   1.00    -0.09  
1.00    0.00    -0.00   1.57   
-0.00   1.00    0.00    -62.25 
0.00    -0.00   1.00    -0.09  
1.00    0.00    -0.00   1.57   
-0.00   1.00    0.00    -62.25 
0.00    -0.00   1.00    -0.09  
1.00    0.00    -0.00   1.57   
-0.00   1.00    0.00    -62.25 
0.00    -0.00   1.00    -0.09  
1.00    0.00    -0.00   1.57   
-0.00   1.00    0.00    -62.25 
0.00    -0.00   1.00    -0.09  
1.00    0.00    -0.00   1.57   
-0.00   1.00    0.00    -62.25 
0.00    -0.00   1.00    -0.09  
1.00    0.00    -0.00   1.57   
-0.00   1.00    0.00    -62.25 
0.00    -0.00   1.00    -0.09  
1.00    0.00    -0.00   1.57   
-0.00   1.00    0.00    -62.25 
0.00    -0.00   1.00    -0.09  
1.00    0.00    -0.00   1.57   
-0.00   1.00    0.00    -62.25 
0.00    -0.00   1.00    -0.09  
1.00    0.00    -0.00   1.57   
-0.00   1.00    0.00    -62.25 
0.00    -0.00   1.00    -0.09  
1.00    0.00    -0.00   1.57   
-0.00   1.00    0.00    -62.25 
0.00    -0.00   1.00    -0.09  
1.00    0.00    -0.00   1.57   
-0.00   1.00    0.00    -62.25 
0.00    -0.00   1.00    -0.09  
1.00    0.00    -0.00   1.57   
-0.00   1.00    0.00    -62.25 
0.00    -0.00   1.00    -0.09  
1.00    0.00    -0.00   1.57   
-0.00   1.00    0.00    -62.25 
0.00    -0.00   1.00    -0.09  
1.00    0.00    -0.00   1.57   
-0.00   1.00    0.00    -62.25 
0.00    -0.00   1.00    -0.09  
1.00    0.00    -0.00   1.57   
-0.00   1.00    0.00    -62.25 
0.00    -0.00   1.00    -0.09  
1.00    0.00    -0.00   1.57   
-0.00   1.00    0.00    -62.25 
0.00    -0.00   1.00    -0.09  
1.00    0.00    -0.00   1.57   
-0.00   1.00    0.00    -62.25 
0.00    -0.00   1.00    -0.09  
1.00    0.00    -0.00   1.57   
-0.00   1.00    0.00    -62.25 
0.00    -0.00   1.00    -0.09  
1.00    0.00    -0.00   1.57   
-0.00   1.00    0.00    -62.25 
0.00    -0.00   1.00    -0.09  
1.00    0.00    -0.00   1.57   
-0.00   1.00    0.00    -62.25 
0.00    -0.00   1.00    -0.09  
1.00    0.00    -0.00   1.57   
-0.00   1.00    0.00    -62.25 
0.00    -0.00   1.00    -0.09  
1.00    0.00    -0.00   1.57   
-0.00   1.00    0.00    -62.25 
0.00    -0.00   1.00    -0.09  
1.00    0.00    -0.00   1.57   
-0.00   1.00    0.00    -62.25 
0.00    -0.00   1.00    -0.09  
1.00    0.00    -0.00   1.57   
-0.00   1.00    0.00    -62.25 
0.00    -0.00   1.00    -0.09  
1.00    0.00    -0.00   1.57   
-0.00   1.00    0.00    -62.25 
0.00    -0.00   1.00    -0.09  
1.00    0.00    -0.00   1.57   
-0.00   1.00    0.00    -62.25 
0.00    -0.00   1.00    -0.09  
1.00    0.00    -0.00   1.57   
-0.00   1.00    0.00    -62.25 
0.00    -0.00   1.00    -0.09  
1.00    0.00    -0.00   1.57   
-0.00   1.00    0.00    -62.25 
0.00    -0.00   1.00    -0.09  
1.00    0.00    -0.00   1.57   
-0.00   1.00    0.00    -62.25 
0.00    -0.00   1.00    -0.09  
1.00    0.00    -0.00   1.57   
-0.00   1.00    0.00    -62.25 
0.00    -0.00   1.00    -0.09  
1.00    0.00    -0.00   1.57   
-0.00   1.00    0.00    -62.25 
0.00    -0.00   1.00    -0.09  
1.00    0.00    -0.00   1.57   
-0.00   1.00    0.00    -62.25 
0.00    -0.00   1.00    -0.09  
1.00    0.00    -0.00   1.57   
-0.00   1.00    0.00    -62.25 
0.00    -0.00   1.00    -0.09  
1.00    0.00    -0.00   1.57   
-0.00   1.00    0.00    -62.25 
0.00    -0.00   1.00    -0.09  
1.00    0.00    -0.00   1.57   
-0.00   1.00    0.00    -62.25 
0.00    -0.00   1.00    -0.09  
1.00    0.00    -0.00   1.57   
-0.00   1.00    0.00    -62.25 
0.00    -0.00   1.00    -0.09  
1.00    0.00    -0.00   1.57   
-0.00   1.00    0.00    -62.25 
0.00    -0.00   1.00    -0.09  
1.00    0.00    -0.00   1.57   
-0.00   1.00    0.00    -62.25 
0.00    -0.00   1.00    -0.09  
1.00    0.00    -0.00   1.57   
-0.00   1.00    0.00    -62.25 
0.00    -0.00   1.00    -0.09  
1.00    0.00    -0.00   1.57   
-0.00   1.00    0.00    -62.25 
0.00    -0.00   1.00    -0.09  
1.00    0.00    -0.00   1.57   
-0.00   1.00    0.00    -62.25 
0.00    -0.00   1.00    -0.09  
1.00    0.00    -0.00   1.57   
-0.00   1.00    0.00    -62.25 
0.00    -0.00   1.00    -0.09  
1.00    0.00    -0.00   1.57   
-0.00   1.00    0.00    -62.25 
0.00    -0.00   1.00    -0.09  
1.00    0.00    -0.00   1.57   
-0.00   1.00    0.00    -62.25 
0.00    -0.00   1.00    -0.09  
1.00    0.00    -0.00   1.57   
-0.00   1.00    0.00    -62.25 
0.00    -0.00   1.00    -0.09  
1.00    0.00    -0.00   1.57   
-0.00   1.00    0.00    -62.25 
0.00    -0.00   1.00    -0.09  
1.00    0.00    -0.00   1.57   
-0.00   1.00    0.00    -62.25 
0.00    -0.00   1.00    -0.09  
1.00    0.00    -0.00   1.57   
-0.00   1.00    0.00    -62.25 
0.00    -0.00   1.00    -0.09  
1.00    0.00    -0.00   1.57   
-0.00   1.00    0.00    -62.25 
0.00    -0.00   1.00    -0.09  
1.00    0.00    -0.00   1.57   
-0.00   1.00    0.00    -62.25 
0.00    -0.00   1.00    -0.09  
1.00    0.00    -0.00   1.57   
-0.00   1.00    0.00    -62.25 
0.00    -0.00   1.00    -0.09  
1.00    0.00    -0.00   1.57   
-0.00   1.00    0.00    -62.25 
0.00    -0.00   1.00    -0.09  
1.00    0.00    -0.00   1.57   
-0.00   1.00    0.00    -62.25 
0.00    -0.00   1.00    -0.09  
1.00    0.00    -0.00   1.57   
-0.00   1.00    0.00    -62.25 
0.00    -0.00   1.00    -0.09  
1.00    0.00    -0.00   1.57   
-0.00   1.00    0.00    -62.25 
0.00    -0.00   1.00    -0.09  
1.00    0.00    -0.00   1.57   
-0.00   1.00    0.00    -62.25 
0.00    -0.00   1.00    -0.09  
1.00    0.00    -0.00   1.57   
-0.00   1.00    0.00    -62.25 
0.00    -0.00   1.00    -0.09  
1.00    0.00    -0.00   1.57   
-0.00   1.00    0.00    -62.25 
0.00    -0.00   1.00    -0.09  
1.00    0.00    -0.00   1.57   
-0.00   1.00    0.00    -62.25 
0.00    -0.00   1.00    -0.09  
1.00    0.00    -0.00   1.57   
-0.00   1.00    0.00    -62.25 
0.00    -0.00   1.00    -0.09  
1.00    0.00    -0.00   1.57   
-0.00   1.00    0.00    -62.25 
0.00    -0.00   1.00    -0.09  
1.00    0.00    -0.00   1.57   
-0.00   1.00    0.00    -62.25 
0.00    -0.00   1.00    -0.09  
1.00    0.00    -0.00   1.57   
-0.00   1.00    0.00    -62.25 
0.00    -0.00   1.00    -0.09  
1.00    0.00    -0.00   1.57   
-0.00   1.00    0.00    -62.25 
0.00    -0.00   1.00    -0.09  
1.00    0.00    -0.00   1.57   
-0.00   1.00    0.00    -62.25 
0.00    -0.00   1.00    -0.09  
1.00    0.00    -0.00   1.57   
-0.00   1.00    0.00    -62.25 
0.00    -0.00   1.00    -0.09  
1.00    0.00    -0.00   1.57   
-0.00   1.00    0.00    -62.25 
0.00    -0.00   1.00    -0.09  
1.00    0.00    -0.00   1.57   
-0.00   1.00    0.00    -62.25 
0.00    -0.00   1.00    -0.09  
1.00    0.00    -0.00   1.57   
-0.00   1.00    0.00    -62.25 
0.00    -0.00   1.00    -0.09  
1.00    0.00    -0.00   1.57   
-0.00   1.00    0.00    -62.25 
0.00    -0.00   1.00    -0.09  
1.00    0.00    -0.00   1.57   
-0.00   1.00    0.00    -62.25 
0.00    -0.00   1.00    -0.09  
1.00    0.00    -0.00   1.57   
-0.00   1.00    0.00    -62.25 
0.00    -0.00   1.00    -0.09  
1.00    0.00    -0.00   1.57   
-0.00   1.00    0.00    -62.25 
0.00    -0.00   1.00    -0.09  
1.00    0.00    -0.00   1.57   
-0.00   1.00    0.00    -62.25 
0.00    -0.00   1.00    -0.09  
1.00    0.00    -0.00   1.57   
-0.00   1.00    0.00    -62.25 
0.00    -0.00   1.00    -0.09  
1.00    0.00    -0.00   1.57   
-0.00   1.00    0.00    -62.25 
0.00    -0.00   1.00    -0.09  
1.00    0.00    -0.00   1.57   
-0.00   1.00    0.00    -62.25 
0.00    -0.00   1.00    -0.09  
1.00    0.00    -0.00   1.57   
-0.00   1.00    0.00    -62.25 
0.00    -0.00   1.00    -0.09  
1.00    0.00    -0.00   1.57   
-0.00   1.00    0.00    -62.25 
0.00    -0.00   1.00    -0.09  
1.00    0.00    -0.00   1.57   
-0.00   1.00    0.00    -62.25 
0.00    -0.00   1.00    -0.09  
1.00    0.00    -0.00   1.57   
-0.00   1.00    0.00    -62.25 
0.00    -0.00   1.00    -0.09  
1.00    0.00    -0.00   1.57   
-0.00   1.00    0.00    -62.25 
0.00    -0.00   1.00    -0.09  
1.00    0.00    -0.00   1.57   
-0.00   1.00    0.00    -62.25 
0.00    -0.00   1.00    -0.09  
1.00    0.00    -0.00   1.57   
-0.00   1.00    0.00    -62.25 
0.00    -0.00   1.00    -0.09  
1.00    0.00    -0.00   1.57   
-0.00   1.00    0.00    -62.25 
0.00    -0.00   1.00    -0.09  
1.00    0.00    -0.00   1.57   
-0.00   1.00    0.00    -62.25 
0.00    -0.00   1.00    -0.09  
1.00    0.00    -0.00   1.57   
-0.00   1.00    0.00    -62.25 
0.00    -0.00   1.00    -0.09  
1.00    0.00    -0.00   1.57   
-0.00   1.00    0.00    -62.25 
0.00    -0.00   1.00    -0.09  
1.00    0.00    -0.00   1.57   
-0.00   1.00    0.00    -62.25 
0.00    -0.00   1.00    -0.09  
1.00    0.00    -0.00   1.57   
-0.00   1.00    0.00    -62.25 
0.00    -0.00   1.00    -0.09  
1.00    0.00    -0.00   1.57   
-0.00   1.00    0.00    -62.25 
0.00    -0.00   1.00    -0.09  
1.00    0.00    -0.00   1.57   
-0.00   1.00    0.00    -62.25 
0.00    -0.00   1.00    -0.09  
1.00    0.00    -0.00   1.57   
-0.00   1.00    0.00    -62.25 
0.00    -0.00   1.00    -0.09  
1.00    0.00    -0.00   1.57   
-0.00   1.00    0.00    -62.25 
0.00    -0.00   1.00    -0.09  
1.00    0.00    -0.00   1.57   
-0.00   1.00    0.00    -62.25 
0.00    -0.00   1.00    -0.09  
1.00    0.00    -0.00   1.57   
-0.00   1.00    0.00    -62.25 
0.00    -0.00   1.00    -0.09  
1.00    0.00    -0.00   1.57   
-0.00   1.00    0.00    -62.25 
0.00    -0.00   1.00    -0.09  
1.00    0.00    -0.00   1.57   
-0.00   1.00    0.00    -62.25 
0.00    -0.00   1.00    -0.09  
1.00    0.00    -0.00   1.57   
-0.00   1.00    0.00    -62.25 
0.00    -0.00   1.00    -0.09  
1.00    0.00    -0.00   1.57   
-0.00   1.00    0.00    -62.25 
0.00    -0.00   1.00    -0.09  
1.00    0.00    -0.00   1.57   
-0.00   1.00    0.00    -62.25 
0.00    -0.00   1.00    -0.09  
1.00    0.00    -0.00   1.57   
-0.00   1.00    0.00    -62.25 
0.00    -0.00   1.00    -0.09  
1.00    0.00    -0.00   1.57   
-0.00   1.00    0.00    -62.25 
0.00    -0.00   1.00    -0.09  
1.00    0.00    -0.00   1.57   
-0.00   1.00    0.00    -62.25 
0.00    -0.00   1.00    -0.09  
1.00    0.00    -0.00   1.57   
-0.00   1.00    0.00    -62.25 
0.00    -0.00   1.00    -0.09  
1.00    0.00    -0.00   1.57   
-0.00   1.00    0.00    -62.25 
0.00    -0.00   1.00    -0.09  
1.00    0.00    -0.00   1.57   
-0.00   1.00    0.00    -62.25 
0.00    -0.00   1.00    -0.09  
1.00    0.00    -0.00   1.57   
-0.00   1.00    0.00    -62.25 
0.00    -0.00   1.00    -0.09  
1.00    0.00    -0.00   1.57   
-0.00   1.00    0.00    -62.25 
0.00    -0.00   1.00    -0.09  
1.00    0.00    -0.00   1.57   
-0.00   1.00    0.00    -62.25 
0.00    -0.00   1.00    -0.09  
1.00    0.00    -0.00   1.57   
-0.00   1.00    0.00    -62.25 
0.00    -0.00   1.00    -0.09  
1.00    0.00    -0.00   1.57   
-0.00   1.00    0.00    -62.25 
0.00    -0.00   1.00    -0.09  
1.00    0.00    -0.00   1.57   
-0.00   1.00    0.00    -62.25 
0.00    -0.00   1.00    -0.09  
1.00    0.00    -0.00   1.57   
-0.00   1.00    0.00    -62.25 
0.00    -0.00   1.00    -0.09  
1.00    0.00    -0.00   1.57   
-0.00   1.00    0.00    -62.25 
0.00    -0.00   1.00    -0.09  
1.00    0.00    -0.00   1.57   
-0.00   1.00    0.00    -62.25 
0.00    -0.00   1.00    -0.09  
1.00    0.00    -0.00   1.57   
-0.00   1.00    0.00    -62.25 
0.00    -0.00   1.00    -0.09  
1.00    0.00    -0.00   1.57   
-0.00   1.00    0.00    -62.25 
0.00    -0.00   1.00    -0.09  
1.00    0.00    -0.00   1.57   
-0.00   1.00    0.00    -62.25 
0.00    -0.00   1.00    -0.09  
1.00    0.00    -0.00   1.57   
-0.00   1.00    0.00    -62.25 
0.00    -0.00   1.00    -0.09  
1.00    0.00    -0.00   1.57   
-0.00   1.00    0.00    -62.25 
0.00    -0.00   1.00    -0.09  
1.00    0.00    -0.00   1.57   
-0.00   1.00    0.00    -62.25 
0.00    -0.00   1.00    -0.09  
1.00    0.00    -0.00   1.57   
-0.00   1.00    0.00    -62.25 
0.00    -0.00   1.00    -0.09  
1.00    0.00    -0.00   1.57   
-0.00   1.00    0.00    -62.25 
0.00    -0.00   1.00    -0.09  
1.00    0.00    -0.00   1.57   
-0.00   1.00    0.00    -62.25 
0.00    -0.00   1.00    -0.09  
1.00    0.00    -0.00   1.57   
-0.00   1.00    0.00    -62.25 
0.00    -0.00   1.00    -0.09  
1.00    0.00    -0.00   1.57   
-0.00   1.00    0.00    -62.25 
0.00    -0.00   1.00    -0.09  
1.00    0.00    -0.00   1.57   
-0.00   1.00    0.00    -62.25 
0.00    -0.00   1.00    -0.09  
1.00    0.00    -0.00   1.57   
-0.00   1.00    0.00    -62.25 
0.00    -0.00   1.00    -0.09  
1.00    0.00    -0.00   1.57   
-0.00   1.00    0.00    -62.25 
0.00    -0.00   1.00    -0.09  
1.00    0.00    -0.00   1.57   
-0.00   1.00    0.00    -62.25 
0.00    -0.00   1.00    -0.09  
1.00    0.00    -0.00   1.57   
-0.00   1.00    0.00    -62.25 
0.00    -0.00   1.00    -0.09  
1.00    0.00    -0.00   1.57   
-0.00   1.00    0.00    -62.25 
0.00    -0.00   1.00    -0.09  
1.00    0.00    -0.00   1.57   
-0.00   1.00    0.00    -62.25 
0.00    -0.00   1.00    -0.09  
1.00    0.00    -0.00   1.57   
-0.00   1.00    0.00    -62.25 
0.00    -0.00   1.00    -0.09  
1.00    0.00    -0.00   1.57   
-0.00   1.00    0.00    -62.25 
0.00    -0.00   1.00    -0.09  
1.00    0.00    -0.00   1.57   
-0.00   1.00    0.00    -62.25 
0.00    -0.00   1.00    -0.09  
1.00    0.00    -0.00   1.57   
-0.00   1.00    0.00    -62.25 
0.00    -0.00   1.00    -0.09  
1.00    0.00    -0.00   1.57   
-0.00   1.00    0.00    -62.25 
0.00    -0.00   1.00    -0.09  
1.00    0.00    -0.00   1.57   
-0.00   1.00    0.00    -62.25 
0.00    -0.00   1.00    -0.09  
1.00    0.00    -0.00   1.57   
-0.00   1.00    0.00    -62.25 
0.00    -0.00   1.00    -0.09  
1.00    0.00    -0.00   1.57   
-0.00   1.00    0.00    -62.25 
0.00    -0.00   1.00    -0.09  
1.00    0.00    -0.00   1.57   
-0.00   1.00    0.00    -62.25 
0.00    -0.00   1.00    -0.09  
1.00    0.00    -0.00   1.57   
-0.00   1.00    0.00    -62.25 
0.00    -0.00   1.00    -0.09  
1.00    0.00    -0.00   1.57   
-0.00   1.00    0.00    -62.25 
0.00    -0.00   1.00    -0.09  
1.00    0.00    -0.00   1.57   
-0.00   1.00    0.00    -62.25 
0.00    -0.00   1.00    -0.09  
1.00    0.00    -0.00   1.57   
-0.00   1.00    0.00    -62.25 
0.00    -0.00   1.00    -0.09  
1.00    0.00    -0.00   1.57   
-0.00   1.00    0.00    -62.25 
0.00    -0.00   1.00    -0.09  
1.00    0.00    -0.00   1.57   
-0.00   1.00    0.00    -62.25 
0.00    -0.00   1.00    -0.09  
1.00    0.00    -0.00   1.57   
-0.00   1.00    0.00    -62.25 
0.00    -0.00   1.00    -0.09  
1.00    0.00    -0.00   1.57   
-0.00   1.00    0.00    -62.25 
0.00    -0.00   1.00    -0.09  
1.00    0.00    -0.00   1.57   
-0.00   1.00    0.00    -62.25 
0.00    -0.00   1.00    -0.09  
1.00    0.00    -0.00   1.57   
-0.00   1.00    0.00    -62.25 
0.00    -0.00   1.00    -0.09  
1.00    0.00    -0.00   1.57   
-0.00   1.00    0.00    -62.25 
0.00    -0.00   1.00    -0.09  
1.00    0.00    -0.00   1.57   
-0.00   1.00    0.00    -62.25 
0.00    -0.00   1.00    -0.09  
1.00    0.00    -0.00   1.57   
-0.00   1.00    0.00    -62.25 
0.00    -0.00   1.00    -0.09  
1.00    0.00    -0.00   1.57   
-0.00   1.00    0.00    -62.25 
0.00    -0.00   1.00    -0.09  
1.00    0.00    -0.00   1.57   
-0.00   1.00    0.00    -62.25 
0.00    -0.00   1.00    -0.09  
1.00    0.00    -0.00   1.57   
-0.00   1.00    0.00    -62.25 
0.00    -0.00   1.00    -0.09  
1.00    0.00    -0.00   1.57   
-0.00   1.00    0.00    -62.25 
0.00    -0.00   1.00    -0.09  
1.00    0.00    -0.00   1.57   
-0.00   1.00    0.00    -62.25 
0.00    -0.00   1.00    -0.09  
1.00    0.00    -0.00   1.57   
-0.00   1.00    0.00    -62.25 
0.00    -0.00   1.00    -0.09  
1.00    0.00    -0.00   1.57   
-0.00   1.00    0.00    -62.25 
0.00    -0.00   1.00    -0.09  
1.00    0.00    -0.00   1.57   
-0.00   1.00    0.00    -62.25 
0.00    -0.00   1.00    -0.09  
1.00    0.00    -0.00   1.57   
-0.00   1.00    0.00    -62.25 
0.00    -0.00   1.00    -0.09  
1.00    0.00    -0.00   1.57   
-0.00   1.00    0.00    -62.25 
0.00    -0.00   1.00    -0.09  
1.00    0.00    -0.00   1.57   
-0.00   1.00    0.00    -62.25 
0.00    -0.00   1.00    -0.09  
1.00    0.00    -0.00   1.57   
-0.00   1.00    0.00    -62.25 
0.00    -0.00   1.00    -0.09  
1.00    0.00    -0.00   1.57   
-0.00   1.00    0.00    -62.25 
0.00    -0.00   1.00    -0.09  
1.00    0.00    -0.00   1.57   
-0.00   1.00    0.00    -62.25 
0.00    -0.00   1.00    -0.09  
1.00    0.00    -0.00   1.57   
-0.00   1.00    0.00    -62.25 
0.00    -0.00   1.00    -0.09  
1.00    0.00    -0.00   1.57   
-0.00   1.00    0.00    -62.25 
0.00    -0.00   1.00    -0.09  
1.00    0.00    -0.00   1.57   
-0.00   1.00    0.00    -62.25 
0.00    -0.00   1.00    -0.09  
1.00    0.00    -0.00   1.57   
-0.00   1.00    0.00    -62.25 
0.00    -0.00   1.00    -0.09  
1.00    0.00    -0.00   1.57   
-0.00   1.00    0.00    -62.25 
0.00    -0.00   1.00    -0.09  
1.00    0.00    -0.00   1.57   
-0.00   1.00    0.00    -62.25 
0.00    -0.00   1.00    -0.09  
1.00    0.00    -0.00   1.57   
-0.00   1.00    0.00    -62.25 
0.00    -0.00   1.00    -0.09  
1.00    0.00    -0.00   1.57   
-0.00   1.00    0.00    -62.25 
0.00    -0.00   1.00    -0.09  
1.00    0.00    -0.00   1.57   
-0.00   1.00    0.00    -62.25 
0.00    -0.00   1.00    -0.09  
1.00    0.00    -0.00   1.57   
-0.00   1.00    0.00    -62.25 
0.00    -0.00   1.00    -0.09  
1.00    0.00    -0.00   1.57   
-0.00   1.00    0.00    -62.25 
0.00    -0.00   1.00    -0.09  
1.00    0.00    -0.00   1.57   
-0.00   1.00    0.00    -62.25 
0.00    -0.00   1.00    -0.09  
1.00    0.00    -0.00   1.57   
-0.00   1.00    0.00    -62.25 
0.00    -0.00   1.00    -0.09  
1.00    0.00    -0.00   1.57   
-0.00   1.00    0.00    -62.26 
0.00    -0.00   1.00    -0.09  
1.00    0.00    0.00    1.57   
-0.00   1.00    0.00    -62.27 
-0.00   -0.00   1.00    -0.09  
1.00    0.00    0.00    1.57   
-0.00   1.00    0.00    -62.28 
-0.00   -0.00   1.00    -0.09  
1.00    0.00    0.00    1.57   
-0.00   1.00    0.00    -62.29 
-0.00   -0.00   1.00    -0.09  
1.00    0.00    0.00    1.58   
-0.00   1.00    0.00    -62.31 
-0.00   -0.00   1.00    -0.09  
1.00    0.00    0.00    1.58   
-0.00   1.00    0.00    -62.34 
-0.00   -0.00   1.00    -0.09  
1.00    0.00    0.00    1.58   
-0.00   1.00    0.00    -62.38 
-0.00   -0.00   1.00    -0.09  
1.00    0.00    0.00    1.58   
-0.00   1.00    0.00    -62.42 
-0.00   -0.00   1.00    -0.09  
1.00    0.00    0.00    1.58   
-0.00   1.00    0.00    -62.47 
-0.00   -0.00   1.00    -0.09  
1.00    0.00    0.00    1.58   
-0.00   1.00    0.00    -62.52 
-0.00   -0.00   1.00    -0.09  
1.00    0.00    0.00    1.58   
-0.00   1.00    0.00    -62.59 
-0.00   -0.00   1.00    -0.09  
1.00    0.00    0.00    1.58   
-0.00   1.00    0.00    -62.66 
-0.00   -0.00   1.00    -0.09  
1.00    0.00    0.00    1.59   
-0.00   1.00    0.00    -62.74 
-0.00   -0.00   1.00    -0.09  
1.00    0.00    0.00    1.59   
-0.00   1.00    0.00    -62.82 
-0.00   -0.00   1.00    -0.09  
1.00    0.00    0.00    1.59   
-0.00   1.00    -0.00   -62.92 
-0.00   0.00    1.00    -0.09  
1.00    0.00    0.00    1.59   
-0.00   1.00    -0.00   -63.02 
-0.00   0.00    1.00    -0.09  
1.00    0.00    0.00    1.60   
-0.00   1.00    -0.00   -63.13 
-0.00   0.00    1.00    -0.09  
1.00    0.00    0.00    1.60   
-0.00   1.00    -0.00   -63.25 
-0.00   0.00    1.00    -0.09  
1.00    0.00    0.00    1.60   
-0.00   1.00    -0.00   -63.38 
-0.00   0.00    1.00    -0.09  
1.00    0.00    0.00    1.60   
-0.00   1.00    -0.00   -63.51 
-0.00   0.00    1.00    -0.09  
1.00    0.00    0.00    1.61   
-0.00   1.00    -0.00   -63.66 
-0.00   0.00    1.00    -0.09  
1.00    0.00    0.00    1.61   
-0.00   1.00    -0.00   -63.81 
-0.00   0.00    1.00    -0.09  
1.00    0.00    0.00    1.62   
-0.00   1.00    -0.00   -63.97 
-0.00   0.00    1.00    -0.09  
1.00    0.00    0.00    1.62   
-0.00   1.00    -0.00   -64.13 
-0.00   0.00    1.00    -0.09  
1.00    0.00    0.00    1.62   
-0.00   1.00    0.00    -64.31 
-0.00   -0.00   1.00    -0.09  
1.00    0.00    0.00    1.63   
-0.00   1.00    0.00    -64.49 
-0.00   -0.00   1.00    -0.09  
1.00    0.00    0.00    1.63   
-0.00   1.00    0.00    -64.68 
-0.00   -0.00   1.00    -0.09  
1.00    0.00    0.00    1.64   
-0.00   1.00    0.00    -64.88 
-0.00   -0.00   1.00    -0.09  
1.00    0.00    0.00    1.64   
-0.00   1.00    0.00    -65.08 
-0.00   -0.00   1.00    -0.09  
1.00    0.00    0.00    1.65   
-0.00   1.00    0.00    -65.29 
-0.00   -0.00   1.00    -0.09  
1.00    0.00    0.00    1.65   
-0.00   1.00    0.00    -65.51 
-0.00   -0.00   1.00    -0.09  
1.00    0.00    0.00    1.66   
-0.00   1.00    0.00    -65.74 
-0.00   -0.00   1.00    -0.09  
1.00    0.00    0.00    1.67   
-0.00   1.00    0.00    -65.98 
-0.00   -0.00   1.00    -0.09  
