1.00    -0.00   -0.00   0.00   
0.00    1.00    0.00    0.00   
0.00    -0.00   1.00    -0.00  
1.00    -0.00   -0.00   0.00   
0.00    1.00    0.00    0.00   
0.00    -0.00   1.00    0.01   
1.00    -0.00   -0.00   0.00   
0.00    1.00    0.00    0.00   
0.00    -0.00   1.00    0.02   
1.00    -0.00   -0.00   0.00   
0.00    1.00    0.00    0.00   
0.00    -0.00   1.00    0.03   
1.00    -0.00   -0.00   0.00   
0.00    1.00    0.00    0.00   
0.00    -0.00   1.00    0.04   
1.00    -0.00   -0.00   0.00   
0.00    1.00    0.00    0.00   
0.00    -0.00   1.00    0.05   
1.00    0.00    -0.00   0.00   
-0.00   1.00    0.00    0.01   
0.00    -0.00   1.00    0.06   
1.00    0.00    -0.00   -0.00  
-0.00   1.00    -0.00   0.02   
0.00    0.00    1.00    0.06   
1.00    0.00    -0.00   -0.00  
-0.00   1.00    -0.00   0.05   
0.00    0.00    1.00    0.07   
1.00    -0.00   -0.00   -0.00  
0.00    1.00    -0.00   0.08   
0.00    0.00    1.00    0.07   
1.00    -0.00   -0.00   -0.00  
0.00    1.00    -0.00   0.12   
0.00    0.00    1.00    0.08   
1.00    -0.00   -0.00   -0.00  
0.00    1.00    -0.00   0.17   
0.00    0.00    1.00    0.08   
1.00    -0.00   -0.00   -0.00  
0.00    1.00    -0.00   0.22   
0.00    0.00    1.00    0.08   
1.00    -0.00   -0.00   -0.00  
0.00    1.00    -0.00   0.28   
0.00    0.00    1.00    0.08   
1.00    -0.00   -0.00   -0.00  
0.00    1.00    -0.00   0.34   
0.00    0.00    1.00    0.08   
1.00    -0.00   -0.00   -0.00  
0.00    1.00    0.00    0.42   
0.00    -0.00   1.00    0.08   
1.00    -0.00   -0.00   -0.00  
0.00    1.00    0.00    0.49   
0.00    -0.00   1.00    0.08   
1.00    -0.00   -0.00   -0.00  
0.00    1.00    0.00    0.57   
0.00    -0.00   1.00    0.08   
1.00    -0.00   -0.00   -0.00  
0.00    1.00    0.00    0.66   
0.00    -0.00   1.00    0.07   
1.00    -0.00   -0.00   -0.00  
0.00    1.00    0.00    0.76   
0.00    -0.00   1.00    0.07   
1.00    -0.00   -0.00   -0.00  
0.00    1.00    0.00    0.86   
0.00    -0.00   1.00    0.07   
1.00    -0.00   -0.00   -0.00  
0.00    1.00    0.00    0.96   
0.00    -0.00   1.00    0.07   
1.00    -0.00   -0.00   -0.00  
0.00    1.00    0.00    1.07   
0.00    -0.00   1.00    0.07   
1.00    -0.00   -0.00   -0.00  
0.00    1.00    0.00    1.19   
0.00    -0.00   1.00    0.07   
1.00    -0.00   -0.00   -0.00  
0.00    1.00    0.00    1.31   
0.00    -0.00   1.00    0.07   
1.00    -0.00   -0.00   -0.00  
0.00    1.00    0.00    1.44   
0.00    -0.00   1.00    0.07   
1.00    -0.00   -0.00   -0.00  
0.00    1.00    0.00    1.57   
0.00    -0.00   1.00    0.07   
1.00    -0.00   -0.00   -0.00  
0.00    1.00    0.00    1.70   
0.00    -0.00   1.00    0.07   
1.00    -0.00   -0.00   -0.00  
0.00    1.00    0.00    1.85   
0.00    -0.00   1.00    0.07   
1.00    -0.00   -0.00   -0.00  
0.00    1.00    0.00    1.99   
0.00    -0.00   1.00    0.07   
1.00    -0.00   -0.00   -0.00  
0.00    1.00    0.00    2.14   
0.00    -0.00   1.00    0.07   
1.00    -0.00   -0.00   -0.00  
0.00    1.00    -0.00   2.30   
0.00    0.00    1.00    0.07   
1.00    -0.00   -0.00   -0.00  
0.00    1.00    -0.00   2.46   
0.00    0.00    1.00    0.07   
1.00    -0.00   -0.00   -0.00  
0.00    1.00    -0.00   2.63   
0.00    0.00    1.00    0.07   
1.00    -0.00   -0.00   -0.00  
0.00    1.00    -0.00   2.80   
0.00    0.00    1.00    0.07   
1.00    -0.00   -0.00   -0.00  
0.00    1.00    -0.00   2.98   
0.00    0.00    1.00    0.07   
1.00    -0.00   -0.00   -0.00  
0.00    1.00    -0.00   3.16   
0.00    0.00    1.00    0.07   
1.00    -0.00   -0.00   -0.00  
0.00    1.00    -0.00   3.34   
0.00    0.00    1.00    0.07   
1.00    -0.00   -0.00   -0.00  
0.00    1.00    -0.00   3.53   
0.00    0.00    1.00    0.07   
1.00    -0.00   -0.00   -0.00  
0.00    1.00    -0.00   3.71   
0.00    0.00    1.00    0.07   
1.00    -0.00   -0.00   -0.00  
0.00    1.00    -0.00   3.90   
0.00    0.00    1.00    0.07   
1.00    -0.00   -0.00   -0.00  
0.00    1.00    -0.00   4.10   
0.00    0.00    1.00    0.07   
1.00    -0.00   -0.00   -0.00  
0.00    1.00    -0.00   4.29   
0.00    0.00    1.00    0.07   
1.00    -0.00   -0.00   -0.00  
0.00    1.00    -0.00   4.50   
0.00    0.00    1.00    0.07   
1.00    -0.00   -0.00   -0.00  
0.00    1.00    0.00    4.70   
0.00    -0.00   1.00    0.07   
1.00    -0.00   -0.00   -0.00  
0.00    1.00    0.00    4.92   
0.00    -0.00   1.00    0.07   
1.00    -0.00   -0.00   -0.00  
0.00    1.00    0.00    5.13   
0.00    -0.00   1.00    0.07   
1.00    -0.00   -0.00   -0.00  
0.00    1.00    0.00    5.36   
0.00    -0.00   1.00    0.07   
1.00    -0.00   -0.00   -0.00  
0.00    1.00    0.00    5.58   
0.00    -0.00   1.00    0.07   
1.00    -0.00   -0.00   -0.00  
0.00    1.00    0.00    5.82   
0.00    -0.00   1.00    0.07   
1.00    -0.00   -0.00   -0.00  
0.00    1.00    0.00    6.05   
0.00    -0.00   1.00    0.07   
1.00    -0.00   -0.00   -0.00  
0.00    1.00    0.00    6.29   
0.00    -0.00   1.00    0.07   
1.00    -0.00   -0.00   -0.00  
0.00    1.00    0.00    6.54   
0.00    -0.00   1.00    0.07   
1.00    -0.00   -0.00   -0.00  
0.00    1.00    0.00    6.80   
0.00    -0.00   1.00    0.07   
1.00    -0.00   -0.00   -0.00  
0.00    1.00    0.00    7.05   
0.00    -0.00   1.00    0.07   
1.00    -0.00   -0.00   -0.00  
0.00    1.00    0.00    7.32   
0.00    -0.00   1.00    0.07   
1.00    -0.00   -0.00   -0.00  
0.00    1.00    -0.00   7.58   
0.00    0.00    1.00    0.07   
1.00    -0.00   -0.00   -0.00  
0.00    1.00    -0.00   7.86   
0.00    0.00    1.00    0.07   
1.00    -0.00   -0.00   -0.00  
0.00    1.00    -0.00   8.13   
0.00    0.00    1.00    0.07   
1.00    -0.00   -0.00   -0.00  
0.00    1.00    0.00    8.41   
0.00    -0.00   1.00    0.07   
1.00    -0.00   -0.00   -0.00  
0.00    1.00    0.00    8.69   
0.00    -0.00   1.00    0.07   
1.00    -0.00   -0.00   -0.00  
0.00    1.00    0.00    8.96   
0.00    -0.00   1.00    0.07   
1.00    -0.00   -0.00   -0.00  
0.00    1.00    0.00    9.24   
0.00    -0.00   1.00    0.07   
1.00    -0.00   -0.00   -0.00  
0.00    1.00    0.00    9.51   
0.00    -0.00   1.00    0.07   
1.00    -0.00   -0.00   -0.00  
0.00    1.00    0.00    9.79   
0.00    -0.00   1.00    0.07   
1.00    -0.00   -0.00   -0.00  
0.00    1.00    -0.00   10.06  
0.00    0.00    1.00    0.07   
1.00    -0.00   0.00    -0.00  
0.00    1.00    0.00    10.33  
-0.00   -0.00   1.00    0.07   
1.00    -0.00   0.00    -0.00  
0.00    1.00    -0.00   10.59  
-0.00   0.00    1.00    0.07   
1.00    -0.00   0.00    -0.00  
0.00    1.00    0.00    10.86  
-0.00   -0.00   1.00    0.07   
1.00    -0.00   0.00    -0.00  
0.00    1.00    0.00    11.13  
-0.00   -0.00   1.00    0.07   
1.00    -0.00   0.00    -0.00  
0.00    1.00    0.00    11.39  
-0.00   -0.00   1.00    0.07   
1.00    -0.00   0.00    -0.00  
0.00    1.00    0.00    11.66  
-0.00   -0.00   1.00    0.07   
1.00    -0.00   0.00    -0.00  
0.00    1.00    0.00    11.92  
-0.00   -0.00   1.00    0.07   
1.00    -0.00   0.00    -0.01  
0.00    1.00    0.00    12.18  
-0.00   -0.00   1.00    0.07   
1.00    -0.00   0.00    -0.01  
0.00    1.00    0.00    12.44  
-0.00   -0.00   1.00    0.07   
1.00    -0.00   0.00    -0.01  
0.00    1.00    0.00    12.70  
-0.00   -0.00   1.00    0.07   
1.00    -0.00   0.00    -0.01  
0.00    1.00    0.00    12.96  
-0.00   -0.00   1.00    0.07   
1.00    -0.00   0.00    -0.01  
0.00    1.00    0.00    13.22  
-0.00   -0.00   1.00    0.07   
1.00    -0.00   0.00    -0.01  
0.00    1.00    0.00    13.47  
-0.00   -0.00   1.00    0.07   
1.00    0.00    0.00    -0.01  
-0.00   1.00    0.00    13.72  
-0.00   -0.00   1.00    0.07   
1.00    0.00    0.00    -0.01  
-0.00   1.00    0.00    13.97  
-0.00   -0.00   1.00    0.07   
1.00    0.00    0.00    -0.01  
-0.00   1.00    0.00    14.22  
-0.00   -0.00   1.00    0.07   
1.00    0.00    0.00    -0.01  
-0.00   1.00    0.00    14.47  
-0.00   -0.00   1.00    0.07   
1.00    0.00    0.00    -0.01  
-0.00   1.00    -0.00   14.72  
-0.00   0.00    1.00    0.07   
1.00    0.00    0.00    -0.01  
-0.00   1.00    -0.00   14.96  
-0.00   0.00    1.00    0.07   
1.00    0.00    0.00    -0.01  
-0.00   1.00    -0.00   15.20  
-0.00   0.00    1.00    0.07   
1.00    -0.00   0.00    -0.01  
0.00    1.00    -0.00   15.44  
-0.00   0.00    1.00    0.07   
1.00    -0.00   0.00    -0.01  
0.00    1.00    -0.00   15.68  
-0.00   0.00    1.00    0.07   
1.00    -0.00   0.00    -0.01  
0.00    1.00    -0.00   15.91  
-0.00   0.00    1.00    0.07   
1.00    -0.00   0.00    -0.01  
0.00    1.00    -0.00   16.15  
-0.00   0.00    1.00    0.07   
1.00    -0.00   0.00    -0.01  
0.00    1.00    -0.00   16.38  
-0.00   0.00    1.00    0.07   
1.00    -0.00   0.00    -0.01  
0.00    1.00    -0.00   16.62  
-0.00   0.00    1.00    0.07   
1.00    -0.00   0.00    -0.01  
0.00    1.00    -0.00   16.85  
-0.00   0.00    1.00    0.07   
1.00    -0.00   0.00    -0.01  
0.00    1.00    -0.00   17.08  
-0.00   0.00    1.00    0.07   
1.00    -0.00   0.00    -0.01  
0.00    1.00    -0.00   17.30  
-0.00   0.00    1.00    0.07   
1.00    -0.00   0.00    -0.01  
0.00    1.00    0.00    17.53  
-0.00   -0.00   1.00    0.07   
1.00    -0.00   0.00    -0.01  
0.00    1.00    0.00    17.76  
-0.00   -0.00   1.00    0.07   
1.00    -0.00   0.00    -0.01  
0.00    1.00    0.00    17.98  
-0.00   -0.00   1.00    0.07   
1.00    -0.00   0.00    -0.01  
0.00    1.00    0.00    18.20  
-0.00   -0.00   1.00    0.07   
1.00    -0.00   0.00    -0.01  
0.00    1.00    0.00    18.42  
-0.00   -0.00   1.00    0.07   
1.00    -0.00   0.00    -0.01  
0.00    1.00    0.00    18.64  
-0.00   -0.00   1.00    0.07   
1.00    -0.00   0.00    -0.01  
0.00    1.00    0.00    18.86  
-0.00   -0.00   1.00    0.07   
1.00    -0.00   0.00    -0.01  
0.00    1.00    0.00    19.08  
-0.00   -0.00   1.00    0.07   
1.00    -0.00   0.00    -0.01  
0.00    1.00    0.00    19.29  
-0.00   -0.00   1.00    0.07   
1.00    -0.00   0.00    -0.01  
0.00    1.00    0.00    19.50  
-0.00   -0.00   1.00    0.07   
1.00    -0.00   0.00    -0.01  
0.00    1.00    0.00    19.72  
-0.00   -0.00   1.00    0.07   
1.00    -0.00   0.00    -0.01  
0.00    1.00    0.00    19.93  
-0.00   -0.00   1.00    0.07   
1.00    -0.00   0.00    -0.01  
0.00    1.00    0.00    20.14  
-0.00   -0.00   1.00    0.07   
1.00    -0.00   0.00    -0.01  
0.00    1.00    0.00    20.34  
-0.00   -0.00   1.00    0.07   
1.00    -0.00   0.00    -0.01  
0.00    1.00    0.00    20.55  
-0.00   -0.00   1.00    0.07   
1.00    -0.00   0.00    -0.01  
0.00    1.00    0.00    20.75  
-0.00   -0.00   1.00    0.07   
1.00    -0.00   0.00    -0.01  
0.00    1.00    0.00    20.95  
-0.00   -0.00   1.00    0.07   
1.00    -0.00   0.00    -0.01  
0.00    1.00    -0.00   21.15  
-0.00   0.00    1.00    0.07   
1.00    -0.00   0.00    -0.01  
0.00    1.00    0.00    21.34  
-0.00   -0.00   1.00    0.07   
1.00    -0.00   0.00    -0.01  
0.00    1.00    0.00    21.52  
-0.00   -0.00   1.00    0.07   
1.00    -0.00   0.00    -0.01  
0.00    1.00    0.00    21.67  
-0.00   -0.00   1.00    0.07   
1.00    -0.00   0.00    -0.01  
0.00    1.00    0.00    21.79  
-0.00   -0.00   1.00    0.07   
1.00    -0.00   0.00    -0.01  
0.00    1.00    0.00    21.88  
-0.00   -0.00   1.00    0.07   
1.00    -0.00   0.00    -0.01  
0.00    1.00    0.00    21.95  
-0.00   -0.00   1.00    0.07   
1.00    -0.00   0.00    -0.01  
0.00    1.00    0.00    21.99  
-0.00   -0.00   1.00    0.07   
1.00    -0.00   0.00    -0.01  
0.00    1.00    0.00    22.00  
-0.00   -0.00   1.00    0.07   
1.00    -0.00   0.00    -0.01  
0.00    1.00    0.00    22.00  
-0.00   -0.00   1.00    0.08   
1.00    -0.00   0.00    -0.01  
0.00    1.00    0.00    22.00  
-0.00   -0.00   1.00    0.08   
1.00    -0.00   0.00    -0.01  
0.00    1.00    0.00    22.00  
-0.00   -0.00   1.00    0.07   
1.00    0.00    0.00    -0.01  
-0.00   1.00    -0.00   22.00  
-0.00   0.00    1.00    0.07   
1.00    0.00    0.00    -0.01  
-0.00   1.00    -0.00   22.00  
-0.00   0.00    1.00    0.07   
1.00    0.00    0.00    -0.01  
-0.00   1.00    -0.00   22.00  
-0.00   0.00    1.00    0.07   
1.00    0.00    0.00    -0.01  
-0.00   1.00    -0.00   22.01  
-0.00   0.00    1.00    0.07   
1.00    0.00    0.00    -0.01  
-0.00   1.00    -0.00   22.01  
-0.00   0.00    1.00    0.07   
1.00    0.00    0.00    -0.01  
-0.00   1.00    -0.00   22.01  
-0.00   0.00    1.00    0.07   
1.00    0.00    0.00    -0.01  
-0.00   1.00    -0.00   22.01  
-0.00   0.00    1.00    0.07   
1.00    0.00    0.00    -0.01  
-0.00   1.00    -0.00   22.01  
-0.00   0.00    1.00    0.07   
1.00    0.00    0.00    -0.01  
-0.00   1.00    -0.00   22.01  
-0.00   0.00    1.00    0.07   
1.00    0.00    -0.00   -0.01  
-0.00   1.00    -0.00   22.01  
0.00    0.00    1.00    0.07   
1.00    0.00    -0.00   -0.01  
-0.00   1.00    -0.00   22.01  
0.00    0.00    1.00    0.07   
1.00    0.00    -0.00   -0.01  
-0.00   1.00    -0.00   22.01  
0.00    0.00    1.00    0.07   
1.00    0.00    -0.00   -0.01  
-0.00   1.00    -0.00   22.01  
0.00    0.00    1.00    0.07   
1.00    0.00    -0.00   -0.01  
-0.00   1.00    -0.00   22.01  
0.00    0.00    1.00    0.07   
1.00    0.00    -0.00   -0.01  
-0.00   1.00    -0.00   22.01  
0.00    0.00    1.00    0.07   
1.00    0.00    -0.00   -0.01  
-0.00   1.00    -0.00   22.01  
0.00    0.00    1.00    0.07   
1.00    0.00    -0.00   -0.01  
-0.00   1.00    0.00    22.01  
0.00    -0.00   1.00    0.07   
1.00    0.00    -0.00   -0.01  
-0.00   1.00    0.00    22.01  
0.00    -0.00   1.00    0.07   
1.00    0.00    -0.00   -0.01  
-0.00   1.00    0.00    22.01  
0.00    -0.00   1.00    0.07   
1.00    0.00    -0.00   -0.01  
-0.00   1.00    0.00    22.01  
0.00    -0.00   1.00    0.07   
1.00    0.00    -0.00   -0.01  
-0.00   1.00    0.00    22.01  
0.00    -0.00   1.00    0.07   
1.00    0.00    -0.00   -0.01  
-0.00   1.00    0.00    22.01  
0.00    -0.00   1.00    0.07   
1.00    0.00    -0.00   -0.01  
-0.00   1.00    0.00    22.01  
0.00    -0.00   1.00    0.07   
1.00    0.00    -0.00   -0.01  
-0.00   1.00    0.00    22.01  
0.00    -0.00   1.00    0.07   
1.00    0.00    0.00    -0.01  
-0.00   1.00    0.00    22.01  
-0.00   -0.00   1.00    0.07   
1.00    0.00    0.00    -0.01  
-0.00   1.00    0.00    22.01  
-0.00   -0.00   1.00    0.07   
1.00    0.00    0.00    -0.01  
-0.00   1.00    0.00    22.01  
-0.00   -0.00   1.00    0.07   
1.00    0.00    0.00    -0.01  
-0.00   1.00    0.00    22.01  
-0.00   -0.00   1.00    0.07   
1.00    0.00    0.00    -0.01  
-0.00   1.00    0.00    22.01  
-0.00   -0.00   1.00    0.07   
1.00    0.00    0.00    -0.01  
-0.00   1.00    0.00    22.01  
-0.00   -0.00   1.00    0.07   
1.00    0.00    0.00    -0.01  
-0.00   1.00    0.00    22.01  
-0.00   -0.00   1.00    0.07   
1.00    0.00    0.00    -0.01  
-0.00   1.00    0.00    22.01  
-0.00   -0.00   1.00    0.07   
1.00    0.00    0.00    -0.01  
-0.00   1.00    0.00    22.01  
-0.00   -0.00   1.00    0.07   
1.00    0.00    0.00    -0.01  
-0.00   1.00    0.00    22.01  
-0.00   -0.00   1.00    0.07   
1.00    0.00    0.00    -0.01  
-0.00   1.00    0.00    22.01  
-0.00   -0.00   1.00    0.07   
1.00    0.00    0.00    -0.01  
-0.00   1.00    0.00    22.01  
-0.00   -0.00   1.00    0.07   
1.00    0.00    0.00    -0.01  
-0.00   1.00    0.00    22.01  
-0.00   -0.00   1.00    0.07   
1.00    0.00    0.00    -0.01  
-0.00   1.00    0.00    22.01  
-0.00   -0.00   1.00    0.07   
1.00    0.00    0.00    -0.01  
-0.00   1.00    0.00    22.01  
-0.00   -0.00   1.00    0.07   
1.00    0.00    0.00    -0.01  
-0.00   1.00    0.00    22.01  
-0.00   -0.00   1.00    0.07   
1.00    0.00    0.00    -0.01  
-0.00   1.00    0.00    22.01  
-0.00   -0.00   1.00    0.07   
1.00    0.00    0.00    -0.01  
-0.00   1.00    0.00    22.01  
-0.00   -0.00   1.00    0.07   
1.00    0.00    0.00    -0.01  
-0.00   1.00    0.00    22.01  
-0.00   -0.00   1.00    0.07   
1.00    0.00    0.00    -0.01  
-0.00   1.00    0.00    22.01  
-0.00   -0.00   1.00    0.07   
1.00    0.00    0.00    -0.01  
-0.00   1.00    0.00    22.01  
-0.00   -0.00   1.00    0.07   
1.00    0.00    0.00    -0.01  
-0.00   1.00    0.00    22.01  
-0.00   -0.00   1.00    0.07   
1.00    0.00    0.00    -0.01  
-0.00   1.00    0.00    22.01  
-0.00   -0.00   1.00    0.07   
1.00    0.00    0.00    -0.01  
-0.00   1.00    0.00    22.01  
-0.00   -0.00   1.00    0.07   
1.00    0.00    0.00    -0.01  
-0.00   1.00    0.00    22.01  
-0.00   -0.00   1.00    0.07   
1.00    0.00    0.00    -0.01  
-0.00   1.00    0.00    22.01  
-0.00   -0.00   1.00    0.07   
1.00    0.00    0.00    -0.01  
-0.00   1.00    0.00    22.01  
-0.00   -0.00   1.00    0.07   
1.00    0.00    0.00    -0.01  
-0.00   1.00    0.00    22.01  
-0.00   -0.00   1.00    0.07   
1.00    0.00    0.00    -0.01  
-0.00   1.00    0.00    22.01  
-0.00   -0.00   1.00    0.07   
1.00    0.00    0.00    -0.01  
-0.00   1.00    0.00    22.01  
-0.00   -0.00   1.00    0.07   
1.00    0.00    0.00    -0.01  
-0.00   1.00    0.00    22.01  
-0.00   -0.00   1.00    0.07   
1.00    0.00    0.00    -0.01  
-0.00   1.00    0.00    22.01  
-0.00   -0.00   1.00    0.07   
1.00    0.00    0.00    -0.01  
-0.00   1.00    0.00    22.01  
-0.00   -0.00   1.00    0.07   
1.00    0.00    0.00    -0.01  
-0.00   1.00    0.00    22.01  
-0.00   -0.00   1.00    0.07   
1.00    0.00    0.00    -0.01  
-0.00   1.00    0.00    22.01  
-0.00   -0.00   1.00    0.07   
1.00    0.00    0.00    -0.01  
-0.00   1.00    0.00    22.01  
-0.00   -0.00   1.00    0.07   
1.00    0.00    0.00    -0.01  
-0.00   1.00    0.00    22.01  
-0.00   -0.00   1.00    0.07   
1.00    0.00    0.00    -0.01  
-0.00   1.00    0.00    22.01  
-0.00   -0.00   1.00    0.07   
1.00    0.00    0.00    -0.01  
-0.00   1.00    0.00    22.01  
-0.00   -0.00   1.00    0.07   
1.00    0.00    0.00    -0.01  
-0.00   1.00    0.00    22.01  
-0.00   -0.00   1.00    0.07   
1.00    0.00    0.00    -0.01  
-0.00   1.00    0.00    22.01  
-0.00   -0.00   1.00    0.07   
1.00    0.00    0.00    -0.01  
-0.00   1.00    0.00    22.01  
-0.00   -0.00   1.00    0.07   
1.00    0.00    0.00    -0.01  
-0.00   1.00    0.00    22.01  
-0.00   -0.00   1.00    0.07   
1.00    0.00    0.00    -0.01  
-0.00   1.00    0.00    22.01  
-0.00   -0.00   1.00    0.07   
1.00    0.00    0.00    -0.01  
-0.00   1.00    0.00    22.01  
-0.00   -0.00   1.00    0.07   
1.00    0.00    0.00    -0.01  
-0.00   1.00    0.00    22.01  
-0.00   -0.00   1.00    0.07   
1.00    0.00    0.00    -0.01  
-0.00   1.00    0.00    22.01  
-0.00   -0.00   1.00    0.07   
1.00    0.00    0.00    -0.01  
-0.00   1.00    0.00    22.01  
-0.00   -0.00   1.00    0.07   
1.00    0.00    0.00    -0.01  
-0.00   1.00    0.00    22.01  
-0.00   -0.00   1.00    0.07   
1.00    0.00    0.00    -0.01  
-0.00   1.00    0.00    22.01  
-0.00   -0.00   1.00    0.07   
1.00    0.00    0.00    -0.01  
-0.00   1.00    0.00    22.01  
-0.00   -0.00   1.00    0.07   
1.00    0.00    0.00    -0.01  
-0.00   1.00    0.00    22.01  
-0.00   -0.00   1.00    0.07   
1.00    0.00    0.00    -0.01  
-0.00   1.00    0.00    22.01  
-0.00   -0.00   1.00    0.07   
1.00    0.00    0.00    -0.01  
-0.00   1.00    0.00    22.01  
-0.00   -0.00   1.00    0.07   
1.00    0.00    0.00    -0.01  
-0.00   1.00    0.00    22.01  
-0.00   -0.00   1.00    0.07   
1.00    0.00    0.00    -0.01  
-0.00   1.00    0.00    22.01  
-0.00   -0.00   1.00    0.07   
1.00    0.00    0.00    -0.01  
-0.00   1.00    0.00    22.01  
-0.00   -0.00   1.00    0.07   
1.00    0.00    0.00    -0.01  
-0.00   1.00    0.00    22.01  
-0.00   -0.00   1.00    0.07   
1.00    0.00    0.00    -0.01  
-0.00   1.00    0.00    22.01  
-0.00   -0.00   1.00    0.07   
1.00    0.00    0.00    -0.01  
-0.00   1.00    0.00    22.01  
-0.00   -0.00   1.00    0.07   
1.00    0.00    0.00    -0.01  
-0.00   1.00    0.00    22.01  
-0.00   -0.00   1.00    0.07   
1.00    0.00    0.00    -0.01  
-0.00   1.00    0.00    22.01  
-0.00   -0.00   1.00    0.07   
1.00    0.00    0.00    -0.01  
-0.00   1.00    0.00    22.01  
-0.00   -0.00   1.00    0.07   
1.00    0.00    0.00    -0.01  
-0.00   1.00    0.00    22.01  
-0.00   -0.00   1.00    0.07   
1.00    0.00    0.00    -0.01  
-0.00   1.00    0.00    22.01  
-0.00   -0.00   1.00    0.07   
1.00    0.00    0.00    -0.01  
-0.00   1.00    0.00    22.01  
-0.00   -0.00   1.00    0.07   
1.00    0.00    0.00    -0.01  
-0.00   1.00    0.00    22.01  
-0.00   -0.00   1.00    0.07   
1.00    0.00    0.00    -0.01  
-0.00   1.00    0.00    22.01  
-0.00   -0.00   1.00    0.07   
1.00    0.00    0.00    -0.01  
-0.00   1.00    0.00    22.01  
-0.00   -0.00   1.00    0.07   
1.00    0.00    0.00    -0.01  
-0.00   1.00    0.00    22.01  
-0.00   -0.00   1.00    0.07   
1.00    0.00    0.00    -0.01  
-0.00   1.00    0.00    22.01  
-0.00   -0.00   1.00    0.07   
1.00    0.00    0.00    -0.01  
-0.00   1.00    0.00    22.01  
-0.00   -0.00   1.00    0.07   
1.00    0.00    0.00    -0.01  
-0.00   1.00    0.00    22.01  
-0.00   -0.00   1.00    0.07   
1.00    0.00    0.00    -0.01  
-0.00   1.00    0.00    22.01  
-0.00   -0.00   1.00    0.07   
1.00    0.00    0.00    -0.01  
-0.00   1.00    0.00    22.01  
-0.00   -0.00   1.00    0.07   
1.00    0.00    0.00    -0.01  
-0.00   1.00    0.00    22.01  
-0.00   -0.00   1.00    0.07   
1.00    0.00    0.00    -0.01  
-0.00   1.00    0.00    22.01  
-0.00   -0.00   1.00    0.07   
1.00    0.00    0.00    -0.01  
-0.00   1.00    0.00    22.01  
-0.00   -0.00   1.00    0.07   
1.00    0.00    0.00    -0.01  
-0.00   1.00    0.00    22.01  
-0.00   -0.00   1.00    0.07   
1.00    0.00    0.00    -0.01  
-0.00   1.00    0.00    22.01  
-0.00   -0.00   1.00    0.07   
1.00    0.00    0.00    -0.01  
-0.00   1.00    0.00    22.01  
-0.00   -0.00   1.00    0.07   
1.00    0.00    0.00    -0.01  
-0.00   1.00    0.00    22.01  
-0.00   -0.00   1.00    0.07   
1.00    0.00    0.00    -0.01  
-0.00   1.00    0.00    22.01  
-0.00   -0.00   1.00    0.07   
1.00    0.00    0.00    -0.01  
-0.00   1.00    0.00    22.01  
-0.00   -0.00   1.00    0.07   
1.00    0.00    0.00    -0.01  
-0.00   1.00    0.00    22.01  
-0.00   -0.00   1.00    0.07   
1.00    0.00    0.00    -0.01  
-0.00   1.00    0.00    22.01  
-0.00   -0.00   1.00    0.07   
1.00    0.00    0.00    -0.01  
-0.00   1.00    0.00    22.01  
-0.00   -0.00   1.00    0.07   
1.00    0.00    0.00    -0.01  
-0.00   1.00    0.00    22.01  
-0.00   -0.00   1.00    0.07   
1.00    0.00    0.00    -0.01  
-0.00   1.00    0.00    22.01  
-0.00   -0.00   1.00    0.07   
1.00    0.00    0.00    -0.01  
-0.00   1.00    0.00    22.01  
-0.00   -0.00   1.00    0.07   
1.00    0.00    0.00    -0.01  
-0.00   1.00    0.00    22.01  
-0.00   -0.00   1.00    0.07   
1.00    0.00    0.00    -0.01  
-0.00   1.00    0.00    22.01  
-0.00   -0.00   1.00    0.07   
1.00    0.00    0.00    -0.01  
-0.00   1.00    0.00    22.01  
-0.00   -0.00   1.00    0.07   
1.00    0.00    0.00    -0.01  
-0.00   1.00    0.00    22.01  
-0.00   -0.00   1.00    0.07   
1.00    0.00    0.00    -0.01  
-0.00   1.00    0.00    22.01  
-0.00   -0.00   1.00    0.07   
1.00    0.00    0.00    -0.01  
-0.00   1.00    0.00    22.01  
-0.00   -0.00   1.00    0.07   
1.00    0.00    0.00    -0.01  
-0.00   1.00    0.00    22.01  
-0.00   -0.00   1.00    0.07   
1.00    0.00    0.00    -0.01  
-0.00   1.00    0.00    22.01  
-0.00   -0.00   1.00    0.07   
1.00    0.00    0.00    -0.01  
-0.00   1.00    0.00    22.01  
-0.00   -0.00   1.00    0.07   
1.00    0.00    0.00    -0.01  
-0.00   1.00    0.00    22.01  
-0.00   -0.00   1.00    0.07   
1.00    0.00    0.00    -0.01  
-0.00   1.00    0.00    22.01  
-0.00   -0.00   1.00    0.07   
1.00    0.00    0.00    -0.01  
-0.00   1.00    0.00    22.01  
-0.00   -0.00   1.00    0.07   
1.00    0.00    0.00    -0.01  
-0.00   1.00    0.00    22.01  
-0.00   -0.00   1.00    0.07   
1.00    0.00    0.00    -0.01  
-0.00   1.00    0.00    22.01  
-0.00   -0.00   1.00    0.07   
1.00    0.00    0.00    -0.01  
-0.00   1.00    0.00    22.01  
-0.00   -0.00   1.00    0.07   
1.00    0.00    0.00    -0.01  
-0.00   1.00    0.00    22.01  
-0.00   -0.00   1.00    0.07   
1.00    0.00    0.00    -0.01  
-0.00   1.00    0.00    22.01  
-0.00   -0.00   1.00    0.07   
1.00    0.00    0.00    -0.01  
-0.00   1.00    0.00    22.01  
-0.00   -0.00   1.00    0.07   
1.00    0.00    0.00    -0.01  
-0.00   1.00    0.00    22.01  
-0.00   -0.00   1.00    0.07   
1.00    0.00    0.00    -0.01  
-0.00   1.00    0.00    22.01  
-0.00   -0.00   1.00    0.07   
1.00    0.00    0.00    -0.01  
-0.00   1.00    0.00    22.01  
-0.00   -0.00   1.00    0.07   
1.00    0.00    0.00    -0.01  
-0.00   1.00    0.00    22.01  
-0.00   -0.00   1.00    0.07   
1.00    0.00    0.00    -0.01  
-0.00   1.00    0.00    22.01  
-0.00   -0.00   1.00    0.07   
1.00    0.00    0.00    -0.01  
-0.00   1.00    0.00    22.01  
-0.00   -0.00   1.00    0.07   
1.00    0.00    0.00    -0.01  
-0.00   1.00    0.00    22.01  
-0.00   -0.00   1.00    0.07   
1.00    0.00    0.00    -0.01  
-0.00   1.00    0.00    22.01  
-0.00   -0.00   1.00    0.07   
1.00    0.00    0.00    -0.01  
-0.00   1.00    0.00    22.01  
-0.00   -0.00   1.00    0.07   
1.00    0.00    0.00    -0.01  
-0.00   1.00    0.00    22.01  
-0.00   -0.00   1.00    0.07   
1.00    0.00    0.00    -0.01  
-0.00   1.00    0.00    22.01  
-0.00   -0.00   1.00    0.07   
1.00    0.00    0.00    -0.01  
-0.00   1.00    0.00    22.01  
-0.00   -0.00   1.00    0.07   
1.00    0.00    0.00    -0.01  
-0.00   1.00    0.00    22.01  
-0.00   -0.00   1.00    0.07   
1.00    0.00    0.00    -0.01  
-0.00   1.00    0.00    22.01  
-0.00   -0.00   1.00    0.07   
1.00    0.00    0.00    -0.01  
-0.00   1.00    0.00    22.01  
-0.00   -0.00   1.00    0.07   
1.00    0.00    0.00    -0.01  
-0.00   1.00    0.00    22.01  
-0.00   -0.00   1.00    0.07   
1.00    0.00    0.00    -0.01  
-0.00   1.00    0.00    22.01  
-0.00   -0.00   1.00    0.07   
1.00    0.00    0.00    -0.01  
-0.00   1.00    0.00    22.01  
-0.00   -0.00   1.00    0.07   
1.00    0.00    0.00    -0.01  
-0.00   1.00    0.00    22.01  
-0.00   -0.00   1.00    0.07   
1.00    0.00    0.00    -0.01  
-0.00   1.00    0.00    22.01  
-0.00   -0.00   1.00    0.07   
1.00    0.00    0.00    -0.01  
-0.00   1.00    0.00    22.01  
-0.00   -0.00   1.00    0.07   
1.00    0.00    0.00    -0.01  
-0.00   1.00    0.00    22.01  
-0.00   -0.00   1.00    0.07   
1.00    0.00    0.00    -0.01  
-0.00   1.00    0.00    22.01  
-0.00   -0.00   1.00    0.07   
1.00    0.00    0.00    -0.01  
-0.00   1.00    0.00    22.01  
-0.00   -0.00   1.00    0.07   
1.00    0.00    0.00    -0.01  
-0.00   1.00    0.00    22.01  
-0.00   -0.00   1.00    0.07   
1.00    0.00    0.00    -0.01  
-0.00   1.00    0.00    22.01  
-0.00   -0.00   1.00    0.07   
1.00    0.00    0.00    -0.01  
-0.00   1.00    0.00    22.01  
-0.00   -0.00   1.00    0.07   
1.00    0.00    0.00    -0.01  
-0.00   1.00    0.00    22.01  
-0.00   -0.00   1.00    0.07   
1.00    0.00    0.00    -0.01  
-0.00   1.00    0.00    22.01  
-0.00   -0.00   1.00    0.07   
1.00    0.00    0.00    -0.01  
-0.00   1.00    0.00    22.01  
-0.00   -0.00   1.00    0.07   
1.00    0.00    0.00    -0.01  
-0.00   1.00    0.00    22.01  
-0.00   -0.00   1.00    0.07   
1.00    0.00    0.00    -0.01  
-0.00   1.00    0.00    22.01  
-0.00   -0.00   1.00    0.07   
1.00    0.00    0.00    -0.01  
-0.00   1.00    0.00    22.01  
-0.00   -0.00   1.00    0.07   
1.00    0.00    0.00    -0.01  
-0.00   1.00    0.00    22.01  
-0.00   -0.00   1.00    0.07   
1.00    0.00    0.00    -0.01  
-0.00   1.00    0.00    22.01  
-0.00   -0.00   1.00    0.07   
1.00    0.00    0.00    -0.01  
-0.00   1.00    0.00    22.01  
-0.00   -0.00   1.00    0.07   
1.00    0.00    0.00    -0.01  
-0.00   1.00    0.00    22.01  
-0.00   -0.00   1.00    0.07   
1.00    0.00    0.00    -0.01  
-0.00   1.00    0.00    22.01  
-0.00   -0.00   1.00    0.07   
1.00    0.00    0.00    -0.01  
-0.00   1.00    0.00    22.01  
-0.00   -0.00   1.00    0.07   
1.00    0.00    0.00    -0.01  
-0.00   1.00    0.00    22.01  
-0.00   -0.00   1.00    0.07   
1.00    0.00    0.00    -0.01  
-0.00   1.00    0.00    22.01  
-0.00   -0.00   1.00    0.07   
1.00    0.00    0.00    -0.01  
-0.00   1.00    0.00    22.01  
-0.00   -0.00   1.00    0.07   
1.00    0.00    0.00    -0.01  
-0.00   1.00    0.00    22.01  
-0.00   -0.00   1.00    0.07   
1.00    0.00    0.00    -0.01  
-0.00   1.00    0.00    22.01  
-0.00   -0.00   1.00    0.07   
1.00    0.00    0.00    -0.01  
-0.00   1.00    0.00    22.01  
-0.00   -0.00   1.00    0.07   
1.00    0.00    0.00    -0.01  
-0.00   1.00    0.00    22.01  
-0.00   -0.00   1.00    0.07   
1.00    0.00    0.00    -0.01  
-0.00   1.00    0.00    22.01  
-0.00   -0.00   1.00    0.07   
1.00    0.00    0.00    -0.01  
-0.00   1.00    0.00    22.01  
-0.00   -0.00   1.00    0.07   
1.00    0.00    0.00    -0.01  
-0.00   1.00    0.00    22.01  
-0.00   -0.00   1.00    0.07   
1.00    0.00    0.00    -0.01  
-0.00   1.00    0.00    22.01  
-0.00   -0.00   1.00    0.07   
1.00    0.00    0.00    -0.01  
-0.00   1.00    0.00    22.01  
-0.00   -0.00   1.00    0.07   
1.00    0.00    0.00    -0.01  
-0.00   1.00    0.00    22.01  
-0.00   -0.00   1.00    0.07   
1.00    0.00    0.00    -0.01  
-0.00   1.00    0.00    22.01  
-0.00   -0.00   1.00    0.07   
1.00    0.00    0.00    -0.01  
-0.00   1.00    0.00    22.01  
-0.00   -0.00   1.00    0.07   
1.00    0.00    0.00    -0.01  
-0.00   1.00    0.00    22.01  
-0.00   -0.00   1.00    0.07   
1.00    0.00    0.00    -0.01  
-0.00   1.00    0.00    22.01  
-0.00   -0.00   1.00    0.07   
1.00    0.00    0.00    -0.01  
-0.00   1.00    0.00    22.01  
-0.00   -0.00   1.00    0.07   
1.00    0.00    0.00    -0.01  
-0.00   1.00    0.00    22.01  
-0.00   -0.00   1.00    0.07   
1.00    0.00    0.00    -0.01  
-0.00   1.00    0.00    22.01  
-0.00   -0.00   1.00    0.07   
1.00    0.00    0.00    -0.01  
-0.00   1.00    0.00    22.01  
-0.00   -0.00   1.00    0.07   
1.00    0.00    0.00    -0.01  
-0.00   1.00    0.00    22.01  
-0.00   -0.00   1.00    0.07   
1.00    0.00    0.00    -0.01  
-0.00   1.00    0.00    22.01  
-0.00   -0.00   1.00    0.07   
1.00    0.00    0.00    -0.01  
-0.00   1.00    0.00    22.01  
-0.00   -0.00   1.00    0.07   
1.00    0.00    0.00    -0.01  
-0.00   1.00    0.00    22.01  
-0.00   -0.00   1.00    0.07   
1.00    0.00    0.00    -0.01  
-0.00   1.00    0.00    22.01  
-0.00   -0.00   1.00    0.07   
1.00    0.00    0.00    -0.01  
-0.00   1.00    0.00    22.01  
-0.00   -0.00   1.00    0.07   
1.00    0.00    0.00    -0.01  
-0.00   1.00    0.00    22.01  
-0.00   -0.00   1.00    0.07   
1.00    0.00    0.00    -0.01  
-0.00   1.00    0.00    22.01  
-0.00   -0.00   1.00    0.07   
1.00    0.00    0.00    -0.01  
-0.00   1.00    0.00    22.01  
-0.00   -0.00   1.00    0.07   
1.00    0.00    0.00    -0.01  
-0.00   1.00    0.00    22.01  
-0.00   -0.00   1.00    0.07   
1.00    0.00    0.00    -0.01  
-0.00   1.00    0.00    22.01  
-0.00   -0.00   1.00    0.07   
1.00    0.00    0.00    -0.01  
-0.00   1.00    0.00    22.01  
-0.00   -0.00   1.00    0.07   
1.00    0.00    0.00    -0.01  
-0.00   1.00    0.00    22.01  
-0.00   -0.00   1.00    0.07   
1.00    0.00    0.00    -0.01  
-0.00   1.00    0.00    22.01  
-0.00   -0.00   1.00    0.07   
1.00    0.00    0.00    -0.01  
-0.00   1.00    0.00    22.01  
-0.00   -0.00   1.00    0.07   
1.00    0.00    0.00    -0.01  
-0.00   1.00    0.00    22.01  
-0.00   -0.00   1.00    0.07   
1.00    0.00    0.00    -0.01  
-0.00   1.00    0.00    22.01  
-0.00   -0.00   1.00    0.07   
1.00    0.00    0.00    -0.01  
-0.00   1.00    0.00    22.01  
-0.00   -0.00   1.00    0.07   
1.00    0.00    0.00    -0.01  
-0.00   1.00    0.00    22.01  
-0.00   -0.00   1.00    0.07   
1.00    0.00    0.00    -0.01  
-0.00   1.00    0.00    22.01  
-0.00   -0.00   1.00    0.07   
1.00    0.00    0.00    -0.01  
-0.00   1.00    0.00    22.01  
-0.00   -0.00   1.00    0.07   
1.00    0.00    0.00    -0.01  
-0.00   1.00    0.00    22.01  
-0.00   -0.00   1.00    0.07   
1.00    0.00    0.00    -0.01  
-0.00   1.00    0.00    22.01  
-0.00   -0.00   1.00    0.07   
1.00    0.00    0.00    -0.01  
-0.00   1.00    0.00    22.01  
-0.00   -0.00   1.00    0.07   
1.00    0.00    0.00    -0.01  
-0.00   1.00    0.00    22.01  
-0.00   -0.00   1.00    0.07   
1.00    0.00    0.00    -0.01  
-0.00   1.00    0.00    22.01  
-0.00   -0.00   1.00    0.07   
1.00    0.00    0.00    -0.01  
-0.00   1.00    0.00    22.01  
-0.00   -0.00   1.00    0.07   
1.00    0.00    0.00    -0.01  
-0.00   1.00    0.00    22.01  
-0.00   -0.00   1.00    0.07   
1.00    0.00    0.00    -0.01  
-0.00   1.00    0.00    22.01  
-0.00   -0.00   1.00    0.07   
1.00    0.00    0.00    -0.01  
-0.00   1.00    0.00    22.01  
-0.00   -0.00   1.00    0.07   
1.00    0.00    0.00    -0.01  
-0.00   1.00    0.00    22.01  
-0.00   -0.00   1.00    0.07   
1.00    0.00    0.00    -0.01  
-0.00   1.00    0.00    22.01  
-0.00   -0.00   1.00    0.07   
1.00    0.00    0.00    -0.01  
-0.00   1.00    0.00    22.01  
-0.00   -0.00   1.00    0.07   
1.00    0.00    0.00    -0.01  
-0.00   1.00    0.00    22.01  
-0.00   -0.00   1.00    0.07   
1.00    0.00    0.00    -0.01  
-0.00   1.00    0.00    22.01  
-0.00   -0.00   1.00    0.07   
1.00    0.00    0.00    -0.01  
-0.00   1.00    0.00    22.01  
-0.00   -0.00   1.00    0.07   
1.00    0.00    0.00    -0.01  
-0.00   1.00    0.00    22.01  
-0.00   -0.00   1.00    0.07   
1.00    0.00    0.00    -0.01  
-0.00   1.00    0.00    22.01  
-0.00   -0.00   1.00    0.07   
1.00    0.00    0.00    -0.01  
-0.00   1.00    0.00    22.01  
-0.00   -0.00   1.00    0.07   
1.00    0.00    0.00    -0.01  
-0.00   1.00    0.00    22.01  
-0.00   -0.00   1.00    0.07   
1.00    0.00    0.00    -0.01  
-0.00   1.00    0.00    22.01  
-0.00   -0.00   1.00    0.07   
1.00    0.00    0.00    -0.01  
-0.00   1.00    0.00    22.01  
-0.00   -0.00   1.00    0.07   
1.00    0.00    0.00    -0.01  
-0.00   1.00    0.00    22.01  
-0.00   -0.00   1.00    0.07   
1.00    0.00    0.00    -0.01  
-0.00   1.00    0.00    22.01  
-0.00   -0.00   1.00    0.07   
1.00    0.00    0.00    -0.01  
-0.00   1.00    0.00    22.01  
-0.00   -0.00   1.00    0.07   
1.00    0.00    0.00    -0.01  
-0.00   1.00    0.00    22.01  
-0.00   -0.00   1.00    0.07   
1.00    0.00    0.00    -0.01  
-0.00   1.00    0.00    22.01  
-0.00   -0.00   1.00    0.07   
1.00    0.00    0.00    -0.01  
-0.00   1.00    0.00    22.01  
-0.00   -0.00   1.00    0.07   
1.00    0.00    0.00    -0.01  
-0.00   1.00    0.00    22.01  
-0.00   -0.00   1.00    0.07   
1.00    0.00    0.00    -0.01  
-0.00   1.00    0.00    22.01  
-0.00   -0.00   1.00    0.07   
1.00    0.00    0.00    -0.01  
-0.00   1.00    0.00    22.01  
-0.00   -0.00   1.00    0.07   
1.00    0.00    0.00    -0.01  
-0.00   1.00    0.00    22.01  
-0.00   -0.00   1.00    0.07   
1.00    0.00    0.00    -0.01  
-0.00   1.00    0.00    22.01  
-0.00   -0.00   1.00    0.07   
1.00    0.00    0.00    -0.01  
-0.00   1.00    0.00    22.01  
-0.00   -0.00   1.00    0.07   
1.00    0.00    0.00    -0.01  
-0.00   1.00    0.00    22.01  
-0.00   -0.00   1.00    0.07   
1.00    0.00    0.00    -0.01  
-0.00   1.00    0.00    22.01  
-0.00   -0.00   1.00    0.07   
1.00    0.00    0.00    -0.01  
-0.00   1.00    0.00    22.01  
-0.00   -0.00   1.00    0.07   
1.00    0.00    0.00    -0.01  
-0.00   1.00    0.00    22.01  
-0.00   -0.00   1.00    0.07   
1.00    0.00    0.00    -0.01  
-0.00   1.00    0.00    22.01  
-0.00   -0.00   1.00    0.07   
1.00    0.00    0.00    -0.01  
-0.00   1.00    0.00    22.01  
-0.00   -0.00   1.00    0.07   
1.00    0.00    0.00    -0.01  
-0.00   1.00    0.00    22.01  
-0.00   -0.00   1.00    0.07   
1.00    0.00    0.00    -0.01  
-0.00   1.00    0.00    22.01  
-0.00   -0.00   1.00    0.07   
1.00    0.00    0.00    -0.01  
-0.00   1.00    0.00    22.01  
-0.00   -0.00   1.00    0.07   
1.00    0.00    0.00    -0.01  
-0.00   1.00    0.00    22.01  
-0.00   -0.00   1.00    0.07   
1.00    0.00    0.00    -0.01  
-0.00   1.00    0.00    22.01  
-0.00   -0.00   1.00    0.07   
1.00    0.00    0.00    -0.01  
-0.00   1.00    0.00    22.01  
-0.00   -0.00   1.00    0.07   
1.00    0.00    0.00    -0.01  
-0.00   1.00    0.00    22.01  
-0.00   -0.00   1.00    0.07   
1.00    0.00    0.00    -0.01  
-0.00   1.00    0.00    22.01  
-0.00   -0.00   1.00    0.07   
1.00    0.00    0.00    -0.01  
-0.00   1.00    0.00    22.01  
-0.00   -0.00   1.00    0.07   
1.00    0.00    0.00    -0.01  
-0.00   1.00    0.00    22.01  
-0.00   -0.00   1.00    0.07   
1.00    0.00    0.00    -0.01  
-0.00   1.00    0.00    22.01  
-0.00   -0.00   1.00    0.07   
1.00    0.00    0.00    -0.01  
-0.00   1.00    0.00    22.01  
-0.00   -0.00   1.00    0.07   
1.00    0.00    0.00    -0.01  
-0.00   1.00    0.00    22.01  
-0.00   -0.00   1.00    0.07   
1.00    0.00    0.00    -0.01  
-0.00   1.00    0.00    22.01  
-0.00   -0.00   1.00    0.07   
1.00    0.00    0.00    -0.01  
-0.00   1.00    0.00    22.01  
-0.00   -0.00   1.00    0.07   
1.00    0.00    0.00    -0.01  
-0.00   1.00    0.00    22.01  
-0.00   -0.00   1.00    0.07   
1.00    0.00    0.00    -0.01  
-0.00   1.00    0.00    22.01  
-0.00   -0.00   1.00    0.07   
1.00    0.00    0.00    -0.01  
-0.00   1.00    0.00    22.01  
-0.00   -0.00   1.00    0.07   
1.00    0.00    0.00    -0.01  
-0.00   1.00    0.00    22.01  
-0.00   -0.00   1.00    0.07   
1.00    0.00    0.00    -0.01  
-0.00   1.00    0.00    22.01  
-0.00   -0.00   1.00    0.07   
1.00    0.00    0.00    -0.01  
-0.00   1.00    0.00    22.01  
-0.00   -0.00   1.00    0.07   
1.00    0.00    0.00    -0.01  
-0.00   1.00    0.00    22.01  
-0.00   -0.00   1.00    0.07   
1.00    0.00    0.00    -0.01  
-0.00   1.00    0.00    22.01  
-0.00   -0.00   1.00    0.07   
1.00    0.00    0.00    -0.01  
-0.00   1.00    0.00    22.01  
-0.00   -0.00   1.00    0.07   
1.00    0.00    0.00    -0.01  
-0.00   1.00    0.00    22.01  
-0.00   -0.00   1.00    0.07   
1.00    0.00    0.00    -0.01  
-0.00   1.00    0.00    22.01  
-0.00   -0.00   1.00    0.07   
1.00    0.00    0.00    -0.01  
-0.00   1.00    0.00    22.01  
-0.00   -0.00   1.00    0.07   
1.00    0.00    0.00    -0.01  
-0.00   1.00    0.00    22.01  
-0.00   -0.00   1.00    0.07   
1.00    0.00    0.00    -0.01  
-0.00   1.00    0.00    22.01  
-0.00   -0.00   1.00    0.07   
1.00    0.00    0.00    -0.01  
-0.00   1.00    0.00    22.01  
-0.00   -0.00   1.00    0.07   
1.00    0.00    0.00    -0.01  
-0.00   1.00    0.00    22.01  
-0.00   -0.00   1.00    0.07   
1.00    0.00    0.00    -0.01  
-0.00   1.00    0.00    22.01  
-0.00   -0.00   1.00    0.07   
1.00    0.00    0.00    -0.01  
-0.00   1.00    0.00    22.01  
-0.00   -0.00   1.00    0.07   
1.00    0.00    0.00    -0.01  
-0.00   1.00    0.00    22.01  
-0.00   -0.00   1.00    0.07   
1.00    0.00    0.00    -0.01  
-0.00   1.00    0.00    22.01  
-0.00   -0.00   1.00    0.07   
1.00    0.00    0.00    -0.01  
-0.00   1.00    0.00    22.01  
-0.00   -0.00   1.00    0.07   
1.00    0.00    0.00    -0.01  
-0.00   1.00    0.00    22.01  
-0.00   -0.00   1.00    0.07   
1.00    0.00    0.00    -0.01  
-0.00   1.00    0.00    22.01  
-0.00   -0.00   1.00    0.07   
1.00    0.00    0.00    -0.01  
-0.00   1.00    0.00    22.01  
-0.00   -0.00   1.00    0.07   
1.00    0.00    0.00    -0.01  
-0.00   1.00    0.00    22.01  
-0.00   -0.00   1.00    0.07   
1.00    0.00    0.00    -0.01  
-0.00   1.00    0.00    22.01  
-0.00   -0.00   1.00    0.07   
1.00    0.00    0.00    -0.01  
-0.00   1.00    0.00    22.01  
-0.00   -0.00   1.00    0.07   
1.00    0.00    0.00    -0.01  
-0.00   1.00    0.00    22.01  
-0.00   -0.00   1.00    0.07   
1.00    0.00    0.00    -0.01  
-0.00   1.00    0.00    22.01  
-0.00   -0.00   1.00    0.07   
1.00    0.00    0.00    -0.01  
-0.00   1.00    0.00    22.01  
-0.00   -0.00   1.00    0.07   
1.00    0.00    0.00    -0.01  
-0.00   1.00    0.00    22.01  
-0.00   -0.00   1.00    0.07   
1.00    0.00    0.00    -0.01  
-0.00   1.00    0.00    22.01  
-0.00   -0.00   1.00    0.07   
1.00    0.00    0.00    -0.01  
-0.00   1.00    0.00    22.01  
-0.00   -0.00   1.00    0.07   
1.00    0.00    0.00    -0.01  
-0.00   1.00    0.00    22.01  
-0.00   -0.00   1.00    0.07   
1.00    0.00    0.00    -0.01  
-0.00   1.00    0.00    22.01  
-0.00   -0.00   1.00    0.07   
1.00    0.00    0.00    -0.01  
-0.00   1.00    0.00    22.01  
-0.00   -0.00   1.00    0.07   
1.00    0.00    0.00    -0.01  
-0.00   1.00    0.00    22.01  
-0.00   -0.00   1.00    0.07   
1.00    0.00    0.00    -0.01  
-0.00   1.00    0.00    22.01  
-0.00   -0.00   1.00    0.07   
1.00    0.00    0.00    -0.01  
-0.00   1.00    0.00    22.01  
-0.00   -0.00   1.00    0.07   
1.00    0.00    0.00    -0.01  
-0.00   1.00    0.00    22.01  
-0.00   -0.00   1.00    0.07   
1.00    0.00    0.00    -0.01  
-0.00   1.00    0.00    22.01  
-0.00   -0.00   1.00    0.07   
1.00    0.00    0.00    -0.01  
-0.00   1.00    0.00    22.01  
-0.00   -0.00   1.00    0.07   
1.00    0.00    0.00    -0.01  
-0.00   1.00    0.00    22.01  
-0.00   -0.00   1.00    0.07   
1.00    0.00    0.00    -0.01  
-0.00   1.00    0.00    22.01  
-0.00   -0.00   1.00    0.07   
1.00    0.00    0.00    -0.01  
-0.00   1.00    0.00    22.01  
-0.00   -0.00   1.00    0.07   
1.00    0.00    0.00    -0.01  
-0.00   1.00    0.00    22.01  
-0.00   -0.00   1.00    0.07   
1.00    0.00    0.00    -0.01  
-0.00   1.00    0.00    22.01  
-0.00   -0.00   1.00    0.07   
1.00    0.00    0.00    -0.01  
-0.00   1.00    0.00    22.01  
-0.00   -0.00   1.00    0.07   
1.00    0.00    0.00    -0.01  
-0.00   1.00    0.00    22.01  
-0.00   -0.00   1.00    0.07   
1.00    0.00    0.00    -0.01  
-0.00   1.00    0.00    22.01  
-0.00   -0.00   1.00    0.07   
1.00    0.00    0.00    -0.01  
-0.00   1.00    0.00    22.01  
-0.00   -0.00   1.00    0.07   
1.00    0.00    0.00    -0.01  
-0.00   1.00    0.00    22.01  
-0.00   -0.00   1.00    0.07   
1.00    0.00    0.00    -0.01  
-0.00   1.00    0.00    22.01  
-0.00   -0.00   1.00    0.07   
1.00    0.00    0.00    -0.01  
-0.00   1.00    0.00    22.01  
-0.00   -0.00   1.00    0.07   
1.00    0.00    0.00    -0.01  
-0.00   1.00    0.00    22.01  
-0.00   -0.00   1.00    0.07   
1.00    0.00    0.00    -0.01  
-0.00   1.00    0.00    22.01  
-0.00   -0.00   1.00    0.07   
1.00    0.00    0.00    -0.01  
-0.00   1.00    0.00    22.01  
-0.00   -0.00   1.00    0.07   
1.00    0.00    0.00    -0.01  
-0.00   1.00    0.00    22.01  
-0.00   -0.00   1.00    0.07   
1.00    0.00    0.00    -0.01  
-0.00   1.00    0.00    22.01  
-0.00   -0.00   1.00    0.07   
1.00    0.00    0.00    -0.01  
-0.00   1.00    0.00    22.01  
-0.00   -0.00   1.00    0.07   
1.00    0.00    0.00    -0.01  
-0.00   1.00    0.00    22.01  
-0.00   -0.00   1.00    0.07   
1.00    0.00    0.00    -0.01  
-0.00   1.00    0.00    22.01  
-0.00   -0.00   1.00    0.07   
1.00    0.00    0.00    -0.01  
-0.00   1.00    0.00    22.01  
-0.00   -0.00   1.00    0.07   
1.00    0.00    0.00    -0.01  
-0.00   1.00    0.00    22.01  
-0.00   -0.00   1.00    0.07   
1.00    0.00    0.00    -0.01  
-0.00   1.00    0.00    22.01  
-0.00   -0.00   1.00    0.07   
1.00    0.00    0.00    -0.01  
-0.00   1.00    0.00    22.01  
-0.00   -0.00   1.00    0.07   
1.00    0.00    0.00    -0.01  
-0.00   1.00    0.00    22.01  
-0.00   -0.00   1.00    0.07   
1.00    0.00    0.00    -0.01  
-0.00   1.00    0.00    22.01  
-0.00   -0.00   1.00    0.07   
1.00    0.00    0.00    -0.01  
-0.00   1.00    0.00    22.01  
-0.00   -0.00   1.00    0.07   
1.00    0.00    0.00    -0.01  
-0.00   1.00    0.00    22.01  
-0.00   -0.00   1.00    0.07   
1.00    0.00    0.00    -0.01  
-0.00   1.00    0.00    22.01  
-0.00   -0.00   1.00    0.07   
1.00    0.00    0.00    -0.01  
-0.00   1.00    0.00    22.01  
-0.00   -0.00   1.00    0.07   
1.00    0.00    0.00    -0.01  
-0.00   1.00    0.00    22.01  
-0.00   -0.00   1.00    0.07   
1.00    0.00    0.00    -0.01  
-0.00   1.00    0.00    22.01  
-0.00   -0.00   1.00    0.07   
1.00    0.00    0.00    -0.01  
-0.00   1.00    0.00    22.01  
-0.00   -0.00   1.00    0.07   
1.00    0.00    0.00    -0.01  
-0.00   1.00    0.00    22.01  
-0.00   -0.00   1.00    0.07   
1.00    0.00    0.00    -0.01  
-0.00   1.00    0.00    22.01  
-0.00   -0.00   1.00    0.07   
1.00    0.00    0.00    -0.01  
-0.00   1.00    0.00    22.01  
-0.00   -0.00   1.00    0.07   
1.00    0.00    0.00    -0.01  
-0.00   1.00    0.00    22.01  
-0.00   -0.00   1.00    0.07   
1.00    0.00    0.00    -0.01  
-0.00   1.00    0.00    22.01  
-0.00   -0.00   1.00    0.07   
1.00    0.00    0.00    -0.01  
-0.00   1.00    0.00    22.01  
-0.00   -0.00   1.00    0.07   
1.00    0.00    0.00    -0.01  
-0.00   1.00    0.00    22.01  
-0.00   -0.00   1.00    0.07   
1.00    0.00    0.00    -0.01  
-0.00   1.00    0.00    22.01  
-0.00   -0.00   1.00    0.07   
1.00    0.00    0.00    -0.01  
-0.00   1.00    0.00    22.01  
-0.00   -0.00   1.00    0.07   
1.00    0.00    0.00    -0.01  
-0.00   1.00    0.00    22.01  
-0.00   -0.00   1.00    0.07   
1.00    0.00    0.00    -0.01  
-0.00   1.00    0.00    22.01  
-0.00   -0.00   1.00    0.07   
1.00    0.00    0.00    -0.01  
-0.00   1.00    0.00    22.01  
-0.00   -0.00   1.00    0.07   
1.00    0.00    0.00    -0.01  
-0.00   1.00    0.00    22.01  
-0.00   -0.00   1.00    0.07   
1.00    0.00    0.00    -0.01  
-0.00   1.00    0.00    22.01  
-0.00   -0.00   1.00    0.07   
1.00    0.00    0.00    -0.01  
-0.00   1.00    0.00    22.01  
-0.00   -0.00   1.00    0.07   
1.00    0.00    0.00    -0.01  
-0.00   1.00    0.00    22.01  
-0.00   -0.00   1.00    0.07   
1.00    0.00    0.00    -0.01  
-0.00   1.00    0.00    22.01  
-0.00   -0.00   1.00    0.07   
1.00    0.00    0.00    -0.01  
-0.00   1.00    0.00    22.01  
-0.00   -0.00   1.00    0.07   
1.00    0.00    0.00    -0.01  
-0.00   1.00    0.00    22.01  
-0.00   -0.00   1.00    0.07   
1.00    0.00    0.00    -0.01  
-0.00   1.00    0.00    22.01  
-0.00   -0.00   1.00    0.07   
1.00    0.00    0.00    -0.01  
-0.00   1.00    0.00    22.01  
-0.00   -0.00   1.00    0.07   
1.00    0.00    0.00    -0.01  
-0.00   1.00    0.00    22.01  
-0.00   -0.00   1.00    0.07   
1.00    0.00    0.00    -0.01  
-0.00   1.00    0.00    22.01  
-0.00   -0.00   1.00    0.07   
1.00    0.00    0.00    -0.01  
-0.00   1.00    0.00    22.01  
-0.00   -0.00   1.00    0.07   
1.00    0.00    0.00    -0.01  
-0.00   1.00    0.00    22.01  
-0.00   -0.00   1.00    0.07   
1.00    0.00    0.00    -0.01  
-0.00   1.00    0.00    22.01  
-0.00   -0.00   1.00    0.07   
1.00    0.00    0.00    -0.01  
-0.00   1.00    0.00    22.01  
-0.00   -0.00   1.00    0.07   
1.00    0.00    0.00    -0.01  
-0.00   1.00    0.00    22.01  
-0.00   -0.00   1.00    0.07   
1.00    0.00    0.00    -0.01  
-0.00   1.00    0.00    22.01  
-0.00   -0.00   1.00    0.07   
1.00    0.00    0.00    -0.01  
-0.00   1.00    0.00    22.01  
-0.00   -0.00   1.00    0.07   
1.00    0.00    0.00    -0.01  
-0.00   1.00    0.00    22.01  
-0.00   -0.00   1.00    0.07   
1.00    0.00    0.00    -0.01  
-0.00   1.00    0.00    22.01  
-0.00   -0.00   1.00    0.07   
1.00    0.00    0.00    -0.01  
-0.00   1.00    0.00    22.01  
-0.00   -0.00   1.00    0.07   
1.00    0.00    0.00    -0.01  
-0.00   1.00    0.00    22.01  
-0.00   -0.00   1.00    0.07   
1.00    0.00    0.00    -0.01  
-0.00   1.00    0.00    22.01  
-0.00   -0.00   1.00    0.07   
1.00    0.00    0.00    -0.01  
-0.00   1.00    0.00    22.01  
-0.00   -0.00   1.00    0.07   
1.00    0.00    0.00    -0.01  
-0.00   1.00    0.00    22.01  
-0.00   -0.00   1.00    0.07   
1.00    0.00    0.00    -0.01  
-0.00   1.00    0.00    22.01  
-0.00   -0.00   1.00    0.07   
1.00    0.00    0.00    -0.01  
-0.00   1.00    0.00    22.01  
-0.00   -0.00   1.00    0.07   
1.00    0.00    0.00    -0.01  
-0.00   1.00    0.00    22.01  
-0.00   -0.00   1.00    0.07   
1.00    0.00    0.00    -0.01  
-0.00   1.00    0.00    22.01  
-0.00   -0.00   1.00    0.07   
1.00    0.00    0.00    -0.01  
-0.00   1.00    0.00    22.01  
-0.00   -0.00   1.00    0.07   
1.00    0.00    0.00    -0.01  
-0.00   1.00    0.00    22.01  
-0.00   -0.00   1.00    0.07   
1.00    0.00    0.00    -0.01  
-0.00   1.00    0.00    22.01  
-0.00   -0.00   1.00    0.07   
1.00    0.00    0.00    -0.01  
-0.00   1.00    0.00    22.01  
-0.00   -0.00   1.00    0.07   
1.00    0.00    0.00    -0.01  
-0.00   1.00    0.00    22.01  
-0.00   -0.00   1.00    0.07   
1.00    0.00    0.00    -0.01  
-0.00   1.00    0.00    22.01  
-0.00   -0.00   1.00    0.07   
1.00    0.00    0.00    -0.01  
-0.00   1.00    0.00    22.01  
-0.00   -0.00   1.00    0.07   
1.00    0.00    0.00    -0.01  
-0.00   1.00    0.00    22.01  
-0.00   -0.00   1.00    0.07   
1.00    0.00    0.00    -0.01  
-0.00   1.00    0.00    22.01  
-0.00   -0.00   1.00    0.07   
1.00    0.00    0.00    -0.01  
-0.00   1.00    0.00    22.01  
-0.00   -0.00   1.00    0.07   
1.00    0.00    0.00    -0.01  
-0.00   1.00    0.00    22.01  
-0.00   -0.00   1.00    0.07   
1.00    0.00    0.00    -0.01  
-0.00   1.00    0.00    22.01  
-0.00   -0.00   1.00    0.07   
1.00    0.00    0.00    -0.01  
-0.00   1.00    0.00    22.01  
-0.00   -0.00   1.00    0.07   
1.00    0.00    0.00    -0.01  
-0.00   1.00    0.00    22.01  
-0.00   -0.00   1.00    0.07   
1.00    0.00    0.00    -0.01  
-0.00   1.00    0.00    22.01  
-0.00   -0.00   1.00    0.07   
1.00    0.00    0.00    -0.01  
-0.00   1.00    0.00    22.01  
-0.00   -0.00   1.00    0.07   
1.00    0.00    0.00    -0.01  
-0.00   1.00    0.00    22.01  
-0.00   -0.00   1.00    0.07   
1.00    0.00    0.00    -0.01  
-0.00   1.00    0.00    22.01  
-0.00   -0.00   1.00    0.07   
1.00    0.00    0.00    -0.01  
-0.00   1.00    0.00    22.01  
-0.00   -0.00   1.00    0.07   
1.00    0.00    0.00    -0.01  
-0.00   1.00    0.00    22.01  
-0.00   -0.00   1.00    0.07   
1.00    0.00    0.00    -0.01  
-0.00   1.00    0.00    22.01  
-0.00   -0.00   1.00    0.07   
1.00    0.00    0.00    -0.01  
-0.00   1.00    0.00    22.01  
-0.00   -0.00   1.00    0.07   
1.00    0.00    0.00    -0.01  
-0.00   1.00    0.00    22.01  
-0.00   -0.00   1.00    0.07   
1.00    0.00    0.00    -0.01  
-0.00   1.00    0.00    22.01  
-0.00   -0.00   1.00    0.07   
1.00    0.00    0.00    -0.01  
-0.00   1.00    0.00    22.01  
-0.00   -0.00   1.00    0.07   
1.00    0.00    0.00    -0.01  
-0.00   1.00    0.00    22.01  
-0.00   -0.00   1.00    0.07   
1.00    0.00    0.00    -0.01  
-0.00   1.00    0.00    22.01  
-0.00   -0.00   1.00    0.07   
1.00    0.00    0.00    -0.01  
-0.00   1.00    0.00    22.01  
-0.00   -0.00   1.00    0.07   
1.00    0.00    0.00    -0.01  
-0.00   1.00    0.00    22.01  
-0.00   -0.00   1.00    0.07   
1.00    0.00    0.00    -0.01  
-0.00   1.00    0.00    22.01  
-0.00   -0.00   1.00    0.07   
1.00    0.00    0.00    -0.01  
-0.00   1.00    0.00    22.01  
-0.00   -0.00   1.00    0.07   
1.00    0.00    0.00    -0.01  
-0.00   1.00    0.00    22.01  
-0.00   -0.00   1.00    0.07   
1.00    0.00    0.00    -0.01  
-0.00   1.00    0.00    22.01  
-0.00   -0.00   1.00    0.07   
1.00    0.00    0.00    -0.01  
-0.00   1.00    0.00    22.01  
-0.00   -0.00   1.00    0.07   
1.00    0.00    0.00    -0.01  
-0.00   1.00    0.00    22.01  
-0.00   -0.00   1.00    0.07   
1.00    0.00    0.00    -0.01  
-0.00   1.00    0.00    22.01  
-0.00   -0.00   1.00    0.07   
1.00    0.00    0.00    -0.01  
-0.00   1.00    0.00    22.01  
-0.00   -0.00   1.00    0.07   
1.00    0.00    0.00    -0.01  
-0.00   1.00    0.00    22.01  
-0.00   -0.00   1.00    0.07   
1.00    0.00    0.00    -0.01  
-0.00   1.00    0.00    22.01  
-0.00   -0.00   1.00    0.07   
1.00    0.00    0.00    -0.01  
-0.00   1.00    0.00    22.01  
-0.00   -0.00   1.00    0.07   
1.00    0.00    0.00    -0.01  
-0.00   1.00    0.00    22.01  
-0.00   -0.00   1.00    0.07   
1.00    0.00    0.00    -0.01  
-0.00   1.00    0.00    22.01  
-0.00   -0.00   1.00    0.07   
1.00    0.00    0.00    -0.01  
-0.00   1.00    0.00    22.01  
-0.00   -0.00   1.00    0.07   
1.00    0.00    0.00    -0.01  
-0.00   1.00    0.00    22.01  
-0.00   -0.00   1.00    0.07   
1.00    0.00    0.00    -0.01  
-0.00   1.00    0.00    22.01  
-0.00   -0.00   1.00    0.07   
1.00    0.00    0.00    -0.01  
-0.00   1.00    0.00    22.01  
-0.00   -0.00   1.00    0.07   
1.00    0.00    0.00    -0.01  
-0.00   1.00    0.00    22.01  
-0.00   -0.00   1.00    0.07   
1.00    0.00    0.00    -0.01  
-0.00   1.00    0.00    22.01  
-0.00   -0.00   1.00    0.07   
1.00    0.00    0.00    -0.01  
-0.00   1.00    0.00    22.01  
-0.00   -0.00   1.00    0.07   
1.00    0.00    0.00    -0.01  
-0.00   1.00    0.00    22.01  
-0.00   -0.00   1.00    0.07   
1.00    0.00    0.00    -0.01  
-0.00   1.00    0.00    22.01  
-0.00   -0.00   1.00    0.07   
1.00    0.00    0.00    -0.01  
-0.00   1.00    0.00    22.01  
-0.00   -0.00   1.00    0.07   
1.00    0.00    0.00    -0.01  
-0.00   1.00    0.00    22.01  
-0.00   -0.00   1.00    0.07   
1.00    0.00    0.00    -0.01  
-0.00   1.00    0.00    22.01  
-0.00   -0.00   1.00    0.07   
1.00    0.00    0.00    -0.01  
-0.00   1.00    0.00    22.01  
-0.00   -0.00   1.00    0.07   
1.00    0.00    0.00    -0.01  
-0.00   1.00    0.00    22.01  
-0.00   -0.00   1.00    0.07   
1.00    0.00    0.00    -0.01  
-0.00   1.00    0.00    22.01  
-0.00   -0.00   1.00    0.07   
1.00    0.00    0.00    -0.01  
-0.00   1.00    0.00    22.01  
-0.00   -0.00   1.00    0.07   
1.00    0.00    0.00    -0.01  
-0.00   1.00    0.00    22.01  
-0.00   -0.00   1.00    0.07   
1.00    0.00    0.00    -0.01  
-0.00   1.00    0.00    22.01  
-0.00   -0.00   1.00    0.07   
1.00    0.00    0.00    -0.01  
-0.00   1.00    0.00    22.01  
-0.00   -0.00   1.00    0.07   
1.00    0.00    0.00    -0.01  
-0.00   1.00    0.00    22.01  
-0.00   -0.00   1.00    0.07   
1.00    0.00    0.00    -0.01  
-0.00   1.00    0.00    22.01  
-0.00   -0.00   1.00    0.07   
1.00    0.00    0.00    -0.01  
-0.00   1.00    0.00    22.01  
-0.00   -0.00   1.00    0.07   
1.00    0.00    0.00    -0.01  
-0.00   1.00    0.00    22.01  
-0.00   -0.00   1.00    0.07   
1.00    0.00    0.00    -0.01  
-0.00   1.00    0.00    22.01  
-0.00   -0.00   1.00    0.07   
1.00    0.00    0.00    -0.01  
-0.00   1.00    0.00    22.01  
-0.00   -0.00   1.00    0.07   
1.00    0.00    0.00    -0.01  
-0.00   1.00    0.00    22.01  
-0.00   -0.00   1.00    0.07   
1.00    0.00    0.00    -0.01  
-0.00   1.00    0.00    22.01  
-0.00   -0.00   1.00    0.07   
1.00    0.00    0.00    -0.01  
-0.00   1.00    0.00    22.01  
-0.00   -0.00   1.00    0.07   
1.00    0.00    0.00    -0.01  
-0.00   1.00    0.00    22.01  
-0.00   -0.00   1.00    0.07   
1.00    0.00    0.00    -0.01  
-0.00   1.00    0.00    22.01  
-0.00   -0.00   1.00    0.07   
1.00    0.00    0.00    -0.01  
-0.00   1.00    0.00    22.01  
-0.00   -0.00   1.00    0.07   
1.00    0.00    0.00    -0.01  
-0.00   1.00    0.00    22.01  
-0.00   -0.00   1.00    0.07   
1.00    0.00    0.00    -0.01  
-0.00   1.00    0.00    22.01  
-0.00   -0.00   1.00    0.07   
1.00    0.00    0.00    -0.01  
-0.00   1.00    0.00    22.01  
-0.00   -0.00   1.00    0.07   
1.00    0.00    0.00    -0.01  
-0.00   1.00    0.00    22.01  
-0.00   -0.00   1.00    0.07   
1.00    0.00    0.00    -0.01  
-0.00   1.00    0.00    22.01  
-0.00   -0.00   1.00    0.07   
1.00    0.00    0.00    -0.01  
-0.00   1.00    0.00    22.01  
-0.00   -0.00   1.00    0.07   
1.00    0.00    0.00    -0.01  
-0.00   1.00    0.00    22.01  
-0.00   -0.00   1.00    0.07   
1.00    0.00    0.00    -0.01  
-0.00   1.00    0.00    22.01  
-0.00   -0.00   1.00    0.07   
1.00    0.00    0.00    -0.01  
-0.00   1.00    0.00    22.01  
-0.00   -0.00   1.00    0.07   
1.00    0.00    0.00    -0.01  
-0.00   1.00    0.00    22.01  
-0.00   -0.00   1.00    0.07   
1.00    0.00    0.00    -0.01  
-0.00   1.00    0.00    22.01  
-0.00   -0.00   1.00    0.07   
1.00    0.00    0.00    -0.01  
-0.00   1.00    0.00    22.01  
-0.00   -0.00   1.00    0.07   
1.00    0.00    0.00    -0.01  
-0.00   1.00    0.00    22.01  
-0.00   -0.00   1.00    0.07   
1.00    0.00    0.00    -0.01  
-0.00   1.00    0.00    22.01  
-0.00   -0.00   1.00    0.07   
1.00    0.00    0.00    -0.01  
-0.00   1.00    0.00    22.01  
-0.00   -0.00   1.00    0.07   
1.00    0.00    0.00    -0.01  
-0.00   1.00    0.00    22.01  
-0.00   -0.00   1.00    0.07   
1.00    0.00    0.00    -0.01  
-0.00   1.00    0.00    22.01  
-0.00   -0.00   1.00    0.07   
1.00    0.00    0.00    -0.01  
-0.00   1.00    0.00    22.01  
-0.00   -0.00   1.00    0.07   
1.00    0.00    0.00    -0.01  
-0.00   1.00    0.00    22.01  
-0.00   -0.00   1.00    0.07   
1.00    0.00    0.00    -0.01  
-0.00   1.00    0.00    22.01  
-0.00   -0.00   1.00    0.07   
1.00    0.00    0.00    -0.01  
-0.00   1.00    0.00    22.01  
-0.00   -0.00   1.00    0.07   
1.00    0.00    0.00    -0.01  
-0.00   1.00    0.00    22.01  
-0.00   -0.00   1.00    0.07   
1.00    0.00    0.00    -0.01  
-0.00   1.00    0.00    22.01  
-0.00   -0.00   1.00    0.07   
1.00    0.00    0.00    -0.01  
-0.00   1.00    0.00    22.01  
-0.00   -0.00   1.00    0.07   
1.00    0.00    0.00    -0.01  
-0.00   1.00    0.00    22.01  
-0.00   -0.00   1.00    0.07   
1.00    0.00    0.00    -0.01  
-0.00   1.00    0.00    22.01  
-0.00   -0.00   1.00    0.07   
1.00    0.00    0.00    -0.01  
-0.00   1.00    0.00    22.01  
-0.00   -0.00   1.00    0.07   
1.00    0.00    0.00    -0.01  
-0.00   1.00    0.00    22.01  
-0.00   -0.00   1.00    0.07   
1.00    0.00    0.00    -0.01  
-0.00   1.00    0.00    22.01  
-0.00   -0.00   1.00    0.07   
1.00    0.00    0.00    -0.01  
-0.00   1.00    0.00    22.01  
-0.00   -0.00   1.00    0.07   
1.00    0.00    0.00    -0.01  
-0.00   1.00    0.00    22.01  
-0.00   -0.00   1.00    0.07   
1.00    0.00    0.00    -0.01  
-0.00   1.00    0.00    22.01  
-0.00   -0.00   1.00    0.07   
1.00    0.00    0.00    -0.01  
-0.00   1.00    0.00    22.01  
-0.00   -0.00   1.00    0.07   
1.00    0.00    0.00    -0.01  
-0.00   1.00    0.00    22.01  
-0.00   -0.00   1.00    0.07   
1.00    0.00    0.00    -0.01  
-0.00   1.00    0.00    22.01  
-0.00   -0.00   1.00    0.07   
1.00    0.00    0.00    -0.01  
-0.00   1.00    0.00    22.01  
-0.00   -0.00   1.00    0.07   
1.00    0.00    0.00    -0.01  
-0.00   1.00    0.00    22.01  
-0.00   -0.00   1.00    0.07   
1.00    0.00    0.00    -0.01  
-0.00   1.00    0.00    22.01  
-0.00   -0.00   1.00    0.07   
1.00    0.00    0.00    -0.01  
-0.00   1.00    0.00    22.01  
-0.00   -0.00   1.00    0.07   
1.00    0.00    0.00    -0.01  
-0.00   1.00    0.00    22.01  
-0.00   -0.00   1.00    0.07   
1.00    0.00    0.00    -0.01  
-0.00   1.00    0.00    22.01  
-0.00   -0.00   1.00    0.07   
1.00    0.00    0.00    -0.01  
-0.00   1.00    0.00    22.01  
-0.00   -0.00   1.00    0.07   
1.00    0.00    0.00    -0.01  
-0.00   1.00    0.00    22.01  
-0.00   -0.00   1.00    0.07   
1.00    0.00    0.00    -0.01  
-0.00   1.00    0.00    22.01  
-0.00   -0.00   1.00    0.07   
1.00    0.00    0.00    -0.01  
-0.00   1.00    0.00    22.01  
-0.00   -0.00   1.00    0.07   
1.00    0.00    0.00    -0.01  
-0.00   1.00    0.00    22.01  
-0.00   -0.00   1.00    0.07   
1.00    0.00    0.00    -0.01  
-0.00   1.00    0.00    22.01  
-0.00   -0.00   1.00    0.07   
1.00    0.00    0.00    -0.01  
-0.00   1.00    0.00    22.01  
-0.00   -0.00   1.00    0.07   
1.00    0.00    0.00    -0.01  
-0.00   1.00    0.00    22.01  
-0.00   -0.00   1.00    0.07   
1.00    0.00    0.00    -0.01  
-0.00   1.00    0.00    22.01  
-0.00   -0.00   1.00    0.07   
1.00    0.00    0.00    -0.01  
-0.00   1.00    0.00    22.01  
-0.00   -0.00   1.00    0.07   
1.00    0.00    0.00    -0.01  
-0.00   1.00    0.00    22.01  
-0.00   -0.00   1.00    0.07   
1.00    0.00    0.00    -0.01  
-0.00   1.00    0.00    22.01  
-0.00   -0.00   1.00    0.07   
1.00    0.00    0.00    -0.01  
-0.00   1.00    0.00    22.01  
-0.00   -0.00   1.00    0.07   
1.00    0.00    0.00    -0.01  
-0.00   1.00    0.00    22.01  
-0.00   -0.00   1.00    0.07   
1.00    0.00    0.00    -0.01  
-0.00   1.00    0.00    22.01  
-0.00   -0.00   1.00    0.07   
1.00    0.00    0.00    -0.01  
-0.00   1.00    0.00    22.01  
-0.00   -0.00   1.00    0.07   
1.00    0.00    0.00    -0.01  
-0.00   1.00    0.00    22.01  
-0.00   -0.00   1.00    0.07   
1.00    0.00    0.00    -0.01  
-0.00   1.00    0.00    22.01  
-0.00   -0.00   1.00    0.07   
1.00    0.00    0.00    -0.01  
-0.00   1.00    0.00    22.01  
-0.00   -0.00   1.00    0.07   
1.00    0.00    0.00    -0.01  
-0.00   1.00    0.00    22.01  
-0.00   -0.00   1.00    0.07   
1.00    0.00    0.00    -0.01  
-0.00   1.00    0.00    22.01  
-0.00   -0.00   1.00    0.07   
1.00    0.00    0.00    -0.01  
-0.00   1.00    0.00    22.01  
-0.00   -0.00   1.00    0.07   
1.00    0.00    0.00    -0.01  
-0.00   1.00    0.00    22.01  
-0.00   -0.00   1.00    0.07   
1.00    0.00    0.00    -0.01  
-0.00   1.00    0.00    22.01  
-0.00   -0.00   1.00    0.07   
1.00    0.00    0.00    -0.01  
-0.00   1.00    0.00    22.01  
-0.00   -0.00   1.00    0.07   
1.00    0.00    0.00    -0.01  
-0.00   1.00    0.00    22.01  
-0.00   -0.00   1.00    0.07   
1.00    0.00    0.00    -0.01  
-0.00   1.00    0.00    22.01  
-0.00   -0.00   1.00    0.07   
1.00    0.00    0.00    -0.01  
-0.00   1.00    0.00    22.01  
-0.00   -0.00   1.00    0.07   
1.00    0.00    0.00    -0.01  
-0.00   1.00    0.00    22.01  
-0.00   -0.00   1.00    0.07   
1.00    0.00    0.00    -0.01  
-0.00   1.00    0.00    22.01  
-0.00   -0.00   1.00    0.07   
1.00    0.00    0.00    -0.01  
-0.00   1.00    0.00    22.01  
-0.00   -0.00   1.00    0.07   
1.00    0.00    0.00    -0.01  
-0.00   1.00    0.00    22.01  
-0.00   -0.00   1.00    0.07   
1.00    0.00    0.00    -0.01  
-0.00   1.00    0.00    22.01  
-0.00   -0.00   1.00    0.07   
1.00    0.00    0.00    -0.01  
-0.00   1.00    0.00    22.01  
-0.00   -0.00   1.00    0.07   
1.00    0.00    0.00    -0.01  
-0.00   1.00    0.00    22.01  
-0.00   -0.00   1.00    0.07   
1.00    0.00    0.00    -0.01  
-0.00   1.00    0.00    22.01  
-0.00   -0.00   1.00    0.07   
1.00    0.00    0.00    -0.01  
-0.00   1.00    0.00    22.01  
-0.00   -0.00   1.00    0.07   
1.00    0.00    0.00    -0.01  
-0.00   1.00    0.00    22.01  
-0.00   -0.00   1.00    0.07   
1.00    0.00    0.00    -0.01  
-0.00   1.00    0.00    22.01  
-0.00   -0.00   1.00    0.07   
1.00    0.00    0.00    -0.01  
-0.00   1.00    0.00    22.01  
-0.00   -0.00   1.00    0.07   
1.00    0.00    0.00    -0.01  
-0.00   1.00    0.00    22.01  
-0.00   -0.00   1.00    0.07   
1.00    0.00    0.00    -0.01  
-0.00   1.00    0.00    22.01  
-0.00   -0.00   1.00    0.07   
1.00    0.00    0.00    -0.01  
-0.00   1.00    0.00    22.01  
-0.00   -0.00   1.00    0.07   
1.00    0.00    0.00    -0.01  
-0.00   1.00    0.00    22.01  
-0.00   -0.00   1.00    0.07   
1.00    0.00    0.00    -0.01  
-0.00   1.00    0.00    22.01  
-0.00   -0.00   1.00    0.07   
1.00    0.00    0.00    -0.01  
-0.00   1.00    0.00    22.01  
-0.00   -0.00   1.00    0.07   
1.00    0.00    0.00    -0.01  
-0.00   1.00    0.00    22.01  
-0.00   -0.00   1.00    0.07   
1.00    0.00    0.00    -0.01  
-0.00   1.00    0.00    22.01  
-0.00   -0.00   1.00    0.07   
1.00    0.00    0.00    -0.01  
-0.00   1.00    0.00    22.01  
-0.00   -0.00   1.00    0.07   
1.00    0.00    0.00    -0.01  
-0.00   1.00    0.00    22.01  
-0.00   -0.00   1.00    0.07   
1.00    0.00    0.00    -0.01  
-0.00   1.00    0.00    22.01  
-0.00   -0.00   1.00    0.07   
1.00    0.00    0.00    -0.01  
-0.00   1.00    0.00    22.01  
-0.00   -0.00   1.00    0.07   
1.00    0.00    0.00    -0.01  
-0.00   1.00    0.00    22.01  
-0.00   -0.00   1.00    0.07   
1.00    0.00    0.00    -0.01  
-0.00   1.00    0.00    22.01  
-0.00   -0.00   1.00    0.07   
1.00    0.00    0.00    -0.01  
-0.00   1.00    0.00    22.01  
-0.00   -0.00   1.00    0.07   
1.00    0.00    0.00    -0.01  
-0.00   1.00    0.00    22.01  
-0.00   -0.00   1.00    0.07   
1.00    0.00    0.00    -0.01  
-0.00   1.00    0.00    22.01  
-0.00   -0.00   1.00    0.07   
1.00    0.00    0.00    -0.01  
-0.00   1.00    0.00    22.01  
-0.00   -0.00   1.00    0.07   
1.00    0.00    0.00    -0.01  
-0.00   1.00    0.00    22.01  
-0.00   -0.00   1.00    0.07   
1.00    0.00    0.00    -0.01  
-0.00   1.00    0.00    22.01  
-0.00   -0.00   1.00    0.07   
1.00    0.00    0.00    -0.01  
-0.00   1.00    0.00    22.01  
-0.00   -0.00   1.00    0.07   
1.00    0.00    0.00    -0.01  
-0.00   1.00    0.00    22.01  
-0.00   -0.00   1.00    0.07   
1.00    0.00    0.00    -0.01  
-0.00   1.00    0.00    22.01  
-0.00   -0.00   1.00    0.07   
1.00    0.00    0.00    -0.01  
-0.00   1.00    0.00    22.01  
-0.00   -0.00   1.00    0.07   
1.00    0.00    0.00    -0.01  
-0.00   1.00    0.00    22.01  
-0.00   -0.00   1.00    0.07   
1.00    0.00    0.00    -0.01  
-0.00   1.00    0.00    22.01  
-0.00   -0.00   1.00    0.07   
1.00    0.00    0.00    -0.01  
-0.00   1.00    0.00    22.01  
-0.00   -0.00   1.00    0.07   
1.00    0.00    0.00    -0.01  
-0.00   1.00    0.00    22.01  
-0.00   -0.00   1.00    0.07   
1.00    0.00    0.00    -0.01  
-0.00   1.00    0.00    22.01  
-0.00   -0.00   1.00    0.07   
1.00    0.00    0.00    -0.01  
-0.00   1.00    0.00    22.01  
-0.00   -0.00   1.00    0.07   
1.00    0.00    0.00    -0.01  
-0.00   1.00    0.00    22.01  
-0.00   -0.00   1.00    0.07   
1.00    0.00    0.00    -0.01  
-0.00   1.00    0.00    22.01  
-0.00   -0.00   1.00    0.07   
1.00    0.00    0.00    -0.01  
-0.00   1.00    0.00    22.01  
-0.00   -0.00   1.00    0.07   
1.00    0.00    0.00    -0.01  
-0.00   1.00    0.00    22.01  
-0.00   -0.00   1.00    0.07   
1.00    0.00    0.00    -0.01  
-0.00   1.00    0.00    22.01  
-0.00   -0.00   1.00    0.07   
1.00    0.00    0.00    -0.01  
-0.00   1.00    0.00    22.01  
-0.00   -0.00   1.00    0.07   
1.00    0.00    0.00    -0.01  
-0.00   1.00    0.00    22.01  
-0.00   -0.00   1.00    0.07   
1.00    0.00    0.00    -0.01  
-0.00   1.00    0.00    22.01  
-0.00   -0.00   1.00    0.07   
1.00    0.00    0.00    -0.01  
-0.00   1.00    0.00    22.01  
-0.00   -0.00   1.00    0.07   
1.00    0.00    0.00    -0.01  
-0.00   1.00    0.00    22.01  
-0.00   -0.00   1.00    0.07   
1.00    0.00    0.00    -0.01  
-0.00   1.00    0.00    22.01  
-0.00   -0.00   1.00    0.07   
1.00    0.00    0.00    -0.01  
-0.00   1.00    0.00    22.01  
-0.00   -0.00   1.00    0.07   
1.00    0.00    0.00    -0.01  
-0.00   1.00    0.00    22.01  
-0.00   -0.00   1.00    0.07   
1.00    0.00    0.00    -0.01  
-0.00   1.00    0.00    22.01  
-0.00   -0.00   1.00    0.07   
1.00    0.00    0.00    -0.01  
-0.00   1.00    0.00    22.01  
-0.00   -0.00   1.00    0.07   
1.00    0.00    0.00    -0.01  
-0.00   1.00    0.00    22.01  
-0.00   -0.00   1.00    0.07   
1.00    0.00    0.00    -0.01  
-0.00   1.00    0.00    22.01  
-0.00   -0.00   1.00    0.07   
1.00    0.00    0.00    -0.01  
-0.00   1.00    0.00    22.01  
-0.00   -0.00   1.00    0.07   
1.00    0.00    0.00    -0.01  
-0.00   1.00    0.00    22.01  
-0.00   -0.00   1.00    0.07   
1.00    0.00    0.00    -0.01  
-0.00   1.00    0.00    22.01  
-0.00   -0.00   1.00    0.07   
1.00    0.00    0.00    -0.01  
-0.00   1.00    0.00    22.01  
-0.00   -0.00   1.00    0.07   
1.00    0.00    0.00    -0.01  
-0.00   1.00    0.00    22.01  
-0.00   -0.00   1.00    0.07   
1.00    0.00    0.00    -0.01  
-0.00   1.00    0.00    22.01  
-0.00   -0.00   1.00    0.07   
1.00    0.00    0.00    -0.01  
-0.00   1.00    0.00    22.01  
-0.00   -0.00   1.00    0.07   
1.00    0.00    0.00    -0.01  
-0.00   1.00    0.00    22.01  
-0.00   -0.00   1.00    0.07   
1.00    0.00    0.00    -0.01  
-0.00   1.00    0.00    22.01  
-0.00   -0.00   1.00    0.07   
1.00    0.00    0.00    -0.01  
-0.00   1.00    0.00    22.01  
-0.00   -0.00   1.00    0.07   
1.00    0.00    0.00    -0.01  
-0.00   1.00    0.00    22.01  
-0.00   -0.00   1.00    0.07   
1.00    0.00    0.00    -0.01  
-0.00   1.00    0.00    22.01  
-0.00   -0.00   1.00    0.07   
1.00    0.00    0.00    -0.01  
-0.00   1.00    0.00    22.01  
-0.00   -0.00   1.00    0.07   
1.00    0.00    0.00    -0.01  
-0.00   1.00    0.00    22.01  
-0.00   -0.00   1.00    0.07   
1.00    0.00    0.00    -0.01  
-0.00   1.00    0.00    22.01  
-0.00   -0.00   1.00    0.07   
1.00    0.00    0.00    -0.01  
-0.00   1.00    0.00    22.01  
-0.00   -0.00   1.00    0.07   
1.00    0.00    0.00    -0.01  
-0.00   1.00    0.00    22.01  
-0.00   -0.00   1.00    0.07   
1.00    0.00    0.00    -0.01  
-0.00   1.00    0.00    22.01  
-0.00   -0.00   1.00    0.07   
1.00    0.00    0.00    -0.01  
-0.00   1.00    0.00    22.01  
-0.00   -0.00   1.00    0.07   
1.00    0.00    0.00    -0.01  
-0.00   1.00    0.00    22.01  
-0.00   -0.00   1.00    0.07   
1.00    0.00    0.00    -0.01  
-0.00   1.00    0.00    22.01  
-0.00   -0.00   1.00    0.07   
1.00    0.00    0.00    -0.01  
-0.00   1.00    0.00    22.01  
-0.00   -0.00   1.00    0.07   
1.00    0.00    0.00    -0.01  
-0.00   1.00    0.00    22.01  
-0.00   -0.00   1.00    0.07   
1.00    0.00    0.00    -0.01  
-0.00   1.00    0.00    22.01  
-0.00   -0.00   1.00    0.07   
1.00    0.00    0.00    -0.01  
-0.00   1.00    0.00    22.01  
-0.00   -0.00   1.00    0.07   
1.00    0.00    0.00    -0.01  
-0.00   1.00    0.00    22.01  
-0.00   -0.00   1.00    0.07   
1.00    0.00    0.00    -0.01  
-0.00   1.00    0.00    22.01  
-0.00   -0.00   1.00    0.07   
1.00    0.00    0.00    -0.01  
-0.00   1.00    0.00    22.01  
-0.00   -0.00   1.00    0.07   
1.00    0.00    0.00    -0.01  
-0.00   1.00    0.00    22.01  
-0.00   -0.00   1.00    0.07   
1.00    0.00    0.00    -0.01  
-0.00   1.00    0.00    22.01  
-0.00   -0.00   1.00    0.07   
1.00    0.00    0.00    -0.01  
-0.00   1.00    0.00    22.01  
-0.00   -0.00   1.00    0.07   
1.00    0.00    0.00    -0.01  
-0.00   1.00    0.00    22.01  
-0.00   -0.00   1.00    0.07   
1.00    0.00    0.00    -0.01  
-0.00   1.00    0.00    22.01  
-0.00   -0.00   1.00    0.07   
1.00    0.00    0.00    -0.01  
-0.00   1.00    0.00    22.01  
-0.00   -0.00   1.00    0.07   
1.00    0.00    0.00    -0.01  
-0.00   1.00    0.00    22.01  
-0.00   -0.00   1.00    0.07   
1.00    0.00    0.00    -0.01  
-0.00   1.00    0.00    22.01  
-0.00   -0.00   1.00    0.07   
1.00    0.00    0.00    -0.01  
-0.00   1.00    0.00    22.01  
-0.00   -0.00   1.00    0.07   
1.00    0.00    0.00    -0.01  
-0.00   1.00    0.00    22.01  
-0.00   -0.00   1.00    0.07   
1.00    0.00    0.00    -0.01  
-0.00   1.00    0.00    22.01  
-0.00   -0.00   1.00    0.07   
1.00    0.00    0.00    -0.01  
-0.00   1.00    0.00    22.01  
-0.00   -0.00   1.00    0.07   
1.00    0.00    0.00    -0.01  
-0.00   1.00    0.00    22.01  
-0.00   -0.00   1.00    0.07   
1.00    0.00    0.00    -0.01  
-0.00   1.00    0.00    22.01  
-0.00   -0.00   1.00    0.07   
1.00    0.00    0.00    -0.01  
-0.00   1.00    0.00    22.01  
-0.00   -0.00   1.00    0.07   
1.00    0.00    0.00    -0.01  
-0.00   1.00    0.00    22.01  
-0.00   -0.00   1.00    0.07   
1.00    0.00    0.00    -0.01  
-0.00   1.00    0.00    22.01  
-0.00   -0.00   1.00    0.07   
1.00    0.00    0.00    -0.01  
-0.00   1.00    0.00    22.01  
-0.00   -0.00   1.00    0.07   
1.00    0.00    0.00    -0.01  
-0.00   1.00    0.00    22.01  
-0.00   -0.00   1.00    0.07   
1.00    0.00    0.00    -0.01  
-0.00   1.00    0.00    22.01  
-0.00   -0.00   1.00    0.07   
1.00    0.00    0.00    -0.01  
-0.00   1.00    0.00    22.01  
-0.00   -0.00   1.00    0.07   
1.00    0.00    0.00    -0.01  
-0.00   1.00    0.00    22.01  
-0.00   -0.00   1.00    0.07   
1.00    0.00    0.00    -0.01  
-0.00   1.00    0.00    22.01  
-0.00   -0.00   1.00    0.07   
1.00    0.00    0.00    -0.01  
-0.00   1.00    0.00    22.01  
-0.00   -0.00   1.00    0.07   
1.00    0.00    0.00    -0.01  
-0.00   1.00    0.00    22.01  
-0.00   -0.00   1.00    0.07   
1.00    0.00    0.00    -0.01  
-0.00   1.00    0.00    22.01  
-0.00   -0.00   1.00    0.07   
1.00    0.00    0.00    -0.01  
-0.00   1.00    0.00    22.01  
-0.00   -0.00   1.00    0.07   
1.00    0.00    0.00    -0.01  
-0.00   1.00    0.00    22.01  
-0.00   -0.00   1.00    0.07   
1.00    0.00    0.00    -0.01  
-0.00   1.00    0.00    22.01  
-0.00   -0.00   1.00    0.07   
1.00    0.00    0.00    -0.01  
-0.00   1.00    0.00    22.01  
-0.00   -0.00   1.00    0.07   
1.00    0.00    0.00    -0.01  
-0.00   1.00    0.00    22.01  
-0.00   -0.00   1.00    0.07   
1.00    0.00    0.00    -0.01  
-0.00   1.00    0.00    22.01  
-0.00   -0.00   1.00    0.07   
1.00    0.00    0.00    -0.01  
-0.00   1.00    0.00    22.01  
-0.00   -0.00   1.00    0.07   
1.00    0.00    0.00    -0.01  
-0.00   1.00    0.00    22.01  
-0.00   -0.00   1.00    0.07   
1.00    0.00    0.00    -0.01  
-0.00   1.00    0.00    22.01  
-0.00   -0.00   1.00    0.07   
1.00    0.00    0.00    -0.01  
-0.00   1.00    0.00    22.01  
-0.00   -0.00   1.00    0.07   
1.00    0.00    0.00    -0.01  
-0.00   1.00    0.00    22.01  
-0.00   -0.00   1.00    0.07   
1.00    0.00    0.00    -0.01  
-0.00   1.00    0.00    22.01  
-0.00   -0.00   1.00    0.07   
1.00    0.00    0.00    -0.01  
-0.00   1.00    0.00    22.01  
-0.00   -0.00   1.00    0.07   
1.00    0.00    0.00    -0.01  
-0.00   1.00    0.00    22.01  
-0.00   -0.00   1.00    0.07   
1.00    0.00    0.00    -0.01  
-0.00   1.00    0.00    22.01  
-0.00   -0.00   1.00    0.07   
1.00    0.00    0.00    -0.01  
-0.00   1.00    0.00    22.01  
-0.00   -0.00   1.00    0.07   
1.00    0.00    0.00    -0.01  
-0.00   1.00    0.00    22.01  
-0.00   -0.00   1.00    0.07   
1.00    0.00    0.00    -0.01  
-0.00   1.00    0.00    22.01  
-0.00   -0.00   1.00    0.07   
1.00    0.00    0.00    -0.01  
-0.00   1.00    0.00    22.01  
-0.00   -0.00   1.00    0.07   
1.00    0.00    0.00    -0.01  
-0.00   1.00    0.00    22.01  
-0.00   -0.00   1.00    0.07   
1.00    0.00    0.00    -0.01  
-0.00   1.00    0.00    22.01  
-0.00   -0.00   1.00    0.07   
1.00    0.00    0.00    -0.01  
-0.00   1.00    0.00    22.01  
-0.00   -0.00   1.00    0.07   
1.00    0.00    0.00    -0.01  
-0.00   1.00    0.00    22.01  
-0.00   -0.00   1.00    0.07   
1.00    0.00    0.00    -0.01  
-0.00   1.00    0.00    22.01  
-0.00   -0.00   1.00    0.07   
1.00    0.00    0.00    -0.01  
-0.00   1.00    0.00    22.01  
-0.00   -0.00   1.00    0.07   
1.00    0.00    0.00    -0.01  
-0.00   1.00    0.00    22.01  
-0.00   -0.00   1.00    0.07   
1.00    0.00    0.00    -0.01  
-0.00   1.00    0.00    22.01  
-0.00   -0.00   1.00    0.07   
1.00    0.00    0.00    -0.01  
-0.00   1.00    0.00    22.01  
-0.00   -0.00   1.00    0.07   
1.00    0.00    0.00    -0.01  
-0.00   1.00    0.00    22.01  
-0.00   -0.00   1.00    0.07   
1.00    0.00    0.00    -0.01  
-0.00   1.00    0.00    22.01  
-0.00   -0.00   1.00    0.07   
1.00    0.00    0.00    -0.01  
-0.00   1.00    0.00    22.01  
-0.00   -0.00   1.00    0.07   
1.00    0.00    0.00    -0.01  
-0.00   1.00    0.00    22.01  
-0.00   -0.00   1.00    0.07   
1.00    0.00    0.00    -0.01  
-0.00   1.00    0.00    22.01  
-0.00   -0.00   1.00    0.07   
1.00    0.00    0.00    -0.01  
-0.00   1.00    0.00    22.01  
-0.00   -0.00   1.00    0.07   
1.00    0.00    0.00    -0.01  
-0.00   1.00    0.00    22.01  
-0.00   -0.00   1.00    0.07   
1.00    0.00    0.00    -0.01  
-0.00   1.00    0.00    22.01  
-0.00   -0.00   1.00    0.07   
1.00    0.00    0.00    -0.01  
-0.00   1.00    0.00    22.01  
-0.00   -0.00   1.00    0.07   
1.00    0.00    0.00    -0.01  
-0.00   1.00    0.00    22.01  
-0.00   -0.00   1.00    0.07   
1.00    0.00    0.00    -0.01  
-0.00   1.00    0.00    22.01  
-0.00   -0.00   1.00    0.07   
1.00    0.00    0.00    -0.01  
-0.00   1.00    0.00    22.01  
-0.00   -0.00   1.00    0.07   
1.00    0.00    0.00    -0.01  
-0.00   1.00    0.00    22.01  
-0.00   -0.00   1.00    0.07   
1.00    0.00    0.00    -0.01  
-0.00   1.00    0.00    22.01  
-0.00   -0.00   1.00    0.07   
1.00    0.00    0.00    -0.01  
-0.00   1.00    0.00    22.01  
-0.00   -0.00   1.00    0.07   
1.00    0.00    0.00    -0.01  
-0.00   1.00    0.00    22.01  
-0.00   -0.00   1.00    0.07   
1.00    0.00    0.00    -0.01  
-0.00   1.00    0.00    22.01  
-0.00   -0.00   1.00    0.07   
1.00    0.00    0.00    -0.01  
-0.00   1.00    0.00    22.01  
-0.00   -0.00   1.00    0.07   
1.00    0.00    0.00    -0.01  
-0.00   1.00    0.00    22.01  
-0.00   -0.00   1.00    0.07   
1.00    0.00    0.00    -0.01  
-0.00   1.00    0.00    22.01  
-0.00   -0.00   1.00    0.07   
1.00    0.00    0.00    -0.01  
-0.00   1.00    0.00    22.01  
-0.00   -0.00   1.00    0.07   
1.00    0.00    0.00    -0.01  
-0.00   1.00    0.00    22.01  
-0.00   -0.00   1.00    0.07   
1.00    0.00    0.00    -0.01  
-0.00   1.00    0.00    22.01  
-0.00   -0.00   1.00    0.07   
1.00    0.00    0.00    -0.01  
-0.00   1.00    0.00    22.01  
-0.00   -0.00   1.00    0.07   
1.00    0.00    0.00    -0.01  
-0.00   1.00    0.00    22.01  
-0.00   -0.00   1.00    0.07   
1.00    0.00    0.00    -0.01  
-0.00   1.00    0.00    22.01  
-0.00   -0.00   1.00    0.07   
1.00    0.00    0.00    -0.01  
-0.00   1.00    0.00    22.01  
-0.00   -0.00   1.00    0.07   
1.00    0.00    0.00    -0.01  
-0.00   1.00    0.00    22.01  
-0.00   -0.00   1.00    0.07   
1.00    0.00    0.00    -0.01  
-0.00   1.00    0.00    22.01  
-0.00   -0.00   1.00    0.07   
1.00    0.00    0.00    -0.01  
-0.00   1.00    0.00    22.01  
-0.00   -0.00   1.00    0.07   
1.00    0.00    0.00    -0.01  
-0.00   1.00    0.00    22.01  
-0.00   -0.00   1.00    0.07   
1.00    0.00    0.00    -0.01  
-0.00   1.00    0.00    22.01  
-0.00   -0.00   1.00    0.07   
1.00    0.00    0.00    -0.01  
-0.00   1.00    0.00    22.01  
-0.00   -0.00   1.00    0.07   
1.00    0.00    0.00    -0.01  
-0.00   1.00    0.00    22.01  
-0.00   -0.00   1.00    0.07   
1.00    0.00    0.00    -0.01  
-0.00   1.00    0.00    22.01  
-0.00   -0.00   1.00    0.07   
1.00    0.00    0.00    -0.01  
-0.00   1.00    0.00    22.01  
-0.00   -0.00   1.00    0.07   
1.00    0.00    0.00    -0.01  
-0.00   1.00    0.00    22.01  
-0.00   -0.00   1.00    0.07   
1.00    0.00    0.00    -0.01  
-0.00   1.00    0.00    22.01  
-0.00   -0.00   1.00    0.07   
1.00    0.00    0.00    -0.01  
-0.00   1.00    0.00    22.01  
-0.00   -0.00   1.00    0.07   
1.00    0.00    0.00    -0.01  
-0.00   1.00    0.00    22.01  
-0.00   -0.00   1.00    0.07   
1.00    0.00    0.00    -0.01  
-0.00   1.00    0.00    22.01  
-0.00   -0.00   1.00    0.07   
1.00    0.00    0.00    -0.01  
-0.00   1.00    0.00    22.01  
-0.00   -0.00   1.00    0.07   
1.00    0.00    0.00    -0.01  
-0.00   1.00    0.00    22.01  
-0.00   -0.00   1.00    0.07   
1.00    0.00    0.00    -0.01  
-0.00   1.00    0.00    22.01  
-0.00   -0.00   1.00    0.07   
1.00    0.00    0.00    -0.01  
-0.00   1.00    0.00    22.01  
-0.00   -0.00   1.00    0.07   
1.00    0.00    0.00    -0.01  
-0.00   1.00    0.00    22.01  
-0.00   -0.00   1.00    0.07   
1.00    0.00    0.00    -0.01  
-0.00   1.00    0.00    22.01  
-0.00   -0.00   1.00    0.07   
1.00    0.00    0.00    -0.01  
-0.00   1.00    0.00    22.01  
-0.00   -0.00   1.00    0.07   
1.00    0.00    0.00    -0.01  
-0.00   1.00    0.00    22.01  
-0.00   -0.00   1.00    0.07   
1.00    0.00    0.00    -0.01  
-0.00   1.00    0.00    22.01  
-0.00   -0.00   1.00    0.07   
1.00    0.00    0.00    -0.01  
-0.00   1.00    0.00    22.01  
-0.00   -0.00   1.00    0.07   
1.00    0.00    0.00    -0.01  
-0.00   1.00    0.00    22.01  
-0.00   -0.00   1.00    0.07   
1.00    0.00    0.00    -0.01  
-0.00   1.00    0.00    22.01  
-0.00   -0.00   1.00    0.07   
1.00    0.00    0.00    -0.01  
-0.00   1.00    0.00    22.01  
-0.00   -0.00   1.00    0.07   
1.00    0.00    0.00    -0.01  
-0.00   1.00    0.00    22.01  
-0.00   -0.00   1.00    0.07   
1.00    0.00    0.00    -0.01  
-0.00   1.00    0.00    22.01  
-0.00   -0.00   1.00    0.07   
1.00    0.00    0.00    -0.01  
-0.00   1.00    0.00    22.01  
-0.00   -0.00   1.00    0.07   
1.00    0.00    0.00    -0.01  
-0.00   1.00    0.00    22.01  
-0.00   -0.00   1.00    0.07   
1.00    0.00    0.00    -0.01  
-0.00   1.00    0.00    22.01  
-0.00   -0.00   1.00    0.07   
1.00    0.00    0.00    -0.01  
-0.00   1.00    0.00    22.01  
-0.00   -0.00   1.00    0.07   
1.00    0.00    0.00    -0.01  
-0.00   1.00    0.00    22.01  
-0.00   -0.00   1.00    0.07   
1.00    0.00    0.00    -0.01  
-0.00   1.00    0.00    22.01  
-0.00   -0.00   1.00    0.07   
1.00    0.00    0.00    -0.01  
-0.00   1.00    0.00    22.01  
-0.00   -0.00   1.00    0.07   
1.00    0.00    0.00    -0.01  
-0.00   1.00    0.00    22.01  
-0.00   -0.00   1.00    0.07   
1.00    0.00    0.00    -0.01  
-0.00   1.00    0.00    22.01  
-0.00   -0.00   1.00    0.07   
1.00    0.00    0.00    -0.01  
-0.00   1.00    0.00    22.01  
-0.00   -0.00   1.00    0.07   
1.00    0.00    0.00    -0.01  
-0.00   1.00    0.00    22.01  
-0.00   -0.00   1.00    0.07   
1.00    0.00    0.00    -0.01  
-0.00   1.00    0.00    22.01  
-0.00   -0.00   1.00    0.07   
1.00    0.00    0.00    -0.01  
-0.00   1.00    0.00    22.01  
-0.00   -0.00   1.00    0.07   
1.00    0.00    0.00    -0.01  
-0.00   1.00    0.00    22.01  
-0.00   -0.00   1.00    0.07   
1.00    0.00    0.00    -0.01  
-0.00   1.00    0.00    22.01  
-0.00   -0.00   1.00    0.07   
1.00    0.00    0.00    -0.01  
-0.00   1.00    0.00    22.01  
-0.00   -0.00   1.00    0.07   
1.00    0.00    0.00    -0.01  
-0.00   1.00    0.00    22.01  
-0.00   -0.00   1.00    0.07   
1.00    0.00    0.00    -0.01  
-0.00   1.00    0.00    22.01  
-0.00   -0.00   1.00    0.07   
1.00    0.00    0.00    -0.01  
-0.00   1.00    -0.00   22.01  
-0.00   0.00    1.00    0.07   
1.00    0.00    0.00    -0.01  
-0.00   1.00    0.00    22.01  
-0.00   -0.00   1.00    0.07   
1.00    0.00    -0.00   -0.01  
-0.00   1.00    0.00    22.01  
0.00    -0.00   1.00    0.07   
1.00    0.00    -0.00   -0.01  
-0.00   1.00    0.00    22.02  
0.00    -0.00   1.00    0.07   
1.00    0.00    -0.00   -0.01  
-0.00   1.00    -0.00   22.03  
0.00    0.00    1.00    0.07   
1.00    -0.00   -0.00   -0.01  
0.00    1.00    -0.00   22.04  
0.00    0.00    1.00    0.07   
1.00    -0.00   -0.00   -0.01  
0.00    1.00    0.00    22.05  
0.00    -0.00   1.00    0.07   
1.00    -0.00   -0.00   -0.01  
0.00    1.00    0.00    22.08  
0.00    -0.00   1.00    0.07   
1.00    -0.00   -0.00   -0.01  
0.00    1.00    0.00    22.10  
0.00    -0.00   1.00    0.07   
1.00    -0.00   -0.00   -0.01  
0.00    1.00    0.00    22.13  
0.00    -0.00   1.00    0.07   
1.00    -0.00   -0.00   -0.01  
0.00    1.00    0.00    22.17  
0.00    -0.00   1.00    0.07   
1.00    -0.00   -0.00   -0.01  
0.00    1.00    0.00    22.21  
0.00    -0.00   1.00    0.07   
1.00    -0.00   -0.00   -0.01  
0.00    1.00    0.00    22.26  
0.00    -0.00   1.00    0.07   
1.00    -0.00   -0.00   -0.01  
0.00    1.00    0.00    22.32  
0.00    -0.00   1.00    0.07   
1.00    -0.00   -0.00   -0.01  
0.00    1.00    0.00    22.38  
0.00    -0.00   1.00    0.07   
1.00    0.00    -0.00   -0.01  
-0.00   1.00    0.00    22.44  
0.00    -0.00   1.00    0.07   
1.00    0.00    -0.00   -0.01  
-0.00   1.00    0.00    22.51  
0.00    -0.00   1.00    0.07   
1.00    0.00    -0.00   -0.01  
-0.00   1.00    0.00    22.59  
0.00    -0.00   1.00    0.07   
1.00    0.00    -0.00   -0.01  
-0.00   1.00    0.00    22.67  
0.00    -0.00   1.00    0.07   
1.00    0.00    -0.00   -0.01  
-0.00   1.00    0.00    22.76  
0.00    -0.00   1.00    0.07   
1.00    0.00    -0.00   -0.01  
-0.00   1.00    0.00    22.85  
0.00    -0.00   1.00    0.07   
1.00    0.00    -0.00   -0.01  
-0.00   1.00    0.00    22.95  
0.00    -0.00   1.00    0.07   
1.00    0.00    -0.00   -0.01  
-0.00   1.00    0.00    23.06  
0.00    -0.00   1.00    0.07   
1.00    0.00    -0.00   -0.01  
-0.00   1.00    0.00    23.17  
0.00    -0.00   1.00    0.07   
1.00    0.00    -0.00   -0.01  
-0.00   1.00    0.00    23.28  
0.00    -0.00   1.00    0.07   
1.00    0.00    -0.00   -0.01  
-0.00   1.00    0.00    23.41  
0.00    -0.00   1.00    0.07   
1.00    0.00    -0.00   -0.01  
-0.00   1.00    0.00    23.53  
0.00    -0.00   1.00    0.07   
1.00    0.00    -0.00   -0.01  
-0.00   1.00    0.00    23.66  
0.00    -0.00   1.00    0.07   
1.00    0.00    -0.00   -0.01  
-0.00   1.00    0.00    23.80  
0.00    -0.00   1.00    0.07   
1.00    0.00    -0.00   -0.01  
-0.00   1.00    0.00    23.94  
0.00    -0.00   1.00    0.07   
1.00    -0.00   -0.00   -0.01  
0.00    1.00    -0.00   24.09  
0.00    0.00    1.00    0.07   
1.00    -0.00   -0.00   -0.01  
0.00    1.00    -0.00   24.24  
0.00    0.00    1.00    0.07   
1.00    -0.00   -0.00   -0.01  
0.00    1.00    -0.00   24.40  
0.00    0.00    1.00    0.07   
1.00    -0.00   -0.00   -0.01  
0.00    1.00    -0.00   24.56  
0.00    0.00    1.00    0.07   
1.00    -0.00   -0.00   -0.01  
0.00    1.00    -0.00   24.73  
0.00    0.00    1.00    0.07   
1.00    -0.00   -0.00   -0.02  
0.00    1.00    -0.00   24.90  
0.00    0.00    1.00    0.07   
