1.00    -0.00   -0.00   0.00   
0.00    1.00    0.00    0.00   
0.00    -0.00   1.00    -0.00  
1.00    -0.00   -0.00   0.00   
0.00    1.00    0.00    0.00   
0.00    -0.00   1.00    -0.00  
1.00    -0.00   -0.00   0.00   
0.00    1.00    0.00    0.00   
0.00    -0.00   1.00    -0.00  
1.00    -0.00   -0.00   0.00   
0.00    1.00    0.00    0.00   
0.00    -0.00   1.00    -0.00  
1.00    -0.00   -0.00   0.00   
0.00    1.00    0.00    0.00   
0.00    -0.00   1.00    -0.00  
1.00    -0.00   -0.00   0.00   
0.00    1.00    0.00    0.00   
0.00    -0.00   1.00    -0.00  
1.00    -0.00   -0.00   0.00   
0.00    1.00    0.00    0.00   
0.00    -0.00   1.00    -0.00  
1.00    -0.00   -0.00   0.00   
0.00    1.00    0.00    0.00   
0.00    -0.00   1.00    -0.00  
1.00    -0.00   -0.00   0.00   
0.00    1.00    0.00    0.00   
0.00    -0.00   1.00    -0.00  
1.00    0.00    0.00    -0.00  
-0.00   1.00    0.00    -0.00  
-0.00   -0.00   1.00    -0.00  
1.00    -0.00   0.00    -0.01  
0.00    1.00    0.00    -0.00  
-0.00   -0.00   1.00    -0.00  
1.00    -0.00   0.00    -0.03  
0.00    1.00    0.00    -0.00  
-0.00   -0.00   1.00    0.00   
1.00    0.00    0.00    -0.05  
-0.00   1.00    -0.00   -0.00  
-0.00   0.00    1.00    0.00   
1.00    -0.00   0.00    -0.07  
0.00    1.00    0.00    -0.00  
-0.00   -0.00   1.00    0.00   
1.00    -0.00   0.00    -0.09  
0.00    1.00    0.00    -0.00  
-0.00   -0.00   1.00    0.00   
1.00    -0.00   0.00    -0.12  
0.00    1.00    -0.00   -0.00  
-0.00   0.00    1.00    0.00   
1.00    -0.00   0.00    -0.16  
0.00    1.00    0.00    -0.00  
-0.00   -0.00   1.00    0.00   
1.00    -0.00   0.00    -0.20  
0.00    1.00    0.00    -0.00  
-0.00   -0.00   1.00    0.00   
1.00    -0.00   0.00    -0.24  
0.00    1.00    0.00    -0.01  
-0.00   -0.00   1.00    0.00   
1.00    -0.00   0.00    -0.28  
0.00    1.00    0.00    -0.01  
-0.00   -0.00   1.00    0.00   
1.00    -0.00   0.00    -0.33  
0.00    1.00    -0.00   -0.01  
-0.00   0.00    1.00    0.00   
1.00    -0.00   0.00    -0.38  
0.00    1.00    -0.00   -0.01  
-0.00   0.00    1.00    0.00   
1.00    -0.00   0.00    -0.43  
0.00    1.00    -0.00   -0.01  
-0.00   0.00    1.00    0.00   
1.00    -0.00   0.00    -0.49  
0.00    1.00    -0.00   -0.01  
-0.00   0.00    1.00    0.00   
1.00    -0.00   0.00    -0.55  
0.00    1.00    -0.00   -0.01  
-0.00   0.00    1.00    0.00   
1.00    -0.00   0.00    -0.62  
0.00    1.00    -0.00   -0.02  
-0.00   0.00    1.00    0.00   
1.00    -0.00   0.00    -0.68  
0.00    1.00    -0.00   -0.02  
-0.00   0.00    1.00    0.00   
1.00    -0.00   0.00    -0.76  
0.00    1.00    -0.00   -0.02  
-0.00   0.00    1.00    0.00   
1.00    -0.00   0.00    -0.83  
0.00    1.00    -0.00   -0.02  
-0.00   0.00    1.00    0.00   
1.00    -0.00   0.00    -0.91  
0.00    1.00    -0.00   -0.02  
-0.00   0.00    1.00    0.00   
1.00    -0.00   0.00    -0.99  
0.00    1.00    0.00    -0.02  
-0.00   -0.00   1.00    0.00   
1.00    -0.00   0.00    -1.07  
0.00    1.00    0.00    -0.03  
-0.00   -0.00   1.00    0.00   
1.00    -0.00   0.00    -1.16  
0.00    1.00    0.00    -0.03  
-0.00   -0.00   1.00    0.00   
1.00    -0.00   0.00    -1.26  
0.00    1.00    0.00    -0.03  
-0.00   -0.00   1.00    0.00   
1.00    -0.00   0.00    -1.35  
0.00    1.00    0.00    -0.03  
-0.00   -0.00   1.00    0.00   
1.00    -0.00   0.00    -1.45  
0.00    1.00    0.00    -0.04  
-0.00   -0.00   1.00    0.00   
1.00    -0.00   0.00    -1.55  
0.00    1.00    0.00    -0.04  
-0.00   -0.00   1.00    0.00   
1.00    -0.00   0.00    -1.66  
0.00    1.00    0.00    -0.04  
-0.00   -0.00   1.00    0.00   
1.00    -0.00   0.00    -1.77  
0.00    1.00    0.00    -0.04  
-0.00   -0.00   1.00    0.00   
1.00    -0.00   0.00    -1.88  
0.00    1.00    0.00    -0.05  
-0.00   -0.00   1.00    0.00   
1.00    -0.00   0.00    -1.99  
0.00    1.00    0.00    -0.05  
-0.00   -0.00   1.00    0.00   
1.00    -0.00   0.00    -2.11  
0.00    1.00    -0.00   -0.05  
-0.00   0.00    1.00    0.00   
1.00    -0.00   0.00    -2.24  
0.00    1.00    -0.00   -0.06  
-0.00   0.00    1.00    0.00   
1.00    -0.00   0.00    -2.36  
0.00    1.00    -0.00   -0.06  
-0.00   0.00    1.00    0.00   
1.00    -0.00   0.00    -2.49  
0.00    1.00    0.00    -0.06  
-0.00   -0.00   1.00    0.00   
1.00    -0.00   0.00    -2.62  
0.00    1.00    0.00    -0.07  
-0.00   -0.00   1.00    0.00   
1.00    -0.00   0.00    -2.76  
0.00    1.00    0.00    -0.07  
-0.00   -0.00   1.00    0.00   
1.00    -0.00   0.00    -2.90  
0.00    1.00    0.00    -0.07  
-0.00   -0.00   1.00    0.00   
1.00    -0.00   0.00    -3.04  
0.00    1.00    0.00    -0.08  
-0.00   -0.00   1.00    0.00   
1.00    -0.00   0.00    -3.19  
0.00    1.00    0.00    -0.08  
-0.00   -0.00   1.00    0.00   
1.00    -0.00   0.00    -3.34  
0.00    1.00    0.00    -0.08  
-0.00   -0.00   1.00    0.00   
1.00    -0.00   0.00    -3.49  
0.00    1.00    0.00    -0.09  
-0.00   -0.00   1.00    0.00   
1.00    -0.00   0.00    -3.65  
0.00    1.00    0.00    -0.09  
-0.00   -0.00   1.00    0.00   
1.00    -0.00   0.00    -3.81  
0.00    1.00    0.00    -0.10  
-0.00   -0.00   1.00    0.00   
1.00    -0.00   0.00    -3.98  
0.00    1.00    -0.00   -0.10  
-0.00   0.00    1.00    0.00   
1.00    -0.00   0.00    -4.15  
0.00    1.00    -0.00   -0.10  
-0.00   0.00    1.00    0.00   
1.00    -0.00   0.00    -4.32  
0.00    1.00    -0.00   -0.11  
-0.00   0.00    1.00    0.00   
1.00    -0.00   0.00    -4.50  
0.00    1.00    -0.00   -0.11  
-0.00   0.00    1.00    0.00   
1.00    -0.00   0.00    -4.68  
0.00    1.00    0.00    -0.12  
-0.00   -0.00   1.00    0.00   
1.00    -0.00   0.00    -4.86  
0.00    1.00    0.00    -0.12  
-0.00   -0.00   1.00    0.00   
1.00    -0.00   0.00    -5.04  
0.00    1.00    0.00    -0.13  
-0.00   -0.00   1.00    0.00   
1.00    -0.00   0.00    -5.23  
0.00    1.00    0.00    -0.13  
-0.00   -0.00   1.00    0.00   
1.00    -0.00   0.00    -5.43  
0.00    1.00    0.00    -0.14  
-0.00   -0.00   1.00    0.00   
1.00    -0.00   0.00    -5.63  
0.00    1.00    0.00    -0.14  
-0.00   -0.00   1.00    0.00   
1.00    -0.00   0.00    -5.83  
0.00    1.00    0.00    -0.15  
-0.00   -0.00   1.00    0.00   
1.00    -0.00   0.00    -6.04  
0.00    1.00    0.00    -0.15  
-0.00   -0.00   1.00    0.00   
1.00    -0.00   0.00    -6.26  
0.00    1.00    -0.00   -0.16  
-0.00   0.00    1.00    0.00   
1.00    -0.00   0.00    -6.48  
0.00    1.00    -0.00   -0.16  
-0.00   0.00    1.00    0.00   
1.00    -0.00   0.00    -6.71  
0.00    1.00    -0.00   -0.17  
-0.00   0.00    1.00    0.00   
1.00    -0.00   0.00    -6.94  
0.00    1.00    0.00    -0.18  
-0.00   -0.00   1.00    0.00   
1.00    -0.00   0.00    -7.18  
0.00    1.00    0.00    -0.18  
-0.00   -0.00   1.00    0.00   
1.00    -0.00   0.00    -7.43  
0.00    1.00    0.00    -0.19  
-0.00   -0.00   1.00    0.00   
1.00    -0.00   0.00    -7.68  
0.00    1.00    0.00    -0.19  
-0.00   -0.00   1.00    0.00   
1.00    -0.00   0.00    -7.94  
0.00    1.00    0.00    -0.20  
-0.00   -0.00   1.00    0.00   
1.00    -0.00   0.00    -8.20  
0.00    1.00    0.00    -0.21  
-0.00   -0.00   1.00    0.00   
1.00    -0.00   0.00    -8.45  
0.00    1.00    0.00    -0.21  
-0.00   -0.00   1.00    0.00   
1.00    -0.00   0.00    -8.71  
0.00    1.00    0.00    -0.22  
-0.00   -0.00   1.00    0.00   
1.00    -0.00   0.00    -8.96  
0.00    1.00    0.00    -0.23  
-0.00   -0.00   1.00    0.00   
1.00    -0.00   0.00    -9.21  
0.00    1.00    0.00    -0.23  
-0.00   -0.00   1.00    0.00   
1.00    -0.00   0.00    -9.46  
0.00    1.00    0.00    -0.24  
-0.00   -0.00   1.00    -0.00  
1.00    -0.00   -0.00   -9.70  
0.00    1.00    0.00    -0.24  
0.00    -0.00   1.00    -0.00  
1.00    -0.00   -0.00   -9.94  
0.00    1.00    0.00    -0.25  
0.00    -0.00   1.00    -0.00  
1.00    -0.00   -0.00   -10.18 
0.00    1.00    0.00    -0.26  
0.00    -0.00   1.00    -0.00  
1.00    -0.00   -0.00   -10.42 
0.00    1.00    -0.00   -0.26  
0.00    0.00    1.00    -0.00  
1.00    -0.00   -0.00   -10.65 
0.00    1.00    0.00    -0.27  
0.00    -0.00   1.00    -0.00  
1.00    -0.00   -0.00   -10.88 
0.00    1.00    0.00    -0.27  
0.00    -0.00   1.00    -0.00  
1.00    -0.00   -0.00   -11.11 
0.00    1.00    0.00    -0.28  
0.00    -0.00   1.00    -0.00  
1.00    -0.00   -0.00   -11.34 
0.00    1.00    0.00    -0.29  
0.00    -0.00   1.00    -0.00  
1.00    -0.00   -0.00   -11.57 
0.00    1.00    0.00    -0.29  
0.00    -0.00   1.00    -0.00  
1.00    -0.00   -0.00   -11.80 
0.00    1.00    0.00    -0.30  
0.00    -0.00   1.00    -0.00  
1.00    -0.00   -0.00   -12.02 
0.00    1.00    -0.00   -0.30  
0.00    0.00    1.00    -0.00  
1.00    -0.00   -0.00   -12.25 
0.00    1.00    -0.00   -0.31  
0.00    0.00    1.00    -0.00  
1.00    -0.00   -0.00   -12.47 
0.00    1.00    -0.00   -0.31  
0.00    0.00    1.00    -0.00  
1.00    -0.00   -0.00   -12.70 
0.00    1.00    -0.00   -0.32  
0.00    0.00    1.00    -0.00  
1.00    -0.00   -0.00   -12.92 
0.00    1.00    0.00    -0.33  
0.00    -0.00   1.00    -0.00  
1.00    -0.00   -0.00   -13.15 
0.00    1.00    0.00    -0.33  
0.00    -0.00   1.00    -0.00  
1.00    -0.00   -0.00   -13.37 
0.00    1.00    0.00    -0.34  
0.00    -0.00   1.00    -0.00  
1.00    -0.00   -0.00   -13.59 
0.00    1.00    0.00    -0.34  
0.00    -0.00   1.00    -0.00  
1.00    -0.00   -0.00   -13.82 
0.00    1.00    0.00    -0.35  
0.00    -0.00   1.00    -0.00  
1.00    -0.00   -0.00   -14.04 
0.00    1.00    0.00    -0.35  
0.00    -0.00   1.00    -0.00  
1.00    -0.00   -0.00   -14.26 
0.00    1.00    0.00    -0.36  
0.00    -0.00   1.00    -0.00  
1.00    -0.00   -0.00   -14.48 
0.00    1.00    0.00    -0.36  
0.00    -0.00   1.00    -0.00  
1.00    -0.00   -0.00   -14.69 
0.00    1.00    0.00    -0.37  
0.00    -0.00   1.00    -0.00  
1.00    -0.00   -0.00   -14.91 
0.00    1.00    0.00    -0.38  
0.00    -0.00   1.00    -0.00  
1.00    -0.00   -0.00   -15.12 
0.00    1.00    -0.00   -0.38  
0.00    0.00    1.00    -0.00  
1.00    -0.00   -0.00   -15.34 
0.00    1.00    -0.00   -0.39  
0.00    0.00    1.00    -0.00  
1.00    -0.00   -0.00   -15.55 
0.00    1.00    -0.00   -0.39  
0.00    0.00    1.00    -0.00  
1.00    -0.00   -0.00   -15.76 
0.00    1.00    0.00    -0.40  
0.00    -0.00   1.00    -0.00  
1.00    -0.00   -0.00   -15.97 
0.00    1.00    0.00    -0.40  
0.00    -0.00   1.00    -0.00  
1.00    -0.00   -0.00   -16.18 
0.00    1.00    -0.00   -0.41  
0.00    0.00    1.00    -0.00  
1.00    -0.00   -0.00   -16.39 
0.00    1.00    -0.00   -0.41  
0.00    0.00    1.00    -0.00  
1.00    -0.00   -0.00   -16.60 
0.00    1.00    -0.00   -0.42  
0.00    0.00    1.00    -0.00  
1.00    -0.00   -0.00   -16.81 
0.00    1.00    0.00    -0.42  
0.00    -0.00   1.00    -0.00  
1.00    -0.00   -0.00   -17.01 
0.00    1.00    0.00    -0.43  
0.00    -0.00   1.00    -0.00  
1.00    -0.00   -0.00   -17.22 
0.00    1.00    0.00    -0.43  
0.00    -0.00   1.00    -0.00  
1.00    -0.00   -0.00   -17.42 
0.00    1.00    0.00    -0.44  
0.00    -0.00   1.00    -0.00  
1.00    -0.00   -0.00   -17.63 
0.00    1.00    0.00    -0.44  
0.00    -0.00   1.00    -0.00  
1.00    -0.00   -0.00   -17.83 
0.00    1.00    0.00    -0.45  
0.00    -0.00   1.00    -0.00  
1.00    -0.00   -0.00   -18.03 
0.00    1.00    -0.00   -0.45  
0.00    0.00    1.00    -0.00  
1.00    -0.00   -0.00   -18.24 
0.00    1.00    -0.00   -0.46  
0.00    0.00    1.00    -0.00  
1.00    -0.00   -0.00   -18.44 
0.00    1.00    0.00    -0.46  
0.00    -0.00   1.00    -0.00  
1.00    -0.00   -0.00   -18.64 
0.00    1.00    0.00    -0.47  
0.00    -0.00   1.00    -0.00  
1.00    -0.00   -0.00   -18.83 
0.00    1.00    0.00    -0.47  
0.00    -0.00   1.00    -0.00  
1.00    0.00    -0.00   -19.03 
-0.00   1.00    -0.00   -0.48  
0.00    0.00    1.00    -0.00  
1.00    0.00    -0.00   -19.23 
-0.00   1.00    -0.00   -0.48  
0.00    0.00    1.00    -0.00  
1.00    0.00    -0.00   -19.43 
-0.00   1.00    -0.00   -0.49  
0.00    0.00    1.00    -0.00  
1.00    0.00    -0.00   -19.62 
-0.00   1.00    -0.00   -0.49  
0.00    0.00    1.00    -0.00  
1.00    0.00    -0.00   -19.81 
-0.00   1.00    0.00    -0.50  
0.00    -0.00   1.00    -0.00  
1.00    0.00    -0.00   -20.01 
-0.00   1.00    0.00    -0.50  
0.00    -0.00   1.00    -0.00  
1.00    0.00    -0.00   -20.20 
-0.00   1.00    0.00    -0.51  
0.00    -0.00   1.00    -0.00  
1.00    0.00    -0.00   -20.39 
-0.00   1.00    -0.00   -0.51  
0.00    0.00    1.00    -0.00  
1.00    0.00    -0.00   -20.58 
-0.00   1.00    -0.00   -0.52  
0.00    0.00    1.00    -0.00  
1.00    0.00    -0.00   -20.78 
-0.00   1.00    -0.00   -0.52  
0.00    0.00    1.00    -0.00  
1.00    0.00    -0.00   -20.97 
-0.00   1.00    -0.00   -0.53  
0.00    0.00    1.00    -0.00  
1.00    0.00    0.00    -21.17 
-0.00   1.00    -0.00   -0.53  
-0.00   0.00    1.00    -0.00  
1.00    0.00    0.00    -21.37 
-0.00   1.00    -0.00   -0.54  
-0.00   0.00    1.00    -0.00  
1.00    0.00    0.00    -21.57 
-0.00   1.00    -0.00   -0.54  
-0.00   0.00    1.00    -0.00  
1.00    0.00    0.00    -21.78 
-0.00   1.00    -0.00   -0.55  
-0.00   0.00    1.00    0.00   
1.00    0.00    0.00    -22.00 
-0.00   1.00    -0.00   -0.55  
-0.00   0.00    1.00    0.00   
1.00    0.00    0.00    -22.21 
-0.00   1.00    -0.00   -0.56  
-0.00   0.00    1.00    0.00   
1.00    0.00    0.00    -22.44 
-0.00   1.00    -0.00   -0.56  
-0.00   0.00    1.00    0.00   
1.00    0.00    0.00    -22.67 
-0.00   1.00    -0.00   -0.57  
-0.00   0.00    1.00    0.00   
1.00    0.00    0.00    -22.91 
-0.00   1.00    -0.00   -0.58  
-0.00   0.00    1.00    0.00   
1.00    0.00    0.00    -23.15 
-0.00   1.00    -0.00   -0.58  
-0.00   0.00    1.00    0.00   
1.00    0.00    0.00    -23.40 
-0.00   1.00    -0.00   -0.59  
-0.00   0.00    1.00    0.00   
1.00    0.00    0.00    -23.66 
-0.00   1.00    -0.00   -0.59  
-0.00   0.00    1.00    0.00   
1.00    0.00    0.00    -23.92 
-0.00   1.00    -0.00   -0.60  
-0.00   0.00    1.00    0.00   
1.00    0.00    0.00    -24.18 
-0.00   1.00    -0.00   -0.61  
-0.00   0.00    1.00    0.00   
1.00    0.00    0.00    -24.44 
-0.00   1.00    -0.00   -0.61  
-0.00   0.00    1.00    0.00   
1.00    0.00    0.00    -24.70 
-0.00   1.00    -0.00   -0.62  
-0.00   0.00    1.00    0.00   
1.00    0.00    0.00    -24.97 
-0.00   1.00    -0.00   -0.63  
-0.00   0.00    1.00    0.00   
1.00    0.00    0.00    -25.25 
-0.00   1.00    -0.00   -0.63  
-0.00   0.00    1.00    0.00   
1.00    0.00    0.00    -25.53 
-0.00   1.00    -0.00   -0.64  
-0.00   0.00    1.00    0.00   
1.00    0.00    0.00    -25.81 
-0.00   1.00    -0.00   -0.65  
-0.00   0.00    1.00    0.00   
1.00    0.00    0.00    -26.10 
-0.00   1.00    -0.00   -0.66  
-0.00   0.00    1.00    0.00   
1.00    0.00    0.00    -26.38 
-0.00   1.00    -0.00   -0.66  
-0.00   0.00    1.00    0.00   
1.00    0.00    0.00    -26.67 
-0.00   1.00    -0.00   -0.67  
-0.00   0.00    1.00    -0.00  
1.00    0.00    0.00    -26.95 
-0.00   1.00    0.00    -0.68  
-0.00   -0.00   1.00    -0.00  
1.00    0.00    0.00    -27.23 
-0.00   1.00    0.00    -0.68  
-0.00   -0.00   1.00    -0.00  
1.00    0.00    -0.00   -27.51 
-0.00   1.00    0.00    -0.69  
0.00    -0.00   1.00    -0.00  
1.00    0.00    -0.00   -27.78 
-0.00   1.00    -0.00   -0.70  
0.00    0.00    1.00    -0.00  
1.00    0.00    -0.00   -28.06 
-0.00   1.00    -0.00   -0.71  
0.00    0.00    1.00    -0.00  
1.00    0.00    -0.00   -28.34 
-0.00   1.00    -0.00   -0.71  
0.00    0.00    1.00    -0.00  
1.00    0.00    -0.00   -28.61 
-0.00   1.00    -0.00   -0.72  
0.00    0.00    1.00    -0.00  
1.00    0.00    -0.00   -28.89 
-0.00   1.00    -0.00   -0.73  
0.00    0.00    1.00    -0.00  
1.00    0.00    -0.00   -29.16 
-0.00   1.00    -0.00   -0.73  
0.00    0.00    1.00    -0.00  
1.00    0.00    -0.00   -29.43 
-0.00   1.00    -0.00   -0.74  
0.00    0.00    1.00    -0.00  
1.00    0.00    -0.00   -29.70 
-0.00   1.00    0.00    -0.75  
0.00    -0.00   1.00    -0.00  
1.00    0.00    -0.00   -29.97 
-0.00   1.00    0.00    -0.75  
0.00    -0.00   1.00    -0.00  
1.00    0.00    -0.00   -30.24 
-0.00   1.00    0.00    -0.76  
0.00    -0.00   1.00    -0.00  
1.00    0.00    -0.00   -30.52 
-0.00   1.00    0.00    -0.77  
0.00    -0.00   1.00    -0.00  
1.00    0.00    -0.00   -30.78 
-0.00   1.00    0.00    -0.77  
0.00    -0.00   1.00    -0.00  
1.00    0.00    -0.00   -31.05 
-0.00   1.00    0.00    -0.78  
0.00    -0.00   1.00    -0.00  
1.00    0.00    -0.00   -31.32 
-0.00   1.00    0.00    -0.79  
0.00    -0.00   1.00    -0.00  
1.00    0.00    -0.00   -31.59 
-0.00   1.00    0.00    -0.79  
0.00    -0.00   1.00    -0.00  
1.00    0.00    -0.00   -31.86 
-0.00   1.00    0.00    -0.80  
0.00    -0.00   1.00    -0.00  
1.00    0.00    -0.00   -32.13 
-0.00   1.00    0.00    -0.81  
0.00    -0.00   1.00    -0.00  
1.00    0.00    -0.00   -32.40 
-0.00   1.00    0.00    -0.81  
0.00    -0.00   1.00    -0.00  
1.00    0.00    -0.00   -32.67 
-0.00   1.00    0.00    -0.82  
0.00    -0.00   1.00    -0.00  
1.00    0.00    -0.00   -32.94 
-0.00   1.00    0.00    -0.83  
0.00    -0.00   1.00    -0.00  
1.00    0.00    -0.00   -33.21 
-0.00   1.00    0.00    -0.83  
0.00    -0.00   1.00    -0.00  
1.00    0.00    -0.00   -33.48 
-0.00   1.00    0.00    -0.84  
0.00    -0.00   1.00    -0.00  
1.00    0.00    -0.00   -33.75 
-0.00   1.00    0.00    -0.85  
0.00    -0.00   1.00    -0.00  
1.00    0.00    0.00    -34.02 
-0.00   1.00    0.00    -0.85  
-0.00   -0.00   1.00    -0.00  
1.00    0.00    0.00    -34.29 
-0.00   1.00    0.00    -0.86  
-0.00   -0.00   1.00    -0.00  
1.00    0.00    0.00    -34.56 
-0.00   1.00    0.00    -0.87  
-0.00   -0.00   1.00    -0.00  
1.00    0.00    0.00    -34.83 
-0.00   1.00    0.00    -0.88  
-0.00   -0.00   1.00    -0.00  
1.00    0.00    0.00    -35.10 
-0.00   1.00    0.00    -0.88  
-0.00   -0.00   1.00    -0.00  
1.00    0.00    0.00    -35.37 
-0.00   1.00    0.00    -0.89  
-0.00   -0.00   1.00    -0.00  
1.00    -0.00   0.00    -35.64 
0.00    1.00    0.00    -0.90  
-0.00   -0.00   1.00    -0.00  
1.00    -0.00   0.00    -35.91 
0.00    1.00    0.00    -0.90  
-0.00   -0.00   1.00    -0.00  
1.00    -0.00   0.00    -36.18 
0.00    1.00    0.00    -0.91  
-0.00   -0.00   1.00    -0.00  
1.00    -0.00   0.00    -36.44 
0.00    1.00    -0.00   -0.92  
-0.00   0.00    1.00    -0.00  
1.00    0.00    0.00    -36.71 
-0.00   1.00    -0.00   -0.92  
-0.00   0.00    1.00    -0.00  
1.00    0.00    0.00    -36.98 
-0.00   1.00    -0.00   -0.93  
-0.00   0.00    1.00    -0.00  
1.00    0.00    0.00    -37.25 
-0.00   1.00    -0.00   -0.94  
-0.00   0.00    1.00    -0.00  
1.00    0.00    0.00    -37.52 
-0.00   1.00    -0.00   -0.94  
-0.00   0.00    1.00    -0.00  
1.00    0.00    0.00    -37.79 
-0.00   1.00    0.00    -0.95  
-0.00   -0.00   1.00    -0.00  
1.00    0.00    0.00    -38.06 
-0.00   1.00    0.00    -0.96  
-0.00   -0.00   1.00    -0.00  
1.00    -0.00   0.00    -38.33 
0.00    1.00    0.00    -0.96  
-0.00   -0.00   1.00    -0.00  
1.00    -0.00   0.00    -38.60 
0.00    1.00    0.00    -0.97  
-0.00   -0.00   1.00    -0.00  
1.00    -0.00   0.00    -38.87 
0.00    1.00    0.00    -0.98  
-0.00   -0.00   1.00    -0.00  
1.00    -0.00   0.00    -39.14 
0.00    1.00    0.00    -0.98  
-0.00   -0.00   1.00    -0.00  
1.00    -0.00   0.00    -39.41 
0.00    1.00    0.00    -0.99  
-0.00   -0.00   1.00    -0.00  
1.00    -0.00   0.00    -39.68 
0.00    1.00    0.00    -1.00  
-0.00   -0.00   1.00    -0.00  
1.00    -0.00   0.00    -39.95 
0.00    1.00    0.00    -1.00  
-0.00   -0.00   1.00    -0.00  
1.00    -0.00   0.00    -40.22 
0.00    1.00    0.00    -1.01  
-0.00   -0.00   1.00    -0.00  
1.00    -0.00   0.00    -40.49 
0.00    1.00    0.00    -1.02  
-0.00   -0.00   1.00    -0.00  
1.00    -0.00   0.00    -40.76 
0.00    1.00    0.00    -1.02  
-0.00   -0.00   1.00    -0.00  
1.00    -0.00   0.00    -41.03 
0.00    1.00    0.00    -1.03  
-0.00   -0.00   1.00    -0.00  
1.00    -0.00   0.00    -41.30 
0.00    1.00    0.00    -1.04  
-0.00   -0.00   1.00    -0.00  
1.00    -0.00   0.00    -41.57 
0.00    1.00    0.00    -1.04  
-0.00   -0.00   1.00    -0.00  
1.00    -0.00   0.00    -41.84 
0.00    1.00    0.00    -1.05  
-0.00   -0.00   1.00    -0.00  
1.00    -0.00   0.00    -42.11 
0.00    1.00    0.00    -1.06  
-0.00   -0.00   1.00    -0.00  
1.00    -0.00   0.00    -42.38 
0.00    1.00    0.00    -1.07  
-0.00   -0.00   1.00    -0.00  
1.00    -0.00   0.00    -42.65 
0.00    1.00    0.00    -1.07  
-0.00   -0.00   1.00    -0.00  
1.00    -0.00   0.00    -42.92 
0.00    1.00    0.00    -1.08  
-0.00   -0.00   1.00    -0.00  
1.00    -0.00   0.00    -43.19 
0.00    1.00    0.00    -1.09  
-0.00   -0.00   1.00    -0.00  
1.00    -0.00   0.00    -43.46 
0.00    1.00    -0.00   -1.09  
-0.00   0.00    1.00    -0.00  
1.00    -0.00   0.00    -43.73 
0.00    1.00    -0.00   -1.10  
-0.00   0.00    1.00    -0.00  
1.00    0.00    0.00    -44.00 
-0.00   1.00    -0.00   -1.11  
-0.00   0.00    1.00    -0.00  
1.00    0.00    0.00    -44.27 
-0.00   1.00    -0.00   -1.11  
-0.00   0.00    1.00    -0.00  
1.00    0.00    0.00    -44.54 
-0.00   1.00    -0.00   -1.12  
-0.00   0.00    1.00    -0.00  
1.00    0.00    0.00    -44.81 
-0.00   1.00    -0.00   -1.13  
-0.00   0.00    1.00    -0.00  
1.00    0.00    0.00    -45.08 
-0.00   1.00    -0.00   -1.13  
-0.00   0.00    1.00    -0.00  
1.00    0.00    0.00    -45.35 
-0.00   1.00    -0.00   -1.14  
-0.00   0.00    1.00    -0.00  
1.00    0.00    0.00    -45.62 
-0.00   1.00    -0.00   -1.15  
-0.00   0.00    1.00    -0.00  
1.00    0.00    0.00    -45.89 
-0.00   1.00    -0.00   -1.15  
-0.00   0.00    1.00    -0.00  
1.00    0.00    0.00    -46.16 
-0.00   1.00    0.00    -1.16  
-0.00   -0.00   1.00    -0.00  
1.00    0.00    0.00    -46.43 
-0.00   1.00    0.00    -1.17  
-0.00   -0.00   1.00    -0.00  
1.00    0.00    0.00    -46.70 
-0.00   1.00    0.00    -1.17  
-0.00   -0.00   1.00    -0.00  
1.00    0.00    0.00    -46.97 
-0.00   1.00    0.00    -1.18  
-0.00   -0.00   1.00    -0.00  
1.00    0.00    0.00    -47.24 
-0.00   1.00    0.00    -1.19  
-0.00   -0.00   1.00    -0.00  
1.00    0.00    0.00    -47.51 
-0.00   1.00    0.00    -1.19  
-0.00   -0.00   1.00    -0.00  
1.00    0.00    0.00    -47.78 
-0.00   1.00    0.00    -1.20  
-0.00   -0.00   1.00    -0.00  
1.00    0.00    0.00    -48.04 
-0.00   1.00    0.00    -1.21  
-0.00   -0.00   1.00    -0.00  
1.00    0.00    0.00    -48.31 
-0.00   1.00    0.00    -1.21  
-0.00   -0.00   1.00    -0.00  
1.00    0.00    0.00    -48.58 
-0.00   1.00    0.00    -1.22  
-0.00   -0.00   1.00    -0.00  
1.00    0.00    0.00    -48.85 
-0.00   1.00    0.00    -1.23  
-0.00   -0.00   1.00    -0.00  
1.00    0.00    0.00    -49.12 
-0.00   1.00    0.00    -1.23  
-0.00   -0.00   1.00    -0.00  
1.00    -0.00   0.00    -49.39 
0.00    1.00    0.00    -1.24  
-0.00   -0.00   1.00    -0.00  
1.00    -0.00   0.00    -49.66 
0.00    1.00    0.00    -1.25  
-0.00   -0.00   1.00    -0.00  
1.00    -0.00   0.00    -49.93 
0.00    1.00    0.00    -1.25  
-0.00   -0.00   1.00    -0.00  
1.00    -0.00   0.00    -50.20 
0.00    1.00    0.00    -1.26  
-0.00   -0.00   1.00    -0.00  
1.00    -0.00   0.00    -50.47 
0.00    1.00    0.00    -1.27  
-0.00   -0.00   1.00    -0.00  
1.00    -0.00   0.00    -50.74 
0.00    1.00    0.00    -1.28  
-0.00   -0.00   1.00    -0.00  
1.00    -0.00   0.00    -51.01 
0.00    1.00    -0.00   -1.28  
-0.00   0.00    1.00    -0.00  
1.00    0.00    0.00    -51.28 
-0.00   1.00    -0.00   -1.29  
-0.00   0.00    1.00    -0.00  
1.00    0.00    0.00    -51.55 
-0.00   1.00    -0.00   -1.30  
-0.00   0.00    1.00    -0.00  
1.00    0.00    0.00    -51.82 
-0.00   1.00    -0.00   -1.30  
-0.00   0.00    1.00    -0.00  
1.00    0.00    0.00    -52.09 
-0.00   1.00    -0.00   -1.31  
-0.00   0.00    1.00    -0.00  
1.00    0.00    0.00    -52.36 
-0.00   1.00    0.00    -1.32  
-0.00   -0.00   1.00    -0.00  
1.00    0.00    0.00    -52.63 
-0.00   1.00    0.00    -1.32  
-0.00   -0.00   1.00    -0.00  
1.00    0.00    0.00    -52.90 
-0.00   1.00    0.00    -1.33  
-0.00   -0.00   1.00    -0.00  
1.00    0.00    0.00    -53.17 
-0.00   1.00    0.00    -1.34  
-0.00   -0.00   1.00    -0.00  
1.00    0.00    0.00    -53.44 
-0.00   1.00    0.00    -1.34  
-0.00   -0.00   1.00    -0.00  
1.00    0.00    0.00    -53.71 
-0.00   1.00    0.00    -1.35  
-0.00   -0.00   1.00    -0.00  
1.00    0.00    0.00    -53.98 
-0.00   1.00    0.00    -1.36  
-0.00   -0.00   1.00    -0.00  
1.00    0.00    0.00    -54.25 
-0.00   1.00    0.00    -1.36  
-0.00   -0.00   1.00    -0.00  
1.00    0.00    0.00    -54.52 
-0.00   1.00    0.00    -1.37  
-0.00   -0.00   1.00    -0.00  
1.00    0.00    0.00    -54.79 
-0.00   1.00    0.00    -1.38  
-0.00   -0.00   1.00    -0.00  
1.00    0.00    0.00    -55.06 
-0.00   1.00    0.00    -1.38  
-0.00   -0.00   1.00    -0.00  
1.00    0.00    0.00    -55.33 
-0.00   1.00    0.00    -1.39  
-0.00   -0.00   1.00    -0.00  
1.00    0.00    0.00    -55.60 
-0.00   1.00    0.00    -1.40  
-0.00   -0.00   1.00    -0.00  
1.00    0.00    0.00    -55.87 
-0.00   1.00    0.00    -1.40  
-0.00   -0.00   1.00    -0.00  
1.00    0.00    0.00    -56.14 
-0.00   1.00    0.00    -1.41  
-0.00   -0.00   1.00    -0.00  
1.00    0.00    0.00    -56.41 
-0.00   1.00    0.00    -1.42  
-0.00   -0.00   1.00    -0.00  
1.00    0.00    0.00    -56.68 
-0.00   1.00    0.00    -1.42  
-0.00   -0.00   1.00    -0.00  
1.00    0.00    0.00    -56.95 
-0.00   1.00    0.00    -1.43  
-0.00   -0.00   1.00    -0.00  
1.00    0.00    0.00    -57.22 
-0.00   1.00    0.00    -1.44  
-0.00   -0.00   1.00    -0.00  
1.00    0.00    0.00    -57.49 
-0.00   1.00    0.00    -1.45  
-0.00   -0.00   1.00    -0.00  
1.00    0.00    0.00    -57.76 
-0.00   1.00    -0.00   -1.45  
-0.00   0.00    1.00    -0.00  
1.00    0.00    0.00    -58.03 
-0.00   1.00    -0.00   -1.46  
-0.00   0.00    1.00    -0.00  
1.00    0.00    0.00    -58.30 
-0.00   1.00    -0.00   -1.47  
-0.00   0.00    1.00    -0.00  
1.00    0.00    0.00    -58.57 
-0.00   1.00    -0.00   -1.47  
-0.00   0.00    1.00    -0.00  
1.00    0.00    0.00    -58.84 
-0.00   1.00    -0.00   -1.48  
-0.00   0.00    1.00    -0.00  
1.00    0.00    0.00    -59.11 
-0.00   1.00    0.00    -1.49  
-0.00   -0.00   1.00    -0.00  
1.00    0.00    0.00    -59.38 
-0.00   1.00    0.00    -1.49  
-0.00   -0.00   1.00    -0.00  
1.00    0.00    0.00    -59.64 
-0.00   1.00    0.00    -1.50  
-0.00   -0.00   1.00    -0.00  
1.00    0.00    0.00    -59.91 
-0.00   1.00    0.00    -1.51  
-0.00   -0.00   1.00    -0.00  
1.00    0.00    0.00    -60.18 
-0.00   1.00    0.00    -1.51  
-0.00   -0.00   1.00    -0.00  
1.00    0.00    0.00    -60.45 
-0.00   1.00    0.00    -1.52  
-0.00   -0.00   1.00    -0.00  
1.00    0.00    0.00    -60.72 
-0.00   1.00    0.00    -1.53  
-0.00   -0.00   1.00    -0.00  
1.00    0.00    0.00    -60.99 
-0.00   1.00    0.00    -1.53  
-0.00   -0.00   1.00    -0.00  
1.00    0.00    0.00    -61.26 
-0.00   1.00    -0.00   -1.54  
-0.00   0.00    1.00    -0.00  
1.00    0.00    0.00    -61.53 
-0.00   1.00    -0.00   -1.55  
-0.00   0.00    1.00    -0.00  
1.00    0.00    0.00    -61.80 
-0.00   1.00    -0.00   -1.55  
-0.00   0.00    1.00    -0.00  
1.00    0.00    0.00    -62.07 
-0.00   1.00    -0.00   -1.56  
-0.00   0.00    1.00    -0.00  
1.00    0.00    0.00    -62.34 
-0.00   1.00    -0.00   -1.57  
-0.00   0.00    1.00    -0.00  
1.00    0.00    0.00    -62.61 
-0.00   1.00    -0.00   -1.57  
-0.00   0.00    1.00    -0.00  
1.00    0.00    0.00    -62.88 
-0.00   1.00    0.00    -1.58  
-0.00   -0.00   1.00    -0.00  
1.00    0.00    0.00    -63.15 
-0.00   1.00    0.00    -1.59  
-0.00   -0.00   1.00    -0.00  
1.00    -0.00   0.00    -63.42 
0.00    1.00    0.00    -1.59  
-0.00   -0.00   1.00    -0.00  
1.00    -0.00   0.00    -63.69 
0.00    1.00    -0.00   -1.60  
-0.00   0.00    1.00    -0.00  
1.00    0.00    0.00    -63.96 
-0.00   1.00    -0.00   -1.61  
-0.00   0.00    1.00    -0.00  
1.00    0.00    0.00    -64.23 
-0.00   1.00    -0.00   -1.61  
-0.00   0.00    1.00    -0.00  
1.00    0.00    0.00    -64.50 
-0.00   1.00    -0.00   -1.62  
-0.00   0.00    1.00    -0.00  
1.00    0.00    0.00    -64.77 
-0.00   1.00    -0.00   -1.63  
-0.00   0.00    1.00    -0.00  
1.00    0.00    0.00    -65.04 
-0.00   1.00    -0.00   -1.63  
-0.00   0.00    1.00    -0.00  
1.00    0.00    0.00    -65.31 
-0.00   1.00    -0.00   -1.64  
-0.00   0.00    1.00    -0.00  
1.00    0.00    0.00    -65.58 
-0.00   1.00    -0.00   -1.65  
-0.00   0.00    1.00    -0.00  
1.00    0.00    0.00    -65.85 
-0.00   1.00    -0.00   -1.66  
-0.00   0.00    1.00    -0.00  
1.00    0.00    0.00    -66.12 
-0.00   1.00    -0.00   -1.66  
-0.00   0.00    1.00    -0.00  
1.00    0.00    0.00    -66.39 
-0.00   1.00    -0.00   -1.67  
-0.00   0.00    1.00    -0.00  
1.00    0.00    0.00    -66.66 
-0.00   1.00    -0.00   -1.68  
-0.00   0.00    1.00    -0.00  
1.00    0.00    0.00    -66.93 
-0.00   1.00    -0.00   -1.68  
-0.00   0.00    1.00    -0.00  
1.00    0.00    0.00    -67.20 
-0.00   1.00    -0.00   -1.69  
-0.00   0.00    1.00    -0.00  
1.00    0.00    0.00    -67.47 
-0.00   1.00    -0.00   -1.70  
-0.00   0.00    1.00    -0.00  
1.00    0.00    0.00    -67.74 
-0.00   1.00    -0.00   -1.70  
-0.00   0.00    1.00    -0.00  
1.00    0.00    0.00    -68.01 
-0.00   1.00    -0.00   -1.71  
-0.00   0.00    1.00    -0.00  
1.00    0.00    0.00    -68.28 
-0.00   1.00    -0.00   -1.72  
-0.00   0.00    1.00    -0.00  
1.00    0.00    0.00    -68.55 
-0.00   1.00    -0.00   -1.72  
-0.00   0.00    1.00    -0.00  
1.00    0.00    0.00    -68.82 
-0.00   1.00    -0.00   -1.73  
-0.00   0.00    1.00    -0.00  
1.00    0.00    0.00    -69.09 
-0.00   1.00    -0.00   -1.74  
-0.00   0.00    1.00    -0.00  
1.00    0.00    0.00    -69.36 
-0.00   1.00    -0.00   -1.74  
-0.00   0.00    1.00    -0.00  
1.00    0.00    0.00    -69.63 
-0.00   1.00    -0.00   -1.75  
-0.00   0.00    1.00    -0.00  
1.00    0.00    0.00    -69.90 
-0.00   1.00    -0.00   -1.76  
-0.00   0.00    1.00    -0.00  
1.00    0.00    0.00    -70.17 
-0.00   1.00    -0.00   -1.76  
-0.00   0.00    1.00    -0.00  
1.00    0.00    0.00    -70.44 
-0.00   1.00    -0.00   -1.77  
-0.00   0.00    1.00    -0.00  
1.00    0.00    0.00    -70.71 
-0.00   1.00    -0.00   -1.78  
-0.00   0.00    1.00    -0.00  
1.00    0.00    0.00    -70.98 
-0.00   1.00    -0.00   -1.78  
-0.00   0.00    1.00    -0.00  
1.00    0.00    0.00    -71.24 
-0.00   1.00    -0.00   -1.79  
-0.00   0.00    1.00    -0.00  
1.00    0.00    0.00    -71.51 
-0.00   1.00    -0.00   -1.80  
-0.00   0.00    1.00    -0.00  
1.00    0.00    0.00    -71.78 
-0.00   1.00    -0.00   -1.80  
-0.00   0.00    1.00    -0.00  
1.00    0.00    0.00    -72.05 
-0.00   1.00    -0.00   -1.81  
-0.00   0.00    1.00    -0.00  
1.00    0.00    0.00    -72.32 
-0.00   1.00    -0.00   -1.82  
-0.00   0.00    1.00    -0.00  
1.00    0.00    0.00    -72.59 
-0.00   1.00    -0.00   -1.82  
-0.00   0.00    1.00    -0.00  
1.00    0.00    0.00    -72.86 
-0.00   1.00    -0.00   -1.83  
-0.00   0.00    1.00    -0.00  
1.00    0.00    0.00    -73.13 
-0.00   1.00    -0.00   -1.84  
-0.00   0.00    1.00    -0.00  
1.00    0.00    0.00    -73.40 
-0.00   1.00    -0.00   -1.84  
-0.00   0.00    1.00    -0.00  
1.00    0.00    0.00    -73.67 
-0.00   1.00    -0.00   -1.85  
-0.00   0.00    1.00    -0.00  
1.00    0.00    0.00    -73.94 
-0.00   1.00    0.00    -1.86  
-0.00   -0.00   1.00    -0.00  
1.00    0.00    0.00    -74.21 
-0.00   1.00    0.00    -1.87  
-0.00   -0.00   1.00    -0.00  
1.00    0.00    0.00    -74.48 
-0.00   1.00    0.00    -1.87  
-0.00   -0.00   1.00    -0.00  
1.00    0.00    0.00    -74.75 
-0.00   1.00    0.00    -1.88  
-0.00   -0.00   1.00    -0.00  
1.00    0.00    0.00    -75.02 
-0.00   1.00    0.00    -1.89  
-0.00   -0.00   1.00    -0.00  
1.00    0.00    0.00    -75.29 
-0.00   1.00    0.00    -1.89  
-0.00   -0.00   1.00    -0.00  
1.00    0.00    0.00    -75.56 
-0.00   1.00    0.00    -1.90  
-0.00   -0.00   1.00    -0.00  
1.00    0.00    0.00    -75.83 
-0.00   1.00    0.00    -1.91  
-0.00   -0.00   1.00    -0.00  
1.00    0.00    0.00    -76.10 
-0.00   1.00    0.00    -1.91  
-0.00   -0.00   1.00    -0.00  
1.00    0.00    0.00    -76.37 
-0.00   1.00    0.00    -1.92  
-0.00   -0.00   1.00    -0.00  
1.00    0.00    0.00    -76.64 
-0.00   1.00    0.00    -1.93  
-0.00   -0.00   1.00    -0.00  
1.00    0.00    -0.00   -76.91 
-0.00   1.00    0.00    -1.93  
0.00    -0.00   1.00    -0.00  
1.00    0.00    -0.00   -77.18 
-0.00   1.00    0.00    -1.94  
0.00    -0.00   1.00    -0.00  
1.00    0.00    -0.00   -77.45 
-0.00   1.00    0.00    -1.95  
0.00    -0.00   1.00    -0.00  
1.00    0.00    -0.00   -77.72 
-0.00   1.00    0.00    -1.95  
0.00    -0.00   1.00    -0.00  
1.00    0.00    -0.00   -77.98 
-0.00   1.00    0.00    -1.96  
0.00    -0.00   1.00    -0.00  
1.00    0.00    -0.00   -78.25 
-0.00   1.00    0.00    -1.97  
0.00    -0.00   1.00    -0.00  
1.00    0.00    -0.00   -78.52 
-0.00   1.00    0.00    -1.97  
0.00    -0.00   1.00    -0.00  
1.00    0.00    -0.00   -78.78 
-0.00   1.00    0.00    -1.98  
0.00    -0.00   1.00    -0.00  
1.00    0.00    -0.00   -79.05 
-0.00   1.00    0.00    -1.99  
0.00    -0.00   1.00    -0.00  
1.00    0.00    -0.00   -79.31 
-0.00   1.00    0.00    -1.99  
0.00    -0.00   1.00    -0.00  
1.00    0.00    -0.00   -79.57 
-0.00   1.00    0.00    -2.00  
0.00    -0.00   1.00    -0.00  
1.00    0.00    -0.00   -79.83 
-0.00   1.00    0.00    -2.01  
0.00    -0.00   1.00    -0.00  
1.00    0.00    -0.00   -80.09 
-0.00   1.00    0.00    -2.01  
0.00    -0.00   1.00    -0.00  
1.00    0.00    -0.00   -80.35 
-0.00   1.00    0.00    -2.02  
0.00    -0.00   1.00    -0.00  
1.00    0.00    -0.00   -80.60 
-0.00   1.00    0.00    -2.03  
0.00    -0.00   1.00    -0.00  
1.00    0.00    -0.00   -80.86 
-0.00   1.00    0.00    -2.03  
0.00    -0.00   1.00    -0.00  
1.00    0.00    -0.00   -81.12 
-0.00   1.00    0.00    -2.04  
0.00    -0.00   1.00    -0.00  
1.00    0.00    -0.00   -81.37 
-0.00   1.00    0.00    -2.04  
0.00    -0.00   1.00    -0.00  
1.00    0.00    -0.00   -81.62 
-0.00   1.00    0.00    -2.05  
0.00    -0.00   1.00    -0.00  
1.00    0.00    -0.00   -81.87 
-0.00   1.00    0.00    -2.06  
0.00    -0.00   1.00    -0.00  
1.00    0.00    -0.00   -82.12 
-0.00   1.00    0.00    -2.06  
0.00    -0.00   1.00    -0.00  
1.00    0.00    -0.00   -82.37 
-0.00   1.00    0.00    -2.07  
0.00    -0.00   1.00    -0.00  
1.00    0.00    -0.00   -82.62 
-0.00   1.00    0.00    -2.08  
0.00    -0.00   1.00    -0.00  
1.00    0.00    -0.00   -82.87 
-0.00   1.00    -0.00   -2.08  
0.00    0.00    1.00    -0.00  
1.00    0.00    -0.00   -83.11 
-0.00   1.00    0.00    -2.09  
0.00    -0.00   1.00    -0.00  
1.00    0.00    -0.00   -83.36 
-0.00   1.00    0.00    -2.09  
0.00    -0.00   1.00    -0.00  
1.00    0.00    -0.00   -83.60 
-0.00   1.00    -0.00   -2.10  
0.00    0.00    1.00    -0.00  
1.00    0.00    -0.00   -83.84 
-0.00   1.00    0.00    -2.11  
0.00    -0.00   1.00    -0.00  
1.00    0.00    -0.00   -84.08 
-0.00   1.00    0.00    -2.11  
0.00    -0.00   1.00    -0.00  
1.00    0.00    -0.00   -84.33 
-0.00   1.00    -0.00   -2.12  
0.00    0.00    1.00    -0.00  
1.00    0.00    -0.00   -84.57 
-0.00   1.00    0.00    -2.13  
0.00    -0.00   1.00    -0.00  
1.00    0.00    -0.00   -84.80 
-0.00   1.00    -0.00   -2.13  
0.00    0.00    1.00    -0.00  
1.00    0.00    -0.00   -85.04 
-0.00   1.00    -0.00   -2.14  
0.00    0.00    1.00    -0.00  
1.00    0.00    -0.00   -85.26 
-0.00   1.00    -0.00   -2.14  
0.00    0.00    1.00    -0.00  
1.00    0.00    -0.00   -85.48 
-0.00   1.00    -0.00   -2.15  
0.00    0.00    1.00    -0.00  
1.00    0.00    -0.00   -85.70 
-0.00   1.00    -0.00   -2.15  
0.00    0.00    1.00    -0.00  
1.00    0.00    -0.00   -85.92 
-0.00   1.00    0.00    -2.16  
0.00    -0.00   1.00    -0.00  
1.00    0.00    -0.00   -86.14 
-0.00   1.00    0.00    -2.16  
0.00    -0.00   1.00    -0.00  
1.00    0.00    -0.00   -86.35 
-0.00   1.00    0.00    -2.17  
0.00    -0.00   1.00    -0.00  
1.00    0.00    -0.00   -86.57 
-0.00   1.00    0.00    -2.18  
0.00    -0.00   1.00    -0.00  
1.00    0.00    -0.00   -86.79 
-0.00   1.00    0.00    -2.18  
0.00    -0.00   1.00    -0.00  
1.00    0.00    -0.00   -87.01 
-0.00   1.00    0.00    -2.19  
0.00    -0.00   1.00    -0.00  
1.00    0.00    -0.00   -87.23 
-0.00   1.00    0.00    -2.19  
0.00    -0.00   1.00    -0.00  
1.00    0.00    0.00    -87.46 
-0.00   1.00    0.00    -2.20  
-0.00   -0.00   1.00    -0.00  
1.00    0.00    0.00    -87.68 
-0.00   1.00    0.00    -2.20  
-0.00   -0.00   1.00    -0.00  
1.00    0.00    0.00    -87.91 
-0.00   1.00    0.00    -2.21  
-0.00   -0.00   1.00    -0.00  
1.00    0.00    0.00    -88.13 
-0.00   1.00    -0.00   -2.21  
-0.00   0.00    1.00    -0.00  
1.00    0.00    0.00    -88.36 
-0.00   1.00    -0.00   -2.22  
-0.00   0.00    1.00    -0.00  
1.00    0.00    0.00    -88.58 
-0.00   1.00    -0.00   -2.23  
-0.00   0.00    1.00    -0.00  
1.00    0.00    -0.00   -88.80 
-0.00   1.00    -0.00   -2.23  
0.00    0.00    1.00    -0.00  
1.00    0.00    -0.00   -89.01 
-0.00   1.00    -0.00   -2.24  
0.00    0.00    1.00    -0.00  
1.00    0.00    -0.00   -89.23 
-0.00   1.00    -0.00   -2.24  
0.00    0.00    1.00    -0.00  
1.00    0.00    -0.00   -89.44 
-0.00   1.00    0.00    -2.25  
0.00    -0.00   1.00    -0.00  
1.00    0.00    -0.00   -89.66 
-0.00   1.00    0.00    -2.25  
0.00    -0.00   1.00    -0.00  
1.00    0.00    -0.00   -89.87 
-0.00   1.00    0.00    -2.26  
0.00    -0.00   1.00    -0.00  
1.00    0.00    -0.00   -90.07 
-0.00   1.00    -0.00   -2.26  
0.00    0.00    1.00    -0.00  
1.00    0.00    -0.00   -90.28 
-0.00   1.00    -0.00   -2.27  
0.00    0.00    1.00    -0.00  
1.00    0.00    -0.00   -90.49 
-0.00   1.00    -0.00   -2.27  
0.00    0.00    1.00    -0.00  
1.00    0.00    -0.00   -90.69 
-0.00   1.00    0.00    -2.28  
0.00    -0.00   1.00    -0.00  
1.00    0.00    -0.00   -90.90 
-0.00   1.00    -0.00   -2.28  
0.00    0.00    1.00    -0.00  
1.00    0.00    -0.00   -91.10 
-0.00   1.00    0.00    -2.29  
0.00    -0.00   1.00    -0.00  
1.00    0.00    -0.00   -91.30 
-0.00   1.00    0.00    -2.29  
0.00    -0.00   1.00    -0.00  
1.00    0.00    -0.00   -91.51 
-0.00   1.00    -0.00   -2.30  
0.00    0.00    1.00    -0.00  
1.00    0.00    -0.00   -91.71 
-0.00   1.00    -0.00   -2.30  
0.00    0.00    1.00    -0.00  
1.00    0.00    -0.00   -91.91 
-0.00   1.00    0.00    -2.31  
0.00    -0.00   1.00    -0.00  
1.00    0.00    -0.00   -92.12 
-0.00   1.00    0.00    -2.31  
0.00    -0.00   1.00    -0.00  
1.00    0.00    -0.00   -92.32 
-0.00   1.00    0.00    -2.32  
0.00    -0.00   1.00    -0.00  
1.00    0.00    -0.00   -92.52 
-0.00   1.00    0.00    -2.32  
0.00    -0.00   1.00    -0.00  
1.00    0.00    -0.00   -92.72 
-0.00   1.00    0.00    -2.33  
0.00    -0.00   1.00    -0.00  
1.00    0.00    -0.00   -92.92 
-0.00   1.00    0.00    -2.33  
0.00    -0.00   1.00    -0.00  
1.00    0.00    -0.00   -93.12 
-0.00   1.00    0.00    -2.34  
0.00    -0.00   1.00    -0.00  
1.00    0.00    -0.00   -93.31 
-0.00   1.00    0.00    -2.34  
0.00    -0.00   1.00    -0.00  
1.00    0.00    -0.00   -93.51 
-0.00   1.00    0.00    -2.35  
0.00    -0.00   1.00    -0.00  
1.00    0.00    -0.00   -93.70 
-0.00   1.00    0.00    -2.35  
0.00    -0.00   1.00    -0.00  
1.00    0.00    -0.00   -93.90 
-0.00   1.00    -0.00   -2.36  
0.00    0.00    1.00    -0.00  
1.00    0.00    -0.00   -94.09 
-0.00   1.00    0.00    -2.36  
0.00    -0.00   1.00    -0.00  
1.00    0.00    -0.00   -94.28 
-0.00   1.00    0.00    -2.37  
0.00    -0.00   1.00    -0.00  
1.00    0.00    -0.00   -94.47 
-0.00   1.00    -0.00   -2.37  
0.00    0.00    1.00    -0.00  
1.00    0.00    -0.00   -94.66 
-0.00   1.00    0.00    -2.38  
0.00    -0.00   1.00    -0.00  
1.00    0.00    -0.00   -94.85 
-0.00   1.00    -0.00   -2.38  
0.00    0.00    1.00    -0.00  
1.00    0.00    -0.00   -95.04 
-0.00   1.00    0.00    -2.39  
0.00    -0.00   1.00    -0.00  
1.00    -0.00   -0.00   -95.22 
0.00    1.00    0.00    -2.39  
0.00    -0.00   1.00    -0.00  
1.00    -0.00   -0.00   -95.41 
0.00    1.00    0.00    -2.40  
0.00    -0.00   1.00    -0.00  
1.00    -0.00   -0.00   -95.60 
0.00    1.00    0.00    -2.40  
0.00    -0.00   1.00    -0.00  
1.00    -0.00   -0.00   -95.78 
0.00    1.00    -0.00   -2.41  
0.00    0.00    1.00    -0.00  
1.00    -0.00   -0.00   -95.97 
0.00    1.00    -0.00   -2.41  
0.00    0.00    1.00    -0.00  
1.00    -0.00   -0.00   -96.15 
0.00    1.00    -0.00   -2.42  
0.00    0.00    1.00    -0.00  
1.00    -0.00   -0.00   -96.33 
0.00    1.00    -0.00   -2.42  
0.00    0.00    1.00    -0.00  
1.00    -0.00   -0.00   -96.52 
0.00    1.00    -0.00   -2.43  
0.00    0.00    1.00    -0.00  
1.00    -0.00   -0.00   -96.70 
0.00    1.00    -0.00   -2.43  
0.00    0.00    1.00    -0.00  
1.00    -0.00   -0.00   -96.88 
0.00    1.00    -0.00   -2.43  
0.00    0.00    1.00    -0.00  
1.00    -0.00   -0.00   -97.06 
0.00    1.00    0.00    -2.44  
0.00    -0.00   1.00    -0.00  
1.00    -0.00   -0.00   -97.24 
0.00    1.00    -0.00   -2.44  
0.00    0.00    1.00    -0.00  
1.00    -0.00   -0.00   -97.42 
0.00    1.00    0.00    -2.45  
0.00    -0.00   1.00    -0.00  
1.00    -0.00   0.00    -97.61 
0.00    1.00    0.00    -2.45  
-0.00   -0.00   1.00    -0.00  
1.00    -0.00   0.00    -97.80 
0.00    1.00    -0.00   -2.46  
-0.00   0.00    1.00    -0.00  
1.00    -0.00   0.00    -97.99 
0.00    1.00    0.00    -2.46  
-0.00   -0.00   1.00    -0.00  
1.00    -0.00   0.00    -98.19 
0.00    1.00    0.00    -2.47  
-0.00   -0.00   1.00    0.00   
1.00    -0.00   0.00    -98.39 
0.00    1.00    0.00    -2.47  
-0.00   -0.00   1.00    0.00   
1.00    -0.00   0.00    -98.59 
0.00    1.00    0.00    -2.48  
-0.00   -0.00   1.00    0.00   
1.00    -0.00   0.00    -98.81 
0.00    1.00    0.00    -2.48  
-0.00   -0.00   1.00    0.00   
1.00    -0.00   0.00    -99.03 
0.00    1.00    0.00    -2.49  
-0.00   -0.00   1.00    0.00   
1.00    -0.00   0.00    -99.25 
0.00    1.00    0.00    -2.49  
-0.00   -0.00   1.00    0.00   
1.00    -0.00   0.00    -99.48 
0.00    1.00    0.00    -2.50  
-0.00   -0.00   1.00    0.00   
1.00    -0.00   0.00    -99.72 
0.00    1.00    0.00    -2.51  
-0.00   -0.00   1.00    0.00   
1.00    -0.00   0.00    -99.96 
0.00    1.00    0.00    -2.51  
-0.00   -0.00   1.00    0.00   
1.00    -0.00   0.00    -100.21
0.00    1.00    0.00    -2.52  
-0.00   -0.00   1.00    0.00   
1.00    -0.00   0.00    -100.47
0.00    1.00    0.00    -2.52  
-0.00   -0.00   1.00    0.00   
1.00    -0.00   0.00    -100.72
0.00    1.00    0.00    -2.53  
-0.00   -0.00   1.00    0.00   
1.00    -0.00   0.00    -100.98
0.00    1.00    0.00    -2.54  
-0.00   -0.00   1.00    0.00   
1.00    -0.00   0.00    -101.24
0.00    1.00    0.00    -2.54  
-0.00   -0.00   1.00    0.00   
1.00    -0.00   0.00    -101.50
0.00    1.00    0.00    -2.55  
-0.00   -0.00   1.00    0.00   
1.00    -0.00   0.00    -101.77
0.00    1.00    0.00    -2.56  
-0.00   -0.00   1.00    0.00   
1.00    -0.00   0.00    -102.05
0.00    1.00    0.00    -2.56  
-0.00   -0.00   1.00    0.00   
1.00    -0.00   0.00    -102.33
0.00    1.00    0.00    -2.57  
-0.00   -0.00   1.00    0.00   
1.00    -0.00   0.00    -102.61
0.00    1.00    0.00    -2.58  
-0.00   -0.00   1.00    0.00   
1.00    -0.00   0.00    -102.89
0.00    1.00    0.00    -2.59  
-0.00   -0.00   1.00    0.00   
1.00    -0.00   0.00    -103.18
0.00    1.00    0.00    -2.59  
-0.00   -0.00   1.00    0.00   
1.00    -0.00   0.00    -103.46
0.00    1.00    0.00    -2.60  
-0.00   -0.00   1.00    0.00   
1.00    -0.00   0.00    -103.74
0.00    1.00    0.00    -2.61  
-0.00   -0.00   1.00    0.00   
1.00    -0.00   0.00    -104.02
0.00    1.00    0.00    -2.61  
-0.00   -0.00   1.00    0.00   
1.00    -0.00   0.00    -104.29
0.00    1.00    0.00    -2.62  
-0.00   -0.00   1.00    -0.00  
1.00    -0.00   0.00    -104.57
0.00    1.00    0.00    -2.63  
-0.00   -0.00   1.00    -0.00  
1.00    -0.00   -0.00   -104.85
0.00    1.00    0.00    -2.63  
0.00    -0.00   1.00    -0.00  
1.00    -0.00   -0.00   -105.12
0.00    1.00    0.00    -2.64  
0.00    -0.00   1.00    -0.00  
1.00    -0.00   -0.00   -105.40
0.00    1.00    0.00    -2.65  
0.00    -0.00   1.00    -0.00  
1.00    -0.00   -0.00   -105.67
0.00    1.00    0.00    -2.66  
0.00    -0.00   1.00    -0.00  
1.00    -0.00   -0.00   -105.94
0.00    1.00    0.00    -2.66  
0.00    -0.00   1.00    -0.00  
1.00    -0.00   -0.00   -106.21
0.00    1.00    0.00    -2.67  
0.00    -0.00   1.00    -0.00  
1.00    -0.00   -0.00   -106.49
0.00    1.00    -0.00   -2.68  
0.00    0.00    1.00    -0.00  
1.00    0.00    -0.00   -106.76
-0.00   1.00    -0.00   -2.68  
0.00    0.00    1.00    -0.00  
1.00    0.00    -0.00   -107.03
-0.00   1.00    -0.00   -2.69  
0.00    0.00    1.00    -0.00  
1.00    0.00    -0.00   -107.30
-0.00   1.00    -0.00   -2.70  
0.00    0.00    1.00    -0.00  
1.00    0.00    -0.00   -107.57
-0.00   1.00    -0.00   -2.70  
0.00    0.00    1.00    -0.00  
1.00    0.00    -0.00   -107.84
-0.00   1.00    0.00    -2.71  
0.00    -0.00   1.00    -0.00  
1.00    -0.00   -0.00   -108.11
0.00    1.00    0.00    -2.72  
0.00    -0.00   1.00    -0.00  
1.00    -0.00   -0.00   -108.38
0.00    1.00    0.00    -2.72  
0.00    -0.00   1.00    -0.00  
1.00    -0.00   -0.00   -108.64
0.00    1.00    0.00    -2.73  
0.00    -0.00   1.00    -0.00  
1.00    -0.00   -0.00   -108.91
0.00    1.00    0.00    -2.74  
0.00    -0.00   1.00    -0.00  
1.00    -0.00   -0.00   -109.18
0.00    1.00    0.00    -2.74  
0.00    -0.00   1.00    -0.00  
1.00    -0.00   -0.00   -109.45
0.00    1.00    0.00    -2.75  
0.00    -0.00   1.00    -0.00  
1.00    -0.00   -0.00   -109.72
0.00    1.00    0.00    -2.76  
0.00    -0.00   1.00    -0.00  
1.00    -0.00   -0.00   -109.99
0.00    1.00    0.00    -2.76  
0.00    -0.00   1.00    -0.00  
1.00    -0.00   -0.00   -110.26
0.00    1.00    0.00    -2.77  
0.00    -0.00   1.00    -0.00  
1.00    -0.00   0.00    -110.53
0.00    1.00    0.00    -2.78  
-0.00   -0.00   1.00    -0.00  
1.00    -0.00   0.00    -110.80
0.00    1.00    0.00    -2.78  
-0.00   -0.00   1.00    -0.00  
1.00    -0.00   0.00    -111.07
0.00    1.00    0.00    -2.79  
-0.00   -0.00   1.00    -0.00  
1.00    -0.00   0.00    -111.34
0.00    1.00    0.00    -2.80  
-0.00   -0.00   1.00    -0.00  
1.00    -0.00   0.00    -111.61
0.00    1.00    0.00    -2.81  
-0.00   -0.00   1.00    -0.00  
1.00    -0.00   0.00    -111.88
0.00    1.00    0.00    -2.81  
-0.00   -0.00   1.00    -0.00  
1.00    -0.00   0.00    -112.15
0.00    1.00    0.00    -2.82  
-0.00   -0.00   1.00    -0.00  
1.00    -0.00   0.00    -112.42
0.00    1.00    0.00    -2.83  
-0.00   -0.00   1.00    -0.00  
1.00    -0.00   0.00    -112.69
0.00    1.00    0.00    -2.83  
-0.00   -0.00   1.00    -0.00  
1.00    -0.00   0.00    -112.96
0.00    1.00    0.00    -2.84  
-0.00   -0.00   1.00    -0.00  
1.00    -0.00   0.00    -113.23
0.00    1.00    0.00    -2.85  
-0.00   -0.00   1.00    -0.00  
1.00    -0.00   0.00    -113.50
0.00    1.00    0.00    -2.85  
-0.00   -0.00   1.00    -0.00  
1.00    -0.00   0.00    -113.77
0.00    1.00    0.00    -2.86  
-0.00   -0.00   1.00    -0.00  
1.00    -0.00   0.00    -114.04
0.00    1.00    0.00    -2.87  
-0.00   -0.00   1.00    -0.00  
1.00    -0.00   0.00    -114.31
0.00    1.00    0.00    -2.87  
-0.00   -0.00   1.00    -0.00  
1.00    -0.00   0.00    -114.58
0.00    1.00    -0.00   -2.88  
-0.00   0.00    1.00    -0.00  
1.00    0.00    0.00    -114.85
-0.00   1.00    -0.00   -2.89  
-0.00   0.00    1.00    -0.00  
1.00    0.00    0.00    -115.12
-0.00   1.00    -0.00   -2.89  
-0.00   0.00    1.00    -0.00  
1.00    0.00    0.00    -115.39
-0.00   1.00    -0.00   -2.90  
-0.00   0.00    1.00    -0.00  
1.00    0.00    0.00    -115.66
-0.00   1.00    -0.00   -2.91  
-0.00   0.00    1.00    -0.00  
1.00    0.00    0.00    -115.92
-0.00   1.00    -0.00   -2.91  
-0.00   0.00    1.00    -0.00  
1.00    0.00    0.00    -116.19
-0.00   1.00    -0.00   -2.92  
-0.00   0.00    1.00    -0.00  
1.00    0.00    0.00    -116.46
-0.00   1.00    -0.00   -2.93  
-0.00   0.00    1.00    -0.00  
1.00    0.00    0.00    -116.73
-0.00   1.00    0.00    -2.93  
-0.00   -0.00   1.00    -0.00  
1.00    0.00    0.00    -117.00
-0.00   1.00    0.00    -2.94  
-0.00   -0.00   1.00    -0.00  
1.00    0.00    0.00    -117.27
-0.00   1.00    0.00    -2.95  
-0.00   -0.00   1.00    -0.00  
1.00    0.00    0.00    -117.54
-0.00   1.00    0.00    -2.95  
-0.00   -0.00   1.00    -0.00  
1.00    0.00    0.00    -117.81
-0.00   1.00    0.00    -2.96  
-0.00   -0.00   1.00    -0.00  
1.00    0.00    0.00    -118.08
-0.00   1.00    -0.00   -2.97  
-0.00   0.00    1.00    -0.00  
1.00    0.00    0.00    -118.35
-0.00   1.00    -0.00   -2.97  
-0.00   0.00    1.00    -0.00  
1.00    0.00    0.00    -118.62
-0.00   1.00    -0.00   -2.98  
-0.00   0.00    1.00    -0.00  
1.00    0.00    0.00    -118.89
-0.00   1.00    -0.00   -2.99  
-0.00   0.00    1.00    -0.00  
1.00    0.00    0.00    -119.16
-0.00   1.00    0.00    -2.99  
-0.00   -0.00   1.00    -0.00  
1.00    0.00    0.00    -119.43
-0.00   1.00    0.00    -3.00  
-0.00   -0.00   1.00    -0.00  
1.00    0.00    0.00    -119.70
-0.00   1.00    0.00    -3.01  
-0.00   -0.00   1.00    -0.00  
1.00    0.00    0.00    -119.97
-0.00   1.00    0.00    -3.02  
-0.00   -0.00   1.00    -0.00  
1.00    0.00    0.00    -120.24
-0.00   1.00    0.00    -3.02  
-0.00   -0.00   1.00    -0.00  
1.00    0.00    0.00    -120.51
-0.00   1.00    0.00    -3.03  
-0.00   -0.00   1.00    -0.00  
1.00    0.00    0.00    -120.78
-0.00   1.00    0.00    -3.04  
-0.00   -0.00   1.00    -0.00  
1.00    0.00    0.00    -121.05
-0.00   1.00    0.00    -3.04  
-0.00   -0.00   1.00    -0.00  
1.00    0.00    0.00    -121.32
-0.00   1.00    0.00    -3.05  
-0.00   -0.00   1.00    -0.00  
1.00    0.00    0.00    -121.59
-0.00   1.00    0.00    -3.06  
-0.00   -0.00   1.00    -0.00  
1.00    0.00    0.00    -121.86
-0.00   1.00    0.00    -3.06  
-0.00   -0.00   1.00    -0.00  
1.00    0.00    0.00    -122.13
-0.00   1.00    0.00    -3.07  
-0.00   -0.00   1.00    -0.00  
1.00    0.00    0.00    -122.40
-0.00   1.00    0.00    -3.08  
-0.00   -0.00   1.00    -0.00  
1.00    0.00    0.00    -122.67
-0.00   1.00    0.00    -3.08  
-0.00   -0.00   1.00    -0.00  
1.00    0.00    0.00    -122.94
-0.00   1.00    -0.00   -3.09  
-0.00   0.00    1.00    -0.00  
1.00    0.00    0.00    -123.21
-0.00   1.00    -0.00   -3.10  
-0.00   0.00    1.00    -0.00  
1.00    0.00    0.00    -123.48
-0.00   1.00    -0.00   -3.10  
-0.00   0.00    1.00    -0.00  
1.00    0.00    0.00    -123.75
-0.00   1.00    -0.00   -3.11  
-0.00   0.00    1.00    -0.00  
1.00    0.00    0.00    -124.02
-0.00   1.00    -0.00   -3.12  
-0.00   0.00    1.00    -0.00  
1.00    0.00    0.00    -124.29
-0.00   1.00    -0.00   -3.12  
-0.00   0.00    1.00    -0.00  
1.00    0.00    0.00    -124.56
-0.00   1.00    -0.00   -3.13  
-0.00   0.00    1.00    -0.00  
1.00    0.00    0.00    -124.83
-0.00   1.00    -0.00   -3.14  
-0.00   0.00    1.00    -0.00  
1.00    0.00    0.00    -125.10
-0.00   1.00    -0.00   -3.14  
-0.00   0.00    1.00    -0.00  
1.00    0.00    0.00    -125.37
-0.00   1.00    -0.00   -3.15  
-0.00   0.00    1.00    -0.00  
1.00    0.00    0.00    -125.64
-0.00   1.00    -0.00   -3.16  
-0.00   0.00    1.00    -0.00  
1.00    0.00    0.00    -125.91
-0.00   1.00    -0.00   -3.16  
-0.00   0.00    1.00    -0.00  
1.00    0.00    0.00    -126.18
-0.00   1.00    -0.00   -3.17  
-0.00   0.00    1.00    -0.00  
1.00    0.00    0.00    -126.45
-0.00   1.00    0.00    -3.18  
-0.00   -0.00   1.00    -0.00  
1.00    0.00    0.00    -126.72
-0.00   1.00    0.00    -3.18  
-0.00   -0.00   1.00    -0.00  
1.00    0.00    0.00    -126.99
-0.00   1.00    0.00    -3.19  
-0.00   -0.00   1.00    -0.00  
1.00    0.00    0.00    -127.25
-0.00   1.00    0.00    -3.20  
-0.00   -0.00   1.00    -0.00  
1.00    0.00    0.00    -127.52
-0.00   1.00    0.00    -3.21  
-0.00   -0.00   1.00    -0.00  
1.00    0.00    0.00    -127.79
-0.00   1.00    0.00    -3.21  
-0.00   -0.00   1.00    -0.00  
1.00    0.00    0.00    -128.06
-0.00   1.00    0.00    -3.22  
-0.00   -0.00   1.00    -0.00  
1.00    0.00    0.00    -128.33
-0.00   1.00    0.00    -3.23  
-0.00   -0.00   1.00    -0.00  
1.00    0.00    0.00    -128.60
-0.00   1.00    0.00    -3.23  
-0.00   -0.00   1.00    -0.00  
1.00    0.00    0.00    -128.87
-0.00   1.00    0.00    -3.24  
-0.00   -0.00   1.00    -0.00  
1.00    0.00    0.00    -129.14
-0.00   1.00    0.00    -3.25  
-0.00   -0.00   1.00    -0.00  
1.00    0.00    0.00    -129.41
-0.00   1.00    0.00    -3.25  
-0.00   -0.00   1.00    -0.00  
1.00    0.00    0.00    -129.68
-0.00   1.00    0.00    -3.26  
-0.00   -0.00   1.00    -0.00  
1.00    0.00    0.00    -129.95
-0.00   1.00    0.00    -3.27  
-0.00   -0.00   1.00    -0.00  
1.00    0.00    0.00    -130.22
-0.00   1.00    0.00    -3.27  
-0.00   -0.00   1.00    -0.00  
1.00    0.00    0.00    -130.49
-0.00   1.00    0.00    -3.28  
-0.00   -0.00   1.00    -0.00  
1.00    0.00    0.00    -130.76
-0.00   1.00    0.00    -3.29  
-0.00   -0.00   1.00    -0.00  
1.00    0.00    0.00    -131.03
-0.00   1.00    0.00    -3.29  
-0.00   -0.00   1.00    -0.00  
1.00    0.00    0.00    -131.30
-0.00   1.00    -0.00   -3.30  
-0.00   0.00    1.00    -0.00  
1.00    0.00    0.00    -131.57
-0.00   1.00    -0.00   -3.31  
-0.00   0.00    1.00    -0.00  
1.00    0.00    0.00    -131.84
-0.00   1.00    -0.00   -3.31  
-0.00   0.00    1.00    -0.00  
1.00    0.00    0.00    -132.11
-0.00   1.00    -0.00   -3.32  
-0.00   0.00    1.00    -0.00  
1.00    0.00    0.00    -132.38
-0.00   1.00    -0.00   -3.33  
-0.00   0.00    1.00    -0.00  
1.00    0.00    0.00    -132.65
-0.00   1.00    -0.00   -3.33  
-0.00   0.00    1.00    -0.00  
1.00    0.00    0.00    -132.92
-0.00   1.00    -0.00   -3.34  
-0.00   0.00    1.00    -0.00  
1.00    0.00    0.00    -133.19
-0.00   1.00    0.00    -3.35  
-0.00   -0.00   1.00    -0.00  
1.00    0.00    0.00    -133.46
-0.00   1.00    0.00    -3.35  
-0.00   -0.00   1.00    -0.00  
1.00    0.00    0.00    -133.73
-0.00   1.00    0.00    -3.36  
-0.00   -0.00   1.00    -0.00  
1.00    0.00    0.00    -134.00
-0.00   1.00    0.00    -3.37  
-0.00   -0.00   1.00    -0.00  
1.00    0.00    0.00    -134.27
-0.00   1.00    0.00    -3.37  
-0.00   -0.00   1.00    -0.00  
1.00    0.00    0.00    -134.54
-0.00   1.00    0.00    -3.38  
-0.00   -0.00   1.00    -0.00  
1.00    0.00    0.00    -134.81
-0.00   1.00    0.00    -3.39  
-0.00   -0.00   1.00    -0.00  
1.00    0.00    0.00    -135.08
-0.00   1.00    0.00    -3.39  
-0.00   -0.00   1.00    -0.00  
1.00    0.00    0.00    -135.35
-0.00   1.00    0.00    -3.40  
-0.00   -0.00   1.00    -0.00  
1.00    0.00    0.00    -135.62
-0.00   1.00    0.00    -3.41  
-0.00   -0.00   1.00    -0.00  
1.00    0.00    0.00    -135.89
-0.00   1.00    0.00    -3.41  
-0.00   -0.00   1.00    -0.00  
1.00    0.00    0.00    -136.16
-0.00   1.00    0.00    -3.42  
-0.00   -0.00   1.00    -0.00  
1.00    0.00    0.00    -136.43
-0.00   1.00    0.00    -3.43  
-0.00   -0.00   1.00    -0.00  
1.00    0.00    0.00    -136.70
-0.00   1.00    0.00    -3.44  
-0.00   -0.00   1.00    -0.00  
1.00    -0.00   0.00    -136.97
0.00    1.00    0.00    -3.44  
-0.00   -0.00   1.00    -0.00  
1.00    -0.00   0.00    -137.24
0.00    1.00    0.00    -3.45  
-0.00   -0.00   1.00    -0.00  
1.00    -0.00   0.00    -137.51
0.00    1.00    0.00    -3.46  
-0.00   -0.00   1.00    -0.00  
1.00    -0.00   0.00    -137.78
0.00    1.00    0.00    -3.46  
-0.00   -0.00   1.00    -0.00  
1.00    -0.00   0.00    -138.05
0.00    1.00    0.00    -3.47  
-0.00   -0.00   1.00    -0.00  
1.00    -0.00   0.00    -138.31
0.00    1.00    0.00    -3.48  
-0.00   -0.00   1.00    -0.00  
1.00    -0.00   0.00    -138.58
0.00    1.00    0.00    -3.48  
-0.00   -0.00   1.00    -0.00  
1.00    -0.00   0.00    -138.85
0.00    1.00    0.00    -3.49  
-0.00   -0.00   1.00    -0.00  
1.00    -0.00   0.00    -139.12
0.00    1.00    0.00    -3.50  
-0.00   -0.00   1.00    -0.00  
1.00    -0.00   0.00    -139.39
0.00    1.00    0.00    -3.50  
-0.00   -0.00   1.00    -0.00  
1.00    -0.00   0.00    -139.66
0.00    1.00    0.00    -3.51  
-0.00   -0.00   1.00    -0.00  
1.00    -0.00   0.00    -139.93
0.00    1.00    0.00    -3.52  
-0.00   -0.00   1.00    -0.00  
1.00    -0.00   0.00    -140.20
0.00    1.00    0.00    -3.52  
-0.00   -0.00   1.00    -0.00  
1.00    -0.00   0.00    -140.47
0.00    1.00    0.00    -3.53  
-0.00   -0.00   1.00    -0.00  
1.00    0.00    0.00    -140.74
-0.00   1.00    -0.00   -3.54  
-0.00   0.00    1.00    -0.00  
1.00    0.00    0.00    -141.01
-0.00   1.00    -0.00   -3.54  
-0.00   0.00    1.00    -0.00  
1.00    0.00    0.00    -141.28
-0.00   1.00    -0.00   -3.55  
-0.00   0.00    1.00    -0.00  
1.00    0.00    0.00    -141.55
-0.00   1.00    -0.00   -3.56  
-0.00   0.00    1.00    -0.00  
1.00    0.00    0.00    -141.82
-0.00   1.00    -0.00   -3.56  
-0.00   0.00    1.00    -0.00  
1.00    0.00    0.00    -142.09
-0.00   1.00    -0.00   -3.57  
-0.00   0.00    1.00    -0.00  
1.00    0.00    0.00    -142.36
-0.00   1.00    -0.00   -3.58  
-0.00   0.00    1.00    -0.00  
1.00    0.00    0.00    -142.63
-0.00   1.00    0.00    -3.58  
-0.00   -0.00   1.00    -0.00  
1.00    0.00    0.00    -142.90
-0.00   1.00    0.00    -3.59  
-0.00   -0.00   1.00    -0.00  
1.00    0.00    0.00    -143.17
-0.00   1.00    0.00    -3.60  
-0.00   -0.00   1.00    -0.00  
1.00    0.00    0.00    -143.44
-0.00   1.00    0.00    -3.60  
-0.00   -0.00   1.00    -0.00  
1.00    0.00    0.00    -143.71
-0.00   1.00    0.00    -3.61  
-0.00   -0.00   1.00    -0.00  
1.00    0.00    0.00    -143.98
-0.00   1.00    0.00    -3.62  
-0.00   -0.00   1.00    -0.00  
1.00    0.00    0.00    -144.25
-0.00   1.00    0.00    -3.63  
-0.00   -0.00   1.00    -0.00  
1.00    0.00    0.00    -144.52
-0.00   1.00    -0.00   -3.63  
-0.00   0.00    1.00    -0.00  
1.00    0.00    0.00    -144.79
-0.00   1.00    -0.00   -3.64  
-0.00   0.00    1.00    -0.00  
1.00    0.00    0.00    -145.06
-0.00   1.00    -0.00   -3.65  
-0.00   0.00    1.00    -0.00  
1.00    0.00    0.00    -145.33
-0.00   1.00    -0.00   -3.65  
-0.00   0.00    1.00    -0.00  
1.00    0.00    0.00    -145.60
-0.00   1.00    -0.00   -3.66  
-0.00   0.00    1.00    -0.00  
1.00    0.00    0.00    -145.87
-0.00   1.00    -0.00   -3.67  
-0.00   0.00    1.00    -0.00  
1.00    0.00    0.00    -146.14
-0.00   1.00    0.00    -3.67  
-0.00   -0.00   1.00    -0.00  
1.00    0.00    0.00    -146.41
-0.00   1.00    0.00    -3.68  
-0.00   -0.00   1.00    -0.00  
1.00    0.00    0.00    -146.68
-0.00   1.00    0.00    -3.69  
-0.00   -0.00   1.00    -0.00  
1.00    0.00    0.00    -146.95
-0.00   1.00    0.00    -3.69  
-0.00   -0.00   1.00    -0.00  
1.00    0.00    0.00    -147.22
-0.00   1.00    0.00    -3.70  
-0.00   -0.00   1.00    -0.00  
1.00    0.00    0.00    -147.49
-0.00   1.00    0.00    -3.71  
-0.00   -0.00   1.00    -0.00  
1.00    0.00    0.00    -147.76
-0.00   1.00    0.00    -3.71  
-0.00   -0.00   1.00    -0.00  
1.00    0.00    0.00    -148.03
-0.00   1.00    0.00    -3.72  
-0.00   -0.00   1.00    -0.00  
1.00    0.00    0.00    -148.30
-0.00   1.00    -0.00   -3.73  
-0.00   0.00    1.00    -0.00  
1.00    0.00    0.00    -148.57
-0.00   1.00    -0.00   -3.73  
-0.00   0.00    1.00    -0.00  
1.00    0.00    0.00    -148.84
-0.00   1.00    -0.00   -3.74  
-0.00   0.00    1.00    -0.00  
1.00    0.00    0.00    -149.11
-0.00   1.00    0.00    -3.75  
-0.00   -0.00   1.00    -0.00  
1.00    0.00    0.00    -149.37
-0.00   1.00    0.00    -3.75  
-0.00   -0.00   1.00    -0.00  
1.00    0.00    0.00    -149.64
-0.00   1.00    0.00    -3.76  
-0.00   -0.00   1.00    -0.00  
1.00    0.00    0.00    -149.91
-0.00   1.00    0.00    -3.77  
-0.00   -0.00   1.00    -0.00  
1.00    0.00    0.00    -150.18
-0.00   1.00    0.00    -3.77  
-0.00   -0.00   1.00    -0.00  
1.00    0.00    0.00    -150.45
-0.00   1.00    0.00    -3.78  
-0.00   -0.00   1.00    -0.00  
1.00    0.00    0.00    -150.72
-0.00   1.00    0.00    -3.79  
-0.00   -0.00   1.00    -0.00  
1.00    0.00    0.00    -150.99
-0.00   1.00    0.00    -3.79  
-0.00   -0.00   1.00    -0.00  
1.00    -0.00   0.00    -151.26
0.00    1.00    0.00    -3.80  
-0.00   -0.00   1.00    -0.00  
1.00    -0.00   0.00    -151.53
0.00    1.00    0.00    -3.81  
-0.00   -0.00   1.00    -0.00  
1.00    -0.00   0.00    -151.80
0.00    1.00    0.00    -3.82  
-0.00   -0.00   1.00    -0.00  
1.00    -0.00   0.00    -152.07
0.00    1.00    0.00    -3.82  
-0.00   -0.00   1.00    -0.00  
1.00    -0.00   0.00    -152.34
0.00    1.00    0.00    -3.83  
-0.00   -0.00   1.00    -0.00  
1.00    -0.00   0.00    -152.61
0.00    1.00    0.00    -3.84  
-0.00   -0.00   1.00    -0.00  
1.00    -0.00   0.00    -152.88
0.00    1.00    0.00    -3.84  
-0.00   -0.00   1.00    -0.00  
1.00    -0.00   0.00    -153.15
0.00    1.00    0.00    -3.85  
-0.00   -0.00   1.00    -0.00  
1.00    -0.00   0.00    -153.42
0.00    1.00    0.00    -3.86  
-0.00   -0.00   1.00    -0.00  
1.00    -0.00   0.00    -153.69
0.00    1.00    0.00    -3.86  
-0.00   -0.00   1.00    -0.00  
1.00    -0.00   0.00    -153.96
0.00    1.00    0.00    -3.87  
-0.00   -0.00   1.00    -0.00  
1.00    -0.00   0.00    -154.23
0.00    1.00    0.00    -3.88  
-0.00   -0.00   1.00    -0.00  
1.00    -0.00   0.00    -154.50
0.00    1.00    0.00    -3.88  
-0.00   -0.00   1.00    -0.00  
1.00    -0.00   0.00    -154.77
0.00    1.00    0.00    -3.89  
-0.00   -0.00   1.00    -0.00  
1.00    -0.00   0.00    -155.04
0.00    1.00    0.00    -3.90  
-0.00   -0.00   1.00    -0.00  
1.00    -0.00   0.00    -155.31
0.00    1.00    0.00    -3.90  
-0.00   -0.00   1.00    -0.00  
1.00    -0.00   0.00    -155.58
0.00    1.00    0.00    -3.91  
-0.00   -0.00   1.00    -0.00  
1.00    0.00    0.00    -155.85
-0.00   1.00    -0.00   -3.92  
-0.00   0.00    1.00    -0.00  
1.00    0.00    0.00    -156.12
-0.00   1.00    -0.00   -3.92  
-0.00   0.00    1.00    -0.00  
1.00    0.00    0.00    -156.39
-0.00   1.00    -0.00   -3.93  
-0.00   0.00    1.00    -0.00  
1.00    0.00    0.00    -156.66
-0.00   1.00    -0.00   -3.94  
-0.00   0.00    1.00    -0.00  
1.00    0.00    0.00    -156.93
-0.00   1.00    -0.00   -3.94  
-0.00   0.00    1.00    -0.00  
1.00    0.00    0.00    -157.20
-0.00   1.00    -0.00   -3.95  
-0.00   0.00    1.00    -0.00  
1.00    0.00    0.00    -157.47
-0.00   1.00    -0.00   -3.96  
-0.00   0.00    1.00    -0.00  
1.00    0.00    0.00    -157.74
-0.00   1.00    -0.00   -3.96  
-0.00   0.00    1.00    -0.00  
1.00    0.00    0.00    -158.01
-0.00   1.00    0.00    -3.97  
-0.00   -0.00   1.00    -0.00  
1.00    0.00    0.00    -158.28
-0.00   1.00    0.00    -3.98  
-0.00   -0.00   1.00    -0.00  
1.00    0.00    0.00    -158.55
-0.00   1.00    0.00    -3.98  
-0.00   -0.00   1.00    -0.00  
1.00    0.00    0.00    -158.82
-0.00   1.00    0.00    -3.99  
-0.00   -0.00   1.00    -0.00  
1.00    0.00    0.00    -159.09
-0.00   1.00    0.00    -4.00  
-0.00   -0.00   1.00    -0.00  
1.00    0.00    0.00    -159.36
-0.00   1.00    0.00    -4.01  
-0.00   -0.00   1.00    -0.00  
1.00    0.00    0.00    -159.63
-0.00   1.00    -0.00   -4.01  
-0.00   0.00    1.00    -0.00  
1.00    0.00    0.00    -159.90
-0.00   1.00    -0.00   -4.02  
-0.00   0.00    1.00    -0.00  
1.00    0.00    0.00    -160.17
-0.00   1.00    -0.00   -4.02  
-0.00   0.00    1.00    -0.00  
1.00    0.00    0.00    -160.44
-0.00   1.00    -0.00   -4.03  
-0.00   0.00    1.00    -0.00  
1.00    0.00    0.00    -160.70
-0.00   1.00    -0.00   -4.04  
-0.00   0.00    1.00    -0.00  
1.00    0.00    0.00    -160.97
-0.00   1.00    -0.00   -4.04  
-0.00   0.00    1.00    -0.00  
1.00    0.00    0.00    -161.24
-0.00   1.00    -0.00   -4.05  
-0.00   0.00    1.00    -0.00  
1.00    0.00    0.00    -161.51
-0.00   1.00    -0.00   -4.05  
-0.00   0.00    1.00    -0.00  
1.00    0.00    0.00    -161.78
-0.00   1.00    -0.00   -4.06  
-0.00   0.00    1.00    -0.00  
1.00    0.00    0.00    -162.05
-0.00   1.00    -0.00   -4.06  
-0.00   0.00    1.00    -0.00  
1.00    0.00    0.00    -162.32
-0.00   1.00    -0.00   -4.07  
-0.00   0.00    1.00    -0.00  
1.00    0.00    0.00    -162.59
-0.00   1.00    -0.00   -4.08  
-0.00   0.00    1.00    -0.00  
1.00    0.00    0.00    -162.86
-0.00   1.00    -0.00   -4.08  
-0.00   0.00    1.00    -0.00  
1.00    0.00    0.00    -163.13
-0.00   1.00    -0.00   -4.09  
-0.00   0.00    1.00    -0.00  
1.00    0.00    0.00    -163.40
-0.00   1.00    -0.00   -4.09  
-0.00   0.00    1.00    -0.00  
1.00    0.00    0.00    -163.67
-0.00   1.00    -0.00   -4.10  
-0.00   0.00    1.00    -0.00  
1.00    0.00    0.00    -163.94
-0.00   1.00    -0.00   -4.10  
-0.00   0.00    1.00    -0.00  
1.00    0.00    0.00    -164.21
-0.00   1.00    -0.00   -4.11  
-0.00   0.00    1.00    -0.00  
1.00    0.00    0.00    -164.48
-0.00   1.00    -0.00   -4.11  
-0.00   0.00    1.00    -0.00  
1.00    0.00    0.00    -164.75
-0.00   1.00    -0.00   -4.12  
-0.00   0.00    1.00    -0.00  
1.00    0.00    -0.00   -165.02
-0.00   1.00    -0.00   -4.12  
0.00    0.00    1.00    -0.00  
1.00    0.00    -0.00   -165.29
-0.00   1.00    -0.00   -4.12  
0.00    0.00    1.00    -0.00  
1.00    0.00    -0.00   -165.56
-0.00   1.00    -0.00   -4.12  
0.00    0.00    1.00    -0.00  
1.00    0.00    -0.00   -165.83
-0.00   1.00    -0.00   -4.11  
0.00    0.00    1.00    -0.00  
1.00    0.00    -0.00   -166.10
-0.00   1.00    -0.00   -4.11  
0.00    0.00    1.00    -0.00  
1.00    0.00    -0.00   -166.37
-0.00   1.00    -0.00   -4.10  
0.00    0.00    1.00    -0.00  
1.00    0.00    -0.00   -166.64
-0.00   1.00    -0.00   -4.10  
0.00    0.00    1.00    -0.00  
1.00    0.00    -0.00   -166.91
-0.00   1.00    -0.00   -4.09  
0.00    0.00    1.00    -0.00  
1.00    0.00    0.00    -167.18
-0.00   1.00    -0.00   -4.09  
-0.00   0.00    1.00    -0.00  
1.00    0.00    0.00    -167.45
-0.00   1.00    -0.00   -4.08  
-0.00   0.00    1.00    -0.00  
1.00    0.00    0.00    -167.72
-0.00   1.00    -0.00   -4.07  
-0.00   0.00    1.00    -0.00  
1.00    0.00    0.00    -167.99
-0.00   1.00    -0.00   -4.06  
-0.00   0.00    1.00    -0.00  
1.00    0.00    0.00    -168.26
-0.00   1.00    -0.00   -4.06  
-0.00   0.00    1.00    -0.00  
1.00    0.00    0.00    -168.53
-0.00   1.00    -0.00   -4.05  
-0.00   0.00    1.00    -0.00  
1.00    0.00    0.00    -168.79
-0.00   1.00    -0.00   -4.04  
-0.00   0.00    1.00    -0.00  
1.00    0.00    0.00    -169.06
-0.00   1.00    -0.00   -4.03  
-0.00   0.00    1.00    -0.00  
1.00    0.00    0.00    -169.33
-0.00   1.00    -0.00   -4.02  
-0.00   0.00    1.00    -0.00  
1.00    0.00    0.00    -169.60
-0.00   1.00    -0.00   -4.01  
-0.00   0.00    1.00    -0.00  
1.00    0.00    0.00    -169.87
-0.00   1.00    -0.00   -4.00  
-0.00   0.00    1.00    -0.00  
1.00    0.00    0.00    -170.14
-0.00   1.00    -0.00   -3.99  
-0.00   0.00    1.00    -0.00  
1.00    0.00    -0.00   -170.41
-0.00   1.00    -0.00   -3.97  
0.00    0.00    1.00    -0.00  
1.00    0.00    -0.00   -170.68
-0.00   1.00    -0.00   -3.96  
0.00    0.00    1.00    -0.00  
1.00    0.00    -0.00   -170.95
-0.00   1.00    -0.00   -3.94  
0.00    0.00    1.00    -0.00  
1.00    0.00    -0.00   -171.22
-0.00   1.00    -0.00   -3.92  
0.00    0.00    1.00    -0.00  
1.00    0.00    -0.00   -171.49
-0.00   1.00    -0.00   -3.90  
0.00    0.00    1.00    -0.00  
1.00    0.00    -0.00   -171.76
-0.00   1.00    -0.00   -3.88  
0.00    0.00    1.00    -0.00  
1.00    0.00    -0.00   -172.03
-0.00   1.00    -0.00   -3.86  
0.00    0.00    1.00    -0.00  
0.99    0.00    -0.00   -172.29
-0.00   0.99    -0.00   -3.83  
0.00    0.00    1.00    -0.00  
0.99    0.00    -0.00   -172.56
-0.00   0.99    -0.00   -3.81  
0.00    0.00    1.00    -0.00  
0.99    0.00    -0.00   -172.83
-0.00   0.99    -0.00   -3.78  
0.00    0.00    1.00    -0.00  
0.99    0.00    -0.00   -173.10
-0.00   0.99    -0.00   -3.74  
0.00    0.00    1.00    -0.00  
0.99    0.00    -0.00   -173.36
-0.00   0.99    -0.00   -3.71  
0.00    0.00    1.00    -0.00  
0.99    0.00    -0.00   -173.63
-0.00   0.99    -0.00   -3.68  
0.00    0.00    1.00    -0.00  
0.99    0.00    -0.00   -173.90
-0.00   0.99    -0.00   -3.64  
0.00    0.00    1.00    -0.00  
0.99    0.00    -0.00   -174.16
-0.00   0.99    -0.00   -3.60  
0.00    0.00    1.00    -0.00  
0.99    0.00    -0.00   -174.43
-0.00   0.99    -0.00   -3.56  
0.00    0.00    1.00    -0.00  
0.99    0.00    -0.00   -174.70
-0.00   0.99    -0.00   -3.52  
0.00    0.00    1.00    -0.00  
0.98    0.00    -0.00   -174.96
-0.00   0.98    -0.00   -3.48  
0.00    0.00    1.00    -0.00  
0.98    0.00    -0.00   -175.23
-0.00   0.98    -0.00   -3.43  
0.00    0.00    1.00    -0.00  
0.98    0.00    -0.00   -175.49
-0.00   0.98    -0.00   -3.38  
0.00    0.00    1.00    -0.00  
0.98    0.00    -0.00   -175.76
-0.00   0.98    -0.00   -3.33  
0.00    0.00    1.00    -0.00  
0.98    0.00    -0.00   -176.02
-0.00   0.98    -0.00   -3.28  
0.00    0.00    1.00    -0.00  
0.98    0.00    -0.00   -176.29
-0.00   0.98    -0.00   -3.22  
0.00    0.00    1.00    -0.00  
0.98    0.00    -0.00   -176.55
-0.00   0.98    -0.00   -3.17  
0.00    0.00    1.00    -0.00  
0.97    0.00    -0.00   -176.81
-0.00   0.97    -0.00   -3.11  
0.00    0.00    1.00    -0.00  
0.97    0.00    -0.00   -177.07
-0.00   0.97    -0.00   -3.05  
0.00    0.00    1.00    -0.00  
0.97    0.00    -0.00   -177.34
-0.00   0.97    -0.00   -2.98  
0.00    0.00    1.00    -0.00  
0.97    0.00    -0.00   -177.60
-0.00   0.97    -0.00   -2.92  
0.00    0.00    1.00    -0.00  
0.97    0.00    -0.00   -177.86
-0.00   0.97    -0.00   -2.85  
0.00    0.00    1.00    -0.00  
0.96    0.00    -0.00   -178.12
-0.00   0.96    -0.00   -2.78  
0.00    0.00    1.00    -0.00  
0.96    0.00    -0.00   -178.38
-0.00   0.96    -0.00   -2.71  
0.00    0.00    1.00    -0.00  
0.96    0.00    -0.00   -178.64
-0.00   0.96    -0.00   -2.64  
0.00    0.00    1.00    -0.00  
0.96    0.00    -0.00   -178.90
-0.00   0.96    -0.00   -2.57  
0.00    0.00    1.00    -0.00  
0.96    0.00    -0.00   -179.16
-0.00   0.96    -0.00   -2.49  
0.00    0.00    1.00    -0.00  
0.95    0.00    -0.00   -179.41
-0.00   0.95    -0.00   -2.41  
0.00    0.00    1.00    -0.00  
0.95    0.00    -0.00   -179.67
-0.00   0.95    -0.00   -2.33  
0.00    0.00    1.00    -0.00  
0.95    0.00    -0.00   -179.93
-0.00   0.95    -0.00   -2.25  
0.00    0.00    1.00    -0.00  
0.95    0.00    -0.00   -180.18
-0.00   0.95    -0.00   -2.17  
0.00    0.00    1.00    -0.00  
0.94    0.00    -0.00   -180.44
-0.00   0.94    -0.00   -2.08  
0.00    0.00    1.00    -0.00  
0.94    0.00    -0.00   -180.69
-0.00   0.94    -0.00   -1.99  
0.00    0.00    1.00    -0.00  
0.94    0.00    -0.00   -180.95
-0.00   0.94    -0.00   -1.90  
0.00    0.00    1.00    -0.00  
0.94    0.00    -0.00   -181.20
-0.00   0.94    -0.00   -1.81  
0.00    0.00    1.00    -0.00  
0.93    0.00    -0.00   -181.45
-0.00   0.93    -0.00   -1.72  
0.00    0.00    1.00    -0.00  
0.93    0.00    -0.00   -181.70
-0.00   0.93    -0.00   -1.62  
0.00    0.00    1.00    -0.00  
0.93    0.00    -0.00   -181.96
-0.00   0.93    -0.00   -1.52  
0.00    0.00    1.00    -0.00  
0.92    0.00    -0.00   -182.21
-0.00   0.92    -0.00   -1.42  
0.00    0.00    1.00    -0.00  
0.92    0.00    -0.00   -182.46
-0.00   0.92    -0.00   -1.32  
0.00    0.00    1.00    -0.00  
0.92    0.00    -0.00   -182.70
-0.00   0.92    -0.00   -1.22  
0.00    0.00    1.00    -0.00  
0.92    0.00    -0.00   -182.95
-0.00   0.92    -0.00   -1.11  
0.00    0.00    1.00    -0.00  
0.91    0.00    -0.00   -183.20
-0.00   0.91    -0.00   -1.01  
0.00    0.00    1.00    -0.00  
0.91    0.00    -0.00   -183.45
-0.00   0.91    -0.00   -0.90  
0.00    0.00    1.00    -0.00  
0.91    0.00    -0.00   -183.69
-0.00   0.91    -0.00   -0.78  
0.00    0.00    1.00    -0.00  
0.90    0.00    -0.00   -183.93
-0.00   0.90    -0.00   -0.67  
0.00    0.00    1.00    -0.00  
0.90    0.00    -0.00   -184.18
-0.00   0.90    -0.00   -0.56  
0.00    0.00    1.00    -0.00  
0.90    0.00    -0.00   -184.42
-0.00   0.90    -0.00   -0.44  
0.00    0.00    1.00    -0.00  
0.89    0.00    -0.00   -184.66
-0.00   0.89    -0.00   -0.32  
0.00    0.00    1.00    -0.00  
0.89    0.00    -0.00   -184.90
-0.00   0.89    -0.00   -0.20  
0.00    0.00    1.00    -0.00  
0.89    0.00    -0.00   -185.14
-0.00   0.89    -0.00   -0.08  
0.00    0.00    1.00    -0.00  
0.88    0.00    -0.00   -185.38
-0.00   0.88    -0.00   0.05   
0.00    0.00    1.00    -0.00  
0.88    0.00    -0.00   -185.62
-0.00   0.88    -0.00   0.17   
0.00    0.00    1.00    -0.00  
0.87    0.00    -0.00   -185.86
-0.00   0.87    -0.00   0.30   
0.00    0.00    1.00    -0.00  
0.87    0.00    -0.00   -186.09
-0.00   0.87    -0.00   0.43   
0.00    0.00    1.00    -0.00  
0.87    0.00    -0.00   -186.33
-0.00   0.87    -0.00   0.56   
0.00    0.00    1.00    -0.00  
0.86    0.00    -0.00   -186.56
-0.00   0.86    -0.00   0.70   
0.00    0.00    1.00    -0.00  
0.86    0.00    -0.00   -186.80
-0.00   0.86    -0.00   0.83   
0.00    0.00    1.00    -0.00  
0.86    0.00    -0.00   -187.03
-0.00   0.86    -0.00   0.97   
0.00    0.00    1.00    -0.00  
0.85    0.00    -0.00   -187.26
-0.00   0.85    -0.00   1.11   
0.00    0.00    1.00    -0.00  
0.85    0.00    -0.00   -187.49
-0.00   0.85    -0.00   1.25   
0.00    0.00    1.00    -0.00  
0.84    0.00    -0.00   -187.72
-0.00   0.84    -0.00   1.39   
0.00    0.00    1.00    -0.00  
0.84    0.00    -0.00   -187.94
-0.00   0.84    -0.00   1.53   
0.00    0.00    1.00    -0.00  
0.83    0.00    -0.00   -188.17
-0.00   0.83    -0.00   1.68   
0.00    0.00    1.00    -0.00  
0.83    0.00    -0.00   -188.40
-0.00   0.83    -0.00   1.83   
0.00    0.00    1.00    -0.00  
0.83    0.00    -0.00   -188.62
-0.00   0.83    -0.00   1.98   
0.00    0.00    1.00    -0.00  
0.82    0.00    -0.00   -188.85
-0.00   0.82    -0.00   2.13   
0.00    0.00    1.00    -0.00  
0.82    0.00    -0.00   -189.07
-0.00   0.82    -0.00   2.28   
0.00    0.00    1.00    -0.00  
0.81    0.00    -0.00   -189.29
-0.00   0.81    -0.00   2.43   
0.00    0.00    1.00    -0.00  
0.81    0.00    -0.00   -189.51
-0.00   0.81    -0.00   2.59   
0.00    0.00    1.00    -0.00  
0.80    0.00    -0.00   -189.73
-0.00   0.80    -0.00   2.75   
0.00    0.00    1.00    -0.00  
0.80    0.00    -0.00   -189.94
-0.00   0.80    -0.00   2.91   
0.00    0.00    1.00    -0.00  
0.80    0.00    -0.00   -190.16
-0.00   0.80    -0.00   3.07   
0.00    0.00    1.00    -0.00  
0.79    0.00    -0.00   -190.38
-0.00   0.79    -0.00   3.23   
0.00    0.00    1.00    -0.00  
0.79    0.00    -0.00   -190.59
-0.00   0.79    -0.00   3.39   
0.00    0.00    1.00    -0.00  
0.78    0.00    -0.00   -190.80
-0.00   0.78    -0.00   3.56   
0.00    0.00    1.00    -0.00  
0.78    0.00    -0.00   -191.01
-0.00   0.78    -0.00   3.73   
0.00    0.00    1.00    -0.00  
0.77    0.00    -0.00   -191.22
-0.00   0.77    -0.00   3.90   
0.00    0.00    1.00    -0.00  
0.77    0.00    -0.00   -191.43
-0.00   0.77    -0.00   4.07   
0.00    0.00    1.00    -0.00  
0.76    0.00    -0.00   -191.64
-0.00   0.76    -0.00   4.24   
0.00    0.00    1.00    -0.00  
0.76    0.00    -0.00   -191.85
-0.00   0.76    -0.00   4.41   
0.00    0.00    1.00    -0.00  
0.75    0.00    -0.00   -192.05
-0.00   0.75    -0.00   4.58   
0.00    0.00    1.00    -0.00  
0.75    0.00    -0.00   -192.25
-0.00   0.75    -0.00   4.76   
0.00    0.00    1.00    -0.00  
0.74    0.00    -0.00   -192.46
-0.00   0.74    -0.00   4.94   
0.00    0.00    1.00    -0.00  
0.74    0.00    -0.00   -192.66
-0.00   0.74    -0.00   5.12   
0.00    0.00    1.00    -0.00  
0.73    0.00    -0.00   -192.85
-0.00   0.73    -0.00   5.30   
0.00    0.00    1.00    -0.00  
0.73    0.00    -0.00   -193.05
-0.00   0.73    -0.00   5.49   
0.00    0.00    1.00    -0.00  
0.72    0.00    -0.00   -193.25
-0.00   0.72    -0.00   5.67   
0.00    0.00    1.00    -0.00  
0.72    0.00    -0.00   -193.45
-0.00   0.72    -0.00   5.85   
0.00    0.00    1.00    -0.00  
0.71    0.00    -0.00   -193.64
-0.00   0.71    -0.00   6.04   
0.00    0.00    1.00    -0.00  
0.71    0.00    -0.00   -193.84
-0.00   0.71    -0.00   6.23   
0.00    0.00    1.00    -0.00  
0.70    0.00    -0.00   -194.03
-0.00   0.70    -0.00   6.42   
0.00    0.00    1.00    -0.00  
0.70    0.00    -0.00   -194.22
-0.00   0.70    -0.00   6.61   
0.00    0.00    1.00    -0.00  
0.69    0.00    -0.00   -194.40
-0.00   0.69    -0.00   6.80   
0.00    0.00    1.00    -0.00  
0.69    0.00    -0.00   -194.59
-0.00   0.69    -0.00   6.99   
0.00    0.00    1.00    -0.00  
0.68    0.00    -0.00   -194.78
-0.00   0.68    -0.00   7.19   
0.00    0.00    1.00    -0.00  
0.68    0.00    -0.00   -194.96
-0.00   0.68    -0.00   7.38   
0.00    0.00    1.00    -0.00  
0.67    0.00    -0.00   -195.15
-0.00   0.67    -0.00   7.58   
0.00    0.00    1.00    -0.00  
0.67    0.00    -0.00   -195.33
-0.00   0.67    -0.00   7.78   
0.00    0.00    1.00    -0.00  
0.66    0.00    -0.00   -195.51
-0.00   0.66    -0.00   7.98   
0.00    0.00    1.00    -0.00  
0.65    0.00    -0.00   -195.69
-0.00   0.65    -0.00   8.18   
0.00    0.00    1.00    -0.00  
0.65    0.00    -0.00   -195.86
-0.00   0.65    -0.00   8.39   
0.00    0.00    1.00    -0.00  
0.64    0.00    -0.00   -196.04
-0.00   0.64    -0.00   8.59   
0.00    0.00    1.00    -0.00  
0.64    0.00    -0.00   -196.21
-0.00   0.64    -0.00   8.80   
0.00    0.00    1.00    -0.00  
0.63    0.00    -0.00   -196.38
-0.00   0.63    -0.00   9.00   
0.00    0.00    1.00    -0.00  
0.63    0.00    -0.00   -196.56
-0.00   0.63    -0.00   9.21   
0.00    0.00    1.00    -0.00  
0.62    0.00    -0.00   -196.73
-0.00   0.62    -0.00   9.42   
0.00    0.00    1.00    -0.00  
0.61    0.00    -0.00   -196.89
-0.00   0.61    -0.00   9.63   
0.00    0.00    1.00    -0.00  
0.61    0.00    -0.00   -197.06
-0.00   0.61    -0.00   9.85   
0.00    0.00    1.00    -0.00  
0.60    0.00    -0.00   -197.22
-0.00   0.60    -0.00   10.06  
0.00    0.00    1.00    -0.00  
0.59    0.00    -0.00   -197.38
-0.00   0.59    -0.00   10.27  
0.00    0.00    1.00    -0.00  
0.59    0.00    -0.00   -197.54
-0.00   0.59    -0.00   10.49  
0.00    0.00    1.00    -0.00  
0.58    0.00    -0.00   -197.70
-0.00   0.58    -0.00   10.71  
0.00    0.00    1.00    -0.00  
0.58    0.00    -0.00   -197.86
-0.00   0.58    -0.00   10.93  
0.00    0.00    1.00    -0.00  
0.57    0.00    -0.00   -198.02
-0.00   0.57    -0.00   11.15  
0.00    0.00    1.00    -0.00  
0.56    0.00    -0.00   -198.17
-0.00   0.56    -0.00   11.37  
0.00    0.00    1.00    -0.00  
0.56    0.00    -0.00   -198.32
-0.00   0.56    -0.00   11.59  
0.00    0.00    1.00    -0.00  
0.55    0.00    -0.00   -198.47
-0.00   0.55    -0.00   11.81  
0.00    0.00    1.00    -0.00  
0.54    0.00    -0.00   -198.62
-0.00   0.54    -0.00   12.04  
0.00    0.00    1.00    -0.00  
0.54    0.00    -0.00   -198.77
-0.00   0.54    -0.00   12.26  
0.00    0.00    1.00    -0.00  
0.53    0.00    -0.00   -198.92
-0.00   0.53    -0.00   12.49  
0.00    0.00    1.00    -0.00  
0.53    0.00    -0.00   -199.06
-0.00   0.53    -0.00   12.72  
0.00    0.00    1.00    -0.00  
0.52    0.00    -0.00   -199.20
-0.00   0.52    -0.00   12.94  
0.00    0.00    1.00    -0.00  
0.51    0.00    -0.00   -199.34
-0.00   0.51    -0.00   13.17  
0.00    0.00    1.00    -0.00  
0.51    0.00    -0.00   -199.48
-0.00   0.51    -0.00   13.41  
0.00    0.00    1.00    -0.00  
0.50    0.00    -0.00   -199.62
-0.00   0.50    -0.00   13.64  
0.00    0.00    1.00    -0.00  
0.49    0.00    -0.00   -199.75
-0.00   0.49    -0.00   13.87  
0.00    0.00    1.00    -0.00  
0.48    0.00    -0.00   -199.89
-0.00   0.48    -0.00   14.11  
0.00    0.00    1.00    -0.00  
0.48    0.00    -0.00   -200.02
-0.00   0.48    -0.00   14.34  
0.00    0.00    1.00    -0.00  
0.47    0.00    -0.00   -200.15
-0.00   0.47    -0.00   14.58  
0.00    0.00    1.00    -0.00  
0.47    0.00    -0.00   -200.28
-0.00   0.47    -0.00   14.81  
0.00    0.00    1.00    -0.00  
0.46    0.00    -0.00   -200.40
-0.00   0.46    -0.00   15.05  
0.00    0.00    1.00    -0.00  
0.45    0.00    -0.00   -200.53
-0.00   0.45    -0.00   15.29  
0.00    0.00    1.00    -0.00  
0.44    0.00    -0.00   -200.65
-0.00   0.44    -0.00   15.53  
0.00    0.00    1.00    -0.00  
0.44    0.00    -0.00   -200.77
-0.00   0.44    -0.00   15.77  
0.00    0.00    1.00    -0.00  
0.43    0.00    -0.00   -200.89
-0.00   0.43    -0.00   16.01  
0.00    0.00    1.00    -0.00  
0.42    0.00    -0.00   -201.01
-0.00   0.42    -0.00   16.26  
0.00    0.00    1.00    -0.00  
0.42    0.00    -0.00   -201.12
-0.00   0.42    -0.00   16.50  
0.00    0.00    1.00    -0.00  
0.41    0.00    -0.00   -201.24
-0.00   0.41    -0.00   16.74  
0.00    0.00    1.00    -0.00  
0.41    0.00    -0.00   -201.35
-0.00   0.40    -0.00   16.99  
0.00    0.00    1.00    -0.00  
0.40    0.00    -0.00   -201.46
-0.00   0.40    -0.00   17.23  
0.00    0.00    1.00    -0.00  
0.39    0.00    -0.00   -201.57
-0.00   0.39    -0.00   17.48  
0.00    0.00    1.00    -0.00  
0.38    0.00    -0.00   -201.67
-0.00   0.38    -0.00   17.73  
0.00    0.00    1.00    -0.00  
0.38    0.00    -0.00   -201.78
-0.00   0.38    -0.00   17.98  
0.00    0.00    1.00    -0.00  
0.37    0.00    -0.00   -201.88
-0.00   0.37    -0.00   18.23  
0.00    0.00    1.00    -0.00  
0.36    0.00    -0.00   -201.98
-0.00   0.36    -0.00   18.48  
0.00    0.00    1.00    -0.00  
0.36    0.00    -0.00   -202.08
-0.00   0.36    -0.00   18.73  
0.00    0.00    1.00    -0.00  
0.35    0.00    -0.00   -202.18
-0.00   0.35    -0.00   18.98  
0.00    0.00    1.00    -0.00  
0.34    0.00    -0.00   -202.27
-0.00   0.34    -0.00   19.23  
0.00    0.00    1.00    -0.00  
0.34    0.00    -0.00   -202.37
-0.00   0.34    -0.00   19.48  
0.00    0.00    1.00    -0.00  
0.33    0.00    -0.00   -202.46
-0.00   0.33    -0.00   19.74  
0.00    0.00    1.00    -0.00  
0.32    0.00    -0.00   -202.55
-0.00   0.32    -0.00   19.99  
0.00    0.00    1.00    -0.00  
0.32    0.00    -0.00   -202.64
-0.00   0.32    -0.00   20.24  
0.00    0.00    1.00    -0.00  
0.31    0.00    -0.00   -202.72
-0.00   0.31    -0.00   20.50  
0.00    0.00    1.00    -0.00  
0.30    0.00    -0.00   -202.81
-0.00   0.30    -0.00   20.76  
0.00    0.00    1.00    -0.00  
0.30    0.00    -0.00   -202.89
-0.00   0.30    -0.00   21.01  
0.00    0.00    1.00    -0.00  
0.29    0.00    -0.00   -202.97
-0.00   0.29    -0.00   21.27  
0.00    0.00    1.00    -0.00  
0.28    0.00    -0.00   -203.05
-0.00   0.28    -0.00   21.53  
0.00    0.00    1.00    -0.00  
0.27    0.00    -0.00   -203.12
-0.00   0.27    -0.00   21.78  
0.00    0.00    1.00    -0.00  
0.26    0.00    -0.00   -203.20
-0.00   0.26    -0.00   22.04  
0.00    0.00    1.00    -0.00  
0.26    0.00    -0.00   -203.27
-0.00   0.26    -0.00   22.30  
0.00    0.00    1.00    -0.00  
0.25    0.00    -0.00   -203.34
-0.00   0.25    -0.00   22.56  
0.00    0.00    1.00    -0.00  
0.24    0.00    -0.00   -203.41
-0.00   0.24    -0.00   22.82  
0.00    0.00    1.00    -0.00  
0.24    0.00    -0.00   -203.48
-0.00   0.24    -0.00   23.08  
0.00    0.00    1.00    -0.00  
0.23    0.00    -0.00   -203.54
-0.00   0.23    -0.00   23.35  
0.00    0.00    1.00    -0.00  
0.22    0.00    -0.00   -203.61
-0.00   0.22    -0.00   23.61  
0.00    0.00    1.00    -0.00  
0.21    0.00    -0.00   -203.66
-0.00   0.21    -0.00   23.87  
0.00    0.00    1.00    -0.00  
0.21    0.00    -0.00   -203.72
-0.00   0.21    -0.00   24.13  
0.00    0.00    1.00    -0.00  
0.20    0.00    -0.00   -203.78
-0.00   0.20    -0.00   24.40  
0.00    0.00    1.00    -0.00  
0.19    0.00    -0.00   -203.83
-0.00   0.19    -0.00   24.66  
0.00    0.00    1.00    -0.00  
0.18    0.00    -0.00   -203.89
-0.00   0.18    -0.00   24.93  
0.00    0.00    1.00    -0.00  
0.18    0.00    -0.00   -203.94
-0.00   0.18    -0.00   25.19  
0.00    0.00    1.00    -0.00  
0.17    0.00    -0.00   -203.99
-0.00   0.17    -0.00   25.45  
0.00    0.00    1.00    -0.00  
0.16    0.00    -0.00   -204.03
-0.00   0.16    -0.00   25.72  
0.00    0.00    1.00    -0.00  
0.15    0.00    -0.00   -204.07
-0.00   0.15    -0.00   25.99  
0.00    0.00    1.00    -0.00  
0.14    0.00    -0.00   -204.11
-0.00   0.14    -0.00   26.25  
0.00    0.00    1.00    -0.00  
0.13    0.00    -0.00   -204.15
-0.00   0.13    -0.00   26.52  
0.00    0.00    1.00    -0.00  
0.12    0.00    -0.00   -204.18
-0.00   0.12    -0.00   26.79  
0.00    0.00    1.00    -0.00  
0.12    0.00    -0.00   -204.22
-0.00   0.12    -0.00   27.05  
0.00    0.00    1.00    -0.00  
0.11    0.00    -0.00   -204.25
-0.00   0.11    -0.00   27.32  
0.00    0.00    1.00    -0.00  
0.10    0.00    -0.00   -204.29
-0.00   0.10    -0.00   27.59  
0.00    0.00    1.00    -0.00  
0.10    0.00    -0.00   -204.32
-0.00   0.10    -0.00   27.86  
0.00    0.00    1.00    -0.00  
0.09    0.00    0.00    -204.35
-0.00   0.09    -0.00   28.12  
-0.00   0.00    1.00    -0.00  
0.09    0.00    0.00    -204.38
-0.00   0.09    -0.00   28.39  
-0.00   0.00    1.00    -0.00  
0.09    0.00    0.00    -204.40
-0.00   0.09    -0.00   28.66  
-0.00   0.00    1.00    -0.00  
