1.00    -0.00   -0.00   0.00   
0.00    1.00    0.00    0.00   
0.00    -0.00   1.00    -0.25  
1.00    -0.00   -0.00   0.00   
0.00    1.00    0.00    0.00   
0.00    -0.00   1.00    -0.26  
1.00    -0.00   -0.00   0.00   
0.00    1.00    0.00    0.00   
0.00    -0.00   1.00    -0.27  
1.00    -0.00   -0.00   0.00   
0.00    1.00    0.00    0.00   
0.00    -0.00   1.00    -0.27  
1.00    -0.00   -0.00   0.00   
0.00    1.00    0.00    0.00   
0.00    -0.00   1.00    -0.26  
1.00    -0.00   -0.00   0.00   
0.00    1.00    0.00    0.00   
0.00    -0.00   1.00    -0.26  
1.00    -0.00   -0.00   0.00   
0.00    1.00    0.00    0.00   
0.00    -0.00   1.00    -0.25  
1.00    -0.00   -0.00   0.00   
0.00    1.00    0.00    0.00   
0.00    -0.00   1.00    -0.24  
1.00    -0.00   -0.00   0.00   
0.00    1.00    0.00    0.00   
0.00    -0.00   1.00    -0.23  
1.00    -0.00   -0.00   0.01   
0.00    1.00    -0.00   0.00   
0.00    0.00    1.00    -0.23  
1.00    -0.00   -0.00   0.04   
0.00    1.00    -0.00   0.00   
0.00    0.00    1.00    -0.22  
1.00    -0.00   -0.00   0.09   
0.00    1.00    -0.00   0.00   
0.00    0.00    1.00    -0.21  
1.00    -0.00   -0.00   0.14   
0.00    1.00    -0.00   0.00   
0.00    0.00    1.00    -0.20  
1.00    -0.00   -0.00   0.21   
0.00    1.00    -0.00   0.00   
0.00    0.00    1.00    -0.20  
1.00    -0.00   -0.00   0.29   
0.00    1.00    -0.00   0.00   
0.00    0.00    1.00    -0.19  
1.00    -0.00   -0.00   0.37   
0.00    1.00    -0.00   0.00   
0.00    0.00    1.00    -0.19  
1.00    -0.00   -0.00   0.46   
0.00    1.00    -0.00   0.00   
0.00    0.00    1.00    -0.19  
1.00    -0.00   -0.00   0.56   
0.00    1.00    -0.00   0.00   
0.00    0.00    1.00    -0.19  
1.00    -0.00   -0.00   0.66   
0.00    1.00    -0.00   0.00   
0.00    0.00    1.00    -0.19  
1.00    -0.00   -0.00   0.78   
0.00    1.00    -0.00   0.00   
0.00    0.00    1.00    -0.19  
1.00    -0.00   -0.00   0.89   
0.00    1.00    -0.00   0.00   
0.00    0.00    1.00    -0.19  
1.00    -0.00   -0.00   1.02   
0.00    1.00    -0.00   0.00   
0.00    0.00    1.00    -0.19  
1.00    -0.00   -0.00   1.15   
0.00    1.00    -0.00   0.01   
0.00    0.00    1.00    -0.19  
1.00    -0.00   -0.00   1.28   
0.00    1.00    -0.00   0.01   
0.00    0.00    1.00    -0.19  
1.00    -0.00   -0.00   1.42   
0.00    1.00    -0.00   0.01   
0.00    0.00    1.00    -0.19  
1.00    -0.00   -0.00   1.57   
0.00    1.00    -0.00   0.01   
0.00    0.00    1.00    -0.19  
1.00    -0.00   -0.00   1.72   
0.00    1.00    -0.00   0.01   
0.00    0.00    1.00    -0.19  
1.00    -0.00   -0.00   1.88   
0.00    1.00    -0.00   0.01   
0.00    0.00    1.00    -0.19  
1.00    -0.00   -0.00   2.05   
0.00    1.00    -0.00   0.01   
0.00    0.00    1.00    -0.20  
1.00    -0.00   -0.00   2.22   
0.00    1.00    -0.00   0.01   
0.00    0.00    1.00    -0.20  
1.00    -0.00   -0.00   2.39   
0.00    1.00    -0.00   0.01   
0.00    0.00    1.00    -0.20  
1.00    -0.00   -0.00   2.57   
0.00    1.00    -0.00   0.01   
0.00    0.00    1.00    -0.20  
1.00    -0.00   -0.00   2.76   
0.00    1.00    -0.00   0.01   
0.00    0.00    1.00    -0.20  
1.00    -0.00   -0.00   2.95   
0.00    1.00    -0.00   0.01   
0.00    0.00    1.00    -0.20  
1.00    -0.00   -0.00   3.15   
0.00    1.00    -0.00   0.01   
0.00    0.00    1.00    -0.20  
1.00    -0.00   -0.00   3.35   
0.00    1.00    -0.00   0.02   
0.00    0.00    1.00    -0.20  
1.00    -0.00   -0.00   3.56   
0.00    1.00    -0.00   0.02   
0.00    0.00    1.00    -0.20  
1.00    -0.00   -0.00   3.77   
0.00    1.00    -0.00   0.02   
0.00    0.00    1.00    -0.20  
1.00    -0.00   -0.00   3.99   
0.00    1.00    -0.00   0.02   
0.00    0.00    1.00    -0.20  
1.00    -0.00   -0.00   4.22   
0.00    1.00    -0.00   0.02   
0.00    0.00    1.00    -0.20  
1.00    -0.00   -0.00   4.45   
0.00    1.00    -0.00   0.02   
0.00    0.00    1.00    -0.20  
1.00    -0.00   -0.00   4.69   
0.00    1.00    -0.00   0.02   
0.00    0.00    1.00    -0.20  
1.00    -0.00   -0.00   4.93   
0.00    1.00    -0.00   0.02   
0.00    0.00    1.00    -0.20  
1.00    -0.00   -0.00   5.17   
0.00    1.00    -0.00   0.03   
0.00    0.00    1.00    -0.20  
1.00    -0.00   -0.00   5.43   
0.00    1.00    0.00    0.03   
0.00    -0.00   1.00    -0.20  
1.00    -0.00   -0.00   5.68   
0.00    1.00    0.00    0.03   
0.00    -0.00   1.00    -0.20  
1.00    -0.00   -0.00   5.95   
0.00    1.00    0.00    0.03   
0.00    -0.00   1.00    -0.20  
1.00    -0.00   -0.00   6.21   
0.00    1.00    0.00    0.03   
0.00    -0.00   1.00    -0.20  
1.00    -0.00   -0.00   6.49   
0.00    1.00    0.00    0.03   
0.00    -0.00   1.00    -0.20  
1.00    -0.00   -0.00   6.76   
0.00    1.00    0.00    0.03   
0.00    -0.00   1.00    -0.20  
1.00    -0.00   -0.00   7.04   
0.00    1.00    0.00    0.03   
0.00    -0.00   1.00    -0.20  
1.00    -0.00   -0.00   7.32   
0.00    1.00    0.00    0.03   
0.00    -0.00   1.00    -0.20  
1.00    -0.00   -0.00   7.60   
0.00    1.00    0.00    0.03   
0.00    -0.00   1.00    -0.20  
1.00    -0.00   -0.00   7.88   
0.00    1.00    0.00    0.03   
0.00    -0.00   1.00    -0.20  
1.00    -0.00   -0.00   8.16   
0.00    1.00    0.00    0.03   
0.00    -0.00   1.00    -0.20  
1.00    -0.00   -0.00   8.44   
0.00    1.00    0.00    0.03   
0.00    -0.00   1.00    -0.20  
1.00    -0.00   -0.00   8.71   
0.00    1.00    0.00    0.03   
0.00    -0.00   1.00    -0.20  
1.00    -0.00   0.00    8.99   
0.00    1.00    0.00    0.03   
-0.00   -0.00   1.00    -0.19  
1.00    -0.00   0.00    9.26   
0.00    1.00    0.00    0.03   
-0.00   -0.00   1.00    -0.19  
1.00    -0.00   0.00    9.53   
0.00    1.00    0.00    0.03   
-0.00   -0.00   1.00    -0.19  
1.00    -0.00   0.00    9.80   
0.00    1.00    0.00    0.03   
-0.00   -0.00   1.00    -0.19  
1.00    -0.00   0.00    10.07  
0.00    1.00    0.00    0.03   
-0.00   -0.00   1.00    -0.19  
1.00    -0.00   0.00    10.34  
0.00    1.00    0.00    0.03   
-0.00   -0.00   1.00    -0.19  
1.00    -0.00   0.00    10.61  
0.00    1.00    0.00    0.03   
-0.00   -0.00   1.00    -0.19  
1.00    -0.00   0.00    10.88  
0.00    1.00    0.00    0.03   
-0.00   -0.00   1.00    -0.19  
1.00    -0.00   0.00    11.15  
0.00    1.00    0.00    0.03   
-0.00   -0.00   1.00    -0.19  
1.00    -0.00   0.00    11.42  
0.00    1.00    0.00    0.03   
-0.00   -0.00   1.00    -0.19  
1.00    -0.00   0.00    11.69  
0.00    1.00    0.00    0.03   
-0.00   -0.00   1.00    -0.19  
1.00    0.00    0.00    11.96  
-0.00   1.00    0.00    0.03   
-0.00   -0.00   1.00    -0.20  
1.00    0.00    0.00    12.23  
-0.00   1.00    0.00    0.03   
-0.00   -0.00   1.00    -0.20  
1.00    0.00    -0.00   12.50  
-0.00   1.00    0.00    0.03   
0.00    -0.00   1.00    -0.20  
1.00    0.00    -0.00   12.77  
-0.00   1.00    0.00    0.03   
0.00    -0.00   1.00    -0.20  
1.00    0.00    -0.00   13.04  
-0.00   1.00    0.00    0.03   
0.00    -0.00   1.00    -0.20  
1.00    0.00    -0.00   13.32  
-0.00   1.00    0.00    0.03   
0.00    -0.00   1.00    -0.20  
1.00    0.00    -0.00   13.59  
-0.00   1.00    0.00    0.03   
0.00    -0.00   1.00    -0.20  
1.00    0.00    -0.00   13.86  
-0.00   1.00    0.00    0.03   
0.00    -0.00   1.00    -0.20  
1.00    0.00    -0.00   14.13  
-0.00   1.00    0.00    0.03   
0.00    -0.00   1.00    -0.20  
1.00    0.00    -0.00   14.40  
-0.00   1.00    0.00    0.03   
0.00    -0.00   1.00    -0.20  
1.00    0.00    -0.00   14.68  
-0.00   1.00    0.00    0.03   
0.00    -0.00   1.00    -0.20  
1.00    0.00    -0.00   14.95  
-0.00   1.00    0.00    0.03   
0.00    -0.00   1.00    -0.20  
1.00    0.00    -0.00   15.22  
-0.00   1.00    0.00    0.03   
0.00    -0.00   1.00    -0.20  
1.00    0.00    0.00    15.49  
-0.00   1.00    0.00    0.03   
-0.00   -0.00   1.00    -0.20  
1.00    0.00    0.00    15.76  
-0.00   1.00    0.00    0.03   
-0.00   -0.00   1.00    -0.20  
1.00    0.00    0.00    16.03  
-0.00   1.00    0.00    0.03   
-0.00   -0.00   1.00    -0.20  
1.00    0.00    0.00    16.30  
-0.00   1.00    0.00    0.03   
-0.00   -0.00   1.00    -0.20  
1.00    0.00    0.00    16.57  
-0.00   1.00    0.00    0.02   
-0.00   -0.00   1.00    -0.20  
1.00    0.00    0.00    16.84  
-0.00   1.00    0.00    0.02   
-0.00   -0.00   1.00    -0.20  
1.00    0.00    0.00    17.12  
-0.00   1.00    0.00    0.02   
-0.00   -0.00   1.00    -0.20  
1.00    0.00    0.00    17.39  
-0.00   1.00    0.00    0.02   
-0.00   -0.00   1.00    -0.20  
1.00    0.00    0.00    17.66  
-0.00   1.00    0.00    0.02   
-0.00   -0.00   1.00    -0.20  
1.00    0.00    -0.00   17.93  
-0.00   1.00    0.00    0.02   
0.00    -0.00   1.00    -0.20  
1.00    0.00    -0.00   18.20  
-0.00   1.00    0.00    0.02   
0.00    -0.00   1.00    -0.20  
1.00    0.00    -0.00   18.47  
-0.00   1.00    0.00    0.02   
0.00    -0.00   1.00    -0.20  
1.00    0.00    -0.00   18.74  
-0.00   1.00    0.00    0.02   
0.00    -0.00   1.00    -0.20  
1.00    0.00    -0.00   19.01  
-0.00   1.00    0.00    0.02   
0.00    -0.00   1.00    -0.20  
1.00    0.00    -0.00   19.29  
-0.00   1.00    0.00    0.02   
0.00    -0.00   1.00    -0.20  
1.00    0.00    -0.00   19.56  
-0.00   1.00    0.00    0.02   
0.00    -0.00   1.00    -0.20  
1.00    0.00    -0.00   19.83  
-0.00   1.00    0.00    0.02   
0.00    -0.00   1.00    -0.20  
1.00    0.00    -0.00   20.10  
-0.00   1.00    0.00    0.02   
0.00    -0.00   1.00    -0.20  
1.00    0.00    -0.00   20.37  
-0.00   1.00    0.00    0.01   
0.00    -0.00   1.00    -0.20  
1.00    0.00    -0.00   20.64  
-0.00   1.00    -0.00   0.01   
0.00    0.00    1.00    -0.20  
1.00    0.00    -0.00   20.91  
-0.00   1.00    -0.00   0.01   
0.00    0.00    1.00    -0.20  
1.00    0.00    -0.00   21.19  
-0.00   1.00    -0.00   0.01   
0.00    0.00    1.00    -0.20  
1.00    0.00    -0.00   21.46  
-0.00   1.00    -0.00   0.01   
0.00    0.00    1.00    -0.20  
1.00    0.00    -0.00   21.73  
-0.00   1.00    -0.00   0.01   
0.00    0.00    1.00    -0.20  
1.00    0.00    -0.00   22.00  
-0.00   1.00    -0.00   0.01   
0.00    0.00    1.00    -0.20  
1.00    0.00    -0.00   22.27  
-0.00   1.00    -0.00   0.01   
0.00    0.00    1.00    -0.20  
1.00    0.00    -0.00   22.54  
-0.00   1.00    -0.00   0.01   
0.00    0.00    1.00    -0.20  
1.00    0.00    -0.00   22.81  
-0.00   1.00    -0.00   0.01   
0.00    0.00    1.00    -0.20  
1.00    0.00    -0.00   23.08  
-0.00   1.00    -0.00   0.01   
0.00    0.00    1.00    -0.20  
1.00    0.00    -0.00   23.36  
-0.00   1.00    -0.00   0.01   
0.00    0.00    1.00    -0.20  
1.00    0.00    -0.00   23.63  
-0.00   1.00    -0.00   0.01   
0.00    0.00    1.00    -0.20  
1.00    0.00    -0.00   23.90  
-0.00   1.00    0.00    0.01   
0.00    -0.00   1.00    -0.20  
1.00    0.00    -0.00   24.17  
-0.00   1.00    0.00    0.00   
0.00    -0.00   1.00    -0.20  
1.00    0.00    -0.00   24.44  
-0.00   1.00    0.00    0.00   
0.00    -0.00   1.00    -0.20  
1.00    0.00    -0.00   24.71  
-0.00   1.00    0.00    0.00   
0.00    -0.00   1.00    -0.20  
1.00    0.00    -0.00   24.98  
-0.00   1.00    -0.00   0.00   
0.00    0.00    1.00    -0.20  
1.00    0.00    -0.00   25.26  
-0.00   1.00    -0.00   0.00   
0.00    0.00    1.00    -0.20  
1.00    0.00    -0.00   25.53  
-0.00   1.00    -0.00   0.00   
0.00    0.00    1.00    -0.20  
1.00    0.00    -0.00   25.80  
-0.00   1.00    -0.00   0.00   
0.00    0.00    1.00    -0.20  
1.00    0.00    -0.00   26.07  
-0.00   1.00    -0.00   0.00   
0.00    0.00    1.00    -0.20  
1.00    0.00    -0.00   26.34  
-0.00   1.00    -0.00   0.00   
0.00    0.00    1.00    -0.20  
1.00    0.00    -0.00   26.61  
-0.00   1.00    -0.00   -0.00  
0.00    0.00    1.00    -0.20  
1.00    0.00    -0.00   26.88  
-0.00   1.00    -0.00   -0.00  
0.00    0.00    1.00    -0.20  
1.00    0.00    -0.00   27.15  
-0.00   1.00    -0.00   -0.00  
0.00    0.00    1.00    -0.20  
1.00    0.00    -0.00   27.43  
-0.00   1.00    -0.00   -0.00  
0.00    0.00    1.00    -0.20  
1.00    0.00    -0.00   27.70  
-0.00   1.00    -0.00   -0.00  
0.00    0.00    1.00    -0.20  
1.00    0.00    -0.00   27.97  
-0.00   1.00    -0.00   -0.00  
0.00    0.00    1.00    -0.20  
1.00    0.00    -0.00   28.24  
-0.00   1.00    -0.00   -0.00  
0.00    0.00    1.00    -0.20  
1.00    0.00    -0.00   28.51  
-0.00   1.00    -0.00   -0.00  
0.00    0.00    1.00    -0.20  
1.00    0.00    -0.00   28.78  
-0.00   1.00    -0.00   -0.00  
0.00    0.00    1.00    -0.20  
1.00    0.00    -0.00   29.05  
-0.00   1.00    -0.00   -0.00  
0.00    0.00    1.00    -0.20  
1.00    0.00    -0.00   29.33  
-0.00   1.00    -0.00   -0.00  
0.00    0.00    1.00    -0.20  
1.00    0.00    -0.00   29.60  
-0.00   1.00    -0.00   -0.00  
0.00    0.00    1.00    -0.20  
1.00    0.00    -0.00   29.87  
-0.00   1.00    -0.00   -0.00  
0.00    0.00    1.00    -0.20  
1.00    0.00    -0.00   30.14  
-0.00   1.00    -0.00   -0.00  
0.00    0.00    1.00    -0.20  
1.00    0.00    -0.00   30.41  
-0.00   1.00    -0.00   -0.00  
0.00    0.00    1.00    -0.20  
1.00    0.00    -0.00   30.68  
-0.00   1.00    -0.00   -0.00  
0.00    0.00    1.00    -0.20  
1.00    0.00    -0.00   30.95  
-0.00   1.00    -0.00   -0.00  
0.00    0.00    1.00    -0.20  
1.00    0.00    -0.00   31.22  
-0.00   1.00    -0.00   -0.00  
0.00    0.00    1.00    -0.20  
1.00    0.00    -0.00   31.50  
-0.00   1.00    -0.00   -0.00  
0.00    0.00    1.00    -0.20  
1.00    0.00    -0.00   31.77  
-0.00   1.00    -0.00   -0.00  
0.00    0.00    1.00    -0.20  
1.00    0.00    -0.00   32.04  
-0.00   1.00    -0.00   -0.00  
0.00    0.00    1.00    -0.20  
1.00    0.00    -0.00   32.31  
-0.00   1.00    -0.00   -0.00  
0.00    0.00    1.00    -0.20  
1.00    0.00    -0.00   32.58  
-0.00   1.00    -0.00   -0.00  
0.00    0.00    1.00    -0.20  
1.00    0.00    -0.00   32.85  
-0.00   1.00    -0.00   -0.00  
0.00    0.00    1.00    -0.20  
1.00    0.00    -0.00   33.12  
-0.00   1.00    -0.00   -0.00  
0.00    0.00    1.00    -0.20  
1.00    0.00    -0.00   33.40  
-0.00   1.00    -0.00   -0.00  
0.00    0.00    1.00    -0.20  
1.00    0.00    -0.00   33.67  
-0.00   1.00    -0.00   -0.00  
0.00    0.00    1.00    -0.20  
1.00    0.00    -0.00   33.94  
-0.00   1.00    -0.00   -0.00  
0.00    0.00    1.00    -0.20  
1.00    0.00    -0.00   34.21  
-0.00   1.00    -0.00   -0.00  
0.00    0.00    1.00    -0.20  
1.00    -0.00   -0.00   34.48  
0.00    1.00    -0.00   -0.00  
0.00    0.00    1.00    -0.20  
1.00    -0.00   -0.00   34.75  
0.00    1.00    -0.00   -0.00  
0.00    0.00    1.00    -0.20  
1.00    -0.00   -0.00   35.02  
0.00    1.00    -0.00   -0.00  
0.00    0.00    1.00    -0.20  
1.00    -0.00   -0.00   35.29  
0.00    1.00    -0.00   -0.00  
0.00    0.00    1.00    -0.20  
1.00    -0.00   -0.00   35.57  
0.00    1.00    -0.00   -0.00  
0.00    0.00    1.00    -0.20  
1.00    -0.00   -0.00   35.84  
0.00    1.00    -0.00   -0.00  
0.00    0.00    1.00    -0.20  
1.00    -0.00   -0.00   36.11  
0.00    1.00    -0.00   -0.00  
0.00    0.00    1.00    -0.20  
1.00    -0.00   -0.00   36.38  
0.00    1.00    -0.00   -0.00  
0.00    0.00    1.00    -0.20  
1.00    -0.00   -0.00   36.65  
0.00    1.00    0.00    -0.00  
0.00    -0.00   1.00    -0.20  
1.00    -0.00   -0.00   36.92  
0.00    1.00    0.00    -0.00  
0.00    -0.00   1.00    -0.20  
1.00    -0.00   -0.00   37.19  
0.00    1.00    0.00    -0.00  
0.00    -0.00   1.00    -0.20  
1.00    -0.00   -0.00   37.46  
0.00    1.00    0.00    -0.00  
0.00    -0.00   1.00    -0.20  
1.00    -0.00   -0.00   37.74  
0.00    1.00    0.00    -0.00  
0.00    -0.00   1.00    -0.20  
1.00    -0.00   -0.00   38.01  
0.00    1.00    -0.00   -0.00  
0.00    0.00    1.00    -0.20  
1.00    -0.00   -0.00   38.28  
0.00    1.00    -0.00   -0.00  
0.00    0.00    1.00    -0.20  
1.00    -0.00   -0.00   38.55  
0.00    1.00    -0.00   -0.00  
0.00    0.00    1.00    -0.20  
1.00    -0.00   -0.00   38.82  
0.00    1.00    -0.00   -0.00  
0.00    0.00    1.00    -0.20  
1.00    -0.00   -0.00   39.09  
0.00    1.00    -0.00   -0.00  
0.00    0.00    1.00    -0.20  
1.00    -0.00   -0.00   39.36  
0.00    1.00    -0.00   -0.00  
0.00    0.00    1.00    -0.20  
1.00    -0.00   -0.00   39.64  
0.00    1.00    -0.00   -0.00  
0.00    0.00    1.00    -0.20  
1.00    -0.00   -0.00   39.91  
0.00    1.00    -0.00   -0.00  
0.00    0.00    1.00    -0.20  
1.00    -0.00   -0.00   40.18  
0.00    1.00    -0.00   -0.00  
0.00    0.00    1.00    -0.20  
1.00    -0.00   -0.00   40.45  
0.00    1.00    -0.00   -0.00  
0.00    0.00    1.00    -0.20  
1.00    -0.00   -0.00   40.72  
0.00    1.00    -0.00   -0.00  
0.00    0.00    1.00    -0.20  
1.00    -0.00   -0.00   40.99  
0.00    1.00    0.00    -0.00  
0.00    -0.00   1.00    -0.20  
1.00    -0.00   -0.00   41.26  
0.00    1.00    0.00    -0.00  
0.00    -0.00   1.00    -0.20  
1.00    -0.00   -0.00   41.53  
0.00    1.00    0.00    -0.00  
0.00    -0.00   1.00    -0.20  
1.00    -0.00   -0.00   41.81  
0.00    1.00    0.00    -0.00  
0.00    -0.00   1.00    -0.20  
1.00    -0.00   -0.00   42.08  
0.00    1.00    0.00    -0.00  
0.00    -0.00   1.00    -0.20  
1.00    -0.00   -0.00   42.35  
0.00    1.00    0.00    -0.00  
0.00    -0.00   1.00    -0.20  
1.00    -0.00   -0.00   42.62  
0.00    1.00    0.00    -0.00  
0.00    -0.00   1.00    -0.20  
1.00    -0.00   -0.00   42.89  
0.00    1.00    0.00    -0.00  
0.00    -0.00   1.00    -0.20  
1.00    -0.00   -0.00   43.16  
0.00    1.00    0.00    -0.00  
0.00    -0.00   1.00    -0.20  
1.00    -0.00   -0.00   43.43  
0.00    1.00    0.00    -0.00  
0.00    -0.00   1.00    -0.20  
1.00    -0.00   -0.00   43.71  
0.00    1.00    0.00    -0.00  
0.00    -0.00   1.00    -0.20  
1.00    -0.00   -0.00   43.98  
0.00    1.00    0.00    0.00   
0.00    -0.00   1.00    -0.20  
1.00    -0.00   -0.00   44.25  
0.00    1.00    -0.00   0.00   
0.00    0.00    1.00    -0.20  
1.00    -0.00   -0.00   44.52  
0.00    1.00    -0.00   0.00   
0.00    0.00    1.00    -0.20  
1.00    -0.00   -0.00   44.79  
0.00    1.00    -0.00   0.00   
0.00    0.00    1.00    -0.20  
1.00    -0.00   -0.00   45.06  
0.00    1.00    -0.00   0.00   
0.00    0.00    1.00    -0.20  
1.00    -0.00   -0.00   45.33  
0.00    1.00    -0.00   0.00   
0.00    0.00    1.00    -0.20  
1.00    -0.00   -0.00   45.60  
0.00    1.00    -0.00   0.00   
0.00    0.00    1.00    -0.20  
1.00    -0.00   -0.00   45.88  
0.00    1.00    -0.00   0.00   
0.00    0.00    1.00    -0.20  
1.00    -0.00   -0.00   46.15  
0.00    1.00    -0.00   0.00   
0.00    0.00    1.00    -0.20  
1.00    -0.00   -0.00   46.42  
0.00    1.00    0.00    0.00   
0.00    -0.00   1.00    -0.20  
1.00    -0.00   -0.00   46.69  
0.00    1.00    0.00    0.00   
0.00    -0.00   1.00    -0.20  
1.00    -0.00   -0.00   46.96  
0.00    1.00    0.00    0.00   
0.00    -0.00   1.00    -0.20  
1.00    -0.00   -0.00   47.23  
0.00    1.00    0.00    0.00   
0.00    -0.00   1.00    -0.20  
1.00    -0.00   -0.00   47.50  
0.00    1.00    0.00    0.00   
0.00    -0.00   1.00    -0.20  
1.00    -0.00   -0.00   47.78  
0.00    1.00    0.00    0.00   
0.00    -0.00   1.00    -0.20  
1.00    -0.00   -0.00   48.05  
0.00    1.00    0.00    0.00   
0.00    -0.00   1.00    -0.20  
1.00    -0.00   -0.00   48.32  
0.00    1.00    0.00    0.00   
0.00    -0.00   1.00    -0.20  
1.00    -0.00   -0.00   48.59  
0.00    1.00    0.00    0.00   
0.00    -0.00   1.00    -0.20  
1.00    -0.00   -0.00   48.86  
0.00    1.00    0.00    0.00   
0.00    -0.00   1.00    -0.20  
1.00    -0.00   -0.00   49.13  
0.00    1.00    0.00    0.00   
0.00    -0.00   1.00    -0.20  
1.00    -0.00   -0.00   49.40  
0.00    1.00    0.00    0.00   
0.00    -0.00   1.00    -0.20  
1.00    -0.00   -0.00   49.67  
0.00    1.00    0.00    0.00   
0.00    -0.00   1.00    -0.20  
1.00    -0.00   -0.00   49.95  
0.00    1.00    0.00    0.00   
0.00    -0.00   1.00    -0.20  
1.00    -0.00   -0.00   50.22  
0.00    1.00    0.00    0.00   
0.00    -0.00   1.00    -0.20  
1.00    -0.00   -0.00   50.49  
0.00    1.00    0.00    0.00   
0.00    -0.00   1.00    -0.20  
1.00    -0.00   -0.00   50.76  
0.00    1.00    0.00    0.00   
0.00    -0.00   1.00    -0.20  
1.00    -0.00   -0.00   51.03  
0.00    1.00    0.00    0.00   
0.00    -0.00   1.00    -0.20  
1.00    -0.00   -0.00   51.30  
0.00    1.00    0.00    0.00   
0.00    -0.00   1.00    -0.20  
1.00    -0.00   -0.00   51.57  
0.00    1.00    0.00    0.00   
0.00    -0.00   1.00    -0.20  
1.00    -0.00   -0.00   51.85  
0.00    1.00    0.00    0.00   
0.00    -0.00   1.00    -0.20  
1.00    -0.00   -0.00   52.12  
0.00    1.00    0.00    0.00   
0.00    -0.00   1.00    -0.20  
1.00    -0.00   -0.00   52.39  
0.00    1.00    0.00    0.00   
0.00    -0.00   1.00    -0.20  
1.00    -0.00   -0.00   52.66  
0.00    1.00    0.00    0.01   
0.00    -0.00   1.00    -0.20  
1.00    -0.00   -0.00   52.93  
0.00    1.00    0.00    0.01   
0.00    -0.00   1.00    -0.20  
1.00    -0.00   -0.00   53.20  
0.00    1.00    -0.00   0.01   
0.00    0.00    1.00    -0.20  
1.00    -0.00   -0.00   53.47  
0.00    1.00    -0.00   0.01   
0.00    0.00    1.00    -0.20  
1.00    -0.00   -0.00   53.74  
0.00    1.00    -0.00   0.01   
0.00    0.00    1.00    -0.20  
1.00    -0.00   -0.00   54.02  
0.00    1.00    -0.00   0.01   
0.00    0.00    1.00    -0.20  
1.00    -0.00   -0.00   54.29  
0.00    1.00    -0.00   0.01   
0.00    0.00    1.00    -0.20  
1.00    -0.00   -0.00   54.56  
0.00    1.00    -0.00   0.01   
0.00    0.00    1.00    -0.20  
1.00    -0.00   -0.00   54.83  
0.00    1.00    -0.00   0.01   
0.00    0.00    1.00    -0.20  
1.00    -0.00   -0.00   55.10  
0.00    1.00    -0.00   0.01   
0.00    0.00    1.00    -0.20  
1.00    -0.00   -0.00   55.37  
0.00    1.00    -0.00   0.01   
0.00    0.00    1.00    -0.20  
1.00    -0.00   -0.00   55.64  
0.00    1.00    0.00    0.01   
0.00    -0.00   1.00    -0.20  
1.00    -0.00   -0.00   55.92  
0.00    1.00    0.00    0.01   
0.00    -0.00   1.00    -0.20  
1.00    -0.00   -0.00   56.19  
0.00    1.00    0.00    0.01   
0.00    -0.00   1.00    -0.20  
1.00    -0.00   -0.00   56.46  
0.00    1.00    0.00    0.01   
0.00    -0.00   1.00    -0.20  
1.00    -0.00   -0.00   56.73  
0.00    1.00    0.00    0.01   
0.00    -0.00   1.00    -0.20  
1.00    -0.00   -0.00   57.00  
0.00    1.00    0.00    0.01   
0.00    -0.00   1.00    -0.20  
1.00    -0.00   -0.00   57.27  
0.00    1.00    0.00    0.01   
0.00    -0.00   1.00    -0.20  
1.00    -0.00   -0.00   57.54  
0.00    1.00    0.00    0.01   
0.00    -0.00   1.00    -0.20  
1.00    -0.00   -0.00   57.81  
0.00    1.00    0.00    0.01   
0.00    -0.00   1.00    -0.20  
1.00    -0.00   -0.00   58.09  
0.00    1.00    0.00    0.01   
0.00    -0.00   1.00    -0.20  
1.00    -0.00   -0.00   58.36  
0.00    1.00    0.00    0.01   
0.00    -0.00   1.00    -0.20  
1.00    -0.00   -0.00   58.63  
0.00    1.00    0.00    0.01   
0.00    -0.00   1.00    -0.20  
1.00    -0.00   -0.00   58.90  
0.00    1.00    0.00    0.01   
0.00    -0.00   1.00    -0.20  
1.00    -0.00   -0.00   59.17  
0.00    1.00    0.00    0.01   
0.00    -0.00   1.00    -0.20  
1.00    -0.00   -0.00   59.44  
0.00    1.00    0.00    0.01   
0.00    -0.00   1.00    -0.20  
1.00    -0.00   -0.00   59.71  
0.00    1.00    0.00    0.01   
0.00    -0.00   1.00    -0.20  
1.00    -0.00   -0.00   59.99  
0.00    1.00    0.00    0.01   
0.00    -0.00   1.00    -0.20  
1.00    -0.00   -0.00   60.26  
0.00    1.00    0.00    0.01   
0.00    -0.00   1.00    -0.20  
1.00    -0.00   -0.00   60.53  
0.00    1.00    0.00    0.01   
0.00    -0.00   1.00    -0.20  
1.00    -0.00   -0.00   60.80  
0.00    1.00    0.00    0.01   
0.00    -0.00   1.00    -0.20  
1.00    -0.00   -0.00   61.07  
0.00    1.00    0.00    0.01   
0.00    -0.00   1.00    -0.20  
1.00    -0.00   -0.00   61.34  
0.00    1.00    0.00    0.01   
0.00    -0.00   1.00    -0.20  
1.00    -0.00   -0.00   61.61  
0.00    1.00    0.00    0.01   
0.00    -0.00   1.00    -0.20  
1.00    -0.00   -0.00   61.88  
0.00    1.00    0.00    0.01   
0.00    -0.00   1.00    -0.20  
1.00    -0.00   -0.00   62.16  
0.00    1.00    0.00    0.01   
0.00    -0.00   1.00    -0.20  
1.00    -0.00   -0.00   62.43  
0.00    1.00    0.00    0.01   
0.00    -0.00   1.00    -0.20  
1.00    -0.00   -0.00   62.70  
0.00    1.00    0.00    0.01   
0.00    -0.00   1.00    -0.20  
1.00    -0.00   -0.00   62.97  
0.00    1.00    0.00    0.01   
0.00    -0.00   1.00    -0.20  
1.00    -0.00   -0.00   63.24  
0.00    1.00    0.00    0.01   
0.00    -0.00   1.00    -0.20  
1.00    -0.00   -0.00   63.51  
0.00    1.00    0.00    0.01   
0.00    -0.00   1.00    -0.20  
1.00    -0.00   -0.00   63.78  
0.00    1.00    0.00    0.01   
0.00    -0.00   1.00    -0.20  
1.00    -0.00   -0.00   64.06  
0.00    1.00    0.00    0.01   
0.00    -0.00   1.00    -0.20  
1.00    -0.00   -0.00   64.33  
0.00    1.00    0.00    0.01   
0.00    -0.00   1.00    -0.20  
1.00    -0.00   -0.00   64.60  
0.00    1.00    0.00    0.01   
0.00    -0.00   1.00    -0.20  
1.00    -0.00   -0.00   64.87  
0.00    1.00    0.00    0.01   
0.00    -0.00   1.00    -0.20  
1.00    -0.00   -0.00   65.14  
0.00    1.00    0.00    0.01   
0.00    -0.00   1.00    -0.20  
1.00    -0.00   -0.00   65.41  
0.00    1.00    0.00    0.01   
0.00    -0.00   1.00    -0.20  
1.00    -0.00   -0.00   65.68  
0.00    1.00    0.00    0.01   
0.00    -0.00   1.00    -0.20  
1.00    -0.00   -0.00   65.95  
0.00    1.00    0.00    0.01   
0.00    -0.00   1.00    -0.20  
1.00    -0.00   -0.00   66.23  
0.00    1.00    0.00    0.01   
0.00    -0.00   1.00    -0.20  
1.00    -0.00   -0.00   66.50  
0.00    1.00    0.00    0.02   
0.00    -0.00   1.00    -0.20  
1.00    -0.00   -0.00   66.77  
0.00    1.00    0.00    0.02   
0.00    -0.00   1.00    -0.20  
1.00    -0.00   -0.00   67.04  
0.00    1.00    0.00    0.02   
0.00    -0.00   1.00    -0.20  
1.00    -0.00   -0.00   67.31  
0.00    1.00    0.00    0.02   
0.00    -0.00   1.00    -0.20  
1.00    -0.00   -0.00   67.58  
0.00    1.00    0.00    0.02   
0.00    -0.00   1.00    -0.20  
1.00    -0.00   -0.00   67.85  
0.00    1.00    0.00    0.02   
0.00    -0.00   1.00    -0.20  
1.00    -0.00   -0.00   68.13  
0.00    1.00    0.00    0.02   
0.00    -0.00   1.00    -0.20  
1.00    -0.00   -0.00   68.40  
0.00    1.00    0.00    0.02   
0.00    -0.00   1.00    -0.20  
1.00    -0.00   -0.00   68.67  
0.00    1.00    0.00    0.02   
0.00    -0.00   1.00    -0.20  
1.00    -0.00   -0.00   68.94  
0.00    1.00    0.00    0.02   
0.00    -0.00   1.00    -0.20  
1.00    -0.00   -0.00   69.21  
0.00    1.00    0.00    0.02   
0.00    -0.00   1.00    -0.20  
1.00    -0.00   -0.00   69.48  
0.00    1.00    0.00    0.02   
0.00    -0.00   1.00    -0.20  
1.00    -0.00   -0.00   69.75  
0.00    1.00    0.00    0.02   
0.00    -0.00   1.00    -0.20  
1.00    -0.00   -0.00   70.02  
0.00    1.00    0.00    0.02   
0.00    -0.00   1.00    -0.20  
1.00    -0.00   -0.00   70.30  
0.00    1.00    0.00    0.02   
0.00    -0.00   1.00    -0.20  
1.00    -0.00   -0.00   70.57  
0.00    1.00    0.00    0.02   
0.00    -0.00   1.00    -0.20  
1.00    -0.00   -0.00   70.84  
0.00    1.00    0.00    0.02   
0.00    -0.00   1.00    -0.20  
1.00    -0.00   -0.00   71.11  
0.00    1.00    0.00    0.02   
0.00    -0.00   1.00    -0.20  
1.00    -0.00   -0.00   71.38  
0.00    1.00    0.00    0.02   
0.00    -0.00   1.00    -0.20  
1.00    -0.00   -0.00   71.65  
0.00    1.00    0.00    0.02   
0.00    -0.00   1.00    -0.20  
1.00    -0.00   -0.00   71.92  
0.00    1.00    0.00    0.02   
0.00    -0.00   1.00    -0.20  
1.00    -0.00   -0.00   72.19  
0.00    1.00    0.00    0.02   
0.00    -0.00   1.00    -0.20  
1.00    -0.00   -0.00   72.47  
0.00    1.00    0.00    0.02   
0.00    -0.00   1.00    -0.20  
1.00    -0.00   -0.00   72.74  
0.00    1.00    0.00    0.02   
0.00    -0.00   1.00    -0.20  
1.00    -0.00   -0.00   73.01  
0.00    1.00    0.00    0.02   
0.00    -0.00   1.00    -0.20  
1.00    -0.00   -0.00   73.28  
0.00    1.00    0.00    0.02   
0.00    -0.00   1.00    -0.20  
1.00    -0.00   -0.00   73.55  
0.00    1.00    0.00    0.02   
0.00    -0.00   1.00    -0.20  
1.00    -0.00   -0.00   73.82  
0.00    1.00    0.00    0.02   
0.00    -0.00   1.00    -0.20  
1.00    -0.00   -0.00   74.09  
0.00    1.00    0.00    0.02   
0.00    -0.00   1.00    -0.20  
1.00    -0.00   -0.00   74.37  
0.00    1.00    0.00    0.02   
0.00    -0.00   1.00    -0.20  
1.00    -0.00   -0.00   74.64  
0.00    1.00    0.00    0.02   
0.00    -0.00   1.00    -0.20  
1.00    -0.00   -0.00   74.91  
0.00    1.00    0.00    0.02   
0.00    -0.00   1.00    -0.20  
1.00    -0.00   -0.00   75.18  
0.00    1.00    0.00    0.02   
0.00    -0.00   1.00    -0.20  
1.00    -0.00   -0.00   75.45  
0.00    1.00    0.00    0.02   
0.00    -0.00   1.00    -0.20  
1.00    -0.00   -0.00   75.72  
0.00    1.00    0.00    0.02   
0.00    -0.00   1.00    -0.20  
1.00    -0.00   -0.00   75.99  
0.00    1.00    0.00    0.02   
0.00    -0.00   1.00    -0.20  
1.00    -0.00   -0.00   76.26  
0.00    1.00    0.00    0.02   
0.00    -0.00   1.00    -0.20  
1.00    -0.00   -0.00   76.54  
0.00    1.00    0.00    0.02   
0.00    -0.00   1.00    -0.20  
1.00    -0.00   -0.00   76.81  
0.00    1.00    0.00    0.02   
0.00    -0.00   1.00    -0.20  
1.00    -0.00   -0.00   77.08  
0.00    1.00    0.00    0.02   
0.00    -0.00   1.00    -0.20  
1.00    -0.00   -0.00   77.35  
0.00    1.00    0.00    0.02   
0.00    -0.00   1.00    -0.20  
1.00    -0.00   -0.00   77.62  
0.00    1.00    0.00    0.02   
0.00    -0.00   1.00    -0.20  
1.00    -0.00   -0.00   77.89  
0.00    1.00    0.00    0.02   
0.00    -0.00   1.00    -0.20  
1.00    -0.00   -0.00   78.16  
0.00    1.00    0.00    0.02   
0.00    -0.00   1.00    -0.20  
1.00    -0.00   -0.00   78.44  
0.00    1.00    0.00    0.02   
0.00    -0.00   1.00    -0.20  
1.00    -0.00   -0.00   78.71  
0.00    1.00    0.00    0.02   
0.00    -0.00   1.00    -0.20  
1.00    -0.00   -0.00   78.98  
0.00    1.00    0.00    0.02   
0.00    -0.00   1.00    -0.20  
1.00    -0.00   -0.00   79.25  
0.00    1.00    0.00    0.02   
0.00    -0.00   1.00    -0.20  
1.00    -0.00   -0.00   79.52  
0.00    1.00    0.00    0.02   
0.00    -0.00   1.00    -0.20  
1.00    -0.00   -0.00   79.79  
0.00    1.00    0.00    0.02   
0.00    -0.00   1.00    -0.20  
1.00    -0.00   -0.00   80.06  
0.00    1.00    0.00    0.02   
0.00    -0.00   1.00    -0.20  
1.00    -0.00   -0.00   80.33  
0.00    1.00    0.00    0.03   
0.00    -0.00   1.00    -0.20  
1.00    -0.00   -0.00   80.61  
0.00    1.00    0.00    0.03   
0.00    -0.00   1.00    -0.20  
1.00    -0.00   -0.00   80.88  
0.00    1.00    0.00    0.03   
0.00    -0.00   1.00    -0.20  
1.00    -0.00   -0.00   81.15  
0.00    1.00    0.00    0.03   
0.00    -0.00   1.00    -0.20  
1.00    -0.00   -0.00   81.42  
0.00    1.00    0.00    0.03   
0.00    -0.00   1.00    -0.20  
1.00    -0.00   -0.00   81.69  
0.00    1.00    0.00    0.03   
0.00    -0.00   1.00    -0.20  
1.00    -0.00   -0.00   81.96  
0.00    1.00    0.00    0.03   
0.00    -0.00   1.00    -0.20  
1.00    -0.00   -0.00   82.23  
0.00    1.00    0.00    0.03   
0.00    -0.00   1.00    -0.20  
1.00    -0.00   -0.00   82.51  
0.00    1.00    0.00    0.03   
0.00    -0.00   1.00    -0.20  
1.00    -0.00   -0.00   82.78  
0.00    1.00    0.00    0.03   
0.00    -0.00   1.00    -0.20  
1.00    -0.00   -0.00   83.05  
0.00    1.00    0.00    0.03   
0.00    -0.00   1.00    -0.20  
1.00    -0.00   -0.00   83.32  
0.00    1.00    0.00    0.03   
0.00    -0.00   1.00    -0.20  
1.00    -0.00   -0.00   83.59  
0.00    1.00    0.00    0.03   
0.00    -0.00   1.00    -0.20  
1.00    -0.00   -0.00   83.86  
0.00    1.00    0.00    0.03   
0.00    -0.00   1.00    -0.20  
1.00    -0.00   -0.00   84.13  
0.00    1.00    0.00    0.03   
0.00    -0.00   1.00    -0.20  
1.00    -0.00   -0.00   84.40  
0.00    1.00    0.00    0.03   
0.00    -0.00   1.00    -0.20  
1.00    -0.00   -0.00   84.68  
0.00    1.00    0.00    0.03   
0.00    -0.00   1.00    -0.20  
1.00    -0.00   -0.00   84.95  
0.00    1.00    0.00    0.03   
0.00    -0.00   1.00    -0.20  
1.00    -0.00   -0.00   85.22  
0.00    1.00    0.00    0.03   
0.00    -0.00   1.00    -0.20  
1.00    -0.00   -0.00   85.49  
0.00    1.00    0.00    0.03   
0.00    -0.00   1.00    -0.20  
1.00    -0.00   -0.00   85.76  
0.00    1.00    0.00    0.03   
0.00    -0.00   1.00    -0.20  
1.00    -0.00   -0.00   86.03  
0.00    1.00    0.00    0.03   
0.00    -0.00   1.00    -0.20  
1.00    -0.00   -0.00   86.30  
0.00    1.00    0.00    0.03   
0.00    -0.00   1.00    -0.20  
1.00    -0.00   -0.00   86.58  
0.00    1.00    0.00    0.03   
0.00    -0.00   1.00    -0.20  
1.00    -0.00   -0.00   86.85  
0.00    1.00    0.00    0.03   
0.00    -0.00   1.00    -0.20  
1.00    -0.00   -0.00   87.12  
0.00    1.00    0.00    0.03   
0.00    -0.00   1.00    -0.20  
1.00    -0.00   -0.00   87.39  
0.00    1.00    0.00    0.03   
0.00    -0.00   1.00    -0.20  
1.00    -0.00   -0.00   87.66  
0.00    1.00    0.00    0.03   
0.00    -0.00   1.00    -0.20  
1.00    -0.00   -0.00   87.93  
0.00    1.00    0.00    0.03   
0.00    -0.00   1.00    -0.20  
1.00    -0.00   -0.00   88.20  
0.00    1.00    0.00    0.03   
0.00    -0.00   1.00    -0.20  
1.00    -0.00   -0.00   88.47  
0.00    1.00    0.00    0.03   
0.00    -0.00   1.00    -0.20  
1.00    -0.00   -0.00   88.75  
0.00    1.00    -0.00   0.03   
0.00    0.00    1.00    -0.20  
1.00    -0.00   -0.00   89.02  
0.00    1.00    -0.00   0.03   
0.00    0.00    1.00    -0.20  
1.00    -0.00   -0.00   89.29  
0.00    1.00    -0.00   0.03   
0.00    0.00    1.00    -0.20  
1.00    -0.00   -0.00   89.56  
0.00    1.00    -0.00   0.03   
0.00    0.00    1.00    -0.20  
1.00    -0.00   -0.00   89.83  
0.00    1.00    -0.00   0.03   
0.00    0.00    1.00    -0.20  
1.00    -0.00   -0.00   90.10  
0.00    1.00    -0.00   0.03   
0.00    0.00    1.00    -0.20  
1.00    -0.00   -0.00   90.37  
0.00    1.00    -0.00   0.03   
0.00    0.00    1.00    -0.20  
1.00    -0.00   -0.00   90.65  
0.00    1.00    -0.00   0.03   
0.00    0.00    1.00    -0.20  
1.00    -0.00   -0.00   90.92  
0.00    1.00    -0.00   0.03   
0.00    0.00    1.00    -0.20  
1.00    -0.00   -0.00   91.19  
0.00    1.00    -0.00   0.03   
0.00    0.00    1.00    -0.20  
1.00    -0.00   -0.00   91.46  
0.00    1.00    0.00    0.03   
0.00    -0.00   1.00    -0.20  
1.00    -0.00   -0.00   91.73  
0.00    1.00    0.00    0.03   
0.00    -0.00   1.00    -0.20  
1.00    -0.00   -0.00   92.00  
0.00    1.00    0.00    0.03   
0.00    -0.00   1.00    -0.20  
1.00    -0.00   -0.00   92.27  
0.00    1.00    0.00    0.03   
0.00    -0.00   1.00    -0.20  
1.00    -0.00   -0.00   92.54  
0.00    1.00    0.00    0.03   
0.00    -0.00   1.00    -0.20  
1.00    -0.00   -0.00   92.82  
0.00    1.00    0.00    0.03   
0.00    -0.00   1.00    -0.20  
1.00    -0.00   -0.00   93.09  
0.00    1.00    0.00    0.03   
0.00    -0.00   1.00    -0.20  
1.00    -0.00   -0.00   93.36  
0.00    1.00    0.00    0.03   
0.00    -0.00   1.00    -0.20  
1.00    -0.00   -0.00   93.63  
0.00    1.00    0.00    0.03   
0.00    -0.00   1.00    -0.20  
1.00    -0.00   -0.00   93.90  
0.00    1.00    0.00    0.03   
0.00    -0.00   1.00    -0.20  
1.00    -0.00   -0.00   94.17  
0.00    1.00    0.00    0.04   
0.00    -0.00   1.00    -0.20  
1.00    -0.00   -0.00   94.44  
0.00    1.00    0.00    0.04   
0.00    -0.00   1.00    -0.20  
1.00    -0.00   -0.00   94.72  
0.00    1.00    0.00    0.04   
0.00    -0.00   1.00    -0.20  
1.00    -0.00   -0.00   94.99  
0.00    1.00    0.00    0.04   
0.00    -0.00   1.00    -0.20  
1.00    -0.00   -0.00   95.26  
0.00    1.00    0.00    0.04   
0.00    -0.00   1.00    -0.20  
1.00    -0.00   -0.00   95.53  
0.00    1.00    0.00    0.04   
0.00    -0.00   1.00    -0.20  
1.00    -0.00   -0.00   95.80  
0.00    1.00    0.00    0.04   
0.00    -0.00   1.00    -0.20  
1.00    -0.00   -0.00   96.07  
0.00    1.00    0.00    0.04   
0.00    -0.00   1.00    -0.20  
1.00    -0.00   -0.00   96.34  
0.00    1.00    0.00    0.04   
0.00    -0.00   1.00    -0.20  
1.00    -0.00   -0.00   96.61  
0.00    1.00    0.00    0.04   
0.00    -0.00   1.00    -0.20  
1.00    -0.00   -0.00   96.89  
0.00    1.00    0.00    0.04   
0.00    -0.00   1.00    -0.20  
1.00    -0.00   -0.00   97.16  
0.00    1.00    0.00    0.04   
0.00    -0.00   1.00    -0.20  
1.00    -0.00   -0.00   97.43  
0.00    1.00    0.00    0.04   
0.00    -0.00   1.00    -0.20  
1.00    -0.00   -0.00   97.70  
0.00    1.00    -0.00   0.04   
0.00    0.00    1.00    -0.20  
1.00    -0.00   -0.00   97.97  
0.00    1.00    -0.00   0.04   
0.00    0.00    1.00    -0.20  
1.00    -0.00   -0.00   98.24  
0.00    1.00    -0.00   0.04   
0.00    0.00    1.00    -0.20  
1.00    -0.00   -0.00   98.51  
0.00    1.00    0.00    0.04   
0.00    -0.00   1.00    -0.20  
1.00    -0.00   -0.00   98.79  
0.00    1.00    0.00    0.04   
0.00    -0.00   1.00    -0.20  
1.00    -0.00   -0.00   99.06  
0.00    1.00    -0.00   0.04   
0.00    0.00    1.00    -0.20  
1.00    -0.00   -0.00   99.33  
0.00    1.00    -0.00   0.04   
0.00    0.00    1.00    -0.20  
1.00    -0.00   -0.00   99.60  
0.00    1.00    0.00    0.04   
0.00    -0.00   1.00    -0.20  
1.00    -0.00   -0.00   99.87  
0.00    1.00    0.00    0.04   
0.00    -0.00   1.00    -0.20  
1.00    -0.00   -0.00   100.14 
0.00    1.00    0.00    0.04   
0.00    -0.00   1.00    -0.20  
1.00    -0.00   -0.00   100.41 
0.00    1.00    0.00    0.04   
0.00    -0.00   1.00    -0.20  
1.00    -0.00   -0.00   100.68 
0.00    1.00    0.00    0.04   
0.00    -0.00   1.00    -0.20  
1.00    -0.00   -0.00   100.96 
0.00    1.00    0.00    0.04   
0.00    -0.00   1.00    -0.20  
1.00    -0.00   -0.00   101.23 
0.00    1.00    0.00    0.04   
0.00    -0.00   1.00    -0.20  
1.00    -0.00   -0.00   101.50 
0.00    1.00    0.00    0.04   
0.00    -0.00   1.00    -0.20  
1.00    -0.00   -0.00   101.77 
0.00    1.00    0.00    0.04   
0.00    -0.00   1.00    -0.20  
1.00    -0.00   -0.00   102.04 
0.00    1.00    0.00    0.04   
0.00    -0.00   1.00    -0.20  
1.00    -0.00   -0.00   102.31 
0.00    1.00    0.00    0.04   
0.00    -0.00   1.00    -0.20  
1.00    -0.00   -0.00   102.58 
0.00    1.00    0.00    0.04   
0.00    -0.00   1.00    -0.20  
1.00    -0.00   -0.00   102.86 
0.00    1.00    0.00    0.04   
0.00    -0.00   1.00    -0.20  
1.00    -0.00   -0.00   103.13 
0.00    1.00    0.00    0.04   
0.00    -0.00   1.00    -0.20  
1.00    -0.00   -0.00   103.40 
0.00    1.00    0.00    0.04   
0.00    -0.00   1.00    -0.20  
1.00    -0.00   -0.00   103.67 
0.00    1.00    0.00    0.04   
0.00    -0.00   1.00    -0.20  
1.00    -0.00   -0.00   103.94 
0.00    1.00    0.00    0.04   
0.00    -0.00   1.00    -0.20  
1.00    -0.00   -0.00   104.21 
0.00    1.00    0.00    0.04   
0.00    -0.00   1.00    -0.20  
1.00    -0.00   -0.00   104.48 
0.00    1.00    0.00    0.04   
0.00    -0.00   1.00    -0.20  
1.00    -0.00   -0.00   104.75 
0.00    1.00    0.00    0.04   
0.00    -0.00   1.00    -0.20  
1.00    -0.00   -0.00   105.03 
0.00    1.00    0.00    0.04   
0.00    -0.00   1.00    -0.20  
1.00    -0.00   -0.00   105.30 
0.00    1.00    0.00    0.04   
0.00    -0.00   1.00    -0.20  
1.00    -0.00   -0.00   105.57 
0.00    1.00    0.00    0.04   
0.00    -0.00   1.00    -0.20  
1.00    -0.00   -0.00   105.84 
0.00    1.00    0.00    0.04   
0.00    -0.00   1.00    -0.20  
1.00    -0.00   -0.00   106.11 
0.00    1.00    0.00    0.04   
0.00    -0.00   1.00    -0.20  
1.00    -0.00   -0.00   106.38 
0.00    1.00    0.00    0.04   
0.00    -0.00   1.00    -0.20  
1.00    -0.00   -0.00   106.65 
0.00    1.00    0.00    0.04   
0.00    -0.00   1.00    -0.20  
1.00    -0.00   -0.00   106.92 
0.00    1.00    0.00    0.04   
0.00    -0.00   1.00    -0.20  
1.00    -0.00   -0.00   107.20 
0.00    1.00    0.00    0.04   
0.00    -0.00   1.00    -0.20  
1.00    -0.00   -0.00   107.47 
0.00    1.00    0.00    0.04   
0.00    -0.00   1.00    -0.20  
1.00    -0.00   -0.00   107.74 
0.00    1.00    0.00    0.04   
0.00    -0.00   1.00    -0.20  
1.00    -0.00   -0.00   108.01 
0.00    1.00    0.00    0.04   
0.00    -0.00   1.00    -0.20  
1.00    -0.00   -0.00   108.28 
0.00    1.00    0.00    0.04   
0.00    -0.00   1.00    -0.20  
1.00    -0.00   -0.00   108.55 
0.00    1.00    0.00    0.05   
0.00    -0.00   1.00    -0.20  
1.00    -0.00   -0.00   108.82 
0.00    1.00    0.00    0.05   
0.00    -0.00   1.00    -0.20  
1.00    -0.00   -0.00   109.10 
0.00    1.00    0.00    0.05   
0.00    -0.00   1.00    -0.20  
1.00    -0.00   -0.00   109.37 
0.00    1.00    0.00    0.05   
0.00    -0.00   1.00    -0.20  
1.00    -0.00   -0.00   109.64 
0.00    1.00    0.00    0.05   
0.00    -0.00   1.00    -0.20  
1.00    -0.00   -0.00   109.91 
0.00    1.00    0.00    0.05   
0.00    -0.00   1.00    -0.20  
1.00    -0.00   -0.00   110.18 
0.00    1.00    0.00    0.05   
0.00    -0.00   1.00    -0.20  
1.00    -0.00   -0.00   110.45 
0.00    1.00    0.00    0.05   
0.00    -0.00   1.00    -0.20  
1.00    -0.00   -0.00   110.72 
0.00    1.00    0.00    0.05   
0.00    -0.00   1.00    -0.20  
1.00    -0.00   -0.00   110.99 
0.00    1.00    0.00    0.05   
0.00    -0.00   1.00    -0.20  
1.00    -0.00   -0.00   111.27 
0.00    1.00    0.00    0.05   
0.00    -0.00   1.00    -0.20  
1.00    -0.00   -0.00   111.54 
0.00    1.00    0.00    0.05   
0.00    -0.00   1.00    -0.20  
1.00    -0.00   -0.00   111.81 
0.00    1.00    0.00    0.05   
0.00    -0.00   1.00    -0.20  
1.00    -0.00   -0.00   112.08 
0.00    1.00    0.00    0.05   
0.00    -0.00   1.00    -0.20  
1.00    -0.00   -0.00   112.35 
0.00    1.00    0.00    0.05   
0.00    -0.00   1.00    -0.20  
1.00    -0.00   -0.00   112.62 
0.00    1.00    0.00    0.05   
0.00    -0.00   1.00    -0.20  
1.00    -0.00   -0.00   112.89 
0.00    1.00    0.00    0.05   
0.00    -0.00   1.00    -0.20  
1.00    -0.00   -0.00   113.17 
0.00    1.00    0.00    0.05   
0.00    -0.00   1.00    -0.20  
1.00    -0.00   -0.00   113.44 
0.00    1.00    0.00    0.05   
0.00    -0.00   1.00    -0.20  
1.00    -0.00   -0.00   113.71 
0.00    1.00    0.00    0.05   
0.00    -0.00   1.00    -0.20  
1.00    -0.00   -0.00   113.98 
0.00    1.00    0.00    0.05   
0.00    -0.00   1.00    -0.20  
1.00    -0.00   -0.00   114.25 
0.00    1.00    0.00    0.05   
0.00    -0.00   1.00    -0.20  
1.00    -0.00   -0.00   114.52 
0.00    1.00    0.00    0.05   
0.00    -0.00   1.00    -0.20  
1.00    -0.00   -0.00   114.79 
0.00    1.00    0.00    0.05   
0.00    -0.00   1.00    -0.20  
1.00    -0.00   -0.00   115.06 
0.00    1.00    0.00    0.05   
0.00    -0.00   1.00    -0.20  
1.00    -0.00   -0.00   115.34 
0.00    1.00    0.00    0.05   
0.00    -0.00   1.00    -0.20  
1.00    -0.00   -0.00   115.61 
0.00    1.00    0.00    0.05   
0.00    -0.00   1.00    -0.20  
1.00    -0.00   -0.00   115.88 
0.00    1.00    0.00    0.05   
0.00    -0.00   1.00    -0.20  
1.00    -0.00   -0.00   116.15 
0.00    1.00    0.00    0.05   
0.00    -0.00   1.00    -0.20  
1.00    -0.00   -0.00   116.42 
0.00    1.00    0.00    0.05   
0.00    -0.00   1.00    -0.20  
1.00    -0.00   -0.00   116.69 
0.00    1.00    0.00    0.05   
0.00    -0.00   1.00    -0.20  
1.00    0.00    -0.00   116.96 
-0.00   1.00    0.00    0.05   
0.00    -0.00   1.00    -0.20  
1.00    0.00    -0.00   117.24 
-0.00   1.00    0.00    0.05   
0.00    -0.00   1.00    -0.20  
1.00    0.00    -0.00   117.51 
-0.00   1.00    0.00    0.05   
0.00    -0.00   1.00    -0.20  
1.00    0.00    -0.00   117.78 
-0.00   1.00    0.00    0.05   
0.00    -0.00   1.00    -0.20  
1.00    0.00    -0.00   118.05 
-0.00   1.00    0.00    0.05   
0.00    -0.00   1.00    -0.20  
1.00    0.00    -0.00   118.32 
-0.00   1.00    0.00    0.05   
0.00    -0.00   1.00    -0.20  
1.00    0.00    -0.00   118.59 
-0.00   1.00    0.00    0.05   
0.00    -0.00   1.00    -0.20  
1.00    0.00    -0.00   118.86 
-0.00   1.00    0.00    0.05   
0.00    -0.00   1.00    -0.20  
1.00    0.00    -0.00   119.13 
-0.00   1.00    0.00    0.05   
0.00    -0.00   1.00    -0.20  
1.00    0.00    -0.00   119.41 
-0.00   1.00    -0.00   0.05   
0.00    0.00    1.00    -0.20  
1.00    0.00    -0.00   119.68 
-0.00   1.00    -0.00   0.05   
0.00    0.00    1.00    -0.20  
1.00    0.00    -0.00   119.95 
-0.00   1.00    -0.00   0.05   
0.00    0.00    1.00    -0.20  
1.00    0.00    -0.00   120.22 
-0.00   1.00    0.00    0.05   
0.00    -0.00   1.00    -0.20  
1.00    0.00    -0.00   120.50 
-0.00   1.00    0.00    0.05   
0.00    -0.00   1.00    -0.20  
1.00    0.00    -0.00   120.78 
-0.00   1.00    0.00    0.05   
0.00    -0.00   1.00    -0.20  
1.00    0.00    -0.00   121.07 
-0.00   1.00    0.00    0.05   
0.00    -0.00   1.00    -0.20  
1.00    0.00    -0.00   121.35 
-0.00   1.00    0.00    0.05   
0.00    -0.00   1.00    -0.20  
1.00    0.00    -0.00   121.64 
-0.00   1.00    0.00    0.05   
0.00    -0.00   1.00    -0.20  
1.00    0.00    -0.00   121.94 
-0.00   1.00    0.00    0.05   
0.00    -0.00   1.00    -0.20  
1.00    0.00    -0.00   122.24 
-0.00   1.00    0.00    0.05   
0.00    -0.00   1.00    -0.20  
1.00    0.00    -0.00   122.55 
-0.00   1.00    0.00    0.05   
0.00    -0.00   1.00    -0.20  
1.00    0.00    -0.00   122.86 
-0.00   1.00    0.00    0.05   
0.00    -0.00   1.00    -0.20  
1.00    0.00    -0.00   123.17 
-0.00   1.00    0.00    0.05   
0.00    -0.00   1.00    -0.20  
1.00    0.00    -0.00   123.49 
-0.00   1.00    0.00    0.05   
0.00    -0.00   1.00    -0.20  
1.00    0.00    -0.00   123.82 
-0.00   1.00    0.00    0.04   
0.00    -0.00   1.00    -0.20  
1.00    0.00    -0.00   124.15 
-0.00   1.00    0.00    0.04   
0.00    -0.00   1.00    -0.20  
1.00    0.00    -0.00   124.48 
-0.00   1.00    0.00    0.04   
0.00    -0.00   1.00    -0.20  
1.00    0.00    -0.00   124.82 
-0.00   1.00    0.00    0.04   
0.00    -0.00   1.00    -0.20  
1.00    0.00    -0.00   125.16 
-0.00   1.00    0.00    0.04   
0.00    -0.00   1.00    -0.20  
1.00    0.00    -0.00   125.51 
-0.00   1.00    0.00    0.04   
0.00    -0.00   1.00    -0.20  
1.00    0.00    -0.00   125.87 
-0.00   1.00    0.00    0.04   
0.00    -0.00   1.00    -0.20  
1.00    0.00    -0.00   126.23 
-0.00   1.00    0.00    0.04   
0.00    -0.00   1.00    -0.20  
1.00    0.00    -0.00   126.59 
-0.00   1.00    0.00    0.04   
0.00    -0.00   1.00    -0.20  
1.00    0.00    -0.00   126.96 
-0.00   1.00    0.00    0.04   
0.00    -0.00   1.00    -0.20  
1.00    0.00    -0.00   127.32 
-0.00   1.00    0.00    0.04   
0.00    -0.00   1.00    -0.20  
1.00    0.00    -0.00   127.69 
-0.00   1.00    0.00    0.04   
0.00    -0.00   1.00    -0.20  
1.00    0.00    -0.00   128.05 
-0.00   1.00    0.00    0.04   
0.00    -0.00   1.00    -0.20  
1.00    0.00    -0.00   128.41 
-0.00   1.00    0.00    0.04   
0.00    -0.00   1.00    -0.20  
1.00    0.00    -0.00   128.77 
-0.00   1.00    0.00    0.04   
0.00    -0.00   1.00    -0.20  
1.00    0.00    0.00    129.12 
-0.00   1.00    0.00    0.04   
-0.00   -0.00   1.00    -0.19  
1.00    0.00    0.00    129.47 
-0.00   1.00    0.00    0.04   
-0.00   -0.00   1.00    -0.19  
1.00    0.00    0.00    129.82 
-0.00   1.00    0.00    0.04   
-0.00   -0.00   1.00    -0.19  
1.00    0.00    0.00    130.16 
-0.00   1.00    0.00    0.04   
-0.00   -0.00   1.00    -0.19  
1.00    0.00    0.00    130.50 
-0.00   1.00    0.00    0.04   
-0.00   -0.00   1.00    -0.19  
1.00    0.00    0.00    130.83 
-0.00   1.00    0.00    0.04   
-0.00   -0.00   1.00    -0.19  
1.00    0.00    0.00    131.16 
-0.00   1.00    0.00    0.04   
-0.00   -0.00   1.00    -0.19  
1.00    0.00    0.00    131.49 
-0.00   1.00    0.00    0.04   
-0.00   -0.00   1.00    -0.19  
1.00    0.00    0.00    131.82 
-0.00   1.00    0.00    0.04   
-0.00   -0.00   1.00    -0.19  
1.00    0.00    0.00    132.14 
-0.00   1.00    0.00    0.04   
-0.00   -0.00   1.00    -0.19  
1.00    0.00    0.00    132.47 
-0.00   1.00    -0.00   0.04   
-0.00   0.00    1.00    -0.19  
1.00    0.00    0.00    132.78 
-0.00   1.00    -0.00   0.04   
-0.00   0.00    1.00    -0.19  
1.00    0.00    0.00    133.10 
-0.00   1.00    -0.00   0.04   
-0.00   0.00    1.00    -0.19  
1.00    0.00    0.00    133.42 
-0.00   1.00    -0.00   0.04   
-0.00   0.00    1.00    -0.19  
1.00    0.00    0.00    133.73 
-0.00   1.00    -0.00   0.04   
-0.00   0.00    1.00    -0.19  
1.00    0.00    0.00    134.04 
-0.00   1.00    -0.00   0.04   
-0.00   0.00    1.00    -0.19  
1.00    0.00    0.00    134.35 
-0.00   1.00    -0.00   0.04   
-0.00   0.00    1.00    -0.19  
1.00    0.00    0.00    134.65 
-0.00   1.00    -0.00   0.04   
-0.00   0.00    1.00    -0.19  
1.00    0.00    0.00    134.96 
-0.00   1.00    -0.00   0.04   
-0.00   0.00    1.00    -0.19  
1.00    0.00    0.00    135.26 
-0.00   1.00    -0.00   0.04   
-0.00   0.00    1.00    -0.19  
1.00    0.00    0.00    135.56 
-0.00   1.00    0.00    0.04   
-0.00   -0.00   1.00    -0.19  
1.00    0.00    0.00    135.86 
-0.00   1.00    0.00    0.04   
-0.00   -0.00   1.00    -0.19  
1.00    0.00    0.00    136.16 
-0.00   1.00    0.00    0.04   
-0.00   -0.00   1.00    -0.19  
1.00    0.00    0.00    136.46 
-0.00   1.00    0.00    0.04   
-0.00   -0.00   1.00    -0.19  
1.00    0.00    0.00    136.76 
-0.00   1.00    0.00    0.04   
-0.00   -0.00   1.00    -0.19  
1.00    0.00    0.00    137.05 
-0.00   1.00    0.00    0.04   
-0.00   -0.00   1.00    -0.19  
1.00    0.00    0.00    137.35 
-0.00   1.00    0.00    0.04   
-0.00   -0.00   1.00    -0.19  
1.00    0.00    0.00    137.63 
-0.00   1.00    0.00    0.04   
-0.00   -0.00   1.00    -0.19  
1.00    0.00    0.00    137.91 
-0.00   1.00    0.00    0.04   
-0.00   -0.00   1.00    -0.19  
1.00    0.00    0.00    138.19 
-0.00   1.00    0.00    0.03   
-0.00   -0.00   1.00    -0.19  
1.00    0.00    0.00    138.47 
-0.00   1.00    0.00    0.03   
-0.00   -0.00   1.00    -0.19  
1.00    0.00    0.00    138.74 
-0.00   1.00    0.00    0.03   
-0.00   -0.00   1.00    -0.19  
1.00    0.00    0.00    139.01 
-0.00   1.00    0.00    0.03   
-0.00   -0.00   1.00    -0.19  
1.00    0.00    0.00    139.28 
-0.00   1.00    0.00    0.03   
-0.00   -0.00   1.00    -0.19  
1.00    0.00    0.00    139.55 
-0.00   1.00    0.00    0.03   
-0.00   -0.00   1.00    -0.19  
1.00    0.00    0.00    139.82 
-0.00   1.00    0.00    0.03   
-0.00   -0.00   1.00    -0.19  
1.00    0.00    0.00    140.08 
-0.00   1.00    0.00    0.03   
-0.00   -0.00   1.00    -0.19  
1.00    0.00    0.00    140.35 
-0.00   1.00    0.00    0.03   
-0.00   -0.00   1.00    -0.19  
1.00    0.00    0.00    140.62 
-0.00   1.00    0.00    0.03   
-0.00   -0.00   1.00    -0.19  
1.00    0.00    0.00    140.89 
-0.00   1.00    0.00    0.03   
-0.00   -0.00   1.00    -0.19  
1.00    0.00    0.00    141.16 
-0.00   1.00    0.00    0.03   
-0.00   -0.00   1.00    -0.19  
1.00    0.00    0.00    141.43 
-0.00   1.00    0.00    0.03   
-0.00   -0.00   1.00    -0.20  
1.00    0.00    -0.00   141.70 
-0.00   1.00    0.00    0.03   
0.00    -0.00   1.00    -0.20  
1.00    0.00    -0.00   141.97 
-0.00   1.00    0.00    0.03   
0.00    -0.00   1.00    -0.20  
1.00    0.00    -0.00   142.25 
-0.00   1.00    0.00    0.03   
0.00    -0.00   1.00    -0.20  
1.00    0.00    -0.00   142.52 
-0.00   1.00    0.00    0.03   
0.00    -0.00   1.00    -0.20  
1.00    0.00    -0.00   142.79 
-0.00   1.00    0.00    0.03   
0.00    -0.00   1.00    -0.20  
1.00    0.00    -0.00   143.06 
-0.00   1.00    0.00    0.03   
0.00    -0.00   1.00    -0.20  
1.00    0.00    -0.00   143.34 
-0.00   1.00    -0.00   0.03   
0.00    0.00    1.00    -0.20  
1.00    0.00    -0.00   143.61 
-0.00   1.00    0.00    0.03   
0.00    -0.00   1.00    -0.20  
1.00    0.00    -0.00   143.88 
-0.00   1.00    0.00    0.03   
0.00    -0.00   1.00    -0.20  
1.00    0.00    -0.00   144.15 
-0.00   1.00    0.00    0.03   
0.00    -0.00   1.00    -0.20  
1.00    0.00    -0.00   144.42 
-0.00   1.00    0.00    0.03   
0.00    -0.00   1.00    -0.20  
1.00    0.00    -0.00   144.69 
-0.00   1.00    0.00    0.03   
0.00    -0.00   1.00    -0.20  
1.00    0.00    0.00    144.96 
-0.00   1.00    0.00    0.03   
-0.00   -0.00   1.00    -0.20  
1.00    0.00    0.00    145.24 
-0.00   1.00    0.00    0.03   
-0.00   -0.00   1.00    -0.20  
1.00    0.00    0.00    145.51 
-0.00   1.00    0.00    0.03   
-0.00   -0.00   1.00    -0.20  
1.00    0.00    0.00    145.78 
-0.00   1.00    0.00    0.03   
-0.00   -0.00   1.00    -0.20  
1.00    0.00    0.00    146.05 
-0.00   1.00    0.00    0.03   
-0.00   -0.00   1.00    -0.20  
1.00    0.00    0.00    146.32 
-0.00   1.00    0.00    0.03   
-0.00   -0.00   1.00    -0.20  
1.00    0.00    0.00    146.59 
-0.00   1.00    0.00    0.03   
-0.00   -0.00   1.00    -0.20  
1.00    0.00    0.00    146.86 
-0.00   1.00    0.00    0.03   
-0.00   -0.00   1.00    -0.20  
1.00    0.00    0.00    147.13 
-0.00   1.00    0.00    0.03   
-0.00   -0.00   1.00    -0.20  
1.00    0.00    -0.00   147.40 
-0.00   1.00    0.00    0.03   
0.00    -0.00   1.00    -0.20  
1.00    0.00    -0.00   147.68 
-0.00   1.00    0.00    0.03   
0.00    -0.00   1.00    -0.20  
1.00    0.00    -0.00   147.95 
-0.00   1.00    0.00    0.03   
0.00    -0.00   1.00    -0.20  
1.00    0.00    -0.00   148.22 
-0.00   1.00    0.00    0.03   
0.00    -0.00   1.00    -0.20  
1.00    0.00    -0.00   148.49 
-0.00   1.00    0.00    0.03   
0.00    -0.00   1.00    -0.20  
1.00    0.00    -0.00   148.76 
-0.00   1.00    0.00    0.03   
0.00    -0.00   1.00    -0.20  
1.00    0.00    -0.00   149.03 
-0.00   1.00    0.00    0.03   
0.00    -0.00   1.00    -0.20  
1.00    0.00    -0.00   149.30 
-0.00   1.00    -0.00   0.03   
0.00    0.00    1.00    -0.20  
1.00    0.00    -0.00   149.58 
-0.00   1.00    0.00    0.03   
0.00    -0.00   1.00    -0.20  
1.00    0.00    -0.00   149.85 
-0.00   1.00    0.00    0.03   
0.00    -0.00   1.00    -0.20  
1.00    0.00    -0.00   150.12 
-0.00   1.00    -0.00   0.03   
0.00    0.00    1.00    -0.20  
1.00    0.00    -0.00   150.39 
-0.00   1.00    0.00    0.03   
0.00    -0.00   1.00    -0.20  
1.00    0.00    0.00    150.66 
-0.00   1.00    -0.00   0.03   
-0.00   0.00    1.00    -0.20  
1.00    0.00    0.00    150.92 
-0.00   1.00    0.00    0.03   
-0.00   -0.00   1.00    -0.19  
1.00    0.00    0.00    151.19 
-0.00   1.00    0.00    0.03   
-0.00   -0.00   1.00    -0.19  
1.00    0.00    0.00    151.44 
-0.00   1.00    0.00    0.03   
-0.00   -0.00   1.00    -0.19  
1.00    0.00    0.00    151.70 
-0.00   1.00    0.00    0.03   
-0.00   -0.00   1.00    -0.19  
1.00    0.00    0.00    151.95 
-0.00   1.00    0.00    0.02   
-0.00   -0.00   1.00    -0.19  
1.00    0.00    0.00    152.20 
-0.00   1.00    0.00    0.02   
-0.00   -0.00   1.00    -0.19  
1.00    0.00    0.00    152.45 
-0.00   1.00    0.00    0.02   
-0.00   -0.00   1.00    -0.19  
1.00    0.00    0.00    152.69 
-0.00   1.00    0.00    0.02   
-0.00   -0.00   1.00    -0.19  
1.00    0.00    0.00    152.94 
-0.00   1.00    0.00    0.02   
-0.00   -0.00   1.00    -0.19  
1.00    0.00    0.00    153.18 
-0.00   1.00    -0.00   0.02   
-0.00   0.00    1.00    -0.19  
1.00    0.00    0.00    153.43 
-0.00   1.00    -0.00   0.02   
-0.00   0.00    1.00    -0.19  
1.00    0.00    0.00    153.68 
-0.00   1.00    -0.00   0.02   
-0.00   0.00    1.00    -0.19  
1.00    0.00    0.00    153.92 
-0.00   1.00    -0.00   0.02   
-0.00   0.00    1.00    -0.19  
1.00    0.00    0.00    154.17 
-0.00   1.00    -0.00   0.02   
-0.00   0.00    1.00    -0.19  
1.00    0.00    0.00    154.42 
-0.00   1.00    -0.00   0.02   
-0.00   0.00    1.00    -0.19  
1.00    0.00    -0.00   154.67 
-0.00   1.00    0.00    0.02   
0.00    -0.00   1.00    -0.20  
1.00    0.00    -0.00   154.91 
-0.00   1.00    0.00    0.02   
0.00    -0.00   1.00    -0.20  
1.00    0.00    -0.00   155.16 
-0.00   1.00    0.00    0.02   
0.00    -0.00   1.00    -0.20  
1.00    -0.00   -0.00   155.41 
0.00    1.00    -0.00   0.02   
0.00    0.00    1.00    -0.20  
1.00    -0.00   -0.00   155.66 
0.00    1.00    -0.00   0.03   
0.00    0.00    1.00    -0.20  
1.00    -0.00   -0.00   155.91 
0.00    1.00    -0.00   0.04   
0.00    0.00    1.00    -0.20  
1.00    -0.00   -0.00   156.17 
0.00    1.00    -0.00   0.05   
0.00    0.00    1.00    -0.20  
1.00    -0.00   -0.00   156.42 
0.00    1.00    -0.00   0.07   
0.00    0.00    1.00    -0.20  
1.00    -0.00   -0.00   156.68 
0.00    1.00    -0.00   0.08   
0.00    0.00    1.00    -0.20  
1.00    -0.00   -0.00   156.93 
0.00    1.00    -0.00   0.10   
0.00    0.00    1.00    -0.20  
1.00    -0.00   -0.00   157.20 
0.00    1.00    -0.00   0.11   
0.00    0.00    1.00    -0.20  
1.00    -0.00   -0.00   157.46 
0.00    1.00    -0.00   0.13   
0.00    0.00    1.00    -0.20  
1.00    -0.00   -0.00   157.72 
0.00    1.00    -0.00   0.15   
0.00    0.00    1.00    -0.20  
1.00    -0.00   -0.00   157.99 
0.00    1.00    -0.00   0.17   
0.00    0.00    1.00    -0.20  
1.00    -0.00   -0.00   158.25 
0.00    1.00    -0.00   0.19   
0.00    0.00    1.00    -0.20  
1.00    -0.00   -0.00   158.52 
0.00    1.00    -0.00   0.21   
0.00    0.00    1.00    -0.20  
1.00    -0.00   -0.00   158.78 
0.00    1.00    -0.00   0.23   
0.00    0.00    1.00    -0.20  
1.00    -0.00   -0.00   159.04 
0.00    1.00    -0.00   0.25   
0.00    0.00    1.00    -0.20  
1.00    -0.00   -0.00   159.30 
0.00    1.00    -0.00   0.27   
0.00    0.00    1.00    -0.20  
1.00    -0.00   0.00    159.56 
0.00    1.00    -0.00   0.30   
-0.00   0.00    1.00    -0.20  
1.00    -0.00   0.00    159.82 
0.00    1.00    -0.00   0.32   
-0.00   0.00    1.00    -0.20  
1.00    -0.00   0.00    160.08 
0.00    1.00    -0.00   0.34   
-0.00   0.00    1.00    -0.20  
1.00    -0.00   0.00    160.34 
0.00    1.00    -0.00   0.37   
-0.00   0.00    1.00    -0.20  
1.00    -0.00   0.00    160.60 
0.00    1.00    -0.00   0.40   
-0.00   0.00    1.00    -0.20  
1.00    -0.00   0.00    160.86 
0.00    1.00    -0.00   0.43   
-0.00   0.00    1.00    -0.20  
1.00    -0.00   0.00    161.12 
0.00    1.00    -0.00   0.46   
-0.00   0.00    1.00    -0.20  
0.99    -0.00   0.00    161.37 
0.00    0.99    -0.00   0.51   
-0.00   0.00    1.00    -0.20  
0.99    -0.00   0.00    161.63 
0.00    0.99    -0.00   0.55   
-0.00   0.00    1.00    -0.20  
0.99    -0.00   0.00    161.89 
0.00    0.99    -0.00   0.60   
-0.00   0.00    1.00    -0.20  
0.99    -0.00   0.00    162.14 
0.00    0.99    -0.00   0.66   
-0.00   0.00    1.00    -0.20  
0.99    -0.00   0.00    162.40 
0.00    0.99    -0.00   0.72   
-0.00   0.00    1.00    -0.20  
0.98    -0.00   0.00    162.66 
0.00    0.98    -0.00   0.79   
-0.00   0.00    1.00    -0.20  
0.98    -0.00   -0.00   162.91 
0.00    0.98    -0.00   0.87   
0.00    0.00    1.00    -0.20  
0.98    -0.00   -0.00   163.16 
0.00    0.98    -0.00   0.95   
0.00    0.00    1.00    -0.20  
0.97    -0.00   -0.00   163.41 
0.00    0.97    -0.00   1.04   
0.00    0.00    1.00    -0.20  
0.97    -0.00   -0.00   163.66 
0.00    0.97    -0.00   1.14   
0.00    0.00    1.00    -0.20  
0.96    -0.00   -0.00   163.91 
0.00    0.96    -0.00   1.25   
0.00    0.00    1.00    -0.20  
0.95    -0.00   -0.00   164.15 
0.00    0.95    -0.00   1.36   
0.00    0.00    1.00    -0.20  
0.94    -0.00   -0.00   164.39 
0.00    0.94    -0.00   1.48   
0.00    0.00    1.00    -0.20  
0.93    -0.00   0.00    164.62 
0.00    0.93    -0.00   1.61   
-0.00   0.00    1.00    -0.20  
0.92    -0.00   0.00    164.85 
0.00    0.92    -0.00   1.75   
-0.00   0.00    1.00    -0.20  
0.91    -0.00   0.00    165.08 
0.00    0.91    -0.00   1.90   
-0.00   0.00    1.00    -0.20  
0.89    -0.00   0.00    165.29 
0.00    0.89    -0.00   2.05   
-0.00   0.00    1.00    -0.20  
0.88    -0.00   0.00    165.51 
0.00    0.88    -0.00   2.21   
-0.00   0.00    1.00    -0.20  
0.86    -0.00   0.00    165.71 
0.00    0.86    -0.00   2.38   
-0.00   0.00    1.00    -0.20  
0.85    -0.00   0.00    165.91 
0.00    0.85    -0.00   2.56   
-0.00   0.00    1.00    -0.20  
0.83    -0.00   0.00    166.11 
0.00    0.83    -0.00   2.74   
-0.00   0.00    1.00    -0.20  
0.81    -0.00   0.00    166.29 
0.00    0.81    -0.00   2.93   
-0.00   0.00    1.00    -0.20  
0.79    -0.00   0.00    166.47 
0.00    0.79    -0.00   3.12   
-0.00   0.00    1.00    -0.20  
0.77    -0.00   0.00    166.65 
0.00    0.77    -0.00   3.32   
-0.00   0.00    1.00    -0.20  
0.75    -0.00   0.00    166.81 
0.00    0.75    -0.00   3.53   
-0.00   0.00    1.00    -0.20  
0.72    -0.00   0.00    166.97 
0.00    0.72    -0.00   3.74   
-0.00   0.00    1.00    -0.20  
0.70    -0.00   0.00    167.12 
0.00    0.70    -0.00   3.96   
-0.00   0.00    1.00    -0.20  
0.67    -0.00   0.00    167.26 
0.00    0.67    -0.00   4.19   
-0.00   0.00    1.00    -0.20  
0.65    -0.00   0.00    167.39 
0.00    0.64    -0.00   4.42   
-0.00   0.00    1.00    -0.20  
0.62    -0.00   0.00    167.51 
0.00    0.62    -0.00   4.65   
-0.00   0.00    1.00    -0.20  
0.58    -0.00   0.00    167.62 
0.00    0.58    -0.00   4.89   
-0.00   0.00    1.00    -0.20  
0.55    -0.00   0.00    167.72 
0.00    0.55    -0.00   5.13   
-0.00   0.00    1.00    -0.20  
0.52    -0.00   0.00    167.80 
0.00    0.52    -0.00   5.38   
-0.00   0.00    1.00    -0.20  
0.48    -0.00   0.00    167.88 
0.00    0.48    -0.00   5.63   
-0.00   0.00    1.00    -0.20  
0.45    -0.00   0.00    167.96 
0.00    0.45    -0.00   5.88   
-0.00   0.00    1.00    -0.20  
0.42    -0.00   0.00    168.03 
0.00    0.42    -0.00   6.14   
-0.00   0.00    1.00    -0.20  
0.39    -0.00   0.00    168.09 
0.00    0.39    -0.00   6.41   
-0.00   0.00    1.00    -0.20  
0.36    -0.00   0.00    168.15 
0.00    0.36    -0.00   6.67   
-0.00   0.00    1.00    -0.20  
0.33    -0.00   0.00    168.20 
0.00    0.33    -0.00   6.94   
-0.00   0.00    1.00    -0.20  
0.30    -0.00   0.00    168.24 
0.00    0.30    -0.00   7.21   
-0.00   0.00    1.00    -0.20  
0.28    -0.00   0.00    168.29 
0.00    0.28    -0.00   7.48   
-0.00   0.00    1.00    -0.20  
0.25    -0.00   0.00    168.32 
0.00    0.25    -0.00   7.75   
-0.00   0.00    1.00    -0.20  
0.23    -0.00   0.00    168.35 
0.00    0.23    -0.00   8.02   
-0.00   0.00    1.00    -0.20  
0.21    -0.00   0.00    168.38 
0.00    0.21    -0.00   8.29   
-0.00   0.00    1.00    -0.20  
0.19    -0.00   0.00    168.41 
0.00    0.19    -0.00   8.56   
-0.00   0.00    1.00    -0.20  
0.17    -0.00   0.00    168.43 
0.00    0.17    -0.00   8.83   
-0.00   0.00    1.00    -0.19  
0.15    -0.00   0.00    168.45 
0.00    0.15    -0.00   9.10   
-0.00   0.00    1.00    -0.19  
0.14    -0.00   0.00    168.46 
0.00    0.14    -0.00   9.37   
-0.00   0.00    1.00    -0.19  
0.12    -0.00   0.00    168.48 
0.00    0.12    -0.00   9.64   
-0.00   0.00    1.00    -0.19  
0.11    -0.00   0.00    168.49 
0.00    0.11    -0.00   9.91   
-0.00   0.00    1.00    -0.19  
0.10    -0.00   0.00    168.50 
0.00    0.10    -0.00   10.18  
-0.00   0.00    1.00    -0.19  
0.09    -0.00   0.00    168.51 
0.00    0.09    -0.00   10.45  
-0.00   0.00    1.00    -0.19  
0.08    -0.00   0.00    168.51 
0.00    0.08    -0.00   10.72  
-0.00   0.00    1.00    -0.19  
0.07    -0.00   0.00    168.51 
0.00    0.07    -0.00   10.99  
-0.00   0.00    1.00    -0.19  
0.06    -0.00   0.00    168.52 
0.00    0.06    -0.00   11.26  
-0.00   0.00    1.00    -0.19  
0.05    -0.00   0.00    168.52 
0.00    0.05    -0.00   11.53  
-0.00   0.00    1.00    -0.19  
0.04    -0.00   0.00    168.52 
0.00    0.04    -0.00   11.81  
-0.00   0.00    1.00    -0.19  
0.03    -0.00   0.00    168.52 
0.00    0.03    -0.00   12.08  
-0.00   0.00    1.00    -0.19  
0.03    -0.00   0.00    168.52 
0.00    0.03    -0.00   12.35  
-0.00   0.00    1.00    -0.19  
0.02    -0.00   -0.00   168.52 
0.00    0.02    -0.00   12.62  
0.00    0.00    1.00    -0.19  
0.02    -0.00   -0.00   168.51 
0.00    0.02    -0.00   12.89  
0.00    0.00    1.00    -0.20  
0.01    -0.00   -0.00   168.51 
0.00    0.01    -0.00   13.16  
0.00    0.00    1.00    -0.20  
0.01    -0.00   -0.00   168.51 
0.00    0.01    -0.00   13.44  
0.00    0.00    1.00    -0.20  
0.01    -0.00   -0.00   168.51 
0.00    0.01    -0.00   13.71  
0.00    0.00    1.00    -0.20  
0.00    -0.00   -0.00   168.50 
0.00    0.00    -0.00   13.98  
0.00    0.00    1.00    -0.20  
0.00    -0.00   -0.00   168.50 
0.00    0.00    -0.00   14.25  
0.00    0.00    1.00    -0.20  
-0.00   -0.00   -0.00   168.50 
0.00    -0.00   -0.00   14.52  
0.00    0.00    1.00    -0.20  
-0.00   -0.00   -0.00   168.49 
0.00    -0.00   -0.00   14.79  
0.00    0.00    1.00    -0.20  
-0.01   -0.00   -0.00   168.49 
0.00    -0.01   -0.00   15.06  
0.00    0.00    1.00    -0.20  
-0.01   -0.00   0.00    168.48 
0.00    -0.01   -0.00   15.33  
-0.00   0.00    1.00    -0.20  
-0.01   -0.00   0.00    168.48 
0.00    -0.01   -0.00   15.61  
-0.00   0.00    1.00    -0.20  
-0.01   -0.00   0.00    168.47 
0.00    -0.01   -0.00   15.88  
-0.00   0.00    1.00    -0.20  
-0.01   -0.00   0.00    168.46 
0.00    -0.01   -0.00   16.15  
-0.00   0.00    1.00    -0.20  
-0.02   -0.00   0.00    168.46 
0.00    -0.02   -0.00   16.42  
-0.00   0.00    1.00    -0.20  
-0.02   -0.00   0.00    168.45 
0.00    -0.02   -0.00   16.69  
-0.00   0.00    1.00    -0.20  
-0.02   -0.00   0.00    168.45 
0.00    -0.02   -0.00   16.96  
-0.00   0.00    1.00    -0.20  
-0.02   -0.00   -0.00   168.44 
0.00    -0.02   0.00    17.23  
0.00    -0.00   1.00    -0.20  
-0.02   -0.00   -0.00   168.44 
0.00    -0.02   0.00    17.50  
0.00    -0.00   1.00    -0.20  
-0.02   -0.00   -0.00   168.43 
0.00    -0.02   0.00    17.78  
0.00    -0.00   1.00    -0.20  
-0.02   -0.00   -0.00   168.43 
0.00    -0.02   0.00    18.05  
0.00    -0.00   1.00    -0.20  
-0.02   -0.00   -0.00   168.42 
0.00    -0.02   0.00    18.32  
0.00    -0.00   1.00    -0.20  
-0.02   -0.00   -0.00   168.42 
0.00    -0.02   0.00    18.59  
0.00    -0.00   1.00    -0.20  
-0.02   -0.00   -0.00   168.42 
0.00    -0.02   0.00    18.86  
0.00    -0.00   1.00    -0.20  
-0.02   -0.00   -0.00   168.41 
0.00    -0.02   0.00    19.13  
0.00    -0.00   1.00    -0.20  
-0.02   -0.00   -0.00   168.41 
0.00    -0.02   0.00    19.40  
0.00    -0.00   1.00    -0.20  
-0.02   -0.00   -0.00   168.40 
0.00    -0.02   0.00    19.67  
0.00    -0.00   1.00    -0.20  
-0.02   -0.00   -0.00   168.40 
0.00    -0.02   0.00    19.95  
0.00    -0.00   1.00    -0.20  
-0.02   -0.00   -0.00   168.39 
0.00    -0.02   0.00    20.22  
0.00    -0.00   1.00    -0.20  
-0.02   -0.00   -0.00   168.39 
0.00    -0.02   0.00    20.49  
0.00    -0.00   1.00    -0.20  
-0.02   -0.00   -0.00   168.39 
0.00    -0.02   0.00    20.76  
0.00    -0.00   1.00    -0.20  
-0.02   -0.00   -0.00   168.38 
0.00    -0.02   0.00    21.03  
0.00    -0.00   1.00    -0.20  
-0.02   -0.00   -0.00   168.38 
0.00    -0.02   0.00    21.30  
0.00    -0.00   1.00    -0.20  
-0.02   -0.00   -0.00   168.37 
0.00    -0.02   0.00    21.57  
0.00    -0.00   1.00    -0.20  
-0.02   -0.00   -0.00   168.37 
0.00    -0.02   -0.00   21.85  
0.00    0.00    1.00    -0.20  
-0.02   -0.00   -0.00   168.37 
0.00    -0.02   0.00    22.12  
0.00    -0.00   1.00    -0.20  
-0.01   -0.00   -0.00   168.36 
0.00    -0.01   0.00    22.39  
0.00    -0.00   1.00    -0.20  
-0.01   -0.00   -0.00   168.36 
0.00    -0.01   0.00    22.66  
0.00    -0.00   1.00    -0.20  
-0.01   -0.00   -0.00   168.36 
0.00    -0.01   0.00    22.93  
0.00    -0.00   1.00    -0.20  
-0.01   -0.00   -0.00   168.35 
0.00    -0.01   0.00    23.20  
0.00    -0.00   1.00    -0.20  
-0.01   -0.00   -0.00   168.35 
0.00    -0.01   0.00    23.47  
0.00    -0.00   1.00    -0.20  
-0.01   -0.00   -0.00   168.35 
0.00    -0.01   0.00    23.74  
0.00    -0.00   1.00    -0.20  
-0.01   -0.00   -0.00   168.35 
0.00    -0.01   0.00    24.02  
0.00    -0.00   1.00    -0.20  
-0.01   -0.00   -0.00   168.34 
0.00    -0.01   0.00    24.29  
0.00    -0.00   1.00    -0.20  
-0.01   -0.00   -0.00   168.34 
0.00    -0.01   0.00    24.56  
0.00    -0.00   1.00    -0.20  
-0.01   -0.00   -0.00   168.34 
0.00    -0.01   0.00    24.83  
0.00    -0.00   1.00    -0.20  
-0.01   -0.00   -0.00   168.34 
0.00    -0.01   0.00    25.10  
0.00    -0.00   1.00    -0.20  
-0.01   -0.00   -0.00   168.33 
0.00    -0.01   0.00    25.37  
0.00    -0.00   1.00    -0.20  
-0.01   -0.00   -0.00   168.33 
0.00    -0.01   0.00    25.64  
0.00    -0.00   1.00    -0.20  
-0.01   -0.00   -0.00   168.33 
0.00    -0.01   0.00    25.91  
0.00    -0.00   1.00    -0.20  
-0.01   -0.00   -0.00   168.33 
0.00    -0.01   0.00    26.19  
0.00    -0.00   1.00    -0.20  
-0.01   -0.00   -0.00   168.32 
0.00    -0.01   0.00    26.46  
0.00    -0.00   1.00    -0.20  
-0.01   -0.00   -0.00   168.32 
0.00    -0.01   0.00    26.73  
0.00    -0.00   1.00    -0.20  
-0.01   -0.00   -0.00   168.32 
0.00    -0.01   0.00    27.00  
0.00    -0.00   1.00    -0.20  
-0.01   -0.00   -0.00   168.32 
0.00    -0.01   0.00    27.27  
0.00    -0.00   1.00    -0.20  
-0.01   -0.00   -0.00   168.32 
0.00    -0.01   0.00    27.54  
0.00    -0.00   1.00    -0.20  
-0.01   -0.00   -0.00   168.32 
0.00    -0.01   0.00    27.81  
0.00    -0.00   1.00    -0.20  
-0.01   -0.00   -0.00   168.31 
0.00    -0.01   0.00    28.09  
0.00    -0.00   1.00    -0.20  
-0.01   -0.00   -0.00   168.31 
0.00    -0.01   0.00    28.36  
0.00    -0.00   1.00    -0.20  
-0.01   -0.00   -0.00   168.31 
0.00    -0.01   0.00    28.63  
0.00    -0.00   1.00    -0.20  
-0.01   -0.00   -0.00   168.31 
0.00    -0.01   0.00    28.90  
0.00    -0.00   1.00    -0.20  
-0.01   -0.00   -0.00   168.31 
0.00    -0.01   0.00    29.17  
0.00    -0.00   1.00    -0.20  
-0.01   -0.00   -0.00   168.31 
0.00    -0.01   0.00    29.44  
0.00    -0.00   1.00    -0.20  
-0.01   -0.00   -0.00   168.31 
0.00    -0.01   0.00    29.71  
0.00    -0.00   1.00    -0.20  
-0.01   -0.00   -0.00   168.31 
0.00    -0.01   0.00    29.98  
0.00    -0.00   1.00    -0.20  
-0.01   -0.00   -0.00   168.30 
0.00    -0.01   0.00    30.26  
0.00    -0.00   1.00    -0.20  
-0.00   -0.00   -0.00   168.30 
0.00    -0.00   0.00    30.53  
0.00    -0.00   1.00    -0.20  
-0.00   -0.00   -0.00   168.30 
0.00    -0.00   0.00    30.80  
0.00    -0.00   1.00    -0.20  
-0.00   -0.00   -0.00   168.30 
0.00    -0.00   0.00    31.07  
0.00    -0.00   1.00    -0.20  
-0.00   -0.00   -0.00   168.30 
0.00    -0.00   0.00    31.34  
0.00    -0.00   1.00    -0.20  
-0.00   -0.00   -0.00   168.30 
0.00    -0.00   0.00    31.61  
0.00    -0.00   1.00    -0.20  
-0.00   -0.00   -0.00   168.30 
0.00    -0.00   0.00    31.88  
0.00    -0.00   1.00    -0.20  
-0.00   -0.00   -0.00   168.30 
0.00    -0.00   0.00    32.16  
0.00    -0.00   1.00    -0.20  
-0.00   -0.00   -0.00   168.30 
0.00    -0.00   0.00    32.43  
0.00    -0.00   1.00    -0.20  
-0.00   -0.00   -0.00   168.30 
0.00    -0.00   0.00    32.70  
0.00    -0.00   1.00    -0.20  
-0.00   -0.00   -0.00   168.29 
0.00    -0.00   0.00    32.97  
0.00    -0.00   1.00    -0.20  
-0.00   -0.00   -0.00   168.29 
0.00    -0.00   0.00    33.24  
0.00    -0.00   1.00    -0.20  
-0.00   -0.00   -0.00   168.29 
0.00    -0.00   0.00    33.51  
0.00    -0.00   1.00    -0.20  
-0.00   -0.00   -0.00   168.29 
0.00    -0.00   0.00    33.78  
0.00    -0.00   1.00    -0.20  
-0.00   -0.00   -0.00   168.29 
0.00    -0.00   0.00    34.05  
0.00    -0.00   1.00    -0.20  
-0.00   -0.00   -0.00   168.29 
0.00    -0.00   0.00    34.33  
0.00    -0.00   1.00    -0.20  
-0.00   -0.00   -0.00   168.29 
0.00    -0.00   0.00    34.60  
0.00    -0.00   1.00    -0.20  
-0.00   -0.00   -0.00   168.29 
0.00    -0.00   0.00    34.87  
0.00    -0.00   1.00    -0.20  
-0.00   -0.00   -0.00   168.29 
0.00    -0.00   0.00    35.14  
0.00    -0.00   1.00    -0.20  
-0.00   -0.00   -0.00   168.29 
0.00    -0.00   0.00    35.41  
0.00    -0.00   1.00    -0.20  
-0.00   -0.00   -0.00   168.29 
0.00    -0.00   0.00    35.68  
0.00    -0.00   1.00    -0.20  
-0.00   -0.00   -0.00   168.29 
0.00    -0.00   0.00    35.95  
0.00    -0.00   1.00    -0.20  
-0.00   -0.00   -0.00   168.29 
0.00    -0.00   0.00    36.23  
0.00    -0.00   1.00    -0.20  
-0.00   -0.00   -0.00   168.29 
0.00    -0.00   0.00    36.50  
0.00    -0.00   1.00    -0.20  
-0.00   -0.00   -0.00   168.28 
0.00    -0.00   0.00    36.77  
0.00    -0.00   1.00    -0.20  
-0.00   -0.00   -0.00   168.28 
0.00    -0.00   0.00    37.04  
0.00    -0.00   1.00    -0.20  
-0.00   -0.00   -0.00   168.28 
0.00    -0.00   0.00    37.31  
0.00    -0.00   1.00    -0.20  
-0.00   -0.00   -0.00   168.28 
0.00    -0.00   0.00    37.58  
0.00    -0.00   1.00    -0.20  
-0.00   -0.00   -0.00   168.28 
0.00    -0.00   0.00    37.85  
0.00    -0.00   1.00    -0.20  
-0.00   -0.00   -0.00   168.28 
0.00    -0.00   0.00    38.12  
0.00    -0.00   1.00    -0.20  
-0.00   -0.00   -0.00   168.28 
0.00    -0.00   0.00    38.40  
0.00    -0.00   1.00    -0.20  
-0.00   -0.00   -0.00   168.28 
0.00    -0.00   0.00    38.67  
0.00    -0.00   1.00    -0.20  
-0.00   -0.00   -0.00   168.28 
0.00    -0.00   0.00    38.94  
0.00    -0.00   1.00    -0.20  
-0.00   -0.00   -0.00   168.28 
0.00    -0.00   0.00    39.21  
0.00    -0.00   1.00    -0.20  
-0.00   -0.00   -0.00   168.28 
0.00    -0.00   0.00    39.48  
0.00    -0.00   1.00    -0.20  
-0.00   -0.00   -0.00   168.28 
0.00    -0.00   0.00    39.75  
0.00    -0.00   1.00    -0.20  
-0.00   -0.00   -0.00   168.28 
0.00    -0.00   0.00    40.02  
0.00    -0.00   1.00    -0.20  
-0.00   -0.00   -0.00   168.28 
0.00    -0.00   0.00    40.30  
0.00    -0.00   1.00    -0.20  
-0.00   -0.00   -0.00   168.28 
0.00    -0.00   0.00    40.57  
0.00    -0.00   1.00    -0.20  
-0.00   -0.00   -0.00   168.28 
0.00    -0.00   0.00    40.84  
0.00    -0.00   1.00    -0.20  
-0.00   -0.00   -0.00   168.28 
0.00    -0.00   0.00    41.11  
0.00    -0.00   1.00    -0.20  
-0.00   -0.00   -0.00   168.28 
0.00    -0.00   0.00    41.38  
0.00    -0.00   1.00    -0.20  
-0.00   -0.00   -0.00   168.28 
0.00    -0.00   0.00    41.65  
0.00    -0.00   1.00    -0.20  
-0.00   -0.00   -0.00   168.28 
0.00    -0.00   0.00    41.92  
0.00    -0.00   1.00    -0.20  
-0.00   -0.00   -0.00   168.27 
0.00    -0.00   0.00    42.19  
0.00    -0.00   1.00    -0.20  
-0.00   -0.00   -0.00   168.27 
0.00    -0.00   0.00    42.47  
0.00    -0.00   1.00    -0.20  
-0.00   -0.00   -0.00   168.27 
0.00    -0.00   0.00    42.74  
0.00    -0.00   1.00    -0.20  
-0.00   -0.00   -0.00   168.27 
0.00    -0.00   0.00    43.01  
0.00    -0.00   1.00    -0.20  
-0.00   -0.00   -0.00   168.27 
0.00    -0.00   0.00    43.28  
0.00    -0.00   1.00    -0.20  
-0.00   -0.00   -0.00   168.27 
0.00    -0.00   0.00    43.55  
0.00    -0.00   1.00    -0.20  
-0.00   -0.00   -0.00   168.27 
0.00    -0.00   0.00    43.82  
0.00    -0.00   1.00    -0.20  
-0.00   -0.00   -0.00   168.27 
0.00    -0.00   0.00    44.09  
0.00    -0.00   1.00    -0.20  
-0.00   -0.00   -0.00   168.27 
0.00    -0.00   0.00    44.37  
0.00    -0.00   1.00    -0.20  
-0.00   -0.00   -0.00   168.27 
0.00    -0.00   0.00    44.64  
0.00    -0.00   1.00    -0.20  
-0.00   -0.00   -0.00   168.27 
0.00    -0.00   0.00    44.91  
0.00    -0.00   1.00    -0.20  
-0.00   -0.00   -0.00   168.27 
0.00    -0.00   0.00    45.18  
0.00    -0.00   1.00    -0.20  
-0.00   -0.00   -0.00   168.27 
0.00    -0.00   0.00    45.45  
0.00    -0.00   1.00    -0.20  
-0.00   -0.00   -0.00   168.27 
0.00    -0.00   -0.00   45.72  
0.00    0.00    1.00    -0.20  
-0.00   -0.00   -0.00   168.27 
0.00    -0.00   -0.00   45.99  
0.00    0.00    1.00    -0.20  
-0.00   -0.00   -0.00   168.27 
0.00    -0.00   -0.00   46.26  
0.00    0.00    1.00    -0.20  
-0.00   -0.00   -0.00   168.27 
0.00    -0.00   -0.00   46.54  
0.00    0.00    1.00    -0.20  
-0.00   -0.00   -0.00   168.27 
0.00    -0.00   -0.00   46.81  
0.00    0.00    1.00    -0.20  
-0.00   -0.00   -0.00   168.27 
0.00    -0.00   0.00    47.08  
0.00    -0.00   1.00    -0.20  
-0.00   -0.00   -0.00   168.27 
0.00    -0.00   0.00    47.35  
0.00    -0.00   1.00    -0.20  
-0.00   -0.00   -0.00   168.27 
0.00    -0.00   0.00    47.62  
0.00    -0.00   1.00    -0.20  
-0.00   -0.00   -0.00   168.27 
0.00    -0.00   0.00    47.89  
0.00    -0.00   1.00    -0.20  
-0.00   -0.00   -0.00   168.27 
0.00    -0.00   0.00    48.16  
0.00    -0.00   1.00    -0.20  
-0.00   -0.00   -0.00   168.27 
0.00    -0.00   0.00    48.43  
0.00    -0.00   1.00    -0.20  
-0.00   -0.00   -0.00   168.27 
0.00    -0.00   0.00    48.71  
0.00    -0.00   1.00    -0.20  
-0.00   -0.00   -0.00   168.27 
0.00    -0.00   0.00    48.98  
0.00    -0.00   1.00    -0.20  
-0.00   -0.00   -0.00   168.27 
0.00    -0.00   0.00    49.25  
0.00    -0.00   1.00    -0.20  
-0.00   -0.00   -0.00   168.27 
0.00    -0.00   0.00    49.52  
0.00    -0.00   1.00    -0.20  
-0.00   -0.00   -0.00   168.26 
0.00    -0.00   0.00    49.79  
0.00    -0.00   1.00    -0.20  
-0.00   -0.00   -0.00   168.26 
0.00    -0.00   0.00    50.06  
0.00    -0.00   1.00    -0.20  
-0.00   -0.00   -0.00   168.26 
0.00    -0.00   0.00    50.33  
0.00    -0.00   1.00    -0.20  
-0.00   -0.00   -0.00   168.26 
0.00    -0.00   0.00    50.61  
0.00    -0.00   1.00    -0.20  
-0.00   -0.00   -0.00   168.26 
0.00    -0.00   -0.00   50.88  
0.00    0.00    1.00    -0.20  
-0.00   -0.00   -0.00   168.26 
0.00    -0.00   -0.00   51.15  
0.00    0.00    1.00    -0.20  
-0.00   -0.00   -0.00   168.26 
0.00    -0.00   0.00    51.42  
0.00    -0.00   1.00    -0.20  
-0.00   -0.00   -0.00   168.26 
0.00    -0.00   0.00    51.69  
0.00    -0.00   1.00    -0.20  
-0.00   -0.00   -0.00   168.26 
0.00    -0.00   0.00    51.96  
0.00    -0.00   1.00    -0.20  
-0.00   -0.00   -0.00   168.26 
0.00    -0.00   0.00    52.23  
0.00    -0.00   1.00    -0.20  
-0.00   -0.00   -0.00   168.26 
0.00    -0.00   0.00    52.50  
0.00    -0.00   1.00    -0.20  
-0.00   -0.00   -0.00   168.26 
0.00    -0.00   0.00    52.78  
0.00    -0.00   1.00    -0.20  
-0.00   -0.00   -0.00   168.26 
0.00    -0.00   0.00    53.05  
0.00    -0.00   1.00    -0.20  
-0.00   -0.00   0.00    168.26 
0.00    -0.00   0.00    53.32  
-0.00   -0.00   1.00    -0.20  
-0.00   -0.00   0.00    168.26 
0.00    -0.00   0.00    53.59  
-0.00   -0.00   1.00    -0.20  
-0.00   -0.00   0.00    168.26 
0.00    -0.00   0.00    53.86  
-0.00   -0.00   1.00    -0.20  
-0.00   -0.00   0.00    168.26 
0.00    -0.00   0.00    54.13  
-0.00   -0.00   1.00    -0.19  
-0.00   -0.00   0.00    168.26 
0.00    -0.00   0.00    54.39  
-0.00   -0.00   1.00    -0.19  
-0.00   -0.00   0.00    168.26 
0.00    -0.00   0.00    54.66  
-0.00   -0.00   1.00    -0.19  
-0.00   -0.00   0.00    168.26 
0.00    -0.00   0.00    54.92  
-0.00   -0.00   1.00    -0.19  
-0.00   -0.00   0.00    168.26 
0.00    -0.00   0.00    55.18  
-0.00   -0.00   1.00    -0.19  
-0.00   -0.00   0.00    168.26 
0.00    -0.00   0.00    55.44  
-0.00   -0.00   1.00    -0.19  
-0.00   -0.00   0.00    168.26 
0.00    -0.00   0.00    55.69  
-0.00   -0.00   1.00    -0.19  
-0.00   -0.00   0.00    168.26 
0.00    -0.00   0.00    55.94  
-0.00   -0.00   1.00    -0.19  
-0.00   -0.00   0.00    168.26 
0.00    -0.00   0.00    56.20  
-0.00   -0.00   1.00    -0.19  
-0.00   -0.00   0.00    168.26 
0.00    -0.00   0.00    56.45  
-0.00   -0.00   1.00    -0.19  
-0.00   -0.00   0.00    168.26 
0.00    -0.00   -0.00   56.69  
-0.00   0.00    1.00    -0.19  
-0.00   -0.00   0.00    168.26 
0.00    -0.00   -0.00   56.94  
-0.00   0.00    1.00    -0.19  
-0.00   -0.00   0.00    168.26 
0.00    -0.00   0.00    57.18  
-0.00   -0.00   1.00    -0.19  
-0.00   -0.00   0.00    168.26 
0.00    -0.00   0.00    57.41  
-0.00   -0.00   1.00    -0.19  
-0.00   -0.00   0.00    168.26 
0.00    -0.00   -0.00   57.64  
-0.00   0.00    1.00    -0.19  
-0.00   -0.00   0.00    168.26 
0.00    -0.00   -0.00   57.86  
-0.00   0.00    1.00    -0.19  
-0.00   -0.00   0.00    168.26 
0.00    -0.00   -0.00   58.07  
-0.00   0.00    1.00    -0.19  
-0.00   -0.00   0.00    168.26 
0.00    -0.00   -0.00   58.27  
-0.00   0.00    1.00    -0.19  
-0.00   -0.00   0.00    168.26 
0.00    -0.00   -0.00   58.47  
-0.00   0.00    1.00    -0.19  
-0.00   -0.00   0.00    168.26 
0.00    -0.00   -0.00   58.65  
-0.00   0.00    1.00    -0.19  
-0.00   -0.00   0.00    168.26 
0.00    -0.00   0.00    58.83  
-0.00   -0.00   1.00    -0.19  
-0.00   -0.00   0.00    168.26 
0.00    -0.00   0.00    58.99  
-0.00   -0.00   1.00    -0.19  
-0.00   -0.00   0.00    168.26 
0.00    -0.00   0.00    59.15  
-0.00   -0.00   1.00    -0.19  
-0.00   -0.00   0.00    168.26 
0.00    -0.00   0.00    59.30  
-0.00   -0.00   1.00    -0.19  
-0.00   -0.00   0.00    168.26 
0.00    -0.00   0.00    59.44  
-0.00   -0.00   1.00    -0.19  
-0.00   -0.00   0.00    168.26 
0.00    -0.00   0.00    59.57  
-0.00   -0.00   1.00    -0.19  
-0.00   -0.00   0.00    168.26 
0.00    -0.00   0.00    59.69  
-0.00   -0.00   1.00    -0.19  
-0.00   -0.00   0.00    168.26 
0.00    -0.00   0.00    59.81  
-0.00   -0.00   1.00    -0.19  
-0.00   -0.00   0.00    168.26 
0.00    -0.00   0.00    59.91  
-0.00   -0.00   1.00    -0.19  
-0.00   -0.00   0.00    168.26 
0.00    -0.00   0.00    60.01  
-0.00   -0.00   1.00    -0.19  
-0.00   -0.00   0.00    168.26 
0.00    -0.00   0.00    60.09  
-0.00   -0.00   1.00    -0.19  
-0.00   -0.00   0.00    168.26 
0.00    -0.00   0.00    60.17  
-0.00   -0.00   1.00    -0.19  
0.00    -0.00   0.00    168.26 
0.00    0.00    0.00    60.24  
-0.00   -0.00   1.00    -0.19  
0.00    -0.00   0.00    168.26 
0.00    0.00    0.00    60.31  
-0.00   -0.00   1.00    -0.19  
0.00    -0.00   0.00    168.26 
0.00    0.00    0.00    60.36  
-0.00   -0.00   1.00    -0.19  
0.00    -0.00   0.00    168.26 
0.00    0.00    -0.00   60.40  
-0.00   0.00    1.00    -0.19  
0.00    -0.00   0.00    168.26 
0.00    0.00    -0.00   60.44  
-0.00   0.00    1.00    -0.19  
0.00    -0.00   0.00    168.26 
0.00    0.00    -0.00   60.47  
-0.00   0.00    1.00    -0.19  
0.00    -0.00   0.00    168.26 
0.00    0.00    -0.00   60.49  
-0.00   0.00    1.00    -0.19  
0.00    -0.00   0.00    168.26 
0.00    0.00    -0.00   60.50  
-0.00   0.00    1.00    -0.19  
0.00    -0.00   0.00    168.26 
0.00    0.00    -0.00   60.50  
-0.00   0.00    1.00    -0.19  
0.00    -0.00   0.00    168.26 
0.00    0.00    -0.00   60.50  
-0.00   0.00    1.00    -0.19  
0.00    -0.00   0.00    168.26 
0.00    0.00    -0.00   60.50  
-0.00   0.00    1.00    -0.19  
0.00    -0.00   0.00    168.26 
0.00    0.00    -0.00   60.50  
-0.00   0.00    1.00    -0.19  
0.00    -0.00   0.00    168.26 
0.00    0.00    -0.00   60.50  
-0.00   0.00    1.00    -0.19  
0.00    -0.00   0.00    168.26 
0.00    0.00    -0.00   60.50  
-0.00   0.00    1.00    -0.19  
0.00    -0.00   0.00    168.26 
0.00    0.00    -0.00   60.50  
-0.00   0.00    1.00    -0.19  
0.00    -0.00   0.00    168.26 
0.00    0.00    -0.00   60.50  
-0.00   0.00    1.00    -0.19  
0.00    -0.00   0.00    168.26 
0.00    0.00    -0.00   60.50  
-0.00   0.00    1.00    -0.19  
0.00    -0.00   0.00    168.26 
0.00    0.00    -0.00   60.50  
-0.00   0.00    1.00    -0.20  
0.00    -0.00   -0.00   168.26 
0.00    0.00    0.00    60.50  
0.00    -0.00   1.00    -0.20  
0.00    -0.00   -0.00   168.26 
0.00    0.00    0.00    60.50  
0.00    -0.00   1.00    -0.20  
0.00    -0.00   -0.00   168.26 
0.00    0.00    0.00    60.50  
0.00    -0.00   1.00    -0.20  
0.00    -0.00   -0.00   168.26 
0.00    0.00    0.00    60.50  
0.00    -0.00   1.00    -0.20  
0.00    -0.00   -0.00   168.26 
0.00    0.00    0.00    60.50  
0.00    -0.00   1.00    -0.20  
0.00    -0.00   -0.00   168.26 
0.00    0.00    0.00    60.50  
0.00    -0.00   1.00    -0.20  
0.00    -0.00   -0.00   168.26 
0.00    0.00    0.00    60.50  
0.00    -0.00   1.00    -0.20  
0.00    -0.00   -0.00   168.26 
0.00    0.00    0.00    60.50  
0.00    -0.00   1.00    -0.20  
0.00    -0.00   -0.00   168.26 
0.00    0.00    0.00    60.50  
0.00    -0.00   1.00    -0.20  
0.00    -0.00   -0.00   168.26 
0.00    0.00    0.00    60.50  
0.00    -0.00   1.00    -0.20  
0.00    -0.00   -0.00   168.26 
0.00    0.00    0.00    60.50  
0.00    -0.00   1.00    -0.20  
0.00    -0.00   -0.00   168.26 
0.00    0.00    0.00    60.50  
0.00    -0.00   1.00    -0.20  
0.00    -0.00   -0.00   168.26 
0.00    0.00    0.00    60.50  
0.00    -0.00   1.00    -0.20  
0.00    -0.00   -0.00   168.26 
0.00    0.00    0.00    60.50  
0.00    -0.00   1.00    -0.20  
0.00    -0.00   -0.00   168.26 
0.00    0.00    0.00    60.50  
0.00    -0.00   1.00    -0.20  
0.00    -0.00   -0.00   168.26 
0.00    0.00    0.00    60.50  
0.00    -0.00   1.00    -0.20  
0.00    -0.00   0.00    168.26 
0.00    0.00    0.00    60.50  
-0.00   -0.00   1.00    -0.20  
0.00    -0.00   0.00    168.26 
0.00    0.00    -0.00   60.50  
-0.00   0.00    1.00    -0.20  
0.00    -0.00   0.00    168.26 
0.00    0.00    -0.00   60.50  
-0.00   0.00    1.00    -0.20  
0.00    -0.00   0.00    168.26 
0.00    0.00    -0.00   60.50  
-0.00   0.00    1.00    -0.20  
0.00    -0.00   0.00    168.26 
0.00    0.00    0.00    60.50  
-0.00   -0.00   1.00    -0.20  
0.00    -0.00   0.00    168.26 
0.00    0.00    0.00    60.50  
-0.00   -0.00   1.00    -0.20  
0.00    -0.00   0.00    168.26 
0.00    0.00    0.00    60.50  
-0.00   -0.00   1.00    -0.20  
0.00    -0.00   0.00    168.26 
0.00    0.00    0.00    60.50  
-0.00   -0.00   1.00    -0.20  
0.00    -0.00   0.00    168.26 
0.00    0.00    0.00    60.50  
-0.00   -0.00   1.00    -0.20  
0.00    -0.00   0.00    168.26 
0.00    0.00    -0.00   60.50  
-0.00   0.00    1.00    -0.20  
0.00    -0.00   0.00    168.26 
0.00    0.00    -0.00   60.50  
-0.00   0.00    1.00    -0.20  
